MOFED version '4.9-2.2.6' not available in this container.
No matching alternate version found.
GCN(
  (initial_conv): GCNConv(512, 256)
  (conv1): GCNConv(256, 256)
  (conv2): GCNConv(256, 256)
  (conv3): GCNConv(256, 256)
  (conv4): GCNConv(256, 256)
  (out): Linear(512, 4, bias=True)
)
Number of parameters:  396548

Epoch: 000, Loss: 1.4134, Train Acc: 0.1867, Val Acc: 0.2400
Epoch: 001, Loss: 1.3823, Train Acc: 0.2067, Val Acc: 0.2400
Epoch: 002, Loss: 1.3807, Train Acc: 0.2200, Val Acc: 0.2400
Epoch: 003, Loss: 1.3883, Train Acc: 0.2600, Val Acc: 0.2400
Epoch: 004, Loss: 1.4120, Train Acc: 0.1933, Val Acc: 0.2400
Epoch: 005, Loss: 1.3917, Train Acc: 0.2000, Val Acc: 0.2400
Epoch: 006, Loss: 1.3853, Train Acc: 0.2000, Val Acc: 0.2800
Epoch: 007, Loss: 1.4151, Train Acc: 0.1933, Val Acc: 0.2400
Epoch: 008, Loss: 1.4065, Train Acc: 0.2600, Val Acc: 0.2400
Epoch: 009, Loss: 1.3613, Train Acc: 0.1867, Val Acc: 0.2400
Epoch: 010, Loss: 1.4552, Train Acc: 0.2200, Val Acc: 0.2400
Epoch: 011, Loss: 1.3569, Train Acc: 0.2133, Val Acc: 0.2400
Epoch: 012, Loss: 1.3616, Train Acc: 0.2400, Val Acc: 0.2400
Epoch: 013, Loss: 1.4292, Train Acc: 0.1800, Val Acc: 0.2400
Epoch: 014, Loss: 1.4077, Train Acc: 0.2000, Val Acc: 0.2400
Epoch: 015, Loss: 1.3866, Train Acc: 0.1667, Val Acc: 0.2400
Epoch: 016, Loss: 1.4488, Train Acc: 0.2200, Val Acc: 0.2400
Epoch: 017, Loss: 1.4252, Train Acc: 0.2600, Val Acc: 0.2400
Epoch: 018, Loss: 1.3945, Train Acc: 0.1867, Val Acc: 0.2400
Epoch: 019, Loss: 1.3966, Train Acc: 0.1867, Val Acc: 0.2800
Epoch: 020, Loss: 1.3718, Train Acc: 0.2733, Val Acc: 0.2400
Epoch: 021, Loss: 1.3838, Train Acc: 0.2267, Val Acc: 0.2400
Epoch: 022, Loss: 1.3703, Train Acc: 0.2533, Val Acc: 0.2400
Epoch: 023, Loss: 1.3958, Train Acc: 0.2267, Val Acc: 0.2400
Epoch: 024, Loss: 1.4054, Train Acc: 0.1867, Val Acc: 0.2400
Epoch: 025, Loss: 1.3961, Train Acc: 0.1933, Val Acc: 0.2800
Epoch: 026, Loss: 1.3975, Train Acc: 0.2333, Val Acc: 0.2400
Epoch: 027, Loss: 1.4146, Train Acc: 0.2000, Val Acc: 0.2400
Epoch: 028, Loss: 1.4035, Train Acc: 0.2400, Val Acc: 0.3200
Epoch: 029, Loss: 1.3821, Train Acc: 0.2133, Val Acc: 0.2400
Epoch: 030, Loss: 1.3630, Train Acc: 0.2000, Val Acc: 0.2800
Epoch: 031, Loss: 1.3843, Train Acc: 0.2733, Val Acc: 0.2400
Epoch: 032, Loss: 1.3829, Train Acc: 0.2200, Val Acc: 0.2400
Epoch: 033, Loss: 1.3708, Train Acc: 0.2067, Val Acc: 0.2400
Epoch: 034, Loss: 1.4121, Train Acc: 0.2133, Val Acc: 0.2400
Epoch: 035, Loss: 1.3809, Train Acc: 0.2400, Val Acc: 0.2400
Epoch: 036, Loss: 1.3889, Train Acc: 0.2400, Val Acc: 0.2400
Epoch: 037, Loss: 1.4156, Train Acc: 0.2133, Val Acc: 0.2400
Epoch: 038, Loss: 1.3927, Train Acc: 0.2133, Val Acc: 0.1600
Epoch: 039, Loss: 1.4307, Train Acc: 0.2600, Val Acc: 0.2800
Epoch: 040, Loss: 1.4263, Train Acc: 0.2467, Val Acc: 0.2400
Epoch: 041, Loss: 1.3762, Train Acc: 0.2067, Val Acc: 0.2400
Epoch: 042, Loss: 1.3500, Train Acc: 0.2267, Val Acc: 0.2400
Epoch: 043, Loss: 1.4330, Train Acc: 0.2200, Val Acc: 0.2400
Epoch: 044, Loss: 1.3841, Train Acc: 0.2333, Val Acc: 0.2400
Epoch: 045, Loss: 1.3798, Train Acc: 0.2200, Val Acc: 0.2400
Epoch: 046, Loss: 1.3915, Train Acc: 0.2467, Val Acc: 0.2000
Epoch: 047, Loss: 1.3925, Train Acc: 0.2667, Val Acc: 0.3200
Epoch: 048, Loss: 1.4232, Train Acc: 0.2067, Val Acc: 0.1200
Epoch: 049, Loss: 1.4005, Train Acc: 0.1667, Val Acc: 0.2400
Epoch: 050, Loss: 1.4391, Train Acc: 0.2733, Val Acc: 0.2400
Epoch: 051, Loss: 1.3262, Train Acc: 0.1867, Val Acc: 0.2800
Epoch: 052, Loss: 1.4336, Train Acc: 0.2467, Val Acc: 0.2800
Epoch: 053, Loss: 1.4473, Train Acc: 0.2333, Val Acc: 0.2000
Epoch: 054, Loss: 1.3936, Train Acc: 0.2267, Val Acc: 0.2400
Epoch: 055, Loss: 1.3774, Train Acc: 0.2267, Val Acc: 0.2400
Epoch: 056, Loss: 1.4224, Train Acc: 0.2600, Val Acc: 0.2400
Epoch: 057, Loss: 1.3876, Train Acc: 0.2267, Val Acc: 0.2400
Epoch: 058, Loss: 1.3928, Train Acc: 0.2200, Val Acc: 0.2400
Epoch: 059, Loss: 1.3821, Train Acc: 0.2467, Val Acc: 0.2400
Epoch: 060, Loss: 1.3524, Train Acc: 0.2000, Val Acc: 0.2400
Epoch: 061, Loss: 1.4290, Train Acc: 0.2467, Val Acc: 0.2400
Epoch: 062, Loss: 1.3984, Train Acc: 0.2267, Val Acc: 0.2800
Epoch: 063, Loss: 1.3984, Train Acc: 0.2667, Val Acc: 0.2400
Epoch: 064, Loss: 1.3683, Train Acc: 0.2600, Val Acc: 0.2400
Epoch: 065, Loss: 1.2613, Train Acc: 0.2067, Val Acc: 0.2400
Epoch: 066, Loss: 1.4039, Train Acc: 0.2600, Val Acc: 0.2400
Epoch: 067, Loss: 1.3933, Train Acc: 0.2200, Val Acc: 0.3200
Epoch: 068, Loss: 1.3920, Train Acc: 0.2200, Val Acc: 0.2400
Epoch: 069, Loss: 1.3549, Train Acc: 0.2800, Val Acc: 0.2400
Epoch: 070, Loss: 1.4692, Train Acc: 0.2400, Val Acc: 0.2400
Epoch: 071, Loss: 1.3983, Train Acc: 0.2267, Val Acc: 0.2800
Epoch: 072, Loss: 1.4445, Train Acc: 0.2667, Val Acc: 0.2400
Epoch: 073, Loss: 1.4214, Train Acc: 0.2667, Val Acc: 0.2400
Epoch: 074, Loss: 1.4178, Train Acc: 0.2267, Val Acc: 0.2400
Epoch: 075, Loss: 1.4325, Train Acc: 0.2400, Val Acc: 0.2800
Epoch: 076, Loss: 1.4090, Train Acc: 0.2800, Val Acc: 0.2400
Epoch: 077, Loss: 1.2194, Train Acc: 0.2600, Val Acc: 0.2400
Epoch: 078, Loss: 1.3770, Train Acc: 0.2267, Val Acc: 0.2000
Epoch: 079, Loss: 1.4105, Train Acc: 0.2200, Val Acc: 0.2400
Epoch: 080, Loss: 1.4341, Train Acc: 0.2600, Val Acc: 0.2400
Epoch: 081, Loss: 1.4086, Train Acc: 0.2333, Val Acc: 0.2000
Epoch: 082, Loss: 1.3794, Train Acc: 0.2200, Val Acc: 0.2400
Epoch: 083, Loss: 1.4308, Train Acc: 0.2200, Val Acc: 0.2400
Epoch: 084, Loss: 1.3754, Train Acc: 0.2600, Val Acc: 0.2400
Epoch: 085, Loss: 1.4242, Train Acc: 0.2600, Val Acc: 0.2000
Epoch: 086, Loss: 1.3973, Train Acc: 0.2667, Val Acc: 0.2000
Epoch: 087, Loss: 1.2844, Train Acc: 0.2600, Val Acc: 0.2400
Epoch: 088, Loss: 1.3912, Train Acc: 0.2600, Val Acc: 0.2400
Epoch: 089, Loss: 1.3830, Train Acc: 0.2733, Val Acc: 0.1600
Epoch: 090, Loss: 1.4084, Train Acc: 0.2200, Val Acc: 0.2400
Epoch: 091, Loss: 1.3840, Train Acc: 0.1800, Val Acc: 0.2400
Epoch: 092, Loss: 1.4446, Train Acc: 0.2200, Val Acc: 0.2400
Epoch: 093, Loss: 1.4212, Train Acc: 0.2200, Val Acc: 0.2400
Epoch: 094, Loss: 1.4872, Train Acc: 0.2267, Val Acc: 0.3600
Epoch: 095, Loss: 1.3832, Train Acc: 0.2600, Val Acc: 0.2400
Epoch: 096, Loss: 1.3903, Train Acc: 0.2600, Val Acc: 0.2400
Epoch: 097, Loss: 1.4017, Train Acc: 0.2267, Val Acc: 0.2400
Epoch: 098, Loss: 1.2807, Train Acc: 0.2933, Val Acc: 0.2400
Epoch: 099, Loss: 1.3836, Train Acc: 0.2533, Val Acc: 0.2400
Epoch: 100, Loss: 1.3902, Train Acc: 0.2867, Val Acc: 0.2400
Epoch: 101, Loss: 1.3937, Train Acc: 0.2600, Val Acc: 0.2400
Epoch: 102, Loss: 1.3626, Train Acc: 0.2133, Val Acc: 0.2400
Epoch: 103, Loss: 1.4001, Train Acc: 0.2533, Val Acc: 0.2400
Epoch: 104, Loss: 1.4334, Train Acc: 0.2400, Val Acc: 0.2400
Epoch: 105, Loss: 1.4065, Train Acc: 0.2067, Val Acc: 0.2800
Epoch: 106, Loss: 1.3803, Train Acc: 0.2800, Val Acc: 0.2400
Epoch: 107, Loss: 1.3639, Train Acc: 0.2333, Val Acc: 0.3200
Epoch: 108, Loss: 1.3801, Train Acc: 0.2400, Val Acc: 0.2400
Epoch: 109, Loss: 1.3477, Train Acc: 0.3067, Val Acc: 0.2400
Epoch: 110, Loss: 1.4263, Train Acc: 0.3000, Val Acc: 0.2400
Epoch: 111, Loss: 1.3834, Train Acc: 0.2200, Val Acc: 0.1600
Epoch: 112, Loss: 1.4203, Train Acc: 0.2400, Val Acc: 0.1600
Epoch: 113, Loss: 1.3893, Train Acc: 0.2667, Val Acc: 0.2400
Epoch: 114, Loss: 1.3893, Train Acc: 0.2333, Val Acc: 0.2800
Epoch: 115, Loss: 1.4067, Train Acc: 0.2200, Val Acc: 0.2400
Epoch: 116, Loss: 1.3966, Train Acc: 0.2533, Val Acc: 0.2400
Epoch: 117, Loss: 1.3515, Train Acc: 0.2467, Val Acc: 0.2400
Epoch: 118, Loss: 1.3601, Train Acc: 0.2200, Val Acc: 0.2800
Epoch: 119, Loss: 1.4360, Train Acc: 0.2867, Val Acc: 0.2000
Epoch: 120, Loss: 1.3909, Train Acc: 0.2733, Val Acc: 0.2800
Epoch: 121, Loss: 1.3939, Train Acc: 0.2667, Val Acc: 0.2400
Epoch: 122, Loss: 1.4055, Train Acc: 0.2733, Val Acc: 0.2400
Epoch: 123, Loss: 1.3532, Train Acc: 0.2867, Val Acc: 0.2400
Epoch: 124, Loss: 1.3977, Train Acc: 0.2533, Val Acc: 0.2000
Epoch: 125, Loss: 1.3629, Train Acc: 0.3000, Val Acc: 0.2400
Epoch: 126, Loss: 1.3839, Train Acc: 0.2800, Val Acc: 0.2800
Epoch: 127, Loss: 1.4284, Train Acc: 0.3000, Val Acc: 0.2400
Epoch: 128, Loss: 1.3957, Train Acc: 0.3267, Val Acc: 0.2400
Epoch: 129, Loss: 1.3983, Train Acc: 0.2133, Val Acc: 0.3200
Epoch: 130, Loss: 1.4668, Train Acc: 0.2800, Val Acc: 0.2000
Epoch: 131, Loss: 1.4033, Train Acc: 0.2533, Val Acc: 0.3200
Epoch: 132, Loss: 1.3768, Train Acc: 0.2733, Val Acc: 0.2400
Epoch: 133, Loss: 1.4269, Train Acc: 0.2800, Val Acc: 0.2800
Epoch: 134, Loss: 1.3983, Train Acc: 0.2533, Val Acc: 0.2800
Epoch: 135, Loss: 1.3868, Train Acc: 0.2467, Val Acc: 0.2800
Epoch: 136, Loss: 1.3580, Train Acc: 0.3200, Val Acc: 0.2800
Epoch: 137, Loss: 1.4193, Train Acc: 0.2800, Val Acc: 0.2400
Epoch: 138, Loss: 1.4164, Train Acc: 0.2600, Val Acc: 0.2800
Epoch: 139, Loss: 1.4214, Train Acc: 0.2267, Val Acc: 0.2800
Epoch: 140, Loss: 1.3741, Train Acc: 0.2733, Val Acc: 0.3200
Epoch: 141, Loss: 1.3653, Train Acc: 0.2733, Val Acc: 0.2400
Epoch: 142, Loss: 1.3790, Train Acc: 0.2667, Val Acc: 0.2000
Epoch: 143, Loss: 1.3618, Train Acc: 0.2533, Val Acc: 0.2400
Epoch: 144, Loss: 1.1383, Train Acc: 0.2933, Val Acc: 0.2400
Epoch: 145, Loss: 1.2751, Train Acc: 0.2800, Val Acc: 0.3200
Epoch: 146, Loss: 1.4094, Train Acc: 0.2400, Val Acc: 0.2400
Epoch: 147, Loss: 1.3881, Train Acc: 0.2667, Val Acc: 0.1600
Epoch: 148, Loss: 1.3134, Train Acc: 0.2667, Val Acc: 0.2400
Epoch: 149, Loss: 1.3830, Train Acc: 0.2600, Val Acc: 0.2400
Epoch: 150, Loss: 1.4277, Train Acc: 0.3267, Val Acc: 0.2400
Epoch: 151, Loss: 1.4257, Train Acc: 0.2800, Val Acc: 0.2400
Epoch: 152, Loss: 1.3512, Train Acc: 0.2733, Val Acc: 0.2400
Epoch: 153, Loss: 1.3119, Train Acc: 0.2867, Val Acc: 0.2400
Epoch: 154, Loss: 1.1901, Train Acc: 0.2800, Val Acc: 0.2400
Epoch: 155, Loss: 1.3706, Train Acc: 0.2733, Val Acc: 0.2800
Epoch: 156, Loss: 1.4275, Train Acc: 0.2667, Val Acc: 0.2000
Epoch: 157, Loss: 1.3618, Train Acc: 0.2533, Val Acc: 0.2800
Epoch: 158, Loss: 1.4013, Train Acc: 0.2933, Val Acc: 0.2400
Epoch: 159, Loss: 1.4394, Train Acc: 0.3133, Val Acc: 0.2400
Epoch: 160, Loss: 1.3771, Train Acc: 0.3000, Val Acc: 0.2800
Epoch: 161, Loss: 1.3265, Train Acc: 0.2667, Val Acc: 0.2400
Epoch: 162, Loss: 1.3473, Train Acc: 0.3133, Val Acc: 0.2400
Epoch: 163, Loss: 1.1780, Train Acc: 0.2667, Val Acc: 0.2400
Epoch: 164, Loss: 1.2642, Train Acc: 0.2600, Val Acc: 0.2400
Epoch: 165, Loss: 1.4503, Train Acc: 0.2867, Val Acc: 0.2400
Epoch: 166, Loss: 1.3984, Train Acc: 0.2600, Val Acc: 0.2400
Epoch: 167, Loss: 1.4852, Train Acc: 0.2667, Val Acc: 0.2400
Epoch: 168, Loss: 1.3712, Train Acc: 0.2267, Val Acc: 0.2400
Epoch: 169, Loss: 1.3834, Train Acc: 0.2667, Val Acc: 0.2400
Epoch: 170, Loss: 1.4131, Train Acc: 0.3067, Val Acc: 0.2400
Epoch: 171, Loss: 1.3850, Train Acc: 0.2467, Val Acc: 0.2400
Epoch: 172, Loss: 1.3691, Train Acc: 0.2933, Val Acc: 0.2000
Epoch: 173, Loss: 1.4170, Train Acc: 0.2600, Val Acc: 0.2400
Epoch: 174, Loss: 1.3760, Train Acc: 0.3400, Val Acc: 0.2400
Epoch: 175, Loss: 1.2435, Train Acc: 0.2600, Val Acc: 0.2000
Epoch: 176, Loss: 1.4139, Train Acc: 0.2733, Val Acc: 0.2400
Epoch: 177, Loss: 1.3658, Train Acc: 0.2733, Val Acc: 0.2400
Epoch: 178, Loss: 1.3235, Train Acc: 0.2467, Val Acc: 0.2400
Epoch: 179, Loss: 1.3630, Train Acc: 0.2533, Val Acc: 0.2400
Epoch: 180, Loss: 1.3401, Train Acc: 0.2933, Val Acc: 0.2400
Epoch: 181, Loss: 1.4054, Train Acc: 0.2733, Val Acc: 0.2400
Epoch: 182, Loss: 1.3923, Train Acc: 0.3000, Val Acc: 0.3200
Epoch: 183, Loss: 1.3906, Train Acc: 0.2733, Val Acc: 0.2400
Epoch: 184, Loss: 1.4870, Train Acc: 0.2467, Val Acc: 0.2000
Epoch: 185, Loss: 1.4294, Train Acc: 0.3067, Val Acc: 0.2400
Epoch: 186, Loss: 1.3296, Train Acc: 0.3067, Val Acc: 0.2400
Epoch: 187, Loss: 1.3452, Train Acc: 0.2933, Val Acc: 0.2000
Epoch: 188, Loss: 1.3592, Train Acc: 0.2867, Val Acc: 0.2800
Epoch: 189, Loss: 1.4273, Train Acc: 0.3133, Val Acc: 0.2400
Epoch: 190, Loss: 1.3558, Train Acc: 0.2400, Val Acc: 0.2800
Epoch: 191, Loss: 1.3698, Train Acc: 0.2933, Val Acc: 0.2400
Epoch: 192, Loss: 1.3389, Train Acc: 0.2733, Val Acc: 0.2400
Epoch: 193, Loss: 1.4482, Train Acc: 0.2800, Val Acc: 0.2400
Epoch: 194, Loss: 1.4117, Train Acc: 0.3267, Val Acc: 0.2400
Epoch: 195, Loss: 1.3698, Train Acc: 0.2800, Val Acc: 0.2400
Epoch: 196, Loss: 1.3427, Train Acc: 0.3067, Val Acc: 0.2000
Epoch: 197, Loss: 1.3680, Train Acc: 0.2467, Val Acc: 0.2400
Epoch: 198, Loss: 1.3622, Train Acc: 0.2867, Val Acc: 0.2400
Epoch: 199, Loss: 1.3972, Train Acc: 0.2867, Val Acc: 0.2400
Split 0 evaluatation: Acc: 0.2800, Precision: 0.2800, Recall: 0.2800, F1 : 0.2800

Epoch: 000, Loss: 1.4065, Train Acc: 0.1800, Val Acc: 0.2400
Epoch: 001, Loss: 1.4000, Train Acc: 0.1400, Val Acc: 0.2400
Epoch: 002, Loss: 1.3693, Train Acc: 0.1600, Val Acc: 0.2400
Epoch: 003, Loss: 1.4094, Train Acc: 0.1933, Val Acc: 0.2400
Epoch: 004, Loss: 1.3859, Train Acc: 0.1933, Val Acc: 0.2400
Epoch: 005, Loss: 1.4571, Train Acc: 0.2200, Val Acc: 0.2400
Epoch: 006, Loss: 1.3994, Train Acc: 0.2400, Val Acc: 0.2400
Epoch: 007, Loss: 1.3682, Train Acc: 0.2600, Val Acc: 0.2400
Epoch: 008, Loss: 1.4654, Train Acc: 0.2333, Val Acc: 0.2400
Epoch: 009, Loss: 1.3675, Train Acc: 0.2133, Val Acc: 0.2800
Epoch: 010, Loss: 1.4188, Train Acc: 0.2333, Val Acc: 0.2400
Epoch: 011, Loss: 1.4267, Train Acc: 0.2267, Val Acc: 0.2400
Epoch: 012, Loss: 1.3956, Train Acc: 0.2267, Val Acc: 0.2400
Epoch: 013, Loss: 1.3517, Train Acc: 0.2267, Val Acc: 0.2400
Epoch: 014, Loss: 1.4047, Train Acc: 0.2400, Val Acc: 0.1200
Epoch: 015, Loss: 1.3344, Train Acc: 0.2067, Val Acc: 0.2400
Epoch: 016, Loss: 1.3380, Train Acc: 0.2200, Val Acc: 0.2000
Epoch: 017, Loss: 1.3690, Train Acc: 0.2600, Val Acc: 0.2000
Epoch: 018, Loss: 1.4036, Train Acc: 0.2533, Val Acc: 0.2000
Epoch: 019, Loss: 1.3829, Train Acc: 0.2333, Val Acc: 0.2400
Epoch: 020, Loss: 1.4211, Train Acc: 0.2533, Val Acc: 0.2400
Epoch: 021, Loss: 1.3986, Train Acc: 0.1867, Val Acc: 0.2400
Epoch: 022, Loss: 1.3850, Train Acc: 0.2200, Val Acc: 0.1600
Epoch: 023, Loss: 1.4053, Train Acc: 0.2667, Val Acc: 0.2400
Epoch: 024, Loss: 1.4331, Train Acc: 0.2333, Val Acc: 0.2400
Epoch: 025, Loss: 1.3835, Train Acc: 0.2400, Val Acc: 0.2400
Epoch: 026, Loss: 1.3849, Train Acc: 0.2467, Val Acc: 0.2400
Epoch: 027, Loss: 1.3679, Train Acc: 0.2533, Val Acc: 0.2400
Epoch: 028, Loss: 1.4514, Train Acc: 0.2400, Val Acc: 0.2400
Epoch: 029, Loss: 1.4031, Train Acc: 0.2333, Val Acc: 0.2000
Epoch: 030, Loss: 1.3877, Train Acc: 0.2533, Val Acc: 0.2400
Epoch: 031, Loss: 1.4285, Train Acc: 0.1933, Val Acc: 0.2400
Epoch: 032, Loss: 1.4483, Train Acc: 0.2000, Val Acc: 0.2400
Epoch: 033, Loss: 1.3691, Train Acc: 0.2200, Val Acc: 0.2400
Epoch: 034, Loss: 1.4031, Train Acc: 0.2467, Val Acc: 0.2400
Epoch: 035, Loss: 1.4197, Train Acc: 0.2200, Val Acc: 0.1600
Epoch: 036, Loss: 1.4181, Train Acc: 0.2467, Val Acc: 0.2400
Epoch: 037, Loss: 1.3673, Train Acc: 0.2800, Val Acc: 0.2400
Epoch: 038, Loss: 1.3988, Train Acc: 0.2400, Val Acc: 0.2400
Epoch: 039, Loss: 1.3744, Train Acc: 0.1733, Val Acc: 0.0800
Epoch: 040, Loss: 1.3685, Train Acc: 0.2600, Val Acc: 0.1200
Epoch: 041, Loss: 1.4259, Train Acc: 0.2533, Val Acc: 0.2800
Epoch: 042, Loss: 1.4377, Train Acc: 0.2600, Val Acc: 0.2000
Epoch: 043, Loss: 1.4083, Train Acc: 0.2600, Val Acc: 0.2400
Epoch: 044, Loss: 1.4091, Train Acc: 0.2200, Val Acc: 0.3200
Epoch: 045, Loss: 1.3937, Train Acc: 0.2333, Val Acc: 0.2000
Epoch: 046, Loss: 1.3733, Train Acc: 0.2600, Val Acc: 0.2400
Epoch: 047, Loss: 1.3268, Train Acc: 0.2400, Val Acc: 0.2000
Epoch: 048, Loss: 1.4378, Train Acc: 0.2400, Val Acc: 0.2400
Epoch: 049, Loss: 1.3843, Train Acc: 0.2533, Val Acc: 0.2000
Epoch: 050, Loss: 1.3752, Train Acc: 0.2600, Val Acc: 0.1200
Epoch: 051, Loss: 1.3690, Train Acc: 0.2933, Val Acc: 0.2400
Epoch: 052, Loss: 1.3473, Train Acc: 0.2533, Val Acc: 0.2400
Epoch: 053, Loss: 1.4089, Train Acc: 0.2533, Val Acc: 0.2000
Epoch: 054, Loss: 1.3855, Train Acc: 0.2200, Val Acc: 0.2000
Epoch: 055, Loss: 1.3958, Train Acc: 0.2333, Val Acc: 0.1200
Epoch: 056, Loss: 1.4260, Train Acc: 0.2533, Val Acc: 0.2000
Epoch: 057, Loss: 1.4312, Train Acc: 0.2133, Val Acc: 0.2000
Epoch: 058, Loss: 1.4151, Train Acc: 0.2267, Val Acc: 0.2400
Epoch: 059, Loss: 1.3818, Train Acc: 0.2333, Val Acc: 0.2000
Epoch: 060, Loss: 1.4007, Train Acc: 0.2733, Val Acc: 0.2400
Epoch: 061, Loss: 1.3957, Train Acc: 0.3000, Val Acc: 0.2400
Epoch: 062, Loss: 1.4615, Train Acc: 0.2400, Val Acc: 0.2400
Epoch: 063, Loss: 1.3544, Train Acc: 0.2533, Val Acc: 0.1200
Epoch: 064, Loss: 1.3840, Train Acc: 0.2600, Val Acc: 0.0400
Epoch: 065, Loss: 1.4375, Train Acc: 0.2467, Val Acc: 0.2400
Epoch: 066, Loss: 1.4520, Train Acc: 0.2467, Val Acc: 0.2400
Epoch: 067, Loss: 1.4130, Train Acc: 0.2733, Val Acc: 0.2400
Epoch: 068, Loss: 1.3919, Train Acc: 0.2133, Val Acc: 0.2800
Epoch: 069, Loss: 1.4042, Train Acc: 0.2067, Val Acc: 0.2400
Epoch: 070, Loss: 1.3695, Train Acc: 0.2733, Val Acc: 0.2800
Epoch: 071, Loss: 1.3391, Train Acc: 0.2333, Val Acc: 0.2400
Epoch: 072, Loss: 1.4663, Train Acc: 0.2933, Val Acc: 0.1600
Epoch: 073, Loss: 1.4045, Train Acc: 0.2333, Val Acc: 0.2000
Epoch: 074, Loss: 1.4312, Train Acc: 0.2267, Val Acc: 0.2000
Epoch: 075, Loss: 1.3470, Train Acc: 0.2933, Val Acc: 0.2400
Epoch: 076, Loss: 1.4097, Train Acc: 0.3067, Val Acc: 0.1200
Epoch: 077, Loss: 1.4272, Train Acc: 0.2733, Val Acc: 0.3200
Epoch: 078, Loss: 1.4353, Train Acc: 0.2467, Val Acc: 0.3200
Epoch: 079, Loss: 1.3980, Train Acc: 0.2800, Val Acc: 0.2400
Epoch: 080, Loss: 1.3894, Train Acc: 0.2200, Val Acc: 0.2400
Epoch: 081, Loss: 1.3725, Train Acc: 0.2933, Val Acc: 0.2400
Epoch: 082, Loss: 1.3902, Train Acc: 0.2933, Val Acc: 0.2000
Epoch: 083, Loss: 1.3599, Train Acc: 0.2667, Val Acc: 0.1200
Epoch: 084, Loss: 1.4056, Train Acc: 0.2533, Val Acc: 0.0400
Epoch: 085, Loss: 1.3977, Train Acc: 0.2733, Val Acc: 0.2800
Epoch: 086, Loss: 1.4051, Train Acc: 0.2133, Val Acc: 0.1200
Epoch: 087, Loss: 1.3737, Train Acc: 0.2467, Val Acc: 0.1600
Epoch: 088, Loss: 1.4016, Train Acc: 0.2867, Val Acc: 0.2400
Epoch: 089, Loss: 1.4121, Train Acc: 0.2533, Val Acc: 0.2800
Epoch: 090, Loss: 1.3643, Train Acc: 0.2667, Val Acc: 0.1200
Epoch: 091, Loss: 1.3730, Train Acc: 0.2400, Val Acc: 0.1200
Epoch: 092, Loss: 1.3645, Train Acc: 0.2600, Val Acc: 0.1200
Epoch: 093, Loss: 1.3872, Train Acc: 0.2200, Val Acc: 0.1200
Epoch: 094, Loss: 1.4189, Train Acc: 0.2533, Val Acc: 0.2400
Epoch: 095, Loss: 1.3633, Train Acc: 0.3000, Val Acc: 0.1200
Epoch: 096, Loss: 1.3961, Train Acc: 0.2200, Val Acc: 0.2000
Epoch: 097, Loss: 1.4235, Train Acc: 0.2800, Val Acc: 0.3200
Epoch: 098, Loss: 1.2340, Train Acc: 0.2733, Val Acc: 0.1600
Epoch: 099, Loss: 1.4115, Train Acc: 0.2267, Val Acc: 0.3200
Epoch: 100, Loss: 1.4189, Train Acc: 0.2733, Val Acc: 0.2400
Epoch: 101, Loss: 1.3973, Train Acc: 0.2600, Val Acc: 0.2400
Epoch: 102, Loss: 1.4163, Train Acc: 0.2467, Val Acc: 0.2400
Epoch: 103, Loss: 1.3449, Train Acc: 0.2667, Val Acc: 0.2400
Epoch: 104, Loss: 1.3870, Train Acc: 0.2800, Val Acc: 0.2400
Epoch: 105, Loss: 1.4275, Train Acc: 0.2733, Val Acc: 0.2400
Epoch: 106, Loss: 1.3944, Train Acc: 0.2867, Val Acc: 0.2400
Epoch: 107, Loss: 1.3789, Train Acc: 0.2733, Val Acc: 0.1200
Epoch: 108, Loss: 1.4378, Train Acc: 0.2333, Val Acc: 0.1600
Epoch: 109, Loss: 1.4302, Train Acc: 0.2400, Val Acc: 0.3200
Epoch: 110, Loss: 1.3842, Train Acc: 0.2533, Val Acc: 0.1200
Epoch: 111, Loss: 1.4974, Train Acc: 0.2467, Val Acc: 0.1200
Epoch: 112, Loss: 1.4434, Train Acc: 0.2467, Val Acc: 0.1200
Epoch: 113, Loss: 1.4152, Train Acc: 0.2200, Val Acc: 0.2800
Epoch: 114, Loss: 1.3579, Train Acc: 0.2467, Val Acc: 0.1200
Epoch: 115, Loss: 1.4381, Train Acc: 0.3067, Val Acc: 0.2000
Epoch: 116, Loss: 1.3899, Train Acc: 0.2733, Val Acc: 0.1200
Epoch: 117, Loss: 1.3698, Train Acc: 0.2733, Val Acc: 0.1200
Epoch: 118, Loss: 1.4040, Train Acc: 0.2400, Val Acc: 0.0800
Epoch: 119, Loss: 1.4308, Train Acc: 0.2867, Val Acc: 0.2000
Epoch: 120, Loss: 0.1141, Train Acc: 0.2333, Val Acc: 0.2400
Epoch: 121, Loss: 1.3955, Train Acc: 0.3133, Val Acc: 0.1200
Epoch: 122, Loss: 1.3939, Train Acc: 0.1867, Val Acc: 0.2000
Epoch: 123, Loss: 1.4629, Train Acc: 0.2467, Val Acc: 0.2400
Epoch: 124, Loss: 1.4160, Train Acc: 0.2667, Val Acc: 0.2400
Epoch: 125, Loss: 1.4056, Train Acc: 0.2667, Val Acc: 0.2400
Epoch: 126, Loss: 1.3413, Train Acc: 0.2333, Val Acc: 0.0400
Epoch: 127, Loss: 1.3876, Train Acc: 0.2333, Val Acc: 0.2400
Epoch: 128, Loss: 1.4198, Train Acc: 0.2733, Val Acc: 0.1600
Epoch: 129, Loss: 1.3968, Train Acc: 0.2667, Val Acc: 0.2400
Epoch: 130, Loss: 1.4525, Train Acc: 0.2933, Val Acc: 0.2400
Epoch: 131, Loss: 1.3794, Train Acc: 0.2533, Val Acc: 0.1600
Epoch: 132, Loss: 1.3792, Train Acc: 0.2333, Val Acc: 0.2400
Epoch: 133, Loss: 1.4043, Train Acc: 0.2800, Val Acc: 0.2400
Epoch: 134, Loss: 1.4649, Train Acc: 0.2600, Val Acc: 0.3600
Epoch: 135, Loss: 1.3905, Train Acc: 0.3067, Val Acc: 0.3200
Epoch: 136, Loss: 1.4196, Train Acc: 0.3067, Val Acc: 0.2800
Epoch: 137, Loss: 1.4158, Train Acc: 0.2800, Val Acc: 0.1200
Epoch: 138, Loss: 1.3677, Train Acc: 0.2733, Val Acc: 0.1600
Epoch: 139, Loss: 1.4281, Train Acc: 0.2667, Val Acc: 0.3200
Epoch: 140, Loss: 1.4404, Train Acc: 0.2867, Val Acc: 0.1600
Epoch: 141, Loss: 1.3568, Train Acc: 0.2533, Val Acc: 0.2400
Epoch: 142, Loss: 1.4019, Train Acc: 0.2800, Val Acc: 0.2400
Epoch: 143, Loss: 1.4143, Train Acc: 0.2800, Val Acc: 0.3600
Epoch: 144, Loss: 1.3956, Train Acc: 0.2800, Val Acc: 0.1200
Epoch: 145, Loss: 1.3741, Train Acc: 0.3067, Val Acc: 0.2400
Epoch: 146, Loss: 1.4312, Train Acc: 0.2667, Val Acc: 0.2400
Epoch: 147, Loss: 1.4030, Train Acc: 0.2467, Val Acc: 0.2400
Epoch: 148, Loss: 1.3557, Train Acc: 0.2800, Val Acc: 0.2800
Epoch: 149, Loss: 1.4061, Train Acc: 0.2400, Val Acc: 0.2400
Epoch: 150, Loss: 1.3675, Train Acc: 0.2800, Val Acc: 0.2400
Epoch: 151, Loss: 1.3971, Train Acc: 0.2267, Val Acc: 0.1200
Epoch: 152, Loss: 1.4156, Train Acc: 0.2733, Val Acc: 0.2800
Epoch: 153, Loss: 1.3906, Train Acc: 0.2800, Val Acc: 0.0800
Epoch: 154, Loss: 1.2933, Train Acc: 0.2800, Val Acc: 0.2400
Epoch: 155, Loss: 1.3930, Train Acc: 0.2533, Val Acc: 0.2400
Epoch: 156, Loss: 1.4082, Train Acc: 0.2733, Val Acc: 0.2400
Epoch: 157, Loss: 1.3952, Train Acc: 0.2867, Val Acc: 0.1600
Epoch: 158, Loss: 1.4771, Train Acc: 0.3000, Val Acc: 0.2800
Epoch: 159, Loss: 1.4109, Train Acc: 0.2867, Val Acc: 0.0800
Epoch: 160, Loss: 1.3530, Train Acc: 0.3067, Val Acc: 0.3200
Epoch: 161, Loss: 1.3825, Train Acc: 0.2667, Val Acc: 0.2800
Epoch: 162, Loss: 1.3828, Train Acc: 0.2667, Val Acc: 0.1600
Epoch: 163, Loss: 1.3925, Train Acc: 0.2533, Val Acc: 0.2400
Epoch: 164, Loss: 1.2020, Train Acc: 0.3267, Val Acc: 0.2000
Epoch: 165, Loss: 1.3492, Train Acc: 0.2867, Val Acc: 0.0400
Epoch: 166, Loss: 1.0504, Train Acc: 0.2600, Val Acc: 0.1200
Epoch: 167, Loss: 1.3994, Train Acc: 0.2667, Val Acc: 0.2800
Epoch: 168, Loss: 1.4011, Train Acc: 0.3000, Val Acc: 0.1600
Epoch: 169, Loss: 1.2980, Train Acc: 0.3000, Val Acc: 0.2400
Epoch: 170, Loss: 1.4008, Train Acc: 0.2867, Val Acc: 0.3200
Epoch: 171, Loss: 1.4405, Train Acc: 0.3200, Val Acc: 0.2800
Epoch: 172, Loss: 1.3391, Train Acc: 0.2933, Val Acc: 0.2400
Epoch: 173, Loss: 1.3800, Train Acc: 0.2800, Val Acc: 0.1200
Epoch: 174, Loss: 1.4405, Train Acc: 0.3000, Val Acc: 0.1200
Epoch: 175, Loss: 1.1669, Train Acc: 0.2800, Val Acc: 0.2000
Epoch: 176, Loss: 1.3937, Train Acc: 0.2933, Val Acc: 0.2000
Epoch: 177, Loss: 1.2150, Train Acc: 0.2867, Val Acc: 0.2400
Epoch: 178, Loss: 1.4413, Train Acc: 0.2600, Val Acc: 0.2400
Epoch: 179, Loss: 1.3038, Train Acc: 0.3000, Val Acc: 0.2400
Epoch: 180, Loss: 1.4152, Train Acc: 0.2733, Val Acc: 0.3200
Epoch: 181, Loss: 1.4005, Train Acc: 0.3200, Val Acc: 0.2400
Epoch: 182, Loss: 1.3811, Train Acc: 0.3000, Val Acc: 0.2000
Epoch: 183, Loss: 1.3808, Train Acc: 0.3000, Val Acc: 0.2000
Epoch: 184, Loss: 1.4897, Train Acc: 0.2733, Val Acc: 0.2400
Epoch: 185, Loss: 1.4590, Train Acc: 0.2800, Val Acc: 0.2800
Epoch: 186, Loss: 1.3695, Train Acc: 0.2867, Val Acc: 0.2800
Epoch: 187, Loss: 1.3845, Train Acc: 0.3267, Val Acc: 0.1600
Epoch: 188, Loss: 1.3655, Train Acc: 0.2667, Val Acc: 0.1600
Epoch: 189, Loss: 1.4033, Train Acc: 0.2867, Val Acc: 0.0800
Epoch: 190, Loss: 1.4391, Train Acc: 0.2667, Val Acc: 0.1600
Epoch: 191, Loss: 1.4467, Train Acc: 0.2400, Val Acc: 0.1600
Epoch: 192, Loss: 1.0367, Train Acc: 0.3067, Val Acc: 0.3200
Epoch: 193, Loss: 1.4539, Train Acc: 0.2867, Val Acc: 0.2800
Epoch: 194, Loss: 1.3728, Train Acc: 0.2867, Val Acc: 0.1600
Epoch: 195, Loss: 1.4050, Train Acc: 0.3067, Val Acc: 0.1600
Epoch: 196, Loss: 1.3375, Train Acc: 0.2400, Val Acc: 0.0400
Epoch: 197, Loss: 1.3824, Train Acc: 0.2933, Val Acc: 0.2000
Epoch: 198, Loss: 1.3926, Train Acc: 0.3133, Val Acc: 0.2400
Epoch: 199, Loss: 1.4294, Train Acc: 0.2533, Val Acc: 0.1200
Split 1 evaluatation: Acc: 0.2800, Precision: 0.2800, Recall: 0.2800, F1 : 0.2800

Epoch: 000, Loss: 1.3657, Train Acc: 0.1800, Val Acc: 0.2800
Epoch: 001, Loss: 1.4380, Train Acc: 0.2400, Val Acc: 0.2400
Epoch: 002, Loss: 1.3929, Train Acc: 0.2200, Val Acc: 0.2400
Epoch: 003, Loss: 1.4226, Train Acc: 0.1733, Val Acc: 0.2400
Epoch: 004, Loss: 1.3725, Train Acc: 0.2133, Val Acc: 0.2400
Epoch: 005, Loss: 1.4180, Train Acc: 0.2533, Val Acc: 0.2400
Epoch: 006, Loss: 1.3993, Train Acc: 0.2467, Val Acc: 0.2400
Epoch: 007, Loss: 1.4087, Train Acc: 0.2067, Val Acc: 0.2400
Epoch: 008, Loss: 1.3756, Train Acc: 0.2200, Val Acc: 0.2800
Epoch: 009, Loss: 1.3951, Train Acc: 0.1733, Val Acc: 0.2400
Epoch: 010, Loss: 1.3877, Train Acc: 0.2067, Val Acc: 0.2800
Epoch: 011, Loss: 1.3924, Train Acc: 0.2600, Val Acc: 0.2400
Epoch: 012, Loss: 1.3901, Train Acc: 0.1933, Val Acc: 0.2400
Epoch: 013, Loss: 1.4617, Train Acc: 0.2133, Val Acc: 0.2400
Epoch: 014, Loss: 1.4382, Train Acc: 0.2133, Val Acc: 0.2400
Epoch: 015, Loss: 1.3933, Train Acc: 0.2400, Val Acc: 0.2800
Epoch: 016, Loss: 1.3648, Train Acc: 0.2467, Val Acc: 0.2000
Epoch: 017, Loss: 1.3790, Train Acc: 0.2333, Val Acc: 0.2400
Epoch: 018, Loss: 1.3661, Train Acc: 0.2267, Val Acc: 0.2400
Epoch: 019, Loss: 1.4150, Train Acc: 0.2333, Val Acc: 0.2400
Epoch: 020, Loss: 1.3743, Train Acc: 0.2267, Val Acc: 0.2400
Epoch: 021, Loss: 1.3841, Train Acc: 0.2467, Val Acc: 0.2400
Epoch: 022, Loss: 1.4104, Train Acc: 0.2600, Val Acc: 0.2400
Epoch: 023, Loss: 1.3963, Train Acc: 0.2067, Val Acc: 0.2400
Epoch: 024, Loss: 1.4261, Train Acc: 0.2000, Val Acc: 0.2400
Epoch: 025, Loss: 1.3737, Train Acc: 0.2400, Val Acc: 0.2400
Epoch: 026, Loss: 1.4311, Train Acc: 0.2600, Val Acc: 0.2800
Epoch: 027, Loss: 1.4196, Train Acc: 0.2267, Val Acc: 0.2400
Epoch: 028, Loss: 1.3735, Train Acc: 0.2533, Val Acc: 0.2800
Epoch: 029, Loss: 1.3920, Train Acc: 0.2267, Val Acc: 0.2800
Epoch: 030, Loss: 1.3623, Train Acc: 0.1800, Val Acc: 0.2400
Epoch: 031, Loss: 1.3772, Train Acc: 0.1933, Val Acc: 0.2800
Epoch: 032, Loss: 1.4369, Train Acc: 0.2067, Val Acc: 0.2400
Epoch: 033, Loss: 1.3773, Train Acc: 0.2467, Val Acc: 0.2400
Epoch: 034, Loss: 1.3402, Train Acc: 0.1933, Val Acc: 0.2400
Epoch: 035, Loss: 1.3942, Train Acc: 0.2733, Val Acc: 0.2400
Epoch: 036, Loss: 1.3758, Train Acc: 0.2667, Val Acc: 0.2400
Epoch: 037, Loss: 1.3603, Train Acc: 0.2400, Val Acc: 0.2400
Epoch: 038, Loss: 1.4320, Train Acc: 0.2067, Val Acc: 0.2400
Epoch: 039, Loss: 1.4028, Train Acc: 0.2267, Val Acc: 0.2800
Epoch: 040, Loss: 1.4097, Train Acc: 0.2133, Val Acc: 0.2800
Epoch: 041, Loss: 1.4103, Train Acc: 0.2467, Val Acc: 0.2400
Epoch: 042, Loss: 1.3890, Train Acc: 0.2400, Val Acc: 0.2400
Epoch: 043, Loss: 1.3240, Train Acc: 0.2133, Val Acc: 0.2400
Epoch: 044, Loss: 1.3635, Train Acc: 0.2067, Val Acc: 0.3200
Epoch: 045, Loss: 1.3925, Train Acc: 0.2600, Val Acc: 0.2400
Epoch: 046, Loss: 1.3558, Train Acc: 0.2600, Val Acc: 0.2400
Epoch: 047, Loss: 1.4029, Train Acc: 0.2667, Val Acc: 0.2400
Epoch: 048, Loss: 1.3570, Train Acc: 0.2133, Val Acc: 0.2800
Epoch: 049, Loss: 1.3897, Train Acc: 0.2267, Val Acc: 0.2400
Epoch: 050, Loss: 1.3655, Train Acc: 0.2533, Val Acc: 0.2400
Epoch: 051, Loss: 1.4070, Train Acc: 0.2333, Val Acc: 0.2400
Epoch: 052, Loss: 1.3910, Train Acc: 0.2267, Val Acc: 0.2400
Epoch: 053, Loss: 1.3859, Train Acc: 0.2333, Val Acc: 0.2400
Epoch: 054, Loss: 1.4092, Train Acc: 0.2533, Val Acc: 0.2800
Epoch: 055, Loss: 1.4186, Train Acc: 0.2333, Val Acc: 0.2400
Epoch: 056, Loss: 1.4051, Train Acc: 0.2400, Val Acc: 0.2400
Epoch: 057, Loss: 1.4493, Train Acc: 0.2400, Val Acc: 0.2000
Epoch: 058, Loss: 1.3841, Train Acc: 0.2400, Val Acc: 0.2800
Epoch: 059, Loss: 1.3608, Train Acc: 0.2267, Val Acc: 0.2400
Epoch: 060, Loss: 1.3243, Train Acc: 0.2400, Val Acc: 0.3200
Epoch: 061, Loss: 1.3844, Train Acc: 0.2333, Val Acc: 0.2800
Epoch: 062, Loss: 1.3867, Train Acc: 0.2467, Val Acc: 0.2800
Epoch: 063, Loss: 1.4385, Train Acc: 0.2733, Val Acc: 0.2400
Epoch: 064, Loss: 1.3781, Train Acc: 0.2133, Val Acc: 0.2400
Epoch: 065, Loss: 1.4587, Train Acc: 0.2200, Val Acc: 0.2800
Epoch: 066, Loss: 1.3762, Train Acc: 0.2600, Val Acc: 0.3200
Epoch: 067, Loss: 1.4279, Train Acc: 0.2467, Val Acc: 0.3200
Epoch: 068, Loss: 1.4122, Train Acc: 0.2933, Val Acc: 0.2800
Epoch: 069, Loss: 1.3971, Train Acc: 0.2533, Val Acc: 0.3200
Epoch: 070, Loss: 1.3549, Train Acc: 0.2667, Val Acc: 0.2400
Epoch: 071, Loss: 1.3634, Train Acc: 0.2467, Val Acc: 0.2400
Epoch: 072, Loss: 1.3268, Train Acc: 0.2533, Val Acc: 0.2800
Epoch: 073, Loss: 1.4143, Train Acc: 0.2733, Val Acc: 0.2400
Epoch: 074, Loss: 1.3481, Train Acc: 0.2800, Val Acc: 0.3200
Epoch: 075, Loss: 1.4238, Train Acc: 0.2533, Val Acc: 0.2800
Epoch: 076, Loss: 1.4053, Train Acc: 0.3133, Val Acc: 0.2000
Epoch: 077, Loss: 1.3955, Train Acc: 0.2600, Val Acc: 0.2800
Epoch: 078, Loss: 1.4281, Train Acc: 0.2933, Val Acc: 0.2000
Epoch: 079, Loss: 1.2327, Train Acc: 0.2800, Val Acc: 0.2800
Epoch: 080, Loss: 1.2199, Train Acc: 0.2867, Val Acc: 0.2400
Epoch: 081, Loss: 1.3760, Train Acc: 0.2467, Val Acc: 0.2800
Epoch: 082, Loss: 1.4103, Train Acc: 0.2333, Val Acc: 0.3200
Epoch: 083, Loss: 1.3512, Train Acc: 0.2800, Val Acc: 0.3200
Epoch: 084, Loss: 1.3639, Train Acc: 0.2600, Val Acc: 0.3200
Epoch: 085, Loss: 1.4079, Train Acc: 0.2400, Val Acc: 0.2400
Epoch: 086, Loss: 1.3795, Train Acc: 0.2867, Val Acc: 0.2400
Epoch: 087, Loss: 1.3905, Train Acc: 0.2067, Val Acc: 0.2000
Epoch: 088, Loss: 1.3785, Train Acc: 0.2533, Val Acc: 0.2800
Epoch: 089, Loss: 1.3446, Train Acc: 0.2867, Val Acc: 0.2400
Epoch: 090, Loss: 1.3631, Train Acc: 0.2867, Val Acc: 0.2400
Epoch: 091, Loss: 1.3163, Train Acc: 0.2533, Val Acc: 0.2400
Epoch: 092, Loss: 1.4240, Train Acc: 0.2600, Val Acc: 0.2400
Epoch: 093, Loss: 1.4084, Train Acc: 0.2667, Val Acc: 0.2400
Epoch: 094, Loss: 1.3590, Train Acc: 0.2533, Val Acc: 0.3200
Epoch: 095, Loss: 1.3544, Train Acc: 0.2533, Val Acc: 0.3200
Epoch: 096, Loss: 1.3812, Train Acc: 0.2600, Val Acc: 0.2400
Epoch: 097, Loss: 1.3763, Train Acc: 0.2533, Val Acc: 0.1600
Epoch: 098, Loss: 1.3518, Train Acc: 0.2733, Val Acc: 0.2400
Epoch: 099, Loss: 1.3946, Train Acc: 0.2800, Val Acc: 0.2800
Epoch: 100, Loss: 1.4003, Train Acc: 0.2067, Val Acc: 0.2800
Epoch: 101, Loss: 1.4241, Train Acc: 0.2600, Val Acc: 0.2400
Epoch: 102, Loss: 1.3855, Train Acc: 0.2400, Val Acc: 0.2400
Epoch: 103, Loss: 1.3676, Train Acc: 0.2600, Val Acc: 0.3200
Epoch: 104, Loss: 1.4199, Train Acc: 0.2800, Val Acc: 0.2400
Epoch: 105, Loss: 1.4010, Train Acc: 0.2600, Val Acc: 0.2800
Epoch: 106, Loss: 1.3576, Train Acc: 0.2600, Val Acc: 0.3200
Epoch: 107, Loss: 1.3809, Train Acc: 0.2600, Val Acc: 0.2400
Epoch: 108, Loss: 1.4077, Train Acc: 0.2733, Val Acc: 0.2800
Epoch: 109, Loss: 1.4107, Train Acc: 0.2800, Val Acc: 0.0400
Epoch: 110, Loss: 1.3290, Train Acc: 0.2933, Val Acc: 0.2800
Epoch: 111, Loss: 1.3824, Train Acc: 0.2667, Val Acc: 0.2400
Epoch: 112, Loss: 1.3641, Train Acc: 0.2733, Val Acc: 0.3200
Epoch: 113, Loss: 1.3998, Train Acc: 0.2800, Val Acc: 0.3600
Epoch: 114, Loss: 1.3886, Train Acc: 0.2467, Val Acc: 0.2800
Epoch: 115, Loss: 1.3962, Train Acc: 0.2533, Val Acc: 0.2400
Epoch: 116, Loss: 1.4147, Train Acc: 0.2800, Val Acc: 0.2800
Epoch: 117, Loss: 1.3023, Train Acc: 0.2400, Val Acc: 0.2800
Epoch: 118, Loss: 1.3630, Train Acc: 0.2867, Val Acc: 0.3200
Epoch: 119, Loss: 1.3729, Train Acc: 0.2667, Val Acc: 0.2800
Epoch: 120, Loss: 1.4230, Train Acc: 0.2867, Val Acc: 0.2400
Epoch: 121, Loss: 1.3749, Train Acc: 0.2667, Val Acc: 0.2800
Epoch: 122, Loss: 1.3627, Train Acc: 0.2467, Val Acc: 0.2400
Epoch: 123, Loss: 1.4339, Train Acc: 0.3000, Val Acc: 0.3200
Epoch: 124, Loss: 1.3960, Train Acc: 0.2800, Val Acc: 0.2400
Epoch: 125, Loss: 1.4491, Train Acc: 0.2867, Val Acc: 0.2400
Epoch: 126, Loss: 1.4092, Train Acc: 0.3533, Val Acc: 0.2800
Epoch: 127, Loss: 1.3898, Train Acc: 0.2600, Val Acc: 0.3200
Epoch: 128, Loss: 1.3832, Train Acc: 0.2533, Val Acc: 0.2400
Epoch: 129, Loss: 1.3568, Train Acc: 0.3067, Val Acc: 0.3200
Epoch: 130, Loss: 1.4329, Train Acc: 0.2800, Val Acc: 0.2400
Epoch: 131, Loss: 1.4096, Train Acc: 0.3200, Val Acc: 0.2000
Epoch: 132, Loss: 1.3915, Train Acc: 0.2467, Val Acc: 0.2400
Epoch: 133, Loss: 1.3991, Train Acc: 0.3333, Val Acc: 0.3200
Epoch: 134, Loss: 1.4340, Train Acc: 0.2667, Val Acc: 0.2400
Epoch: 135, Loss: 1.4009, Train Acc: 0.3000, Val Acc: 0.3600
Epoch: 136, Loss: 1.4144, Train Acc: 0.2600, Val Acc: 0.2800
Epoch: 137, Loss: 1.4198, Train Acc: 0.2867, Val Acc: 0.2800
Epoch: 138, Loss: 1.3808, Train Acc: 0.2400, Val Acc: 0.1600
Epoch: 139, Loss: 1.4268, Train Acc: 0.2600, Val Acc: 0.2000
Epoch: 140, Loss: 1.3843, Train Acc: 0.2733, Val Acc: 0.0800
Epoch: 141, Loss: 1.3791, Train Acc: 0.3000, Val Acc: 0.2400
Epoch: 142, Loss: 1.3997, Train Acc: 0.2933, Val Acc: 0.1600
Epoch: 143, Loss: 1.3698, Train Acc: 0.3067, Val Acc: 0.2400
Epoch: 144, Loss: 1.4018, Train Acc: 0.2800, Val Acc: 0.2000
Epoch: 145, Loss: 1.2072, Train Acc: 0.2733, Val Acc: 0.1600
Epoch: 146, Loss: 1.4055, Train Acc: 0.2400, Val Acc: 0.2400
Epoch: 147, Loss: 1.3891, Train Acc: 0.2867, Val Acc: 0.2800
Epoch: 148, Loss: 1.3839, Train Acc: 0.2600, Val Acc: 0.2400
Epoch: 149, Loss: 1.4021, Train Acc: 0.2733, Val Acc: 0.2400
Epoch: 150, Loss: 1.4328, Train Acc: 0.3067, Val Acc: 0.3600
Epoch: 151, Loss: 1.4066, Train Acc: 0.2200, Val Acc: 0.2400
Epoch: 152, Loss: 1.4270, Train Acc: 0.2867, Val Acc: 0.2400
Epoch: 153, Loss: 1.3828, Train Acc: 0.2867, Val Acc: 0.2400
Epoch: 154, Loss: 1.4356, Train Acc: 0.2667, Val Acc: 0.2000
Epoch: 155, Loss: 1.2869, Train Acc: 0.2467, Val Acc: 0.2800
Epoch: 156, Loss: 1.4447, Train Acc: 0.2333, Val Acc: 0.2400
Epoch: 157, Loss: 1.3573, Train Acc: 0.2733, Val Acc: 0.2800
Epoch: 158, Loss: 1.3832, Train Acc: 0.2600, Val Acc: 0.2400
Epoch: 159, Loss: 1.4387, Train Acc: 0.3067, Val Acc: 0.2400
Epoch: 160, Loss: 1.3998, Train Acc: 0.2667, Val Acc: 0.2400
Epoch: 161, Loss: 1.3977, Train Acc: 0.2867, Val Acc: 0.1600
Epoch: 162, Loss: 1.3326, Train Acc: 0.2667, Val Acc: 0.2400
Epoch: 163, Loss: 1.4063, Train Acc: 0.2733, Val Acc: 0.2400
Epoch: 164, Loss: 1.3208, Train Acc: 0.2400, Val Acc: 0.2400
Epoch: 165, Loss: 1.3664, Train Acc: 0.2600, Val Acc: 0.2400
Epoch: 166, Loss: 1.4154, Train Acc: 0.2733, Val Acc: 0.2400
Epoch: 167, Loss: 1.4172, Train Acc: 0.3067, Val Acc: 0.2400
Epoch: 168, Loss: 1.3841, Train Acc: 0.2733, Val Acc: 0.2400
Epoch: 169, Loss: 1.3996, Train Acc: 0.2600, Val Acc: 0.1600
Epoch: 170, Loss: 1.3346, Train Acc: 0.3400, Val Acc: 0.3200
Epoch: 171, Loss: 1.4122, Train Acc: 0.2733, Val Acc: 0.2800
Epoch: 172, Loss: 1.3776, Train Acc: 0.2933, Val Acc: 0.3600
Epoch: 173, Loss: 1.3820, Train Acc: 0.2667, Val Acc: 0.3200
Epoch: 174, Loss: 1.4046, Train Acc: 0.3267, Val Acc: 0.3200
Epoch: 175, Loss: 1.3477, Train Acc: 0.2933, Val Acc: 0.3200
Epoch: 176, Loss: 1.4360, Train Acc: 0.2800, Val Acc: 0.2400
Epoch: 177, Loss: 1.3155, Train Acc: 0.2800, Val Acc: 0.2400
Epoch: 178, Loss: 1.4164, Train Acc: 0.2933, Val Acc: 0.2400
Epoch: 179, Loss: 1.3864, Train Acc: 0.2933, Val Acc: 0.2400
Epoch: 180, Loss: 1.3935, Train Acc: 0.2933, Val Acc: 0.2400
Epoch: 181, Loss: 1.3740, Train Acc: 0.3000, Val Acc: 0.2400
Epoch: 182, Loss: 1.3414, Train Acc: 0.2800, Val Acc: 0.2000
Epoch: 183, Loss: 1.4233, Train Acc: 0.2933, Val Acc: 0.2400
Epoch: 184, Loss: 1.3784, Train Acc: 0.3000, Val Acc: 0.2800
Epoch: 185, Loss: 1.3880, Train Acc: 0.3067, Val Acc: 0.3200
Epoch: 186, Loss: 1.4171, Train Acc: 0.2800, Val Acc: 0.3200
Epoch: 187, Loss: 1.4165, Train Acc: 0.2667, Val Acc: 0.3200
Epoch: 188, Loss: 1.4236, Train Acc: 0.2800, Val Acc: 0.3200
Epoch: 189, Loss: 1.3823, Train Acc: 0.2800, Val Acc: 0.2400
Epoch: 190, Loss: 1.3690, Train Acc: 0.2533, Val Acc: 0.3200
Epoch: 191, Loss: 1.3945, Train Acc: 0.3067, Val Acc: 0.2800
Epoch: 192, Loss: 1.4317, Train Acc: 0.2933, Val Acc: 0.2800
Epoch: 193, Loss: 1.4308, Train Acc: 0.3067, Val Acc: 0.2400
Epoch: 194, Loss: 1.3536, Train Acc: 0.3067, Val Acc: 0.2800
Epoch: 195, Loss: 1.2251, Train Acc: 0.3000, Val Acc: 0.2800
Epoch: 196, Loss: 1.2727, Train Acc: 0.2933, Val Acc: 0.3200
Epoch: 197, Loss: 1.4113, Train Acc: 0.2800, Val Acc: 0.2400
Epoch: 198, Loss: 1.3709, Train Acc: 0.3400, Val Acc: 0.2000
Epoch: 199, Loss: 1.4024, Train Acc: 0.3133, Val Acc: 0.2400
Split 2 evaluatation: Acc: 0.2400, Precision: 0.2400, Recall: 0.2400, F1 : 0.2400

Epoch: 000, Loss: 1.3945, Train Acc: 0.2133, Val Acc: 0.2400
Epoch: 001, Loss: 1.4090, Train Acc: 0.2533, Val Acc: 0.2400
Epoch: 002, Loss: 1.3804, Train Acc: 0.2200, Val Acc: 0.2400
Epoch: 003, Loss: 1.4547, Train Acc: 0.2200, Val Acc: 0.2000
Epoch: 004, Loss: 1.4010, Train Acc: 0.2267, Val Acc: 0.2400
Epoch: 005, Loss: 1.3842, Train Acc: 0.1800, Val Acc: 0.2400
Epoch: 006, Loss: 1.3792, Train Acc: 0.2267, Val Acc: 0.2800
Epoch: 007, Loss: 1.4171, Train Acc: 0.2200, Val Acc: 0.2800
Epoch: 008, Loss: 1.4190, Train Acc: 0.2267, Val Acc: 0.2400
Epoch: 009, Loss: 1.4020, Train Acc: 0.2333, Val Acc: 0.2400
Epoch: 010, Loss: 1.3860, Train Acc: 0.1933, Val Acc: 0.2000
Epoch: 011, Loss: 1.4228, Train Acc: 0.1800, Val Acc: 0.2400
Epoch: 012, Loss: 1.3935, Train Acc: 0.2200, Val Acc: 0.2800
Epoch: 013, Loss: 1.3770, Train Acc: 0.2400, Val Acc: 0.2800
Epoch: 014, Loss: 1.4268, Train Acc: 0.2000, Val Acc: 0.2400
Epoch: 015, Loss: 1.3878, Train Acc: 0.2467, Val Acc: 0.2400
Epoch: 016, Loss: 1.3922, Train Acc: 0.2267, Val Acc: 0.2400
Epoch: 017, Loss: 1.3838, Train Acc: 0.2133, Val Acc: 0.2800
Epoch: 018, Loss: 1.4322, Train Acc: 0.2200, Val Acc: 0.2400
Epoch: 019, Loss: 1.3791, Train Acc: 0.2267, Val Acc: 0.2400
Epoch: 020, Loss: 1.3997, Train Acc: 0.2133, Val Acc: 0.2400
Epoch: 021, Loss: 1.4171, Train Acc: 0.2467, Val Acc: 0.2800
Epoch: 022, Loss: 1.3912, Train Acc: 0.2467, Val Acc: 0.2800
Epoch: 023, Loss: 1.4298, Train Acc: 0.2067, Val Acc: 0.2400
Epoch: 024, Loss: 1.4246, Train Acc: 0.2533, Val Acc: 0.2400
Epoch: 025, Loss: 1.3418, Train Acc: 0.2133, Val Acc: 0.2400
Epoch: 026, Loss: 1.4196, Train Acc: 0.2733, Val Acc: 0.2400
Epoch: 027, Loss: 1.3613, Train Acc: 0.2467, Val Acc: 0.2000
Epoch: 028, Loss: 1.4200, Train Acc: 0.2000, Val Acc: 0.2000
Epoch: 029, Loss: 1.3923, Train Acc: 0.2400, Val Acc: 0.2800
Epoch: 030, Loss: 1.3859, Train Acc: 0.2333, Val Acc: 0.2400
Epoch: 031, Loss: 1.4122, Train Acc: 0.2600, Val Acc: 0.3600
Epoch: 032, Loss: 1.3956, Train Acc: 0.2333, Val Acc: 0.2800
Epoch: 033, Loss: 1.4008, Train Acc: 0.2333, Val Acc: 0.2800
Epoch: 034, Loss: 1.3567, Train Acc: 0.2333, Val Acc: 0.2400
Epoch: 035, Loss: 1.4033, Train Acc: 0.2400, Val Acc: 0.2400
Epoch: 036, Loss: 1.3603, Train Acc: 0.2400, Val Acc: 0.2400
Epoch: 037, Loss: 1.3958, Train Acc: 0.2067, Val Acc: 0.2400
Epoch: 038, Loss: 1.4310, Train Acc: 0.2667, Val Acc: 0.2800
Epoch: 039, Loss: 1.3521, Train Acc: 0.2267, Val Acc: 0.2800
Epoch: 040, Loss: 1.3977, Train Acc: 0.2267, Val Acc: 0.2400
Epoch: 041, Loss: 1.3504, Train Acc: 0.2467, Val Acc: 0.2400
Epoch: 042, Loss: 1.3827, Train Acc: 0.1933, Val Acc: 0.2800
Epoch: 043, Loss: 1.4078, Train Acc: 0.1933, Val Acc: 0.2400
Epoch: 044, Loss: 1.3985, Train Acc: 0.2067, Val Acc: 0.2400
Epoch: 045, Loss: 1.3798, Train Acc: 0.2467, Val Acc: 0.2000
Epoch: 046, Loss: 1.3824, Train Acc: 0.2600, Val Acc: 0.2400
Epoch: 047, Loss: 1.4167, Train Acc: 0.2000, Val Acc: 0.2400
Epoch: 048, Loss: 1.3693, Train Acc: 0.1933, Val Acc: 0.2000
Epoch: 049, Loss: 1.3958, Train Acc: 0.2400, Val Acc: 0.2400
Epoch: 050, Loss: 1.4052, Train Acc: 0.2467, Val Acc: 0.2400
Epoch: 051, Loss: 1.4592, Train Acc: 0.2733, Val Acc: 0.2400
Epoch: 052, Loss: 1.3911, Train Acc: 0.2267, Val Acc: 0.2400
Epoch: 053, Loss: 1.4157, Train Acc: 0.2400, Val Acc: 0.2400
Epoch: 054, Loss: 1.3833, Train Acc: 0.1867, Val Acc: 0.2400
Epoch: 055, Loss: 1.3610, Train Acc: 0.2400, Val Acc: 0.2400
Epoch: 056, Loss: 1.4104, Train Acc: 0.2267, Val Acc: 0.2400
Epoch: 057, Loss: 1.3484, Train Acc: 0.2133, Val Acc: 0.2800
Epoch: 058, Loss: 1.4468, Train Acc: 0.2733, Val Acc: 0.2400
Epoch: 059, Loss: 1.3673, Train Acc: 0.2467, Val Acc: 0.2000
Epoch: 060, Loss: 1.3870, Train Acc: 0.2067, Val Acc: 0.3200
Epoch: 061, Loss: 1.3868, Train Acc: 0.2533, Val Acc: 0.2800
Epoch: 062, Loss: 1.4166, Train Acc: 0.2800, Val Acc: 0.2400
Epoch: 063, Loss: 1.4029, Train Acc: 0.2400, Val Acc: 0.2000
Epoch: 064, Loss: 1.3450, Train Acc: 0.2600, Val Acc: 0.2800
Epoch: 065, Loss: 1.3883, Train Acc: 0.2267, Val Acc: 0.2400
Epoch: 066, Loss: 1.3453, Train Acc: 0.2667, Val Acc: 0.2400
Epoch: 067, Loss: 1.4004, Train Acc: 0.2667, Val Acc: 0.2000
Epoch: 068, Loss: 1.3935, Train Acc: 0.2467, Val Acc: 0.2400
Epoch: 069, Loss: 1.3876, Train Acc: 0.2600, Val Acc: 0.2800
Epoch: 070, Loss: 1.3885, Train Acc: 0.2533, Val Acc: 0.2400
Epoch: 071, Loss: 1.3556, Train Acc: 0.2400, Val Acc: 0.2800
Epoch: 072, Loss: 1.3308, Train Acc: 0.2467, Val Acc: 0.2400
Epoch: 073, Loss: 1.3553, Train Acc: 0.2333, Val Acc: 0.2400
Epoch: 074, Loss: 1.3491, Train Acc: 0.2800, Val Acc: 0.2800
Epoch: 075, Loss: 1.3606, Train Acc: 0.2133, Val Acc: 0.2800
Epoch: 076, Loss: 1.3730, Train Acc: 0.2400, Val Acc: 0.2800
Epoch: 077, Loss: 1.3490, Train Acc: 0.2333, Val Acc: 0.2800
Epoch: 078, Loss: 1.3673, Train Acc: 0.2200, Val Acc: 0.2400
Epoch: 079, Loss: 1.4420, Train Acc: 0.2133, Val Acc: 0.2800
Epoch: 080, Loss: 1.4453, Train Acc: 0.2467, Val Acc: 0.2800
Epoch: 081, Loss: 1.3918, Train Acc: 0.2267, Val Acc: 0.2000
Epoch: 082, Loss: 1.3879, Train Acc: 0.2067, Val Acc: 0.2000
Epoch: 083, Loss: 1.4343, Train Acc: 0.2533, Val Acc: 0.2400
Epoch: 084, Loss: 1.3463, Train Acc: 0.2467, Val Acc: 0.2400
Epoch: 085, Loss: 1.4578, Train Acc: 0.2733, Val Acc: 0.2400
Epoch: 086, Loss: 1.4591, Train Acc: 0.2667, Val Acc: 0.2400
Epoch: 087, Loss: 1.4125, Train Acc: 0.2533, Val Acc: 0.2400
Epoch: 088, Loss: 1.3454, Train Acc: 0.2400, Val Acc: 0.2800
Epoch: 089, Loss: 1.4362, Train Acc: 0.2600, Val Acc: 0.2000
Epoch: 090, Loss: 1.4534, Train Acc: 0.2067, Val Acc: 0.2400
Epoch: 091, Loss: 1.3783, Train Acc: 0.2200, Val Acc: 0.2400
Epoch: 092, Loss: 1.3904, Train Acc: 0.2733, Val Acc: 0.2800
Epoch: 093, Loss: 1.4394, Train Acc: 0.2933, Val Acc: 0.2400
Epoch: 094, Loss: 1.4418, Train Acc: 0.2533, Val Acc: 0.2400
Epoch: 095, Loss: 1.3647, Train Acc: 0.2867, Val Acc: 0.2400
Epoch: 096, Loss: 1.3656, Train Acc: 0.2667, Val Acc: 0.1600
Epoch: 097, Loss: 1.4196, Train Acc: 0.2667, Val Acc: 0.2400
Epoch: 098, Loss: 1.3477, Train Acc: 0.2667, Val Acc: 0.2000
Epoch: 099, Loss: 1.4099, Train Acc: 0.2800, Val Acc: 0.3200
Epoch: 100, Loss: 1.4094, Train Acc: 0.2267, Val Acc: 0.3200
Epoch: 101, Loss: 1.4331, Train Acc: 0.2867, Val Acc: 0.2000
Epoch: 102, Loss: 1.4246, Train Acc: 0.2800, Val Acc: 0.2400
Epoch: 103, Loss: 1.3785, Train Acc: 0.2400, Val Acc: 0.2800
Epoch: 104, Loss: 1.4225, Train Acc: 0.2600, Val Acc: 0.3200
Epoch: 105, Loss: 1.4419, Train Acc: 0.2933, Val Acc: 0.3200
Epoch: 106, Loss: 1.4128, Train Acc: 0.2800, Val Acc: 0.2400
Epoch: 107, Loss: 1.3963, Train Acc: 0.2600, Val Acc: 0.2800
Epoch: 108, Loss: 1.3543, Train Acc: 0.2600, Val Acc: 0.2800
Epoch: 109, Loss: 1.4911, Train Acc: 0.2533, Val Acc: 0.2800
Epoch: 110, Loss: 1.4181, Train Acc: 0.2467, Val Acc: 0.2400
Epoch: 111, Loss: 1.4654, Train Acc: 0.2800, Val Acc: 0.2400
Epoch: 112, Loss: 1.3981, Train Acc: 0.2667, Val Acc: 0.2400
Epoch: 113, Loss: 1.3825, Train Acc: 0.2667, Val Acc: 0.2400
Epoch: 114, Loss: 1.3928, Train Acc: 0.2267, Val Acc: 0.2400
Epoch: 115, Loss: 1.4182, Train Acc: 0.2400, Val Acc: 0.3200
Epoch: 116, Loss: 1.4660, Train Acc: 0.2000, Val Acc: 0.2400
Epoch: 117, Loss: 1.2962, Train Acc: 0.2533, Val Acc: 0.2800
Epoch: 118, Loss: 1.3365, Train Acc: 0.3000, Val Acc: 0.2400
Epoch: 119, Loss: 1.3659, Train Acc: 0.2800, Val Acc: 0.2400
Epoch: 120, Loss: 1.4092, Train Acc: 0.2600, Val Acc: 0.2000
Epoch: 121, Loss: 1.4408, Train Acc: 0.2800, Val Acc: 0.2800
Epoch: 122, Loss: 1.3575, Train Acc: 0.2400, Val Acc: 0.2400
Epoch: 123, Loss: 1.3739, Train Acc: 0.3000, Val Acc: 0.1600
Epoch: 124, Loss: 1.3461, Train Acc: 0.2467, Val Acc: 0.3600
Epoch: 125, Loss: 1.2878, Train Acc: 0.2867, Val Acc: 0.2800
Epoch: 126, Loss: 1.3539, Train Acc: 0.2533, Val Acc: 0.2800
Epoch: 127, Loss: 1.3999, Train Acc: 0.2400, Val Acc: 0.4000
Epoch: 128, Loss: 1.3860, Train Acc: 0.2467, Val Acc: 0.1600
Epoch: 129, Loss: 1.4006, Train Acc: 0.2533, Val Acc: 0.2800
Epoch: 130, Loss: 1.4604, Train Acc: 0.2467, Val Acc: 0.2000
Epoch: 131, Loss: 1.3795, Train Acc: 0.1933, Val Acc: 0.1600
Epoch: 132, Loss: 1.3684, Train Acc: 0.2133, Val Acc: 0.2800
Epoch: 133, Loss: 1.4393, Train Acc: 0.2667, Val Acc: 0.2800
Epoch: 134, Loss: 1.4043, Train Acc: 0.2067, Val Acc: 0.3200
Epoch: 135, Loss: 1.3832, Train Acc: 0.2467, Val Acc: 0.2400
Epoch: 136, Loss: 1.3863, Train Acc: 0.2800, Val Acc: 0.2000
Epoch: 137, Loss: 1.3663, Train Acc: 0.2933, Val Acc: 0.3600
Epoch: 138, Loss: 1.3802, Train Acc: 0.2400, Val Acc: 0.2800
Epoch: 139, Loss: 1.4590, Train Acc: 0.2800, Val Acc: 0.2800
Epoch: 140, Loss: 1.4613, Train Acc: 0.3467, Val Acc: 0.3200
Epoch: 141, Loss: 1.3293, Train Acc: 0.2667, Val Acc: 0.2800
Epoch: 142, Loss: 1.3930, Train Acc: 0.2733, Val Acc: 0.2400
Epoch: 143, Loss: 1.3999, Train Acc: 0.2667, Val Acc: 0.2800
Epoch: 144, Loss: 1.3582, Train Acc: 0.2667, Val Acc: 0.2400
Epoch: 145, Loss: 0.1929, Train Acc: 0.2867, Val Acc: 0.2800
Epoch: 146, Loss: 1.3946, Train Acc: 0.2800, Val Acc: 0.1600
Epoch: 147, Loss: 1.4206, Train Acc: 0.2733, Val Acc: 0.2400
Epoch: 148, Loss: 1.3393, Train Acc: 0.2867, Val Acc: 0.2800
Epoch: 149, Loss: 1.3412, Train Acc: 0.2467, Val Acc: 0.2400
Epoch: 150, Loss: 1.4489, Train Acc: 0.2867, Val Acc: 0.2000
Epoch: 151, Loss: 1.3965, Train Acc: 0.2467, Val Acc: 0.1600
Epoch: 152, Loss: 1.3638, Train Acc: 0.2467, Val Acc: 0.2800
Epoch: 153, Loss: 1.4191, Train Acc: 0.2533, Val Acc: 0.2400
Epoch: 154, Loss: 1.3649, Train Acc: 0.2533, Val Acc: 0.2400
Epoch: 155, Loss: 1.2978, Train Acc: 0.3133, Val Acc: 0.2400
Epoch: 156, Loss: 1.3543, Train Acc: 0.3133, Val Acc: 0.2000
Epoch: 157, Loss: 1.3247, Train Acc: 0.2733, Val Acc: 0.2400
Epoch: 158, Loss: 1.4556, Train Acc: 0.2467, Val Acc: 0.2000
Epoch: 159, Loss: 1.3331, Train Acc: 0.2467, Val Acc: 0.1600
Epoch: 160, Loss: 1.4149, Train Acc: 0.2600, Val Acc: 0.2000
Epoch: 161, Loss: 1.4479, Train Acc: 0.2867, Val Acc: 0.2800
Epoch: 162, Loss: 1.3577, Train Acc: 0.2933, Val Acc: 0.2400
Epoch: 163, Loss: 1.3114, Train Acc: 0.3133, Val Acc: 0.1600
Epoch: 164, Loss: 1.3396, Train Acc: 0.2600, Val Acc: 0.2000
Epoch: 165, Loss: 1.4320, Train Acc: 0.3000, Val Acc: 0.3200
Epoch: 166, Loss: 1.3881, Train Acc: 0.2667, Val Acc: 0.2000
Epoch: 167, Loss: 1.4919, Train Acc: 0.2800, Val Acc: 0.3200
Epoch: 168, Loss: 1.3915, Train Acc: 0.2667, Val Acc: 0.2800
Epoch: 169, Loss: 1.3949, Train Acc: 0.2867, Val Acc: 0.1600
Epoch: 170, Loss: 1.3750, Train Acc: 0.3000, Val Acc: 0.1600
Epoch: 171, Loss: 1.3964, Train Acc: 0.2467, Val Acc: 0.2000
Epoch: 172, Loss: 1.3668, Train Acc: 0.2933, Val Acc: 0.2000
Epoch: 173, Loss: 1.4636, Train Acc: 0.2867, Val Acc: 0.1200
Epoch: 174, Loss: 1.3647, Train Acc: 0.2667, Val Acc: 0.2800
Epoch: 175, Loss: 1.3579, Train Acc: 0.2600, Val Acc: 0.2800
Epoch: 176, Loss: 1.4869, Train Acc: 0.3000, Val Acc: 0.2800
Epoch: 177, Loss: 1.3962, Train Acc: 0.2933, Val Acc: 0.2800
Epoch: 178, Loss: 1.3656, Train Acc: 0.2600, Val Acc: 0.2400
Epoch: 179, Loss: 1.3552, Train Acc: 0.2933, Val Acc: 0.1600
Epoch: 180, Loss: 1.3853, Train Acc: 0.2667, Val Acc: 0.1600
Epoch: 181, Loss: 1.4430, Train Acc: 0.2733, Val Acc: 0.3600
Epoch: 182, Loss: 1.4462, Train Acc: 0.2533, Val Acc: 0.2400
Epoch: 183, Loss: 1.4024, Train Acc: 0.2733, Val Acc: 0.1600
Epoch: 184, Loss: 1.4493, Train Acc: 0.2600, Val Acc: 0.2800
Epoch: 185, Loss: 1.4233, Train Acc: 0.2733, Val Acc: 0.2800
Epoch: 186, Loss: 1.1806, Train Acc: 0.2600, Val Acc: 0.2800
Epoch: 187, Loss: 1.4238, Train Acc: 0.2867, Val Acc: 0.2800
Epoch: 188, Loss: 1.4045, Train Acc: 0.2667, Val Acc: 0.2800
Epoch: 189, Loss: 1.3768, Train Acc: 0.2600, Val Acc: 0.2800
Epoch: 190, Loss: 1.3685, Train Acc: 0.2733, Val Acc: 0.3200
Epoch: 191, Loss: 1.4161, Train Acc: 0.3133, Val Acc: 0.2800
Epoch: 192, Loss: 1.4034, Train Acc: 0.3000, Val Acc: 0.2800
Epoch: 193, Loss: 1.3619, Train Acc: 0.2667, Val Acc: 0.1600
Epoch: 194, Loss: 1.3700, Train Acc: 0.3133, Val Acc: 0.2800
Epoch: 195, Loss: 1.2519, Train Acc: 0.2667, Val Acc: 0.2800
Epoch: 196, Loss: 1.3755, Train Acc: 0.2600, Val Acc: 0.2800
Epoch: 197, Loss: 1.2354, Train Acc: 0.2800, Val Acc: 0.2800
Epoch: 198, Loss: 1.4112, Train Acc: 0.2667, Val Acc: 0.2400
Epoch: 199, Loss: 1.3636, Train Acc: 0.2667, Val Acc: 0.2800
Split 3 evaluatation: Acc: 0.3600, Precision: 0.3600, Recall: 0.3600, F1 : 0.3600

Average Evaluation Metrics: Acc 0.2900, Precision: 0.2900, Recall: 0.2900, F1: 0.2900
