MOFED version '4.9-2.2.6' not available in this container.
No matching alternate version found.
STGCN(
  (initial_stconv): st_gcn(
    (gcn): GCNConv(512, 512)
    (tcn): Sequential(
      (0): BatchNorm1d(128, eps=1e-05, momentum=0.1, affine=True, track_running_stats=True)
      (1): ReLU(inplace=True)
      (2): Conv1d(128, 128, kernel_size=(5,), stride=(1,), padding=(2,))
      (3): BatchNorm1d(128, eps=1e-05, momentum=0.1, affine=True, track_running_stats=True)
      (4): Dropout(p=0, inplace=True)
    )
    (relu): ReLU(inplace=True)
  )
  (stconv1): st_gcn(
    (gcn): GCNConv(512, 512)
    (tcn): Sequential(
      (0): BatchNorm1d(128, eps=1e-05, momentum=0.1, affine=True, track_running_stats=True)
      (1): ReLU(inplace=True)
      (2): Conv1d(128, 128, kernel_size=(5,), stride=(1,), padding=(2,))
      (3): BatchNorm1d(128, eps=1e-05, momentum=0.1, affine=True, track_running_stats=True)
      (4): Dropout(p=0, inplace=True)
    )
    (relu): ReLU(inplace=True)
  )
  (stconv2): st_gcn(
    (gcn): GCNConv(512, 512)
    (tcn): Sequential(
      (0): BatchNorm1d(128, eps=1e-05, momentum=0.1, affine=True, track_running_stats=True)
      (1): ReLU(inplace=True)
      (2): Conv1d(128, 128, kernel_size=(5,), stride=(1,), padding=(2,))
      (3): BatchNorm1d(128, eps=1e-05, momentum=0.1, affine=True, track_running_stats=True)
      (4): Dropout(p=0, inplace=True)
    )
    (relu): ReLU(inplace=True)
  )
  (stconv3): st_gcn(
    (gcn): GCNConv(512, 512)
    (tcn): Sequential(
      (0): BatchNorm1d(128, eps=1e-05, momentum=0.1, affine=True, track_running_stats=True)
      (1): ReLU(inplace=True)
      (2): Conv1d(128, 128, kernel_size=(5,), stride=(1,), padding=(2,))
      (3): BatchNorm1d(128, eps=1e-05, momentum=0.1, affine=True, track_running_stats=True)
      (4): Dropout(p=0, inplace=True)
    )
    (relu): ReLU(inplace=True)
  )
  (stconv4): st_gcn(
    (gcn): GCNConv(512, 512)
    (tcn): Sequential(
      (0): BatchNorm1d(128, eps=1e-05, momentum=0.1, affine=True, track_running_stats=True)
      (1): ReLU(inplace=True)
      (2): Conv1d(128, 128, kernel_size=(5,), stride=(1,), padding=(2,))
      (3): BatchNorm1d(128, eps=1e-05, momentum=0.1, affine=True, track_running_stats=True)
      (4): Dropout(p=0, inplace=True)
    )
    (relu): ReLU(inplace=True)
  )
  (stconv5): st_gcn(
    (gcn): GCNConv(512, 512)
    (tcn): Sequential(
      (0): BatchNorm1d(128, eps=1e-05, momentum=0.1, affine=True, track_running_stats=True)
      (1): ReLU(inplace=True)
      (2): Conv1d(128, 128, kernel_size=(5,), stride=(1,), padding=(2,))
      (3): BatchNorm1d(128, eps=1e-05, momentum=0.1, affine=True, track_running_stats=True)
      (4): Dropout(p=0, inplace=True)
    )
    (relu): ReLU(inplace=True)
  )
  (out): Linear(512, 4, bias=True)
)
Number of parameters:  2073348

Epoch: 000, Loss: 1.3964, Train Acc: 0.2400, Val Acc: 0.2400
Epoch: 001, Loss: 1.4424, Train Acc: 0.1933, Val Acc: 0.2400
Epoch: 002, Loss: 1.4057, Train Acc: 0.2000, Val Acc: 0.2400
Epoch: 003, Loss: 1.3934, Train Acc: 0.2267, Val Acc: 0.2400
Epoch: 004, Loss: 1.4321, Train Acc: 0.2133, Val Acc: 0.2400
Epoch: 005, Loss: 1.3642, Train Acc: 0.2133, Val Acc: 0.2400
Epoch: 006, Loss: 1.4060, Train Acc: 0.2533, Val Acc: 0.2400
Epoch: 007, Loss: 1.4033, Train Acc: 0.2267, Val Acc: 0.2400
Epoch: 008, Loss: 1.4260, Train Acc: 0.2000, Val Acc: 0.2400
Epoch: 009, Loss: 1.3749, Train Acc: 0.2267, Val Acc: 0.2000
Epoch: 010, Loss: 1.4219, Train Acc: 0.2467, Val Acc: 0.2400
Epoch: 011, Loss: 1.3896, Train Acc: 0.2200, Val Acc: 0.2400
Epoch: 012, Loss: 1.3982, Train Acc: 0.1933, Val Acc: 0.2400
Epoch: 013, Loss: 1.3900, Train Acc: 0.2333, Val Acc: 0.2400
Epoch: 014, Loss: 1.4070, Train Acc: 0.1933, Val Acc: 0.2400
Epoch: 015, Loss: 1.3660, Train Acc: 0.2133, Val Acc: 0.2400
Epoch: 016, Loss: 1.4124, Train Acc: 0.2400, Val Acc: 0.2800
Epoch: 017, Loss: 1.3867, Train Acc: 0.2133, Val Acc: 0.2400
Epoch: 018, Loss: 1.4030, Train Acc: 0.2067, Val Acc: 0.2400
Epoch: 019, Loss: 1.3494, Train Acc: 0.2467, Val Acc: 0.2400
Epoch: 020, Loss: 1.4413, Train Acc: 0.2533, Val Acc: 0.2400
Epoch: 021, Loss: 1.3466, Train Acc: 0.2133, Val Acc: 0.2400
Epoch: 022, Loss: 1.3527, Train Acc: 0.2133, Val Acc: 0.2400
Epoch: 023, Loss: 1.4440, Train Acc: 0.2133, Val Acc: 0.3200
Epoch: 024, Loss: 1.4087, Train Acc: 0.2533, Val Acc: 0.2400
Epoch: 025, Loss: 1.3649, Train Acc: 0.2133, Val Acc: 0.2000
Epoch: 026, Loss: 1.3924, Train Acc: 0.2200, Val Acc: 0.2400
Epoch: 027, Loss: 1.4278, Train Acc: 0.1933, Val Acc: 0.2400
Epoch: 028, Loss: 1.4235, Train Acc: 0.2333, Val Acc: 0.2400
Epoch: 029, Loss: 1.3753, Train Acc: 0.2267, Val Acc: 0.2400
Epoch: 030, Loss: 1.3723, Train Acc: 0.2333, Val Acc: 0.2400
Epoch: 031, Loss: 1.4260, Train Acc: 0.2000, Val Acc: 0.2400
Epoch: 032, Loss: 1.3847, Train Acc: 0.2133, Val Acc: 0.1600
Epoch: 033, Loss: 1.3580, Train Acc: 0.2333, Val Acc: 0.2000
Epoch: 034, Loss: 1.3845, Train Acc: 0.1867, Val Acc: 0.2800
Epoch: 035, Loss: 1.3409, Train Acc: 0.2533, Val Acc: 0.2400
Epoch: 036, Loss: 1.3905, Train Acc: 0.2067, Val Acc: 0.2400
Epoch: 037, Loss: 1.4027, Train Acc: 0.2200, Val Acc: 0.2400
Epoch: 038, Loss: 1.3709, Train Acc: 0.2733, Val Acc: 0.2400
Epoch: 039, Loss: 1.4333, Train Acc: 0.2200, Val Acc: 0.1600
Epoch: 040, Loss: 1.4106, Train Acc: 0.2400, Val Acc: 0.2400
Epoch: 041, Loss: 1.3951, Train Acc: 0.2467, Val Acc: 0.2400
Epoch: 042, Loss: 1.4000, Train Acc: 0.2333, Val Acc: 0.2400
Epoch: 043, Loss: 1.4234, Train Acc: 0.2467, Val Acc: 0.2400
Epoch: 044, Loss: 1.3806, Train Acc: 0.2333, Val Acc: 0.2400
Epoch: 045, Loss: 1.3754, Train Acc: 0.2133, Val Acc: 0.3200
Epoch: 046, Loss: 1.3665, Train Acc: 0.2600, Val Acc: 0.2400
Epoch: 047, Loss: 1.3834, Train Acc: 0.2200, Val Acc: 0.2400
Epoch: 048, Loss: 1.3743, Train Acc: 0.2867, Val Acc: 0.2000
Epoch: 049, Loss: 1.3967, Train Acc: 0.2067, Val Acc: 0.2400
Epoch: 050, Loss: 1.3821, Train Acc: 0.2267, Val Acc: 0.2400
Epoch: 051, Loss: 0.5872, Train Acc: 0.2533, Val Acc: 0.2400
Epoch: 052, Loss: 1.3896, Train Acc: 0.2600, Val Acc: 0.2400
Epoch: 053, Loss: 1.3862, Train Acc: 0.2533, Val Acc: 0.2400
Epoch: 054, Loss: 1.4082, Train Acc: 0.2133, Val Acc: 0.2400
Epoch: 055, Loss: 1.4032, Train Acc: 0.2533, Val Acc: 0.3200
Epoch: 056, Loss: 1.3958, Train Acc: 0.2267, Val Acc: 0.2400
Epoch: 057, Loss: 1.4054, Train Acc: 0.2333, Val Acc: 0.2400
Epoch: 058, Loss: 1.3630, Train Acc: 0.2533, Val Acc: 0.2400
Epoch: 059, Loss: 1.4202, Train Acc: 0.2333, Val Acc: 0.2400
Epoch: 060, Loss: 1.4134, Train Acc: 0.2267, Val Acc: 0.2000
Epoch: 061, Loss: 1.3712, Train Acc: 0.2067, Val Acc: 0.2400
Epoch: 062, Loss: 1.3699, Train Acc: 0.2200, Val Acc: 0.2400
Epoch: 063, Loss: 1.4209, Train Acc: 0.2800, Val Acc: 0.2400
Epoch: 064, Loss: 1.3678, Train Acc: 0.2200, Val Acc: 0.2400
Epoch: 065, Loss: 1.4318, Train Acc: 0.2533, Val Acc: 0.2400
Epoch: 066, Loss: 1.3794, Train Acc: 0.2467, Val Acc: 0.2400
Epoch: 067, Loss: 1.3364, Train Acc: 0.2400, Val Acc: 0.2800
Epoch: 068, Loss: 1.4118, Train Acc: 0.1800, Val Acc: 0.2400
Epoch: 069, Loss: 1.3994, Train Acc: 0.2333, Val Acc: 0.2800
Epoch: 070, Loss: 1.3662, Train Acc: 0.2733, Val Acc: 0.2400
Epoch: 071, Loss: 1.4662, Train Acc: 0.2000, Val Acc: 0.3200
Epoch: 072, Loss: 1.4081, Train Acc: 0.2667, Val Acc: 0.2400
Epoch: 073, Loss: 1.4042, Train Acc: 0.2267, Val Acc: 0.3200
Epoch: 074, Loss: 1.3875, Train Acc: 0.2267, Val Acc: 0.2400
Epoch: 075, Loss: 1.3981, Train Acc: 0.2067, Val Acc: 0.2800
Epoch: 076, Loss: 1.4251, Train Acc: 0.2267, Val Acc: 0.2000
Epoch: 077, Loss: 1.4026, Train Acc: 0.2267, Val Acc: 0.2400
Epoch: 078, Loss: 1.3978, Train Acc: 0.2533, Val Acc: 0.2400
Epoch: 079, Loss: 1.4857, Train Acc: 0.2667, Val Acc: 0.2400
Epoch: 080, Loss: 1.4116, Train Acc: 0.2800, Val Acc: 0.2400
Epoch: 081, Loss: 1.4243, Train Acc: 0.2533, Val Acc: 0.2400
Epoch: 082, Loss: 1.3955, Train Acc: 0.2667, Val Acc: 0.2400
Epoch: 083, Loss: 1.4418, Train Acc: 0.1933, Val Acc: 0.2400
Epoch: 084, Loss: 1.4394, Train Acc: 0.2533, Val Acc: 0.2400
Epoch: 085, Loss: 1.4336, Train Acc: 0.2733, Val Acc: 0.2400
Epoch: 086, Loss: 1.4066, Train Acc: 0.2533, Val Acc: 0.3200
Epoch: 087, Loss: 1.4086, Train Acc: 0.2467, Val Acc: 0.2400
Epoch: 088, Loss: 1.3996, Train Acc: 0.2333, Val Acc: 0.2800
Epoch: 089, Loss: 1.4312, Train Acc: 0.2800, Val Acc: 0.2400
Epoch: 090, Loss: 1.3647, Train Acc: 0.2600, Val Acc: 0.2400
Epoch: 091, Loss: 1.4031, Train Acc: 0.2400, Val Acc: 0.2400
Epoch: 092, Loss: 1.3806, Train Acc: 0.2800, Val Acc: 0.2400
Epoch: 093, Loss: 1.3423, Train Acc: 0.2600, Val Acc: 0.2400
Epoch: 094, Loss: 1.4267, Train Acc: 0.2667, Val Acc: 0.2400
Epoch: 095, Loss: 1.3293, Train Acc: 0.2333, Val Acc: 0.2400
Epoch: 096, Loss: 1.3441, Train Acc: 0.2333, Val Acc: 0.2400
Epoch: 097, Loss: 1.2225, Train Acc: 0.2333, Val Acc: 0.2400
Epoch: 098, Loss: 1.4154, Train Acc: 0.2667, Val Acc: 0.2400
Epoch: 099, Loss: 1.4332, Train Acc: 0.2533, Val Acc: 0.1200
Epoch: 100, Loss: 1.3867, Train Acc: 0.2133, Val Acc: 0.2400
Epoch: 101, Loss: 1.3749, Train Acc: 0.2467, Val Acc: 0.2400
Epoch: 102, Loss: 1.4040, Train Acc: 0.2267, Val Acc: 0.2400
Epoch: 103, Loss: 1.3771, Train Acc: 0.2600, Val Acc: 0.1600
Epoch: 104, Loss: 1.3885, Train Acc: 0.2467, Val Acc: 0.2400
Epoch: 105, Loss: 1.4012, Train Acc: 0.2667, Val Acc: 0.3200
Epoch: 106, Loss: 1.3957, Train Acc: 0.1867, Val Acc: 0.2000
Epoch: 107, Loss: 1.4133, Train Acc: 0.2267, Val Acc: 0.2400
Epoch: 108, Loss: 1.3796, Train Acc: 0.2467, Val Acc: 0.1600
Epoch: 109, Loss: 1.3868, Train Acc: 0.2733, Val Acc: 0.2400
Epoch: 110, Loss: 1.3820, Train Acc: 0.2600, Val Acc: 0.2400
Epoch: 111, Loss: 1.3765, Train Acc: 0.2267, Val Acc: 0.2400
Epoch: 112, Loss: 1.4096, Train Acc: 0.2600, Val Acc: 0.2400
Epoch: 113, Loss: 1.3750, Train Acc: 0.2533, Val Acc: 0.1600
Epoch: 114, Loss: 1.3849, Train Acc: 0.2400, Val Acc: 0.1600
Epoch: 115, Loss: 1.3652, Train Acc: 0.2333, Val Acc: 0.2800
Epoch: 116, Loss: 1.4035, Train Acc: 0.2600, Val Acc: 0.2000
Epoch: 117, Loss: 1.3364, Train Acc: 0.2533, Val Acc: 0.2400
Epoch: 118, Loss: 1.1695, Train Acc: 0.3000, Val Acc: 0.2400
Epoch: 119, Loss: 1.4246, Train Acc: 0.2067, Val Acc: 0.2400
Epoch: 120, Loss: 1.4050, Train Acc: 0.2800, Val Acc: 0.3200
Epoch: 121, Loss: 1.2655, Train Acc: 0.3333, Val Acc: 0.2000
Epoch: 122, Loss: 1.3721, Train Acc: 0.3067, Val Acc: 0.3200
Epoch: 123, Loss: 1.4107, Train Acc: 0.2067, Val Acc: 0.2800
Epoch: 124, Loss: 1.3797, Train Acc: 0.2533, Val Acc: 0.2800
Epoch: 125, Loss: 1.4061, Train Acc: 0.2667, Val Acc: 0.2800
Epoch: 126, Loss: 1.3790, Train Acc: 0.2600, Val Acc: 0.2400
Epoch: 127, Loss: 1.4273, Train Acc: 0.2933, Val Acc: 0.2400
Epoch: 128, Loss: 1.3578, Train Acc: 0.2733, Val Acc: 0.2400
Epoch: 129, Loss: 1.4140, Train Acc: 0.3067, Val Acc: 0.2000
Epoch: 130, Loss: 1.3673, Train Acc: 0.2467, Val Acc: 0.2400
Epoch: 131, Loss: 1.4035, Train Acc: 0.2933, Val Acc: 0.2000
Epoch: 132, Loss: 1.3948, Train Acc: 0.2467, Val Acc: 0.2400
Epoch: 133, Loss: 1.4079, Train Acc: 0.2333, Val Acc: 0.2400
Epoch: 134, Loss: 1.3691, Train Acc: 0.2333, Val Acc: 0.2800
Epoch: 135, Loss: 1.4175, Train Acc: 0.2800, Val Acc: 0.2400
Epoch: 136, Loss: 1.3864, Train Acc: 0.2533, Val Acc: 0.2400
Epoch: 137, Loss: 1.2275, Train Acc: 0.2800, Val Acc: 0.2400
Epoch: 138, Loss: 1.4563, Train Acc: 0.2533, Val Acc: 0.2400
Epoch: 139, Loss: 1.3436, Train Acc: 0.2800, Val Acc: 0.2400
Epoch: 140, Loss: 1.3369, Train Acc: 0.2333, Val Acc: 0.2400
Epoch: 141, Loss: 1.4617, Train Acc: 0.2867, Val Acc: 0.2400
Epoch: 142, Loss: 1.3380, Train Acc: 0.2733, Val Acc: 0.2400
Epoch: 143, Loss: 1.4126, Train Acc: 0.2800, Val Acc: 0.2000
Epoch: 144, Loss: 1.4019, Train Acc: 0.2600, Val Acc: 0.2400
Epoch: 145, Loss: 1.4341, Train Acc: 0.2600, Val Acc: 0.2400
Epoch: 146, Loss: 1.4038, Train Acc: 0.2533, Val Acc: 0.2400
Epoch: 147, Loss: 1.3614, Train Acc: 0.2467, Val Acc: 0.2400
Epoch: 148, Loss: 1.3181, Train Acc: 0.3000, Val Acc: 0.2400
Epoch: 149, Loss: 1.4430, Train Acc: 0.2533, Val Acc: 0.2800
Epoch: 150, Loss: 1.3920, Train Acc: 0.2933, Val Acc: 0.2400
Epoch: 151, Loss: 1.3863, Train Acc: 0.2667, Val Acc: 0.2000
Epoch: 152, Loss: 1.4117, Train Acc: 0.2867, Val Acc: 0.2400
Epoch: 153, Loss: 1.3858, Train Acc: 0.2800, Val Acc: 0.1600
Epoch: 154, Loss: 1.3681, Train Acc: 0.2800, Val Acc: 0.2800
Epoch: 155, Loss: 1.3420, Train Acc: 0.2467, Val Acc: 0.2400
Epoch: 156, Loss: 1.4015, Train Acc: 0.2667, Val Acc: 0.3200
Epoch: 157, Loss: 1.3739, Train Acc: 0.2600, Val Acc: 0.3200
Epoch: 158, Loss: 1.3887, Train Acc: 0.2600, Val Acc: 0.2800
Epoch: 159, Loss: 1.3757, Train Acc: 0.2800, Val Acc: 0.2400
Epoch: 160, Loss: 1.3599, Train Acc: 0.2467, Val Acc: 0.2400
Epoch: 161, Loss: 1.4130, Train Acc: 0.3000, Val Acc: 0.2400
Epoch: 162, Loss: 1.4014, Train Acc: 0.2600, Val Acc: 0.2800
Epoch: 163, Loss: 1.3942, Train Acc: 0.3000, Val Acc: 0.2000
Epoch: 164, Loss: 1.4039, Train Acc: 0.3000, Val Acc: 0.2400
Epoch: 165, Loss: 1.4363, Train Acc: 0.2733, Val Acc: 0.2400
Epoch: 166, Loss: 1.3574, Train Acc: 0.3067, Val Acc: 0.2400
Epoch: 167, Loss: 1.3826, Train Acc: 0.2400, Val Acc: 0.2800
Epoch: 168, Loss: 1.4109, Train Acc: 0.2733, Val Acc: 0.2400
Epoch: 169, Loss: 1.3780, Train Acc: 0.2600, Val Acc: 0.2400
Epoch: 170, Loss: 1.3528, Train Acc: 0.3400, Val Acc: 0.2400
Epoch: 171, Loss: 1.4210, Train Acc: 0.2333, Val Acc: 0.2800
Epoch: 172, Loss: 1.3932, Train Acc: 0.2733, Val Acc: 0.2400
Epoch: 173, Loss: 1.3498, Train Acc: 0.2600, Val Acc: 0.2800
Epoch: 174, Loss: 1.3721, Train Acc: 0.2733, Val Acc: 0.2800
Epoch: 175, Loss: 1.4238, Train Acc: 0.2133, Val Acc: 0.2800
Epoch: 176, Loss: 1.4147, Train Acc: 0.2933, Val Acc: 0.2400
Epoch: 177, Loss: 1.4305, Train Acc: 0.3267, Val Acc: 0.2800
Epoch: 178, Loss: 1.1732, Train Acc: 0.2733, Val Acc: 0.2400
Epoch: 179, Loss: 1.4188, Train Acc: 0.3333, Val Acc: 0.2800
Epoch: 180, Loss: 1.3602, Train Acc: 0.2733, Val Acc: 0.3200
Epoch: 181, Loss: 1.3712, Train Acc: 0.2600, Val Acc: 0.3200
Epoch: 182, Loss: 1.3816, Train Acc: 0.3067, Val Acc: 0.2000
Epoch: 183, Loss: 1.1857, Train Acc: 0.2600, Val Acc: 0.2000
Epoch: 184, Loss: 1.4561, Train Acc: 0.2800, Val Acc: 0.2400
Epoch: 185, Loss: 1.3888, Train Acc: 0.2667, Val Acc: 0.2400
Epoch: 186, Loss: 1.4453, Train Acc: 0.2600, Val Acc: 0.2400
Epoch: 187, Loss: 1.4085, Train Acc: 0.2733, Val Acc: 0.2400
Epoch: 188, Loss: 1.4110, Train Acc: 0.3200, Val Acc: 0.2400
Epoch: 189, Loss: 1.4325, Train Acc: 0.3067, Val Acc: 0.2400
Epoch: 190, Loss: 1.4187, Train Acc: 0.3000, Val Acc: 0.2400
Epoch: 191, Loss: 1.3960, Train Acc: 0.2400, Val Acc: 0.2000
Epoch: 192, Loss: 1.3929, Train Acc: 0.3000, Val Acc: 0.2400
Epoch: 193, Loss: 1.3900, Train Acc: 0.3067, Val Acc: 0.2400
Epoch: 194, Loss: 1.4321, Train Acc: 0.2733, Val Acc: 0.1600
Epoch: 195, Loss: 1.4148, Train Acc: 0.2867, Val Acc: 0.2000
Epoch: 196, Loss: 1.3845, Train Acc: 0.3000, Val Acc: 0.2400
Epoch: 197, Loss: 1.3859, Train Acc: 0.3000, Val Acc: 0.2000
Epoch: 198, Loss: 1.3394, Train Acc: 0.2733, Val Acc: 0.2400
Epoch: 199, Loss: 1.3968, Train Acc: 0.2867, Val Acc: 0.2400
Split 0 evaluatation: Acc: 0.2800, Precision: 0.2800, Recall: 0.2800, F1 : 0.2800

Epoch: 000, Loss: 1.4544, Train Acc: 0.2067, Val Acc: 0.2400
Epoch: 001, Loss: 1.3948, Train Acc: 0.2400, Val Acc: 0.2400
Epoch: 002, Loss: 1.3902, Train Acc: 0.1800, Val Acc: 0.2400
Epoch: 003, Loss: 1.3894, Train Acc: 0.1800, Val Acc: 0.2400
Epoch: 004, Loss: 1.3724, Train Acc: 0.1733, Val Acc: 0.2400
Epoch: 005, Loss: 1.3473, Train Acc: 0.2067, Val Acc: 0.2400
Epoch: 006, Loss: 1.4094, Train Acc: 0.2267, Val Acc: 0.2400
Epoch: 007, Loss: 1.3553, Train Acc: 0.2200, Val Acc: 0.2400
Epoch: 008, Loss: 1.4355, Train Acc: 0.1800, Val Acc: 0.2400
Epoch: 009, Loss: 1.3961, Train Acc: 0.2467, Val Acc: 0.2400
Epoch: 010, Loss: 1.3897, Train Acc: 0.2133, Val Acc: 0.2000
Epoch: 011, Loss: 1.3802, Train Acc: 0.2467, Val Acc: 0.2400
Epoch: 012, Loss: 1.3891, Train Acc: 0.2067, Val Acc: 0.2400
Epoch: 013, Loss: 1.3629, Train Acc: 0.2600, Val Acc: 0.2800
Epoch: 014, Loss: 1.4165, Train Acc: 0.2067, Val Acc: 0.1600
Epoch: 015, Loss: 1.3575, Train Acc: 0.2200, Val Acc: 0.2400
Epoch: 016, Loss: 1.0172, Train Acc: 0.2400, Val Acc: 0.2800
Epoch: 017, Loss: 1.4047, Train Acc: 0.2200, Val Acc: 0.2000
Epoch: 018, Loss: 1.3694, Train Acc: 0.2267, Val Acc: 0.2400
Epoch: 019, Loss: 1.4255, Train Acc: 0.2200, Val Acc: 0.2400
Epoch: 020, Loss: 1.3915, Train Acc: 0.2333, Val Acc: 0.2400
Epoch: 021, Loss: 1.4263, Train Acc: 0.2600, Val Acc: 0.2400
Epoch: 022, Loss: 1.3605, Train Acc: 0.2000, Val Acc: 0.2400
Epoch: 023, Loss: 1.4108, Train Acc: 0.1933, Val Acc: 0.2400
Epoch: 024, Loss: 1.4041, Train Acc: 0.2200, Val Acc: 0.2400
Epoch: 025, Loss: 1.3728, Train Acc: 0.2467, Val Acc: 0.2000
Epoch: 026, Loss: 1.3696, Train Acc: 0.2533, Val Acc: 0.1600
Epoch: 027, Loss: 1.4204, Train Acc: 0.2467, Val Acc: 0.2400
Epoch: 028, Loss: 1.4027, Train Acc: 0.2133, Val Acc: 0.2400
Epoch: 029, Loss: 1.4097, Train Acc: 0.2733, Val Acc: 0.2400
Epoch: 030, Loss: 1.3880, Train Acc: 0.2133, Val Acc: 0.2400
Epoch: 031, Loss: 1.3739, Train Acc: 0.2333, Val Acc: 0.1600
Epoch: 032, Loss: 1.4143, Train Acc: 0.2267, Val Acc: 0.2400
Epoch: 033, Loss: 1.3977, Train Acc: 0.2333, Val Acc: 0.2400
Epoch: 034, Loss: 1.3842, Train Acc: 0.2200, Val Acc: 0.3200
Epoch: 035, Loss: 1.3924, Train Acc: 0.2133, Val Acc: 0.2000
Epoch: 036, Loss: 1.3841, Train Acc: 0.2400, Val Acc: 0.2400
Epoch: 037, Loss: 1.4079, Train Acc: 0.2267, Val Acc: 0.2400
Epoch: 038, Loss: 1.3840, Train Acc: 0.2200, Val Acc: 0.2000
Epoch: 039, Loss: 1.3790, Train Acc: 0.2467, Val Acc: 0.2400
Epoch: 040, Loss: 1.3887, Train Acc: 0.2533, Val Acc: 0.3200
Epoch: 041, Loss: 1.3930, Train Acc: 0.2200, Val Acc: 0.2800
Epoch: 042, Loss: 1.4007, Train Acc: 0.1800, Val Acc: 0.2400
Epoch: 043, Loss: 1.3436, Train Acc: 0.2533, Val Acc: 0.2400
Epoch: 044, Loss: 1.3400, Train Acc: 0.2333, Val Acc: 0.2400
Epoch: 045, Loss: 1.3705, Train Acc: 0.2800, Val Acc: 0.2400
Epoch: 046, Loss: 1.3948, Train Acc: 0.2133, Val Acc: 0.2000
Epoch: 047, Loss: 1.3873, Train Acc: 0.2400, Val Acc: 0.2000
Epoch: 048, Loss: 1.4062, Train Acc: 0.2467, Val Acc: 0.2000
Epoch: 049, Loss: 1.4320, Train Acc: 0.2200, Val Acc: 0.2000
Epoch: 050, Loss: 1.3320, Train Acc: 0.2467, Val Acc: 0.2800
Epoch: 051, Loss: 1.4179, Train Acc: 0.2600, Val Acc: 0.2400
Epoch: 052, Loss: 1.3661, Train Acc: 0.2533, Val Acc: 0.2400
Epoch: 053, Loss: 1.3847, Train Acc: 0.2467, Val Acc: 0.2400
Epoch: 054, Loss: 1.3696, Train Acc: 0.2333, Val Acc: 0.2000
Epoch: 055, Loss: 1.3790, Train Acc: 0.2733, Val Acc: 0.2400
Epoch: 056, Loss: 1.3423, Train Acc: 0.2400, Val Acc: 0.1200
Epoch: 057, Loss: 1.3787, Train Acc: 0.2400, Val Acc: 0.1600
Epoch: 058, Loss: 1.3961, Train Acc: 0.1867, Val Acc: 0.2400
Epoch: 059, Loss: 1.4271, Train Acc: 0.2667, Val Acc: 0.2400
Epoch: 060, Loss: 1.4008, Train Acc: 0.2733, Val Acc: 0.1200
Epoch: 061, Loss: 1.4283, Train Acc: 0.2200, Val Acc: 0.2400
Epoch: 062, Loss: 1.2315, Train Acc: 0.2800, Val Acc: 0.2400
Epoch: 063, Loss: 1.4336, Train Acc: 0.2667, Val Acc: 0.2000
Epoch: 064, Loss: 1.4062, Train Acc: 0.2400, Val Acc: 0.2000
Epoch: 065, Loss: 1.4420, Train Acc: 0.2533, Val Acc: 0.2800
Epoch: 066, Loss: 1.4201, Train Acc: 0.2733, Val Acc: 0.2400
Epoch: 067, Loss: 1.3254, Train Acc: 0.2867, Val Acc: 0.0000
Epoch: 068, Loss: 1.3577, Train Acc: 0.2400, Val Acc: 0.1200
Epoch: 069, Loss: 1.3705, Train Acc: 0.2867, Val Acc: 0.2400
Epoch: 070, Loss: 1.4293, Train Acc: 0.2733, Val Acc: 0.2000
Epoch: 071, Loss: 1.2650, Train Acc: 0.2800, Val Acc: 0.2400
Epoch: 072, Loss: 1.3744, Train Acc: 0.2933, Val Acc: 0.1600
Epoch: 073, Loss: 1.4127, Train Acc: 0.2600, Val Acc: 0.0800
Epoch: 074, Loss: 1.4346, Train Acc: 0.2533, Val Acc: 0.0800
Epoch: 075, Loss: 1.3961, Train Acc: 0.2667, Val Acc: 0.1200
Epoch: 076, Loss: 1.2969, Train Acc: 0.2600, Val Acc: 0.1200
Epoch: 077, Loss: 1.3863, Train Acc: 0.2800, Val Acc: 0.1600
Epoch: 078, Loss: 1.4546, Train Acc: 0.2467, Val Acc: 0.2400
Epoch: 079, Loss: 1.3824, Train Acc: 0.2200, Val Acc: 0.1200
Epoch: 080, Loss: 1.3453, Train Acc: 0.2467, Val Acc: 0.2400
Epoch: 081, Loss: 1.3666, Train Acc: 0.2467, Val Acc: 0.2400
Epoch: 082, Loss: 1.3964, Train Acc: 0.2667, Val Acc: 0.2800
Epoch: 083, Loss: 1.3576, Train Acc: 0.2400, Val Acc: 0.2400
Epoch: 084, Loss: 1.3835, Train Acc: 0.2067, Val Acc: 0.2400
Epoch: 085, Loss: 1.4042, Train Acc: 0.2600, Val Acc: 0.2400
Epoch: 086, Loss: 1.3827, Train Acc: 0.2400, Val Acc: 0.1200
Epoch: 087, Loss: 1.4017, Train Acc: 0.2467, Val Acc: 0.1600
Epoch: 088, Loss: 1.4043, Train Acc: 0.2667, Val Acc: 0.2000
Epoch: 089, Loss: 1.4237, Train Acc: 0.2533, Val Acc: 0.2400
Epoch: 090, Loss: 1.3951, Train Acc: 0.2200, Val Acc: 0.0800
Epoch: 091, Loss: 1.4090, Train Acc: 0.2333, Val Acc: 0.2400
Epoch: 092, Loss: 1.3596, Train Acc: 0.2733, Val Acc: 0.2000
Epoch: 093, Loss: 1.4147, Train Acc: 0.2467, Val Acc: 0.1600
Epoch: 094, Loss: 1.3776, Train Acc: 0.2800, Val Acc: 0.0800
Epoch: 095, Loss: 1.3906, Train Acc: 0.2467, Val Acc: 0.2000
Epoch: 096, Loss: 1.3529, Train Acc: 0.2667, Val Acc: 0.3200
Epoch: 097, Loss: 1.3742, Train Acc: 0.3000, Val Acc: 0.2800
Epoch: 098, Loss: 1.3994, Train Acc: 0.2467, Val Acc: 0.1600
Epoch: 099, Loss: 1.3940, Train Acc: 0.2000, Val Acc: 0.2400
Epoch: 100, Loss: 1.3753, Train Acc: 0.2333, Val Acc: 0.2400
Epoch: 101, Loss: 1.3932, Train Acc: 0.3000, Val Acc: 0.2000
Epoch: 102, Loss: 1.4149, Train Acc: 0.2267, Val Acc: 0.2000
Epoch: 103, Loss: 1.3538, Train Acc: 0.3000, Val Acc: 0.2400
Epoch: 104, Loss: 1.4120, Train Acc: 0.2667, Val Acc: 0.2800
Epoch: 105, Loss: 1.3930, Train Acc: 0.2400, Val Acc: 0.1200
Epoch: 106, Loss: 1.3402, Train Acc: 0.2200, Val Acc: 0.2000
Epoch: 107, Loss: 1.4045, Train Acc: 0.2733, Val Acc: 0.2400
Epoch: 108, Loss: 1.3723, Train Acc: 0.2667, Val Acc: 0.0400
Epoch: 109, Loss: 1.4258, Train Acc: 0.2400, Val Acc: 0.2400
Epoch: 110, Loss: 1.4132, Train Acc: 0.2733, Val Acc: 0.2400
Epoch: 111, Loss: 1.3601, Train Acc: 0.2533, Val Acc: 0.2400
Epoch: 112, Loss: 1.3811, Train Acc: 0.2533, Val Acc: 0.2400
Epoch: 113, Loss: 1.4535, Train Acc: 0.2533, Val Acc: 0.2000
Epoch: 114, Loss: 1.3134, Train Acc: 0.2800, Val Acc: 0.2800
Epoch: 115, Loss: 1.3941, Train Acc: 0.2733, Val Acc: 0.2400
Epoch: 116, Loss: 1.3631, Train Acc: 0.2400, Val Acc: 0.2400
Epoch: 117, Loss: 1.3390, Train Acc: 0.2733, Val Acc: 0.2400
Epoch: 118, Loss: 1.4209, Train Acc: 0.2667, Val Acc: 0.2400
Epoch: 119, Loss: 1.4382, Train Acc: 0.2933, Val Acc: 0.1600
Epoch: 120, Loss: 1.4103, Train Acc: 0.2467, Val Acc: 0.2400
Epoch: 121, Loss: 1.2304, Train Acc: 0.2400, Val Acc: 0.2800
Epoch: 122, Loss: 1.4175, Train Acc: 0.2467, Val Acc: 0.3600
Epoch: 123, Loss: 1.3751, Train Acc: 0.2600, Val Acc: 0.2000
Epoch: 124, Loss: 1.3638, Train Acc: 0.2933, Val Acc: 0.2400
Epoch: 125, Loss: 1.3310, Train Acc: 0.2800, Val Acc: 0.1200
Epoch: 126, Loss: 1.3793, Train Acc: 0.3133, Val Acc: 0.2400
Epoch: 127, Loss: 1.3276, Train Acc: 0.2800, Val Acc: 0.2400
Epoch: 128, Loss: 1.3794, Train Acc: 0.3000, Val Acc: 0.2400
Epoch: 129, Loss: 1.3715, Train Acc: 0.2400, Val Acc: 0.3200
Epoch: 130, Loss: 1.3527, Train Acc: 0.3133, Val Acc: 0.3600
Epoch: 131, Loss: 1.3858, Train Acc: 0.2067, Val Acc: 0.2400
Epoch: 132, Loss: 1.4234, Train Acc: 0.2467, Val Acc: 0.2400
Epoch: 133, Loss: 1.3379, Train Acc: 0.2600, Val Acc: 0.3200
Epoch: 134, Loss: 1.3843, Train Acc: 0.3133, Val Acc: 0.2400
Epoch: 135, Loss: 1.4000, Train Acc: 0.2800, Val Acc: 0.0800
Epoch: 136, Loss: 1.3896, Train Acc: 0.2200, Val Acc: 0.2800
Epoch: 137, Loss: 1.4088, Train Acc: 0.2467, Val Acc: 0.1200
Epoch: 138, Loss: 1.4105, Train Acc: 0.2733, Val Acc: 0.2400
Epoch: 139, Loss: 1.3761, Train Acc: 0.2867, Val Acc: 0.2000
Epoch: 140, Loss: 1.3667, Train Acc: 0.2533, Val Acc: 0.3200
Epoch: 141, Loss: 1.3796, Train Acc: 0.2933, Val Acc: 0.2400
Epoch: 142, Loss: 1.3634, Train Acc: 0.3000, Val Acc: 0.2400
Epoch: 143, Loss: 1.4315, Train Acc: 0.2800, Val Acc: 0.0000
Epoch: 144, Loss: 1.3746, Train Acc: 0.2867, Val Acc: 0.4000
Epoch: 145, Loss: 1.4252, Train Acc: 0.2933, Val Acc: 0.2400
Epoch: 146, Loss: 1.4161, Train Acc: 0.2467, Val Acc: 0.2400
Epoch: 147, Loss: 1.3541, Train Acc: 0.2800, Val Acc: 0.2400
Epoch: 148, Loss: 1.3678, Train Acc: 0.2467, Val Acc: 0.2400
Epoch: 149, Loss: 0.0769, Train Acc: 0.2400, Val Acc: 0.2400
Epoch: 150, Loss: 1.4175, Train Acc: 0.2800, Val Acc: 0.2400
Epoch: 151, Loss: 1.4242, Train Acc: 0.3000, Val Acc: 0.1200
Epoch: 152, Loss: 1.3990, Train Acc: 0.3133, Val Acc: 0.2400
Epoch: 153, Loss: 1.3078, Train Acc: 0.2800, Val Acc: 0.2400
Epoch: 154, Loss: 1.3956, Train Acc: 0.2800, Val Acc: 0.0400
Epoch: 155, Loss: 1.3943, Train Acc: 0.2800, Val Acc: 0.0400
Epoch: 156, Loss: 1.3984, Train Acc: 0.2333, Val Acc: 0.1600
Epoch: 157, Loss: 1.4640, Train Acc: 0.2533, Val Acc: 0.2400
Epoch: 158, Loss: 1.3924, Train Acc: 0.3067, Val Acc: 0.3200
Epoch: 159, Loss: 1.4367, Train Acc: 0.2733, Val Acc: 0.2800
Epoch: 160, Loss: 1.3621, Train Acc: 0.2267, Val Acc: 0.2000
Epoch: 161, Loss: 1.4788, Train Acc: 0.2800, Val Acc: 0.2400
Epoch: 162, Loss: 1.4470, Train Acc: 0.2867, Val Acc: 0.2400
Epoch: 163, Loss: 1.3569, Train Acc: 0.2933, Val Acc: 0.2000
Epoch: 164, Loss: 1.3758, Train Acc: 0.2933, Val Acc: 0.2000
Epoch: 165, Loss: 1.4444, Train Acc: 0.2800, Val Acc: 0.2800
Epoch: 166, Loss: 1.4193, Train Acc: 0.3000, Val Acc: 0.2800
Epoch: 167, Loss: 1.4240, Train Acc: 0.2733, Val Acc: 0.2000
Epoch: 168, Loss: 1.3106, Train Acc: 0.2533, Val Acc: 0.2000
Epoch: 169, Loss: 1.3885, Train Acc: 0.3000, Val Acc: 0.2800
Epoch: 170, Loss: 1.3683, Train Acc: 0.2800, Val Acc: 0.0000
Epoch: 171, Loss: 1.3625, Train Acc: 0.2733, Val Acc: 0.0800
Epoch: 172, Loss: 1.4123, Train Acc: 0.2800, Val Acc: 0.1200
Epoch: 173, Loss: 1.4103, Train Acc: 0.2400, Val Acc: 0.1200
Epoch: 174, Loss: 1.3610, Train Acc: 0.2600, Val Acc: 0.1200
Epoch: 175, Loss: 1.2219, Train Acc: 0.2600, Val Acc: 0.2400
Epoch: 176, Loss: 1.3934, Train Acc: 0.3133, Val Acc: 0.1200
Epoch: 177, Loss: 1.3711, Train Acc: 0.2800, Val Acc: 0.2000
Epoch: 178, Loss: 1.3742, Train Acc: 0.2800, Val Acc: 0.2800
Epoch: 179, Loss: 1.3907, Train Acc: 0.3000, Val Acc: 0.2800
Epoch: 180, Loss: 1.3713, Train Acc: 0.2733, Val Acc: 0.2000
Epoch: 181, Loss: 1.4348, Train Acc: 0.2600, Val Acc: 0.2000
Epoch: 182, Loss: 1.3987, Train Acc: 0.2467, Val Acc: 0.1200
Epoch: 183, Loss: 1.1826, Train Acc: 0.2333, Val Acc: 0.3200
Epoch: 184, Loss: 1.3777, Train Acc: 0.2733, Val Acc: 0.2000
Epoch: 185, Loss: 1.4457, Train Acc: 0.2600, Val Acc: 0.4000
Epoch: 186, Loss: 1.4303, Train Acc: 0.2800, Val Acc: 0.2000
Epoch: 187, Loss: 1.3575, Train Acc: 0.2800, Val Acc: 0.3200
Epoch: 188, Loss: 1.4359, Train Acc: 0.3000, Val Acc: 0.1600
Epoch: 189, Loss: 1.4028, Train Acc: 0.2733, Val Acc: 0.2800
Epoch: 190, Loss: 1.3644, Train Acc: 0.2867, Val Acc: 0.2000
Epoch: 191, Loss: 1.4152, Train Acc: 0.2333, Val Acc: 0.2000
Epoch: 192, Loss: 1.3740, Train Acc: 0.3000, Val Acc: 0.2000
Epoch: 193, Loss: 1.3694, Train Acc: 0.3000, Val Acc: 0.2400
Epoch: 194, Loss: 1.4372, Train Acc: 0.2933, Val Acc: 0.2400
Epoch: 195, Loss: 1.3652, Train Acc: 0.2867, Val Acc: 0.2000
Epoch: 196, Loss: 1.3699, Train Acc: 0.3067, Val Acc: 0.2400
Epoch: 197, Loss: 1.3725, Train Acc: 0.2600, Val Acc: 0.3600
Epoch: 198, Loss: 1.4037, Train Acc: 0.2867, Val Acc: 0.2400
Epoch: 199, Loss: 1.3700, Train Acc: 0.3000, Val Acc: 0.2800
Split 1 evaluatation: Acc: 0.3600, Precision: 0.3600, Recall: 0.3600, F1 : 0.3600

Epoch: 000, Loss: 1.3615, Train Acc: 0.2267, Val Acc: 0.2400
Epoch: 001, Loss: 1.4041, Train Acc: 0.2333, Val Acc: 0.2400
Epoch: 002, Loss: 1.4093, Train Acc: 0.2267, Val Acc: 0.2400
Epoch: 003, Loss: 1.4609, Train Acc: 0.2133, Val Acc: 0.2400
Epoch: 004, Loss: 1.3990, Train Acc: 0.2067, Val Acc: 0.2400
Epoch: 005, Loss: 1.3618, Train Acc: 0.2200, Val Acc: 0.2400
Epoch: 006, Loss: 1.3842, Train Acc: 0.1800, Val Acc: 0.2400
Epoch: 007, Loss: 1.3829, Train Acc: 0.2000, Val Acc: 0.2400
Epoch: 008, Loss: 1.3895, Train Acc: 0.2267, Val Acc: 0.2400
Epoch: 009, Loss: 1.3953, Train Acc: 0.2200, Val Acc: 0.2400
Epoch: 010, Loss: 1.3325, Train Acc: 0.1667, Val Acc: 0.2400
Epoch: 011, Loss: 1.4358, Train Acc: 0.2267, Val Acc: 0.2000
Epoch: 012, Loss: 1.4084, Train Acc: 0.2133, Val Acc: 0.2400
Epoch: 013, Loss: 1.3619, Train Acc: 0.2067, Val Acc: 0.2400
Epoch: 014, Loss: 1.3716, Train Acc: 0.2267, Val Acc: 0.3200
Epoch: 015, Loss: 1.4028, Train Acc: 0.1867, Val Acc: 0.2800
Epoch: 016, Loss: 1.3867, Train Acc: 0.2533, Val Acc: 0.2400
Epoch: 017, Loss: 1.4277, Train Acc: 0.2200, Val Acc: 0.2400
Epoch: 018, Loss: 1.4169, Train Acc: 0.2333, Val Acc: 0.2400
Epoch: 019, Loss: 1.3727, Train Acc: 0.2533, Val Acc: 0.2400
Epoch: 020, Loss: 1.4657, Train Acc: 0.1867, Val Acc: 0.2400
Epoch: 021, Loss: 1.4486, Train Acc: 0.2533, Val Acc: 0.2400
Epoch: 022, Loss: 1.3807, Train Acc: 0.2200, Val Acc: 0.2400
Epoch: 023, Loss: 1.4137, Train Acc: 0.2133, Val Acc: 0.2400
Epoch: 024, Loss: 1.4145, Train Acc: 0.2333, Val Acc: 0.2800
Epoch: 025, Loss: 1.4325, Train Acc: 0.2000, Val Acc: 0.2400
Epoch: 026, Loss: 1.3822, Train Acc: 0.2533, Val Acc: 0.3200
Epoch: 027, Loss: 1.4024, Train Acc: 0.2133, Val Acc: 0.2400
Epoch: 028, Loss: 1.3725, Train Acc: 0.2067, Val Acc: 0.2000
Epoch: 029, Loss: 1.4210, Train Acc: 0.2400, Val Acc: 0.2000
Epoch: 030, Loss: 1.3870, Train Acc: 0.2333, Val Acc: 0.3200
Epoch: 031, Loss: 1.3813, Train Acc: 0.2000, Val Acc: 0.2000
Epoch: 032, Loss: 1.3936, Train Acc: 0.2467, Val Acc: 0.2400
Epoch: 033, Loss: 1.4493, Train Acc: 0.2133, Val Acc: 0.2400
Epoch: 034, Loss: 1.3874, Train Acc: 0.2067, Val Acc: 0.2400
Epoch: 035, Loss: 1.4156, Train Acc: 0.2867, Val Acc: 0.2400
Epoch: 036, Loss: 1.3967, Train Acc: 0.2533, Val Acc: 0.2800
Epoch: 037, Loss: 1.4087, Train Acc: 0.2733, Val Acc: 0.2400
Epoch: 038, Loss: 1.4352, Train Acc: 0.2533, Val Acc: 0.2800
Epoch: 039, Loss: 1.4144, Train Acc: 0.2533, Val Acc: 0.3200
Epoch: 040, Loss: 1.4310, Train Acc: 0.2467, Val Acc: 0.2400
Epoch: 041, Loss: 1.3819, Train Acc: 0.2533, Val Acc: 0.2000
Epoch: 042, Loss: 1.3757, Train Acc: 0.2333, Val Acc: 0.2000
Epoch: 043, Loss: 1.3841, Train Acc: 0.2333, Val Acc: 0.2800
Epoch: 044, Loss: 1.3862, Train Acc: 0.2800, Val Acc: 0.2400
Epoch: 045, Loss: 1.3782, Train Acc: 0.2400, Val Acc: 0.3200
Epoch: 046, Loss: 1.3998, Train Acc: 0.2467, Val Acc: 0.2400
Epoch: 047, Loss: 1.4194, Train Acc: 0.2200, Val Acc: 0.2000
Epoch: 048, Loss: 1.3959, Train Acc: 0.2400, Val Acc: 0.2400
Epoch: 049, Loss: 1.4164, Train Acc: 0.2067, Val Acc: 0.3200
Epoch: 050, Loss: 1.3627, Train Acc: 0.2733, Val Acc: 0.3200
Epoch: 051, Loss: 1.3769, Train Acc: 0.2667, Val Acc: 0.2400
Epoch: 052, Loss: 1.3626, Train Acc: 0.2133, Val Acc: 0.2400
Epoch: 053, Loss: 1.4302, Train Acc: 0.2533, Val Acc: 0.2400
Epoch: 054, Loss: 1.3601, Train Acc: 0.2667, Val Acc: 0.2400
Epoch: 055, Loss: 1.3669, Train Acc: 0.2667, Val Acc: 0.2400
Epoch: 056, Loss: 1.4461, Train Acc: 0.2667, Val Acc: 0.3200
Epoch: 057, Loss: 1.3784, Train Acc: 0.2533, Val Acc: 0.3200
Epoch: 058, Loss: 1.3967, Train Acc: 0.2400, Val Acc: 0.2800
Epoch: 059, Loss: 1.3800, Train Acc: 0.2200, Val Acc: 0.3200
Epoch: 060, Loss: 1.3845, Train Acc: 0.2200, Val Acc: 0.2000
Epoch: 061, Loss: 1.4054, Train Acc: 0.2200, Val Acc: 0.2400
Epoch: 062, Loss: 1.4044, Train Acc: 0.2333, Val Acc: 0.2400
Epoch: 063, Loss: 1.4463, Train Acc: 0.2000, Val Acc: 0.2400
Epoch: 064, Loss: 1.3866, Train Acc: 0.2600, Val Acc: 0.2800
Epoch: 065, Loss: 1.3998, Train Acc: 0.2533, Val Acc: 0.2400
Epoch: 066, Loss: 1.3464, Train Acc: 0.2467, Val Acc: 0.2800
Epoch: 067, Loss: 1.3930, Train Acc: 0.2000, Val Acc: 0.2400
Epoch: 068, Loss: 1.4668, Train Acc: 0.2733, Val Acc: 0.2800
Epoch: 069, Loss: 1.3986, Train Acc: 0.2400, Val Acc: 0.2400
Epoch: 070, Loss: 1.4260, Train Acc: 0.2533, Val Acc: 0.2400
Epoch: 071, Loss: 1.4003, Train Acc: 0.2400, Val Acc: 0.3200
Epoch: 072, Loss: 1.3806, Train Acc: 0.2333, Val Acc: 0.2800
Epoch: 073, Loss: 1.4138, Train Acc: 0.2867, Val Acc: 0.2800
Epoch: 074, Loss: 1.4438, Train Acc: 0.2600, Val Acc: 0.2400
Epoch: 075, Loss: 1.3925, Train Acc: 0.2067, Val Acc: 0.1600
Epoch: 076, Loss: 1.3699, Train Acc: 0.2400, Val Acc: 0.2400
Epoch: 077, Loss: 1.3549, Train Acc: 0.2867, Val Acc: 0.3200
Epoch: 078, Loss: 1.1914, Train Acc: 0.2733, Val Acc: 0.2400
Epoch: 079, Loss: 1.4096, Train Acc: 0.2400, Val Acc: 0.2400
Epoch: 080, Loss: 1.4188, Train Acc: 0.2533, Val Acc: 0.2400
Epoch: 081, Loss: 1.4828, Train Acc: 0.2400, Val Acc: 0.3200
Epoch: 082, Loss: 1.3979, Train Acc: 0.2867, Val Acc: 0.2400
Epoch: 083, Loss: 1.4266, Train Acc: 0.2800, Val Acc: 0.3200
Epoch: 084, Loss: 1.4190, Train Acc: 0.2667, Val Acc: 0.2400
Epoch: 085, Loss: 1.4279, Train Acc: 0.2467, Val Acc: 0.2800
Epoch: 086, Loss: 1.3596, Train Acc: 0.2400, Val Acc: 0.3200
Epoch: 087, Loss: 1.4343, Train Acc: 0.2533, Val Acc: 0.2400
Epoch: 088, Loss: 1.4200, Train Acc: 0.2400, Val Acc: 0.2400
Epoch: 089, Loss: 1.3898, Train Acc: 0.2667, Val Acc: 0.3600
Epoch: 090, Loss: 1.3771, Train Acc: 0.2933, Val Acc: 0.3200
Epoch: 091, Loss: 1.4019, Train Acc: 0.2800, Val Acc: 0.3200
Epoch: 092, Loss: 1.3417, Train Acc: 0.2533, Val Acc: 0.2800
Epoch: 093, Loss: 1.3883, Train Acc: 0.2800, Val Acc: 0.2000
Epoch: 094, Loss: 1.3857, Train Acc: 0.3000, Val Acc: 0.2800
Epoch: 095, Loss: 1.3252, Train Acc: 0.2600, Val Acc: 0.2400
Epoch: 096, Loss: 1.3488, Train Acc: 0.2667, Val Acc: 0.2400
Epoch: 097, Loss: 1.4051, Train Acc: 0.2533, Val Acc: 0.2400
Epoch: 098, Loss: 1.4077, Train Acc: 0.3000, Val Acc: 0.2400
Epoch: 099, Loss: 1.4171, Train Acc: 0.2600, Val Acc: 0.2400
Epoch: 100, Loss: 1.3764, Train Acc: 0.2000, Val Acc: 0.4000
Epoch: 101, Loss: 1.3988, Train Acc: 0.2733, Val Acc: 0.2400
Epoch: 102, Loss: 1.4314, Train Acc: 0.2467, Val Acc: 0.3200
Epoch: 103, Loss: 1.3609, Train Acc: 0.2667, Val Acc: 0.2000
Epoch: 104, Loss: 1.3676, Train Acc: 0.2533, Val Acc: 0.3200
Epoch: 105, Loss: 1.4080, Train Acc: 0.2667, Val Acc: 0.2400
Epoch: 106, Loss: 1.4393, Train Acc: 0.2333, Val Acc: 0.3200
Epoch: 107, Loss: 1.3573, Train Acc: 0.2600, Val Acc: 0.2400
Epoch: 108, Loss: 1.3826, Train Acc: 0.2667, Val Acc: 0.2400
Epoch: 109, Loss: 1.3567, Train Acc: 0.3133, Val Acc: 0.2400
Epoch: 110, Loss: 1.4197, Train Acc: 0.2800, Val Acc: 0.2800
Epoch: 111, Loss: 1.3970, Train Acc: 0.2667, Val Acc: 0.3200
Epoch: 112, Loss: 1.4093, Train Acc: 0.3000, Val Acc: 0.3200
Epoch: 113, Loss: 1.4084, Train Acc: 0.3133, Val Acc: 0.2800
Epoch: 114, Loss: 1.3954, Train Acc: 0.2733, Val Acc: 0.2800
Epoch: 115, Loss: 1.3597, Train Acc: 0.2800, Val Acc: 0.2800
Epoch: 116, Loss: 1.4050, Train Acc: 0.2400, Val Acc: 0.2400
Epoch: 117, Loss: 1.3833, Train Acc: 0.2533, Val Acc: 0.2400
Epoch: 118, Loss: 1.4709, Train Acc: 0.2533, Val Acc: 0.2800
Epoch: 119, Loss: 1.3915, Train Acc: 0.2733, Val Acc: 0.2400
Epoch: 120, Loss: 1.1103, Train Acc: 0.2667, Val Acc: 0.3200
Epoch: 121, Loss: 1.3972, Train Acc: 0.2800, Val Acc: 0.2800
Epoch: 122, Loss: 1.4142, Train Acc: 0.3067, Val Acc: 0.2800
Epoch: 123, Loss: 1.3668, Train Acc: 0.2800, Val Acc: 0.2000
Epoch: 124, Loss: 1.3095, Train Acc: 0.2533, Val Acc: 0.2400
Epoch: 125, Loss: 1.3556, Train Acc: 0.2667, Val Acc: 0.0000
Epoch: 126, Loss: 1.4010, Train Acc: 0.2933, Val Acc: 0.2000
Epoch: 127, Loss: 1.4119, Train Acc: 0.3333, Val Acc: 0.2400
Epoch: 128, Loss: 1.4334, Train Acc: 0.3000, Val Acc: 0.2400
Epoch: 129, Loss: 1.3794, Train Acc: 0.2667, Val Acc: 0.2400
Epoch: 130, Loss: 1.4302, Train Acc: 0.3267, Val Acc: 0.2400
Epoch: 131, Loss: 1.4221, Train Acc: 0.2667, Val Acc: 0.2000
Epoch: 132, Loss: 1.4256, Train Acc: 0.2200, Val Acc: 0.2400
Epoch: 133, Loss: 1.3730, Train Acc: 0.2533, Val Acc: 0.3600
Epoch: 134, Loss: 1.3676, Train Acc: 0.2533, Val Acc: 0.2000
Epoch: 135, Loss: 1.3435, Train Acc: 0.3000, Val Acc: 0.3200
Epoch: 136, Loss: 1.4109, Train Acc: 0.2733, Val Acc: 0.2400
Epoch: 137, Loss: 1.3611, Train Acc: 0.2933, Val Acc: 0.3200
Epoch: 138, Loss: 1.4174, Train Acc: 0.2733, Val Acc: 0.3200
Epoch: 139, Loss: 1.4106, Train Acc: 0.2267, Val Acc: 0.2800
Epoch: 140, Loss: 1.3322, Train Acc: 0.2933, Val Acc: 0.2400
Epoch: 141, Loss: 1.3954, Train Acc: 0.3000, Val Acc: 0.3200
Epoch: 142, Loss: 1.4277, Train Acc: 0.2600, Val Acc: 0.2400
Epoch: 143, Loss: 1.3979, Train Acc: 0.2733, Val Acc: 0.2000
Epoch: 144, Loss: 1.3818, Train Acc: 0.3333, Val Acc: 0.2400
Epoch: 145, Loss: 1.4023, Train Acc: 0.2867, Val Acc: 0.2400
Epoch: 146, Loss: 1.3999, Train Acc: 0.2800, Val Acc: 0.2400
Epoch: 147, Loss: 1.4035, Train Acc: 0.2867, Val Acc: 0.2400
Epoch: 148, Loss: 1.4136, Train Acc: 0.3000, Val Acc: 0.2800
Epoch: 149, Loss: 1.3842, Train Acc: 0.3133, Val Acc: 0.0800
Epoch: 150, Loss: 1.4203, Train Acc: 0.2933, Val Acc: 0.2400
Epoch: 151, Loss: 1.4414, Train Acc: 0.2867, Val Acc: 0.2000
Epoch: 152, Loss: 1.3675, Train Acc: 0.3200, Val Acc: 0.1600
Epoch: 153, Loss: 1.3589, Train Acc: 0.2867, Val Acc: 0.3200
Epoch: 154, Loss: 1.3530, Train Acc: 0.2933, Val Acc: 0.2400
Epoch: 155, Loss: 1.3961, Train Acc: 0.2933, Val Acc: 0.3200
Epoch: 156, Loss: 1.4146, Train Acc: 0.2600, Val Acc: 0.4000
Epoch: 157, Loss: 1.3708, Train Acc: 0.2867, Val Acc: 0.2800
Epoch: 158, Loss: 1.4324, Train Acc: 0.3200, Val Acc: 0.2400
Epoch: 159, Loss: 1.4037, Train Acc: 0.3000, Val Acc: 0.2000
Epoch: 160, Loss: 1.3676, Train Acc: 0.2200, Val Acc: 0.2800
Epoch: 161, Loss: 1.3826, Train Acc: 0.2733, Val Acc: 0.2000
Epoch: 162, Loss: 1.3532, Train Acc: 0.3133, Val Acc: 0.3200
Epoch: 163, Loss: 1.3781, Train Acc: 0.3000, Val Acc: 0.2800
Epoch: 164, Loss: 1.3723, Train Acc: 0.2733, Val Acc: 0.3200
Epoch: 165, Loss: 1.4203, Train Acc: 0.2733, Val Acc: 0.2400
Epoch: 166, Loss: 1.3851, Train Acc: 0.2733, Val Acc: 0.0800
Epoch: 167, Loss: 1.4019, Train Acc: 0.3400, Val Acc: 0.2400
Epoch: 168, Loss: 1.3731, Train Acc: 0.3000, Val Acc: 0.2400
Epoch: 169, Loss: 1.3779, Train Acc: 0.3200, Val Acc: 0.2400
Epoch: 170, Loss: 1.3812, Train Acc: 0.2867, Val Acc: 0.0400
Epoch: 171, Loss: 1.2765, Train Acc: 0.3200, Val Acc: 0.2000
Epoch: 172, Loss: 1.4342, Train Acc: 0.2667, Val Acc: 0.2400
Epoch: 173, Loss: 1.4052, Train Acc: 0.3067, Val Acc: 0.3200
Epoch: 174, Loss: 1.3564, Train Acc: 0.3200, Val Acc: 0.2000
Epoch: 175, Loss: 1.2985, Train Acc: 0.3133, Val Acc: 0.2000
Epoch: 176, Loss: 1.4283, Train Acc: 0.2667, Val Acc: 0.0800
Epoch: 177, Loss: 1.3610, Train Acc: 0.2667, Val Acc: 0.2800
Epoch: 178, Loss: 1.3728, Train Acc: 0.2733, Val Acc: 0.2800
Epoch: 179, Loss: 1.3706, Train Acc: 0.3267, Val Acc: 0.2800
Epoch: 180, Loss: 1.3852, Train Acc: 0.2800, Val Acc: 0.2800
Epoch: 181, Loss: 1.3974, Train Acc: 0.2933, Val Acc: 0.2400
Epoch: 182, Loss: 1.3793, Train Acc: 0.2800, Val Acc: 0.1200
Epoch: 183, Loss: 1.3460, Train Acc: 0.2667, Val Acc: 0.2000
Epoch: 184, Loss: 1.3856, Train Acc: 0.2933, Val Acc: 0.0800
Epoch: 185, Loss: 1.4248, Train Acc: 0.2800, Val Acc: 0.2800
Epoch: 186, Loss: 1.4436, Train Acc: 0.3000, Val Acc: 0.2800
Epoch: 187, Loss: 1.2770, Train Acc: 0.3000, Val Acc: 0.2800
Epoch: 188, Loss: 1.3585, Train Acc: 0.3200, Val Acc: 0.2400
Epoch: 189, Loss: 1.4683, Train Acc: 0.3067, Val Acc: 0.3200
Epoch: 190, Loss: 1.3711, Train Acc: 0.3133, Val Acc: 0.3200
Epoch: 191, Loss: 1.3741, Train Acc: 0.3067, Val Acc: 0.2400
Epoch: 192, Loss: 1.3811, Train Acc: 0.2933, Val Acc: 0.2400
Epoch: 193, Loss: 1.3759, Train Acc: 0.2867, Val Acc: 0.2800
Epoch: 194, Loss: 1.3382, Train Acc: 0.3600, Val Acc: 0.2000
Epoch: 195, Loss: 1.3848, Train Acc: 0.3000, Val Acc: 0.3200
Epoch: 196, Loss: 1.4363, Train Acc: 0.2933, Val Acc: 0.3600
Epoch: 197, Loss: 1.3479, Train Acc: 0.2933, Val Acc: 0.2400
Epoch: 198, Loss: 1.3531, Train Acc: 0.2733, Val Acc: 0.3200
Epoch: 199, Loss: 1.4291, Train Acc: 0.3067, Val Acc: 0.2400
Split 2 evaluatation: Acc: 0.2000, Precision: 0.2000, Recall: 0.2000, F1 : 0.2000

Epoch: 000, Loss: 1.4187, Train Acc: 0.1867, Val Acc: 0.2400
Epoch: 001, Loss: 1.4103, Train Acc: 0.2267, Val Acc: 0.2400
Epoch: 002, Loss: 1.3758, Train Acc: 0.2000, Val Acc: 0.2400
Epoch: 003, Loss: 1.4184, Train Acc: 0.2133, Val Acc: 0.2400
Epoch: 004, Loss: 1.4260, Train Acc: 0.2200, Val Acc: 0.2400
Epoch: 005, Loss: 1.3820, Train Acc: 0.2067, Val Acc: 0.2800
Epoch: 006, Loss: 1.3729, Train Acc: 0.2000, Val Acc: 0.2400
Epoch: 007, Loss: 1.3961, Train Acc: 0.2333, Val Acc: 0.2800
Epoch: 008, Loss: 1.4279, Train Acc: 0.2533, Val Acc: 0.2800
Epoch: 009, Loss: 1.3995, Train Acc: 0.1933, Val Acc: 0.2400
Epoch: 010, Loss: 1.3972, Train Acc: 0.2000, Val Acc: 0.2400
Epoch: 011, Loss: 1.4019, Train Acc: 0.2067, Val Acc: 0.2400
Epoch: 012, Loss: 1.4063, Train Acc: 0.2400, Val Acc: 0.2400
Epoch: 013, Loss: 1.4499, Train Acc: 0.2400, Val Acc: 0.2400
Epoch: 014, Loss: 1.3804, Train Acc: 0.2267, Val Acc: 0.2400
Epoch: 015, Loss: 1.4146, Train Acc: 0.2200, Val Acc: 0.2400
Epoch: 016, Loss: 1.4031, Train Acc: 0.1933, Val Acc: 0.2400
Epoch: 017, Loss: 1.4172, Train Acc: 0.2533, Val Acc: 0.2400
Epoch: 018, Loss: 1.3841, Train Acc: 0.2400, Val Acc: 0.2800
Epoch: 019, Loss: 1.4063, Train Acc: 0.2133, Val Acc: 0.2400
Epoch: 020, Loss: 1.4247, Train Acc: 0.2200, Val Acc: 0.1600
Epoch: 021, Loss: 1.3881, Train Acc: 0.2400, Val Acc: 0.2400
Epoch: 022, Loss: 1.3711, Train Acc: 0.2267, Val Acc: 0.2400
Epoch: 023, Loss: 1.3571, Train Acc: 0.1933, Val Acc: 0.2400
Epoch: 024, Loss: 1.3773, Train Acc: 0.2467, Val Acc: 0.2400
Epoch: 025, Loss: 1.3593, Train Acc: 0.2533, Val Acc: 0.2400
Epoch: 026, Loss: 1.4203, Train Acc: 0.2067, Val Acc: 0.2400
Epoch: 027, Loss: 1.4059, Train Acc: 0.2133, Val Acc: 0.2400
Epoch: 028, Loss: 1.3364, Train Acc: 0.2733, Val Acc: 0.2400
Epoch: 029, Loss: 1.4542, Train Acc: 0.2267, Val Acc: 0.2400
Epoch: 030, Loss: 1.3860, Train Acc: 0.2333, Val Acc: 0.2400
Epoch: 031, Loss: 1.3662, Train Acc: 0.2200, Val Acc: 0.2800
Epoch: 032, Loss: 1.4006, Train Acc: 0.2067, Val Acc: 0.2400
Epoch: 033, Loss: 1.3750, Train Acc: 0.2467, Val Acc: 0.2400
Epoch: 034, Loss: 1.3717, Train Acc: 0.2067, Val Acc: 0.2400
Epoch: 035, Loss: 1.4315, Train Acc: 0.2333, Val Acc: 0.2400
Epoch: 036, Loss: 1.4389, Train Acc: 0.2467, Val Acc: 0.2400
Epoch: 037, Loss: 1.3798, Train Acc: 0.2000, Val Acc: 0.2400
Epoch: 038, Loss: 1.4072, Train Acc: 0.2333, Val Acc: 0.2400
Epoch: 039, Loss: 1.3669, Train Acc: 0.2467, Val Acc: 0.2400
Epoch: 040, Loss: 1.4217, Train Acc: 0.2600, Val Acc: 0.2400
Epoch: 041, Loss: 1.3921, Train Acc: 0.2200, Val Acc: 0.2800
Epoch: 042, Loss: 1.3577, Train Acc: 0.2400, Val Acc: 0.2400
Epoch: 043, Loss: 1.3783, Train Acc: 0.2533, Val Acc: 0.2400
Epoch: 044, Loss: 1.4014, Train Acc: 0.2533, Val Acc: 0.2400
Epoch: 045, Loss: 1.3594, Train Acc: 0.2467, Val Acc: 0.2800
Epoch: 046, Loss: 1.4269, Train Acc: 0.2267, Val Acc: 0.2400
Epoch: 047, Loss: 1.4160, Train Acc: 0.2400, Val Acc: 0.2400
Epoch: 048, Loss: 1.3789, Train Acc: 0.2267, Val Acc: 0.2400
Epoch: 049, Loss: 1.4638, Train Acc: 0.2200, Val Acc: 0.2400
Epoch: 050, Loss: 1.4674, Train Acc: 0.1867, Val Acc: 0.2400
Epoch: 051, Loss: 1.3863, Train Acc: 0.2667, Val Acc: 0.2800
Epoch: 052, Loss: 1.4107, Train Acc: 0.2333, Val Acc: 0.2400
Epoch: 053, Loss: 1.3496, Train Acc: 0.2333, Val Acc: 0.2400
Epoch: 054, Loss: 1.3869, Train Acc: 0.1933, Val Acc: 0.2400
Epoch: 055, Loss: 1.3625, Train Acc: 0.1933, Val Acc: 0.2800
Epoch: 056, Loss: 1.3780, Train Acc: 0.2800, Val Acc: 0.2400
Epoch: 057, Loss: 1.4068, Train Acc: 0.2467, Val Acc: 0.2000
Epoch: 058, Loss: 1.3642, Train Acc: 0.2333, Val Acc: 0.2400
Epoch: 059, Loss: 1.4365, Train Acc: 0.2067, Val Acc: 0.2800
Epoch: 060, Loss: 1.3658, Train Acc: 0.2267, Val Acc: 0.1600
Epoch: 061, Loss: 1.3639, Train Acc: 0.2667, Val Acc: 0.2400
Epoch: 062, Loss: 1.3673, Train Acc: 0.2733, Val Acc: 0.2800
Epoch: 063, Loss: 1.3856, Train Acc: 0.2467, Val Acc: 0.2400
Epoch: 064, Loss: 1.4290, Train Acc: 0.2600, Val Acc: 0.2400
Epoch: 065, Loss: 1.4233, Train Acc: 0.2733, Val Acc: 0.2800
Epoch: 066, Loss: 1.3596, Train Acc: 0.2200, Val Acc: 0.1600
Epoch: 067, Loss: 1.3546, Train Acc: 0.2800, Val Acc: 0.2000
Epoch: 068, Loss: 1.4248, Train Acc: 0.2333, Val Acc: 0.2000
Epoch: 069, Loss: 1.4768, Train Acc: 0.2467, Val Acc: 0.2800
Epoch: 070, Loss: 1.3570, Train Acc: 0.2067, Val Acc: 0.2800
Epoch: 071, Loss: 1.4398, Train Acc: 0.2600, Val Acc: 0.2800
Epoch: 072, Loss: 1.3812, Train Acc: 0.2200, Val Acc: 0.2800
Epoch: 073, Loss: 1.3533, Train Acc: 0.2533, Val Acc: 0.3200
Epoch: 074, Loss: 1.3455, Train Acc: 0.2533, Val Acc: 0.2400
Epoch: 075, Loss: 1.3819, Train Acc: 0.2000, Val Acc: 0.2800
Epoch: 076, Loss: 1.3906, Train Acc: 0.2800, Val Acc: 0.2800
Epoch: 077, Loss: 1.3726, Train Acc: 0.2467, Val Acc: 0.3200
Epoch: 078, Loss: 1.4012, Train Acc: 0.2133, Val Acc: 0.2800
Epoch: 079, Loss: 1.4508, Train Acc: 0.2600, Val Acc: 0.2800
Epoch: 080, Loss: 1.3643, Train Acc: 0.2133, Val Acc: 0.2400
Epoch: 081, Loss: 1.3555, Train Acc: 0.2867, Val Acc: 0.2400
Epoch: 082, Loss: 1.3469, Train Acc: 0.2267, Val Acc: 0.2000
Epoch: 083, Loss: 1.4564, Train Acc: 0.2533, Val Acc: 0.2000
Epoch: 084, Loss: 1.3742, Train Acc: 0.2600, Val Acc: 0.2800
Epoch: 085, Loss: 1.3961, Train Acc: 0.2333, Val Acc: 0.2400
Epoch: 086, Loss: 1.4017, Train Acc: 0.2533, Val Acc: 0.2400
Epoch: 087, Loss: 1.3814, Train Acc: 0.2200, Val Acc: 0.2400
Epoch: 088, Loss: 1.3821, Train Acc: 0.2600, Val Acc: 0.2000
Epoch: 089, Loss: 1.3298, Train Acc: 0.2533, Val Acc: 0.2400
Epoch: 090, Loss: 1.3893, Train Acc: 0.2867, Val Acc: 0.2000
Epoch: 091, Loss: 1.4366, Train Acc: 0.2467, Val Acc: 0.2800
Epoch: 092, Loss: 1.3903, Train Acc: 0.2600, Val Acc: 0.2800
Epoch: 093, Loss: 1.3833, Train Acc: 0.2800, Val Acc: 0.3200
Epoch: 094, Loss: 1.4096, Train Acc: 0.2467, Val Acc: 0.1600
Epoch: 095, Loss: 1.3669, Train Acc: 0.2400, Val Acc: 0.3600
Epoch: 096, Loss: 1.3570, Train Acc: 0.2400, Val Acc: 0.2000
Epoch: 097, Loss: 1.3590, Train Acc: 0.2533, Val Acc: 0.2800
Epoch: 098, Loss: 1.3781, Train Acc: 0.2600, Val Acc: 0.2800
Epoch: 099, Loss: 1.4708, Train Acc: 0.2400, Val Acc: 0.2000
Epoch: 100, Loss: 1.3711, Train Acc: 0.2467, Val Acc: 0.1600
Epoch: 101, Loss: 1.4439, Train Acc: 0.2533, Val Acc: 0.2000
Epoch: 102, Loss: 1.4511, Train Acc: 0.2933, Val Acc: 0.2400
Epoch: 103, Loss: 1.3975, Train Acc: 0.2533, Val Acc: 0.2000
Epoch: 104, Loss: 1.3726, Train Acc: 0.2133, Val Acc: 0.2800
Epoch: 105, Loss: 1.4301, Train Acc: 0.2667, Val Acc: 0.2400
Epoch: 106, Loss: 1.3580, Train Acc: 0.2467, Val Acc: 0.2000
Epoch: 107, Loss: 1.4800, Train Acc: 0.2467, Val Acc: 0.2800
Epoch: 108, Loss: 1.4243, Train Acc: 0.2867, Val Acc: 0.2000
Epoch: 109, Loss: 1.3664, Train Acc: 0.2600, Val Acc: 0.2400
Epoch: 110, Loss: 1.4227, Train Acc: 0.2800, Val Acc: 0.2400
Epoch: 111, Loss: 1.3477, Train Acc: 0.2867, Val Acc: 0.2800
Epoch: 112, Loss: 1.4152, Train Acc: 0.2267, Val Acc: 0.2800
Epoch: 113, Loss: 1.3867, Train Acc: 0.2600, Val Acc: 0.2800
Epoch: 114, Loss: 1.4491, Train Acc: 0.2467, Val Acc: 0.2800
Epoch: 115, Loss: 1.3799, Train Acc: 0.2667, Val Acc: 0.2800
Epoch: 116, Loss: 1.3844, Train Acc: 0.2867, Val Acc: 0.2800
Epoch: 117, Loss: 1.3750, Train Acc: 0.2600, Val Acc: 0.2400
Epoch: 118, Loss: 1.3750, Train Acc: 0.2600, Val Acc: 0.2400
Epoch: 119, Loss: 1.3917, Train Acc: 0.2600, Val Acc: 0.3200
Epoch: 120, Loss: 1.4336, Train Acc: 0.2867, Val Acc: 0.3200
Epoch: 121, Loss: 1.3173, Train Acc: 0.2267, Val Acc: 0.2400
Epoch: 122, Loss: 1.4554, Train Acc: 0.2867, Val Acc: 0.2000
Epoch: 123, Loss: 1.3864, Train Acc: 0.2333, Val Acc: 0.2800
Epoch: 124, Loss: 1.3437, Train Acc: 0.2600, Val Acc: 0.2800
Epoch: 125, Loss: 1.3113, Train Acc: 0.2467, Val Acc: 0.2400
Epoch: 126, Loss: 1.4112, Train Acc: 0.2800, Val Acc: 0.2400
Epoch: 127, Loss: 1.4165, Train Acc: 0.2933, Val Acc: 0.2800
Epoch: 128, Loss: 1.3800, Train Acc: 0.2933, Val Acc: 0.3200
Epoch: 129, Loss: 1.4023, Train Acc: 0.2800, Val Acc: 0.1600
Epoch: 130, Loss: 1.3876, Train Acc: 0.1867, Val Acc: 0.1200
Epoch: 131, Loss: 1.4202, Train Acc: 0.2933, Val Acc: 0.2000
Epoch: 132, Loss: 1.3376, Train Acc: 0.2867, Val Acc: 0.2800
Epoch: 133, Loss: 1.4047, Train Acc: 0.2600, Val Acc: 0.3200
Epoch: 134, Loss: 1.4457, Train Acc: 0.2933, Val Acc: 0.1600
Epoch: 135, Loss: 1.4096, Train Acc: 0.2533, Val Acc: 0.2000
Epoch: 136, Loss: 1.3573, Train Acc: 0.2333, Val Acc: 0.2000
Epoch: 137, Loss: 1.3835, Train Acc: 0.2667, Val Acc: 0.2800
Epoch: 138, Loss: 1.3841, Train Acc: 0.2600, Val Acc: 0.2800
Epoch: 139, Loss: 1.4409, Train Acc: 0.2867, Val Acc: 0.2800
Epoch: 140, Loss: 1.3431, Train Acc: 0.2467, Val Acc: 0.2400
Epoch: 141, Loss: 1.3651, Train Acc: 0.2867, Val Acc: 0.3200
Epoch: 142, Loss: 1.3882, Train Acc: 0.2667, Val Acc: 0.2800
Epoch: 143, Loss: 1.3879, Train Acc: 0.2733, Val Acc: 0.3600
Epoch: 144, Loss: 1.3654, Train Acc: 0.2267, Val Acc: 0.1600
Epoch: 145, Loss: 1.3846, Train Acc: 0.2600, Val Acc: 0.2000
Epoch: 146, Loss: 1.3892, Train Acc: 0.2467, Val Acc: 0.1600
Epoch: 147, Loss: 1.3749, Train Acc: 0.2600, Val Acc: 0.2400
Epoch: 148, Loss: 1.3877, Train Acc: 0.2933, Val Acc: 0.3200
Epoch: 149, Loss: 1.3614, Train Acc: 0.2067, Val Acc: 0.1200
Epoch: 150, Loss: 1.3963, Train Acc: 0.2733, Val Acc: 0.1600
Epoch: 151, Loss: 1.3927, Train Acc: 0.2933, Val Acc: 0.2400
Epoch: 152, Loss: 1.4395, Train Acc: 0.2600, Val Acc: 0.2400
Epoch: 153, Loss: 1.3559, Train Acc: 0.2733, Val Acc: 0.1600
Epoch: 154, Loss: 1.3416, Train Acc: 0.2667, Val Acc: 0.2400
Epoch: 155, Loss: 1.4181, Train Acc: 0.2867, Val Acc: 0.2400
Epoch: 156, Loss: 1.3987, Train Acc: 0.2867, Val Acc: 0.2000
Epoch: 157, Loss: 1.4454, Train Acc: 0.2533, Val Acc: 0.2000
Epoch: 158, Loss: 1.4212, Train Acc: 0.2933, Val Acc: 0.2400
Epoch: 159, Loss: 1.3334, Train Acc: 0.2867, Val Acc: 0.3600
Epoch: 160, Loss: 1.3774, Train Acc: 0.2800, Val Acc: 0.2400
Epoch: 161, Loss: 1.4551, Train Acc: 0.2667, Val Acc: 0.2400
Epoch: 162, Loss: 1.3924, Train Acc: 0.2667, Val Acc: 0.2000
Epoch: 163, Loss: 1.3887, Train Acc: 0.2933, Val Acc: 0.2800
Epoch: 164, Loss: 1.3734, Train Acc: 0.2800, Val Acc: 0.2400
Epoch: 165, Loss: 1.4363, Train Acc: 0.2867, Val Acc: 0.2400
Epoch: 166, Loss: 1.3676, Train Acc: 0.2400, Val Acc: 0.2400
Epoch: 167, Loss: 1.3420, Train Acc: 0.2600, Val Acc: 0.2400
Epoch: 168, Loss: 1.4493, Train Acc: 0.2400, Val Acc: 0.2800
Epoch: 169, Loss: 1.4085, Train Acc: 0.2667, Val Acc: 0.2000
Epoch: 170, Loss: 1.3858, Train Acc: 0.2933, Val Acc: 0.2400
Epoch: 171, Loss: 1.2846, Train Acc: 0.2667, Val Acc: 0.2800
Epoch: 172, Loss: 1.3857, Train Acc: 0.2733, Val Acc: 0.2400
Epoch: 173, Loss: 1.4016, Train Acc: 0.2867, Val Acc: 0.2400
Epoch: 174, Loss: 1.3377, Train Acc: 0.2867, Val Acc: 0.2000
Epoch: 175, Loss: 1.3560, Train Acc: 0.2867, Val Acc: 0.2000
Epoch: 176, Loss: 1.4375, Train Acc: 0.3067, Val Acc: 0.2400
Epoch: 177, Loss: 1.4096, Train Acc: 0.2800, Val Acc: 0.2000
Epoch: 178, Loss: 1.3463, Train Acc: 0.2933, Val Acc: 0.2800
Epoch: 179, Loss: 1.4349, Train Acc: 0.2733, Val Acc: 0.2800
Epoch: 180, Loss: 1.4181, Train Acc: 0.2467, Val Acc: 0.2400
Epoch: 181, Loss: 1.3844, Train Acc: 0.2533, Val Acc: 0.2000
Epoch: 182, Loss: 1.3376, Train Acc: 0.2600, Val Acc: 0.2800
Epoch: 183, Loss: 1.3415, Train Acc: 0.2800, Val Acc: 0.2400
Epoch: 184, Loss: 1.3996, Train Acc: 0.2733, Val Acc: 0.2400
Epoch: 185, Loss: 1.4400, Train Acc: 0.2600, Val Acc: 0.2800
Epoch: 186, Loss: 1.4273, Train Acc: 0.3333, Val Acc: 0.2400
Epoch: 187, Loss: 1.3565, Train Acc: 0.2867, Val Acc: 0.2800
Epoch: 188, Loss: 1.3880, Train Acc: 0.3067, Val Acc: 0.1600
Epoch: 189, Loss: 1.3990, Train Acc: 0.3067, Val Acc: 0.2800
Epoch: 190, Loss: 1.3714, Train Acc: 0.2733, Val Acc: 0.3200
Epoch: 191, Loss: 1.4180, Train Acc: 0.2667, Val Acc: 0.2800
Epoch: 192, Loss: 1.3643, Train Acc: 0.3133, Val Acc: 0.3200
Epoch: 193, Loss: 1.4236, Train Acc: 0.2667, Val Acc: 0.3200
Epoch: 194, Loss: 1.5063, Train Acc: 0.3000, Val Acc: 0.1600
Epoch: 195, Loss: 1.3672, Train Acc: 0.3067, Val Acc: 0.2800
Epoch: 196, Loss: 1.4041, Train Acc: 0.3000, Val Acc: 0.2000
Epoch: 197, Loss: 1.3802, Train Acc: 0.2800, Val Acc: 0.2800
Epoch: 198, Loss: 1.3245, Train Acc: 0.3067, Val Acc: 0.2800
Epoch: 199, Loss: 1.3337, Train Acc: 0.2800, Val Acc: 0.1600
Split 3 evaluatation: Acc: 0.3200, Precision: 0.3200, Recall: 0.3200, F1 : 0.3200

Average Evaluation Metrics: Acc 0.2900, Precision: 0.2900, Recall: 0.2900, F1: 0.2900
