MOFED version '4.9-2.2.6' not available in this container.
No matching alternate version found.
GAT(
  (initial_gat): GATv2Conv(512, 256, heads=8)
  (gat1): GATv2Conv(2048, 256, heads=8)
  (gat2): GATv2Conv(2048, 256, heads=8)
  (gat3): GATv2Conv(2048, 256, heads=8)
  (gat4): GATv2Conv(2048, 256, heads=8)
  (out): Linear(512, 4, bias=True)
)
Number of parameters:  35694596

Epoch: 000, Loss: 1.4289, Train Acc: 0.2400, Val Acc: 0.2400
Epoch: 001, Loss: 1.3516, Train Acc: 0.1667, Val Acc: 0.2400
Epoch: 002, Loss: 1.3491, Train Acc: 0.2067, Val Acc: 0.2400
Epoch: 003, Loss: 1.3513, Train Acc: 0.2200, Val Acc: 0.2400
Epoch: 004, Loss: 1.3902, Train Acc: 0.2000, Val Acc: 0.2400
Epoch: 005, Loss: 1.4137, Train Acc: 0.2400, Val Acc: 0.2400
Epoch: 006, Loss: 1.3863, Train Acc: 0.2067, Val Acc: 0.2400
Epoch: 007, Loss: 1.4189, Train Acc: 0.2467, Val Acc: 0.2400
Epoch: 008, Loss: 1.4396, Train Acc: 0.2533, Val Acc: 0.2400
Epoch: 009, Loss: 1.3749, Train Acc: 0.2333, Val Acc: 0.2400
Epoch: 010, Loss: 1.3634, Train Acc: 0.2067, Val Acc: 0.2400
Epoch: 011, Loss: 1.3455, Train Acc: 0.2067, Val Acc: 0.2400
Epoch: 012, Loss: 1.1042, Train Acc: 0.2200, Val Acc: 0.2400
Epoch: 013, Loss: 1.3899, Train Acc: 0.2133, Val Acc: 0.2400
Epoch: 014, Loss: 1.4171, Train Acc: 0.2267, Val Acc: 0.2400
Epoch: 015, Loss: 1.3747, Train Acc: 0.2467, Val Acc: 0.2400
Epoch: 016, Loss: 1.4092, Train Acc: 0.2333, Val Acc: 0.2400
Epoch: 017, Loss: 1.3986, Train Acc: 0.2467, Val Acc: 0.2400
Epoch: 018, Loss: 1.4183, Train Acc: 0.1800, Val Acc: 0.2400
Epoch: 019, Loss: 1.4149, Train Acc: 0.2133, Val Acc: 0.2400
Epoch: 020, Loss: 1.3949, Train Acc: 0.2067, Val Acc: 0.2800
Epoch: 021, Loss: 1.4155, Train Acc: 0.2600, Val Acc: 0.2400
Epoch: 022, Loss: 1.4014, Train Acc: 0.2467, Val Acc: 0.2800
Epoch: 023, Loss: 1.3647, Train Acc: 0.2200, Val Acc: 0.2000
Epoch: 024, Loss: 1.4038, Train Acc: 0.2333, Val Acc: 0.2400
Epoch: 025, Loss: 1.3743, Train Acc: 0.2267, Val Acc: 0.2400
Epoch: 026, Loss: 1.3786, Train Acc: 0.2000, Val Acc: 0.2400
Epoch: 027, Loss: 1.3749, Train Acc: 0.2200, Val Acc: 0.2400
Epoch: 028, Loss: 1.3861, Train Acc: 0.2333, Val Acc: 0.2400
Epoch: 029, Loss: 1.3873, Train Acc: 0.2600, Val Acc: 0.2400
Epoch: 030, Loss: 1.3797, Train Acc: 0.2067, Val Acc: 0.2000
Epoch: 031, Loss: 1.4401, Train Acc: 0.2733, Val Acc: 0.2400
Epoch: 032, Loss: 1.3942, Train Acc: 0.2400, Val Acc: 0.2400
Epoch: 033, Loss: 1.3930, Train Acc: 0.2133, Val Acc: 0.2400
Epoch: 034, Loss: 1.4025, Train Acc: 0.2600, Val Acc: 0.2800
Epoch: 035, Loss: 1.3712, Train Acc: 0.2133, Val Acc: 0.2000
Epoch: 036, Loss: 1.4076, Train Acc: 0.2400, Val Acc: 0.2400
Epoch: 037, Loss: 1.3761, Train Acc: 0.2333, Val Acc: 0.2400
Epoch: 038, Loss: 1.3998, Train Acc: 0.2200, Val Acc: 0.2400
Epoch: 039, Loss: 1.3796, Train Acc: 0.2200, Val Acc: 0.2400
Epoch: 040, Loss: 1.3725, Train Acc: 0.2267, Val Acc: 0.3200
Epoch: 041, Loss: 1.3272, Train Acc: 0.2000, Val Acc: 0.2400
Epoch: 042, Loss: 1.3915, Train Acc: 0.2467, Val Acc: 0.2000
Epoch: 043, Loss: 1.3509, Train Acc: 0.2333, Val Acc: 0.2400
Epoch: 044, Loss: 1.4482, Train Acc: 0.2467, Val Acc: 0.2800
Epoch: 045, Loss: 1.4203, Train Acc: 0.2333, Val Acc: 0.2400
Epoch: 046, Loss: 1.4031, Train Acc: 0.2733, Val Acc: 0.2400
Epoch: 047, Loss: 1.4015, Train Acc: 0.2533, Val Acc: 0.2000
Epoch: 048, Loss: 1.4322, Train Acc: 0.2267, Val Acc: 0.2800
Epoch: 049, Loss: 1.4139, Train Acc: 0.2267, Val Acc: 0.2000
Epoch: 050, Loss: 1.4068, Train Acc: 0.2467, Val Acc: 0.2400
Epoch: 051, Loss: 1.4181, Train Acc: 0.2400, Val Acc: 0.2400
Epoch: 052, Loss: 1.4180, Train Acc: 0.2533, Val Acc: 0.2400
Epoch: 053, Loss: 1.4264, Train Acc: 0.2600, Val Acc: 0.2400
Epoch: 054, Loss: 1.3816, Train Acc: 0.2133, Val Acc: 0.2400
Epoch: 055, Loss: 1.3854, Train Acc: 0.2533, Val Acc: 0.2800
Epoch: 056, Loss: 1.2872, Train Acc: 0.2467, Val Acc: 0.2800
Epoch: 057, Loss: 0.4914, Train Acc: 0.2400, Val Acc: 0.2400
Epoch: 058, Loss: 1.4163, Train Acc: 0.2667, Val Acc: 0.2400
Epoch: 059, Loss: 1.3068, Train Acc: 0.2267, Val Acc: 0.2400
Epoch: 060, Loss: 1.4153, Train Acc: 0.2333, Val Acc: 0.2400
Epoch: 061, Loss: 1.4125, Train Acc: 0.2200, Val Acc: 0.2400
Epoch: 062, Loss: 1.3810, Train Acc: 0.2333, Val Acc: 0.2800
Epoch: 063, Loss: 1.4049, Train Acc: 0.2800, Val Acc: 0.2400
Epoch: 064, Loss: 1.4266, Train Acc: 0.2200, Val Acc: 0.2800
Epoch: 065, Loss: 1.3567, Train Acc: 0.2733, Val Acc: 0.2400
Epoch: 066, Loss: 1.3338, Train Acc: 0.2267, Val Acc: 0.2400
Epoch: 067, Loss: 1.3976, Train Acc: 0.2133, Val Acc: 0.2400
Epoch: 068, Loss: 1.3306, Train Acc: 0.2733, Val Acc: 0.2400
Epoch: 069, Loss: 1.3930, Train Acc: 0.2733, Val Acc: 0.1600
Epoch: 070, Loss: 1.4007, Train Acc: 0.2133, Val Acc: 0.2800
Epoch: 071, Loss: 1.4095, Train Acc: 0.2000, Val Acc: 0.1600
Epoch: 072, Loss: 1.4019, Train Acc: 0.2400, Val Acc: 0.2400
Epoch: 073, Loss: 1.3072, Train Acc: 0.2333, Val Acc: 0.2400
Epoch: 074, Loss: 1.4006, Train Acc: 0.2533, Val Acc: 0.2400
Epoch: 075, Loss: 1.3818, Train Acc: 0.2333, Val Acc: 0.2400
Epoch: 076, Loss: 1.3639, Train Acc: 0.2000, Val Acc: 0.2400
Epoch: 077, Loss: 1.4233, Train Acc: 0.2467, Val Acc: 0.3200
Epoch: 078, Loss: 1.3845, Train Acc: 0.2800, Val Acc: 0.2400
Epoch: 079, Loss: 1.3814, Train Acc: 0.2333, Val Acc: 0.2400
Epoch: 080, Loss: 1.4260, Train Acc: 0.2133, Val Acc: 0.2400
Epoch: 081, Loss: 1.3561, Train Acc: 0.2867, Val Acc: 0.2400
Epoch: 082, Loss: 1.4776, Train Acc: 0.2667, Val Acc: 0.2400
Epoch: 083, Loss: 1.4060, Train Acc: 0.2733, Val Acc: 0.2400
Epoch: 084, Loss: 1.4249, Train Acc: 0.2733, Val Acc: 0.2400
Epoch: 085, Loss: 1.3849, Train Acc: 0.2600, Val Acc: 0.2400
Epoch: 086, Loss: 1.3871, Train Acc: 0.2533, Val Acc: 0.2400
Epoch: 087, Loss: 1.3656, Train Acc: 0.2400, Val Acc: 0.2400
Epoch: 088, Loss: 1.3171, Train Acc: 0.2333, Val Acc: 0.2400
Epoch: 089, Loss: 1.4068, Train Acc: 0.2533, Val Acc: 0.2400
Epoch: 090, Loss: 1.4194, Train Acc: 0.2600, Val Acc: 0.2400
Epoch: 091, Loss: 1.3749, Train Acc: 0.2600, Val Acc: 0.2400
Epoch: 092, Loss: 1.3514, Train Acc: 0.2667, Val Acc: 0.2000
Epoch: 093, Loss: 1.3970, Train Acc: 0.2600, Val Acc: 0.2400
Epoch: 094, Loss: 1.3652, Train Acc: 0.3067, Val Acc: 0.2000
Epoch: 095, Loss: 1.3441, Train Acc: 0.2600, Val Acc: 0.1600
Epoch: 096, Loss: 1.4035, Train Acc: 0.2400, Val Acc: 0.2000
Epoch: 097, Loss: 1.4260, Train Acc: 0.2467, Val Acc: 0.2400
Epoch: 098, Loss: 1.4464, Train Acc: 0.2933, Val Acc: 0.2400
Epoch: 099, Loss: 1.3967, Train Acc: 0.2400, Val Acc: 0.2400
Epoch: 100, Loss: 1.3931, Train Acc: 0.2600, Val Acc: 0.2000
Epoch: 101, Loss: 1.3847, Train Acc: 0.2133, Val Acc: 0.2400
Epoch: 102, Loss: 1.3928, Train Acc: 0.3067, Val Acc: 0.2400
Epoch: 103, Loss: 1.4586, Train Acc: 0.2667, Val Acc: 0.2800
Epoch: 104, Loss: 1.3654, Train Acc: 0.2867, Val Acc: 0.1600
Epoch: 105, Loss: 1.3860, Train Acc: 0.1933, Val Acc: 0.3200
Epoch: 106, Loss: 1.3785, Train Acc: 0.2800, Val Acc: 0.2400
Epoch: 107, Loss: 1.3854, Train Acc: 0.2333, Val Acc: 0.2400
Epoch: 108, Loss: 1.4326, Train Acc: 0.2467, Val Acc: 0.2800
Epoch: 109, Loss: 1.3854, Train Acc: 0.2400, Val Acc: 0.2400
Epoch: 110, Loss: 1.3876, Train Acc: 0.2200, Val Acc: 0.2400
Epoch: 111, Loss: 1.3748, Train Acc: 0.2533, Val Acc: 0.2400
Epoch: 112, Loss: 1.3867, Train Acc: 0.2600, Val Acc: 0.2400
Epoch: 113, Loss: 1.3688, Train Acc: 0.2333, Val Acc: 0.2400
Epoch: 114, Loss: 1.3334, Train Acc: 0.2467, Val Acc: 0.2000
Epoch: 115, Loss: 1.3921, Train Acc: 0.2067, Val Acc: 0.2400
Epoch: 116, Loss: 1.4269, Train Acc: 0.2867, Val Acc: 0.2400
Epoch: 117, Loss: 1.4328, Train Acc: 0.2600, Val Acc: 0.2400
Epoch: 118, Loss: 1.3348, Train Acc: 0.2533, Val Acc: 0.2400
Epoch: 119, Loss: 1.3982, Train Acc: 0.2867, Val Acc: 0.2400
Epoch: 120, Loss: 1.3042, Train Acc: 0.2600, Val Acc: 0.2400
Epoch: 121, Loss: 1.3125, Train Acc: 0.3133, Val Acc: 0.2400
Epoch: 122, Loss: 1.4081, Train Acc: 0.2933, Val Acc: 0.2400
Epoch: 123, Loss: 1.4463, Train Acc: 0.2733, Val Acc: 0.2400
Epoch: 124, Loss: 1.4097, Train Acc: 0.2800, Val Acc: 0.2400
Epoch: 125, Loss: 1.3393, Train Acc: 0.2333, Val Acc: 0.2400
Epoch: 126, Loss: 1.4044, Train Acc: 0.2267, Val Acc: 0.2400
Epoch: 127, Loss: 1.3686, Train Acc: 0.2733, Val Acc: 0.2400
Epoch: 128, Loss: 1.2659, Train Acc: 0.2600, Val Acc: 0.2400
Epoch: 129, Loss: 1.3575, Train Acc: 0.2933, Val Acc: 0.2400
Epoch: 130, Loss: 1.3413, Train Acc: 0.2400, Val Acc: 0.2400
Epoch: 131, Loss: 1.4026, Train Acc: 0.2800, Val Acc: 0.2400
Epoch: 132, Loss: 1.4202, Train Acc: 0.2667, Val Acc: 0.2400
Epoch: 133, Loss: 1.3819, Train Acc: 0.2333, Val Acc: 0.3200
Epoch: 134, Loss: 1.3556, Train Acc: 0.2867, Val Acc: 0.2800
Epoch: 135, Loss: 1.3882, Train Acc: 0.2867, Val Acc: 0.2400
Epoch: 136, Loss: 1.3239, Train Acc: 0.2667, Val Acc: 0.2400
Epoch: 137, Loss: 1.3502, Train Acc: 0.2733, Val Acc: 0.2000
Epoch: 138, Loss: 1.3849, Train Acc: 0.2867, Val Acc: 0.2000
Epoch: 139, Loss: 1.4276, Train Acc: 0.2600, Val Acc: 0.2400
Epoch: 140, Loss: 1.3900, Train Acc: 0.2533, Val Acc: 0.2400
Epoch: 141, Loss: 1.3684, Train Acc: 0.3000, Val Acc: 0.2000
Epoch: 142, Loss: 1.3616, Train Acc: 0.2400, Val Acc: 0.2400
Epoch: 143, Loss: 1.4306, Train Acc: 0.2600, Val Acc: 0.2800
Epoch: 144, Loss: 1.4251, Train Acc: 0.3133, Val Acc: 0.2400
Epoch: 145, Loss: 1.4060, Train Acc: 0.2667, Val Acc: 0.2000
Epoch: 146, Loss: 1.3883, Train Acc: 0.2333, Val Acc: 0.2400
Epoch: 147, Loss: 1.3735, Train Acc: 0.3000, Val Acc: 0.2800
Epoch: 148, Loss: 1.3837, Train Acc: 0.2933, Val Acc: 0.2000
Epoch: 149, Loss: 1.4072, Train Acc: 0.2333, Val Acc: 0.2400
Epoch: 150, Loss: 1.4143, Train Acc: 0.2533, Val Acc: 0.2400
Epoch: 151, Loss: 1.3444, Train Acc: 0.2733, Val Acc: 0.2400
Epoch: 152, Loss: 1.4021, Train Acc: 0.2867, Val Acc: 0.2400
Epoch: 153, Loss: 1.4127, Train Acc: 0.3000, Val Acc: 0.2400
Epoch: 154, Loss: 1.3774, Train Acc: 0.2800, Val Acc: 0.2800
Epoch: 155, Loss: 1.4587, Train Acc: 0.2800, Val Acc: 0.2400
Epoch: 156, Loss: 1.3554, Train Acc: 0.3067, Val Acc: 0.2000
Epoch: 157, Loss: 1.3409, Train Acc: 0.2467, Val Acc: 0.2800
Epoch: 158, Loss: 1.3896, Train Acc: 0.2267, Val Acc: 0.2400
Epoch: 159, Loss: 1.3908, Train Acc: 0.2933, Val Acc: 0.2800
Epoch: 160, Loss: 1.3968, Train Acc: 0.2800, Val Acc: 0.2400
Epoch: 161, Loss: 1.3980, Train Acc: 0.2933, Val Acc: 0.1600
Epoch: 162, Loss: 1.3662, Train Acc: 0.2600, Val Acc: 0.3200
Epoch: 163, Loss: 1.3936, Train Acc: 0.2800, Val Acc: 0.2400
Epoch: 164, Loss: 1.3959, Train Acc: 0.2867, Val Acc: 0.2000
Epoch: 165, Loss: 1.3953, Train Acc: 0.2400, Val Acc: 0.3200
Epoch: 166, Loss: 1.3290, Train Acc: 0.2467, Val Acc: 0.2400
Epoch: 167, Loss: 1.3842, Train Acc: 0.2733, Val Acc: 0.2400
Epoch: 168, Loss: 1.4090, Train Acc: 0.2533, Val Acc: 0.2400
Epoch: 169, Loss: 1.4589, Train Acc: 0.2800, Val Acc: 0.2800
Epoch: 170, Loss: 1.3676, Train Acc: 0.2867, Val Acc: 0.2800
Epoch: 171, Loss: 1.3872, Train Acc: 0.2333, Val Acc: 0.2000
Epoch: 172, Loss: 1.3625, Train Acc: 0.2933, Val Acc: 0.2400
Epoch: 173, Loss: 1.4120, Train Acc: 0.3067, Val Acc: 0.2000
Epoch: 174, Loss: 1.3730, Train Acc: 0.2867, Val Acc: 0.2400
Epoch: 175, Loss: 1.4141, Train Acc: 0.2467, Val Acc: 0.2400
Epoch: 176, Loss: 1.4033, Train Acc: 0.3067, Val Acc: 0.2400
Epoch: 177, Loss: 1.4138, Train Acc: 0.2867, Val Acc: 0.2800
Epoch: 178, Loss: 1.3801, Train Acc: 0.2667, Val Acc: 0.2000
Epoch: 179, Loss: 1.3495, Train Acc: 0.2800, Val Acc: 0.2400
Epoch: 180, Loss: 1.4063, Train Acc: 0.2800, Val Acc: 0.2400
Epoch: 181, Loss: 1.4425, Train Acc: 0.2467, Val Acc: 0.2400
Epoch: 182, Loss: 1.3610, Train Acc: 0.2867, Val Acc: 0.2400
Epoch: 183, Loss: 1.4293, Train Acc: 0.3133, Val Acc: 0.2400
Epoch: 184, Loss: 1.3864, Train Acc: 0.2800, Val Acc: 0.2400
Epoch: 185, Loss: 1.4390, Train Acc: 0.2800, Val Acc: 0.2400
Epoch: 186, Loss: 1.4429, Train Acc: 0.2733, Val Acc: 0.2800
Epoch: 187, Loss: 1.3967, Train Acc: 0.2600, Val Acc: 0.2400
Epoch: 188, Loss: 1.4212, Train Acc: 0.2533, Val Acc: 0.2400
Epoch: 189, Loss: 1.4540, Train Acc: 0.2133, Val Acc: 0.2400
Epoch: 190, Loss: 1.3966, Train Acc: 0.2600, Val Acc: 0.2400
Epoch: 191, Loss: 1.3350, Train Acc: 0.2600, Val Acc: 0.2400
Epoch: 192, Loss: 1.4331, Train Acc: 0.2733, Val Acc: 0.2400
Epoch: 193, Loss: 1.3553, Train Acc: 0.2733, Val Acc: 0.2400
Epoch: 194, Loss: 1.4471, Train Acc: 0.3000, Val Acc: 0.2400
Epoch: 195, Loss: 1.4482, Train Acc: 0.2667, Val Acc: 0.2400
Epoch: 196, Loss: 1.2006, Train Acc: 0.2467, Val Acc: 0.2400
Epoch: 197, Loss: 1.4207, Train Acc: 0.2733, Val Acc: 0.2400
Epoch: 198, Loss: 1.4068, Train Acc: 0.3000, Val Acc: 0.2400
Epoch: 199, Loss: 1.3924, Train Acc: 0.2933, Val Acc: 0.2400
Split 0 evaluatation: Acc: 0.3600, Precision: 0.3600, Recall: 0.3600, F1 : 0.3600

Epoch: 000, Loss: 1.3946, Train Acc: 0.1867, Val Acc: 0.2400
Epoch: 001, Loss: 1.4087, Train Acc: 0.2133, Val Acc: 0.2400
Epoch: 002, Loss: 1.4256, Train Acc: 0.2000, Val Acc: 0.2400
Epoch: 003, Loss: 1.3818, Train Acc: 0.2267, Val Acc: 0.2400
Epoch: 004, Loss: 1.4166, Train Acc: 0.2333, Val Acc: 0.2400
Epoch: 005, Loss: 1.3581, Train Acc: 0.2200, Val Acc: 0.2400
Epoch: 006, Loss: 1.4183, Train Acc: 0.2467, Val Acc: 0.2400
Epoch: 007, Loss: 1.3905, Train Acc: 0.2067, Val Acc: 0.2400
Epoch: 008, Loss: 1.4222, Train Acc: 0.2200, Val Acc: 0.2400
Epoch: 009, Loss: 1.3878, Train Acc: 0.2267, Val Acc: 0.2400
Epoch: 010, Loss: 1.4128, Train Acc: 0.1933, Val Acc: 0.2400
Epoch: 011, Loss: 1.4187, Train Acc: 0.2467, Val Acc: 0.2000
Epoch: 012, Loss: 1.3807, Train Acc: 0.1867, Val Acc: 0.2400
Epoch: 013, Loss: 1.3940, Train Acc: 0.2267, Val Acc: 0.2400
Epoch: 014, Loss: 1.4067, Train Acc: 0.2267, Val Acc: 0.2400
Epoch: 015, Loss: 1.4184, Train Acc: 0.2200, Val Acc: 0.2800
Epoch: 016, Loss: 1.3704, Train Acc: 0.1733, Val Acc: 0.2000
Epoch: 017, Loss: 1.3912, Train Acc: 0.2267, Val Acc: 0.1600
Epoch: 018, Loss: 1.4122, Train Acc: 0.2133, Val Acc: 0.2400
Epoch: 019, Loss: 1.3895, Train Acc: 0.2600, Val Acc: 0.2400
Epoch: 020, Loss: 1.4469, Train Acc: 0.2600, Val Acc: 0.1200
Epoch: 021, Loss: 1.4528, Train Acc: 0.2267, Val Acc: 0.2400
Epoch: 022, Loss: 1.4068, Train Acc: 0.2200, Val Acc: 0.2400
Epoch: 023, Loss: 1.3672, Train Acc: 0.2133, Val Acc: 0.2400
Epoch: 024, Loss: 1.4120, Train Acc: 0.2067, Val Acc: 0.2400
Epoch: 025, Loss: 1.4117, Train Acc: 0.1867, Val Acc: 0.2400
Epoch: 026, Loss: 1.3864, Train Acc: 0.2067, Val Acc: 0.2400
Epoch: 027, Loss: 1.3635, Train Acc: 0.2600, Val Acc: 0.2400
Epoch: 028, Loss: 1.3739, Train Acc: 0.1933, Val Acc: 0.0800
Epoch: 029, Loss: 1.3731, Train Acc: 0.2467, Val Acc: 0.2400
Epoch: 030, Loss: 1.3822, Train Acc: 0.2400, Val Acc: 0.2000
Epoch: 031, Loss: 1.4343, Train Acc: 0.2400, Val Acc: 0.2400
Epoch: 032, Loss: 0.6990, Train Acc: 0.2333, Val Acc: 0.2400
Epoch: 033, Loss: 0.6674, Train Acc: 0.2400, Val Acc: 0.2400
Epoch: 034, Loss: 1.3708, Train Acc: 0.2333, Val Acc: 0.1600
Epoch: 035, Loss: 1.3705, Train Acc: 0.2600, Val Acc: 0.0400
Epoch: 036, Loss: 1.3904, Train Acc: 0.2067, Val Acc: 0.1200
Epoch: 037, Loss: 1.4239, Train Acc: 0.2133, Val Acc: 0.2400
Epoch: 038, Loss: 1.3669, Train Acc: 0.2333, Val Acc: 0.2400
Epoch: 039, Loss: 1.3696, Train Acc: 0.2533, Val Acc: 0.2000
Epoch: 040, Loss: 1.3900, Train Acc: 0.2000, Val Acc: 0.2800
Epoch: 041, Loss: 1.3436, Train Acc: 0.2467, Val Acc: 0.2400
Epoch: 042, Loss: 1.3531, Train Acc: 0.2400, Val Acc: 0.1200
Epoch: 043, Loss: 1.4187, Train Acc: 0.2200, Val Acc: 0.1200
Epoch: 044, Loss: 1.3970, Train Acc: 0.2200, Val Acc: 0.2400
Epoch: 045, Loss: 1.3915, Train Acc: 0.1533, Val Acc: 0.2400
Epoch: 046, Loss: 1.4481, Train Acc: 0.2533, Val Acc: 0.1600
Epoch: 047, Loss: 1.4605, Train Acc: 0.2667, Val Acc: 0.2400
Epoch: 048, Loss: 1.3697, Train Acc: 0.2733, Val Acc: 0.2000
Epoch: 049, Loss: 1.4278, Train Acc: 0.2733, Val Acc: 0.2400
Epoch: 050, Loss: 1.4310, Train Acc: 0.2600, Val Acc: 0.3200
Epoch: 051, Loss: 1.3667, Train Acc: 0.2733, Val Acc: 0.2400
Epoch: 052, Loss: 1.4229, Train Acc: 0.2333, Val Acc: 0.1200
Epoch: 053, Loss: 1.4367, Train Acc: 0.2600, Val Acc: 0.2400
Epoch: 054, Loss: 1.3877, Train Acc: 0.2600, Val Acc: 0.3200
Epoch: 055, Loss: 1.4271, Train Acc: 0.2400, Val Acc: 0.2400
Epoch: 056, Loss: 1.4032, Train Acc: 0.2267, Val Acc: 0.2400
Epoch: 057, Loss: 1.4275, Train Acc: 0.2267, Val Acc: 0.2400
Epoch: 058, Loss: 1.3856, Train Acc: 0.2267, Val Acc: 0.1600
Epoch: 059, Loss: 1.4088, Train Acc: 0.3000, Val Acc: 0.1200
Epoch: 060, Loss: 1.3474, Train Acc: 0.2333, Val Acc: 0.2000
Epoch: 061, Loss: 1.3842, Train Acc: 0.2000, Val Acc: 0.2800
Epoch: 062, Loss: 1.4072, Train Acc: 0.2333, Val Acc: 0.2000
Epoch: 063, Loss: 1.3708, Train Acc: 0.2000, Val Acc: 0.1600
Epoch: 064, Loss: 1.4121, Train Acc: 0.2467, Val Acc: 0.1600
Epoch: 065, Loss: 1.3688, Train Acc: 0.2800, Val Acc: 0.1200
Epoch: 066, Loss: 1.3698, Train Acc: 0.2800, Val Acc: 0.0400
Epoch: 067, Loss: 1.3757, Train Acc: 0.2133, Val Acc: 0.1600
Epoch: 068, Loss: 1.3386, Train Acc: 0.2600, Val Acc: 0.2400
Epoch: 069, Loss: 1.4463, Train Acc: 0.2600, Val Acc: 0.1600
Epoch: 070, Loss: 1.3920, Train Acc: 0.2800, Val Acc: 0.2400
Epoch: 071, Loss: 1.3958, Train Acc: 0.2733, Val Acc: 0.1200
Epoch: 072, Loss: 1.3646, Train Acc: 0.1933, Val Acc: 0.3200
Epoch: 073, Loss: 1.3524, Train Acc: 0.2333, Val Acc: 0.2400
Epoch: 074, Loss: 1.4103, Train Acc: 0.2533, Val Acc: 0.2400
Epoch: 075, Loss: 1.3830, Train Acc: 0.2267, Val Acc: 0.2400
Epoch: 076, Loss: 1.4017, Train Acc: 0.2267, Val Acc: 0.2800
Epoch: 077, Loss: 1.3950, Train Acc: 0.2600, Val Acc: 0.2400
Epoch: 078, Loss: 1.3493, Train Acc: 0.2800, Val Acc: 0.2800
Epoch: 079, Loss: 1.3685, Train Acc: 0.2800, Val Acc: 0.2400
Epoch: 080, Loss: 1.3741, Train Acc: 0.2733, Val Acc: 0.1600
Epoch: 081, Loss: 1.3989, Train Acc: 0.2533, Val Acc: 0.2400
Epoch: 082, Loss: 1.4198, Train Acc: 0.2333, Val Acc: 0.2400
Epoch: 083, Loss: 1.3994, Train Acc: 0.2800, Val Acc: 0.2000
Epoch: 084, Loss: 1.4153, Train Acc: 0.2000, Val Acc: 0.1200
Epoch: 085, Loss: 1.3824, Train Acc: 0.2667, Val Acc: 0.1600
Epoch: 086, Loss: 1.4544, Train Acc: 0.2733, Val Acc: 0.2400
Epoch: 087, Loss: 1.4270, Train Acc: 0.2333, Val Acc: 0.2400
Epoch: 088, Loss: 1.3575, Train Acc: 0.2867, Val Acc: 0.2400
Epoch: 089, Loss: 1.4281, Train Acc: 0.2867, Val Acc: 0.2400
Epoch: 090, Loss: 1.3801, Train Acc: 0.2600, Val Acc: 0.2400
Epoch: 091, Loss: 1.4412, Train Acc: 0.2933, Val Acc: 0.2400
Epoch: 092, Loss: 1.4096, Train Acc: 0.2800, Val Acc: 0.2000
Epoch: 093, Loss: 1.3134, Train Acc: 0.2200, Val Acc: 0.2800
Epoch: 094, Loss: 1.3681, Train Acc: 0.2333, Val Acc: 0.1200
Epoch: 095, Loss: 1.4224, Train Acc: 0.2333, Val Acc: 0.1600
Epoch: 096, Loss: 1.4126, Train Acc: 0.2600, Val Acc: 0.2000
Epoch: 097, Loss: 1.3718, Train Acc: 0.2400, Val Acc: 0.1600
Epoch: 098, Loss: 1.4340, Train Acc: 0.2533, Val Acc: 0.2000
Epoch: 099, Loss: 1.4069, Train Acc: 0.2733, Val Acc: 0.1200
Epoch: 100, Loss: 1.4044, Train Acc: 0.2200, Val Acc: 0.2000
Epoch: 101, Loss: 1.3895, Train Acc: 0.2600, Val Acc: 0.1200
Epoch: 102, Loss: 1.3844, Train Acc: 0.3000, Val Acc: 0.2000
Epoch: 103, Loss: 1.3783, Train Acc: 0.2267, Val Acc: 0.1600
Epoch: 104, Loss: 1.3850, Train Acc: 0.2467, Val Acc: 0.2400
Epoch: 105, Loss: 1.3462, Train Acc: 0.2600, Val Acc: 0.2800
Epoch: 106, Loss: 1.3538, Train Acc: 0.2467, Val Acc: 0.1600
Epoch: 107, Loss: 1.4524, Train Acc: 0.2933, Val Acc: 0.3200
Epoch: 108, Loss: 1.4187, Train Acc: 0.2533, Val Acc: 0.2800
Epoch: 109, Loss: 1.3820, Train Acc: 0.2667, Val Acc: 0.2000
Epoch: 110, Loss: 1.4211, Train Acc: 0.2533, Val Acc: 0.2000
Epoch: 111, Loss: 1.3583, Train Acc: 0.2533, Val Acc: 0.2400
Epoch: 112, Loss: 1.3523, Train Acc: 0.2667, Val Acc: 0.2400
Epoch: 113, Loss: 1.3936, Train Acc: 0.2667, Val Acc: 0.2800
Epoch: 114, Loss: 1.3978, Train Acc: 0.2533, Val Acc: 0.2400
Epoch: 115, Loss: 1.4271, Train Acc: 0.2733, Val Acc: 0.1200
Epoch: 116, Loss: 1.3827, Train Acc: 0.2533, Val Acc: 0.0400
Epoch: 117, Loss: 1.4286, Train Acc: 0.2733, Val Acc: 0.1200
Epoch: 118, Loss: 1.3645, Train Acc: 0.2533, Val Acc: 0.2400
Epoch: 119, Loss: 1.2551, Train Acc: 0.2533, Val Acc: 0.2400
Epoch: 120, Loss: 1.3680, Train Acc: 0.2933, Val Acc: 0.1600
Epoch: 121, Loss: 1.3852, Train Acc: 0.2600, Val Acc: 0.2800
Epoch: 122, Loss: 1.3738, Train Acc: 0.2867, Val Acc: 0.1600
Epoch: 123, Loss: 1.3885, Train Acc: 0.3067, Val Acc: 0.2400
Epoch: 124, Loss: 1.3488, Train Acc: 0.2400, Val Acc: 0.2800
Epoch: 125, Loss: 1.3521, Train Acc: 0.3000, Val Acc: 0.2000
Epoch: 126, Loss: 1.4139, Train Acc: 0.2933, Val Acc: 0.2400
Epoch: 127, Loss: 1.3791, Train Acc: 0.2667, Val Acc: 0.1600
Epoch: 128, Loss: 1.3941, Train Acc: 0.2533, Val Acc: 0.2000
Epoch: 129, Loss: 1.3919, Train Acc: 0.2667, Val Acc: 0.2000
Epoch: 130, Loss: 1.3446, Train Acc: 0.2867, Val Acc: 0.2000
Epoch: 131, Loss: 1.3497, Train Acc: 0.2733, Val Acc: 0.3200
Epoch: 132, Loss: 1.4114, Train Acc: 0.3000, Val Acc: 0.2800
Epoch: 133, Loss: 1.3662, Train Acc: 0.2600, Val Acc: 0.0400
Epoch: 134, Loss: 1.5026, Train Acc: 0.2933, Val Acc: 0.2000
Epoch: 135, Loss: 1.3809, Train Acc: 0.2800, Val Acc: 0.0800
Epoch: 136, Loss: 1.3843, Train Acc: 0.2733, Val Acc: 0.2000
Epoch: 137, Loss: 1.3893, Train Acc: 0.2933, Val Acc: 0.1200
Epoch: 138, Loss: 1.3798, Train Acc: 0.2533, Val Acc: 0.1200
Epoch: 139, Loss: 1.3625, Train Acc: 0.2733, Val Acc: 0.2000
Epoch: 140, Loss: 1.4310, Train Acc: 0.2867, Val Acc: 0.2400
Epoch: 141, Loss: 1.3750, Train Acc: 0.2133, Val Acc: 0.2400
Epoch: 142, Loss: 1.3870, Train Acc: 0.2800, Val Acc: 0.2400
Epoch: 143, Loss: 1.1590, Train Acc: 0.3133, Val Acc: 0.2000
Epoch: 144, Loss: 1.3920, Train Acc: 0.2867, Val Acc: 0.1200
Epoch: 145, Loss: 1.2665, Train Acc: 0.3000, Val Acc: 0.1600
Epoch: 146, Loss: 1.4383, Train Acc: 0.3000, Val Acc: 0.2400
Epoch: 147, Loss: 1.4190, Train Acc: 0.3000, Val Acc: 0.1200
Epoch: 148, Loss: 1.3609, Train Acc: 0.2600, Val Acc: 0.2800
Epoch: 149, Loss: 1.4242, Train Acc: 0.2533, Val Acc: 0.2400
Epoch: 150, Loss: 1.4202, Train Acc: 0.2867, Val Acc: 0.2800
Epoch: 151, Loss: 1.3722, Train Acc: 0.3133, Val Acc: 0.2000
Epoch: 152, Loss: 1.3747, Train Acc: 0.2733, Val Acc: 0.1600
Epoch: 153, Loss: 1.3822, Train Acc: 0.2667, Val Acc: 0.2800
Epoch: 154, Loss: 1.3715, Train Acc: 0.2867, Val Acc: 0.1600
Epoch: 155, Loss: 1.4232, Train Acc: 0.3067, Val Acc: 0.2400
Epoch: 156, Loss: 1.4422, Train Acc: 0.3200, Val Acc: 0.2400
Epoch: 157, Loss: 1.4196, Train Acc: 0.2733, Val Acc: 0.2800
Epoch: 158, Loss: 1.4481, Train Acc: 0.2600, Val Acc: 0.3200
Epoch: 159, Loss: 1.3341, Train Acc: 0.2667, Val Acc: 0.2400
Epoch: 160, Loss: 1.4191, Train Acc: 0.2867, Val Acc: 0.2400
Epoch: 161, Loss: 1.4042, Train Acc: 0.3000, Val Acc: 0.1600
Epoch: 162, Loss: 1.3901, Train Acc: 0.2933, Val Acc: 0.2400
Epoch: 163, Loss: 1.3823, Train Acc: 0.2800, Val Acc: 0.2400
Epoch: 164, Loss: 1.3765, Train Acc: 0.3200, Val Acc: 0.2400
Epoch: 165, Loss: 1.4664, Train Acc: 0.2600, Val Acc: 0.3200
Epoch: 166, Loss: 1.3543, Train Acc: 0.2533, Val Acc: 0.3600
Epoch: 167, Loss: 0.0641, Train Acc: 0.2867, Val Acc: 0.2400
Epoch: 168, Loss: 1.4286, Train Acc: 0.2467, Val Acc: 0.2400
Epoch: 169, Loss: 1.4618, Train Acc: 0.2933, Val Acc: 0.3600
Epoch: 170, Loss: 1.3896, Train Acc: 0.2533, Val Acc: 0.2400
Epoch: 171, Loss: 1.3150, Train Acc: 0.2267, Val Acc: 0.2400
Epoch: 172, Loss: 1.4336, Train Acc: 0.2733, Val Acc: 0.2400
Epoch: 173, Loss: 1.4338, Train Acc: 0.3000, Val Acc: 0.2800
Epoch: 174, Loss: 1.3895, Train Acc: 0.3067, Val Acc: 0.2000
Epoch: 175, Loss: 1.3749, Train Acc: 0.2667, Val Acc: 0.1600
Epoch: 176, Loss: 1.3723, Train Acc: 0.2533, Val Acc: 0.2800
Epoch: 177, Loss: 1.3927, Train Acc: 0.3067, Val Acc: 0.0800
Epoch: 178, Loss: 1.3347, Train Acc: 0.3000, Val Acc: 0.1200
Epoch: 179, Loss: 1.4187, Train Acc: 0.2600, Val Acc: 0.2400
Epoch: 180, Loss: 1.3893, Train Acc: 0.2733, Val Acc: 0.2000
Epoch: 181, Loss: 1.3928, Train Acc: 0.2800, Val Acc: 0.1200
Epoch: 182, Loss: 1.3785, Train Acc: 0.2933, Val Acc: 0.0800
Epoch: 183, Loss: 1.3853, Train Acc: 0.2667, Val Acc: 0.2400
Epoch: 184, Loss: 1.3728, Train Acc: 0.2800, Val Acc: 0.2400
Epoch: 185, Loss: 1.3578, Train Acc: 0.2933, Val Acc: 0.1600
Epoch: 186, Loss: 1.3893, Train Acc: 0.2867, Val Acc: 0.2400
Epoch: 187, Loss: 1.4218, Train Acc: 0.3267, Val Acc: 0.2400
Epoch: 188, Loss: 1.4468, Train Acc: 0.2600, Val Acc: 0.3200
Epoch: 189, Loss: 1.3686, Train Acc: 0.2733, Val Acc: 0.1600
Epoch: 190, Loss: 1.3764, Train Acc: 0.3267, Val Acc: 0.2000
Epoch: 191, Loss: 1.3735, Train Acc: 0.2867, Val Acc: 0.2400
Epoch: 192, Loss: 1.3632, Train Acc: 0.2667, Val Acc: 0.2000
Epoch: 193, Loss: 1.3848, Train Acc: 0.2533, Val Acc: 0.1200
Epoch: 194, Loss: 1.3965, Train Acc: 0.2667, Val Acc: 0.1600
Epoch: 195, Loss: 1.4748, Train Acc: 0.3067, Val Acc: 0.2800
Epoch: 196, Loss: 1.1229, Train Acc: 0.2867, Val Acc: 0.0400
Epoch: 197, Loss: 1.4327, Train Acc: 0.3133, Val Acc: 0.1600
Epoch: 198, Loss: 1.3527, Train Acc: 0.2867, Val Acc: 0.0400
Epoch: 199, Loss: 1.3792, Train Acc: 0.2667, Val Acc: 0.2400
Split 1 evaluatation: Acc: 0.2400, Precision: 0.2400, Recall: 0.2400, F1 : 0.2400

Epoch: 000, Loss: 1.3896, Train Acc: 0.1933, Val Acc: 0.2400
Epoch: 001, Loss: 1.4112, Train Acc: 0.1933, Val Acc: 0.2800
Epoch: 002, Loss: 1.3770, Train Acc: 0.2267, Val Acc: 0.2800
Epoch: 003, Loss: 1.4355, Train Acc: 0.2400, Val Acc: 0.2400
Epoch: 004, Loss: 1.4105, Train Acc: 0.2467, Val Acc: 0.2400
Epoch: 005, Loss: 1.3989, Train Acc: 0.2133, Val Acc: 0.2400
Epoch: 006, Loss: 1.4057, Train Acc: 0.2267, Val Acc: 0.2400
Epoch: 007, Loss: 1.4036, Train Acc: 0.1867, Val Acc: 0.2400
Epoch: 008, Loss: 1.4264, Train Acc: 0.1733, Val Acc: 0.2800
Epoch: 009, Loss: 1.3849, Train Acc: 0.2333, Val Acc: 0.2800
Epoch: 010, Loss: 1.4310, Train Acc: 0.2200, Val Acc: 0.2400
Epoch: 011, Loss: 1.3888, Train Acc: 0.2067, Val Acc: 0.2400
Epoch: 012, Loss: 1.3759, Train Acc: 0.2267, Val Acc: 0.2400
Epoch: 013, Loss: 1.4071, Train Acc: 0.1867, Val Acc: 0.2400
Epoch: 014, Loss: 1.3877, Train Acc: 0.2333, Val Acc: 0.2800
Epoch: 015, Loss: 1.3635, Train Acc: 0.2000, Val Acc: 0.2400
Epoch: 016, Loss: 1.3945, Train Acc: 0.2000, Val Acc: 0.2400
Epoch: 017, Loss: 1.4023, Train Acc: 0.2467, Val Acc: 0.2800
Epoch: 018, Loss: 1.3990, Train Acc: 0.2067, Val Acc: 0.2400
Epoch: 019, Loss: 1.4294, Train Acc: 0.2600, Val Acc: 0.2400
Epoch: 020, Loss: 1.4055, Train Acc: 0.2133, Val Acc: 0.2400
Epoch: 021, Loss: 1.3712, Train Acc: 0.2600, Val Acc: 0.2000
Epoch: 022, Loss: 1.4271, Train Acc: 0.2133, Val Acc: 0.2400
Epoch: 023, Loss: 1.4100, Train Acc: 0.2067, Val Acc: 0.2400
Epoch: 024, Loss: 1.4056, Train Acc: 0.2133, Val Acc: 0.2400
Epoch: 025, Loss: 1.3945, Train Acc: 0.2000, Val Acc: 0.2400
Epoch: 026, Loss: 1.3641, Train Acc: 0.2533, Val Acc: 0.2400
Epoch: 027, Loss: 1.4257, Train Acc: 0.2400, Val Acc: 0.2400
Epoch: 028, Loss: 1.3442, Train Acc: 0.2400, Val Acc: 0.2000
Epoch: 029, Loss: 1.3995, Train Acc: 0.2400, Val Acc: 0.2400
Epoch: 030, Loss: 1.3746, Train Acc: 0.1933, Val Acc: 0.3200
Epoch: 031, Loss: 1.4159, Train Acc: 0.2067, Val Acc: 0.2400
Epoch: 032, Loss: 1.4234, Train Acc: 0.2267, Val Acc: 0.2400
Epoch: 033, Loss: 1.4123, Train Acc: 0.2467, Val Acc: 0.2400
Epoch: 034, Loss: 1.4325, Train Acc: 0.2067, Val Acc: 0.2800
Epoch: 035, Loss: 1.3648, Train Acc: 0.2267, Val Acc: 0.2400
Epoch: 036, Loss: 1.3568, Train Acc: 0.2333, Val Acc: 0.2400
Epoch: 037, Loss: 1.4262, Train Acc: 0.2200, Val Acc: 0.2400
Epoch: 038, Loss: 1.4174, Train Acc: 0.2067, Val Acc: 0.2400
Epoch: 039, Loss: 1.3650, Train Acc: 0.2600, Val Acc: 0.2400
Epoch: 040, Loss: 1.4090, Train Acc: 0.1933, Val Acc: 0.2400
Epoch: 041, Loss: 1.4048, Train Acc: 0.2533, Val Acc: 0.2400
Epoch: 042, Loss: 1.3964, Train Acc: 0.2467, Val Acc: 0.2400
Epoch: 043, Loss: 1.4221, Train Acc: 0.2533, Val Acc: 0.2800
Epoch: 044, Loss: 1.3582, Train Acc: 0.2267, Val Acc: 0.2400
Epoch: 045, Loss: 1.3959, Train Acc: 0.2467, Val Acc: 0.2400
Epoch: 046, Loss: 1.3836, Train Acc: 0.2400, Val Acc: 0.2400
Epoch: 047, Loss: 1.4283, Train Acc: 0.2200, Val Acc: 0.2400
Epoch: 048, Loss: 1.3861, Train Acc: 0.2533, Val Acc: 0.2000
Epoch: 049, Loss: 1.3773, Train Acc: 0.2333, Val Acc: 0.3600
Epoch: 050, Loss: 1.3712, Train Acc: 0.2200, Val Acc: 0.2400
Epoch: 051, Loss: 1.3826, Train Acc: 0.2533, Val Acc: 0.2400
Epoch: 052, Loss: 1.3932, Train Acc: 0.2533, Val Acc: 0.3200
Epoch: 053, Loss: 1.4160, Train Acc: 0.2467, Val Acc: 0.2800
Epoch: 054, Loss: 1.3747, Train Acc: 0.2000, Val Acc: 0.2400
Epoch: 055, Loss: 1.4613, Train Acc: 0.2333, Val Acc: 0.2400
Epoch: 056, Loss: 1.4240, Train Acc: 0.2400, Val Acc: 0.2400
Epoch: 057, Loss: 1.4046, Train Acc: 0.2333, Val Acc: 0.2400
Epoch: 058, Loss: 1.3679, Train Acc: 0.2333, Val Acc: 0.2400
Epoch: 059, Loss: 1.3686, Train Acc: 0.2800, Val Acc: 0.2800
Epoch: 060, Loss: 1.3900, Train Acc: 0.2267, Val Acc: 0.2800
Epoch: 061, Loss: 1.4003, Train Acc: 0.2733, Val Acc: 0.2400
Epoch: 062, Loss: 1.3704, Train Acc: 0.2667, Val Acc: 0.3200
Epoch: 063, Loss: 1.4540, Train Acc: 0.2267, Val Acc: 0.2400
Epoch: 064, Loss: 1.4191, Train Acc: 0.2333, Val Acc: 0.2400
Epoch: 065, Loss: 1.3917, Train Acc: 0.2133, Val Acc: 0.2400
Epoch: 066, Loss: 1.4168, Train Acc: 0.2267, Val Acc: 0.2800
Epoch: 067, Loss: 1.4182, Train Acc: 0.2667, Val Acc: 0.2800
Epoch: 068, Loss: 1.4090, Train Acc: 0.2600, Val Acc: 0.2400
Epoch: 069, Loss: 1.4174, Train Acc: 0.2533, Val Acc: 0.2400
Epoch: 070, Loss: 1.4165, Train Acc: 0.2800, Val Acc: 0.2800
Epoch: 071, Loss: 1.3553, Train Acc: 0.2600, Val Acc: 0.3200
Epoch: 072, Loss: 1.4043, Train Acc: 0.2667, Val Acc: 0.2400
Epoch: 073, Loss: 1.4092, Train Acc: 0.2333, Val Acc: 0.3200
Epoch: 074, Loss: 1.3633, Train Acc: 0.2533, Val Acc: 0.2800
Epoch: 075, Loss: 1.3806, Train Acc: 0.2733, Val Acc: 0.2400
Epoch: 076, Loss: 1.4275, Train Acc: 0.2467, Val Acc: 0.2400
Epoch: 077, Loss: 1.4355, Train Acc: 0.2400, Val Acc: 0.2000
Epoch: 078, Loss: 1.3983, Train Acc: 0.2400, Val Acc: 0.3200
Epoch: 079, Loss: 1.4171, Train Acc: 0.2733, Val Acc: 0.2800
Epoch: 080, Loss: 1.4008, Train Acc: 0.2733, Val Acc: 0.2800
Epoch: 081, Loss: 1.4124, Train Acc: 0.2000, Val Acc: 0.2400
Epoch: 082, Loss: 1.4121, Train Acc: 0.2133, Val Acc: 0.2800
Epoch: 083, Loss: 1.4159, Train Acc: 0.2733, Val Acc: 0.2400
Epoch: 084, Loss: 1.3239, Train Acc: 0.2600, Val Acc: 0.2400
Epoch: 085, Loss: 1.3498, Train Acc: 0.2333, Val Acc: 0.3200
Epoch: 086, Loss: 1.4107, Train Acc: 0.2267, Val Acc: 0.2800
Epoch: 087, Loss: 1.4393, Train Acc: 0.2733, Val Acc: 0.3200
Epoch: 088, Loss: 1.4318, Train Acc: 0.2533, Val Acc: 0.3600
Epoch: 089, Loss: 1.3872, Train Acc: 0.2733, Val Acc: 0.2400
Epoch: 090, Loss: 1.4063, Train Acc: 0.2533, Val Acc: 0.2400
Epoch: 091, Loss: 1.3809, Train Acc: 0.2867, Val Acc: 0.2400
Epoch: 092, Loss: 1.4352, Train Acc: 0.2667, Val Acc: 0.2800
Epoch: 093, Loss: 1.4091, Train Acc: 0.2733, Val Acc: 0.2800
Epoch: 094, Loss: 1.4844, Train Acc: 0.2600, Val Acc: 0.2400
Epoch: 095, Loss: 1.3643, Train Acc: 0.3067, Val Acc: 0.3200
Epoch: 096, Loss: 1.4081, Train Acc: 0.2933, Val Acc: 0.2800
Epoch: 097, Loss: 1.3729, Train Acc: 0.2333, Val Acc: 0.3200
Epoch: 098, Loss: 1.3564, Train Acc: 0.2933, Val Acc: 0.2400
Epoch: 099, Loss: 1.3866, Train Acc: 0.2667, Val Acc: 0.2800
Epoch: 100, Loss: 1.3697, Train Acc: 0.2467, Val Acc: 0.2400
Epoch: 101, Loss: 1.3869, Train Acc: 0.2667, Val Acc: 0.2800
Epoch: 102, Loss: 1.3412, Train Acc: 0.3200, Val Acc: 0.2400
Epoch: 103, Loss: 1.3902, Train Acc: 0.2667, Val Acc: 0.2400
Epoch: 104, Loss: 1.4119, Train Acc: 0.2667, Val Acc: 0.2400
Epoch: 105, Loss: 1.4096, Train Acc: 0.2533, Val Acc: 0.2400
Epoch: 106, Loss: 1.4823, Train Acc: 0.2733, Val Acc: 0.2800
Epoch: 107, Loss: 1.3328, Train Acc: 0.2667, Val Acc: 0.2800
Epoch: 108, Loss: 1.3510, Train Acc: 0.2733, Val Acc: 0.3200
Epoch: 109, Loss: 1.3627, Train Acc: 0.2733, Val Acc: 0.2400
Epoch: 110, Loss: 1.4311, Train Acc: 0.2933, Val Acc: 0.3200
Epoch: 111, Loss: 1.3728, Train Acc: 0.2667, Val Acc: 0.2400
Epoch: 112, Loss: 1.3724, Train Acc: 0.2733, Val Acc: 0.2800
Epoch: 113, Loss: 1.2951, Train Acc: 0.3000, Val Acc: 0.3200
Epoch: 114, Loss: 1.3909, Train Acc: 0.2267, Val Acc: 0.2400
Epoch: 115, Loss: 1.4004, Train Acc: 0.2600, Val Acc: 0.2400
Epoch: 116, Loss: 1.3551, Train Acc: 0.2800, Val Acc: 0.3200
Epoch: 117, Loss: 1.4024, Train Acc: 0.2600, Val Acc: 0.2400
Epoch: 118, Loss: 1.3841, Train Acc: 0.2733, Val Acc: 0.2400
Epoch: 119, Loss: 1.3126, Train Acc: 0.2800, Val Acc: 0.3200
Epoch: 120, Loss: 1.4444, Train Acc: 0.2867, Val Acc: 0.2400
Epoch: 121, Loss: 1.3835, Train Acc: 0.2600, Val Acc: 0.2800
Epoch: 122, Loss: 1.3625, Train Acc: 0.2867, Val Acc: 0.2400
Epoch: 123, Loss: 1.4507, Train Acc: 0.2800, Val Acc: 0.2400
Epoch: 124, Loss: 1.4463, Train Acc: 0.2733, Val Acc: 0.2400
Epoch: 125, Loss: 1.3595, Train Acc: 0.2667, Val Acc: 0.1600
Epoch: 126, Loss: 1.3964, Train Acc: 0.2933, Val Acc: 0.2400
Epoch: 127, Loss: 1.3817, Train Acc: 0.2600, Val Acc: 0.2400
Epoch: 128, Loss: 1.3593, Train Acc: 0.2267, Val Acc: 0.2400
Epoch: 129, Loss: 1.4192, Train Acc: 0.2400, Val Acc: 0.3200
Epoch: 130, Loss: 1.3855, Train Acc: 0.2933, Val Acc: 0.3200
Epoch: 131, Loss: 1.3612, Train Acc: 0.2600, Val Acc: 0.2400
Epoch: 132, Loss: 1.4362, Train Acc: 0.2400, Val Acc: 0.3200
Epoch: 133, Loss: 1.3853, Train Acc: 0.2333, Val Acc: 0.2400
Epoch: 134, Loss: 1.3943, Train Acc: 0.2533, Val Acc: 0.2400
Epoch: 135, Loss: 1.3879, Train Acc: 0.2667, Val Acc: 0.3600
Epoch: 136, Loss: 1.3865, Train Acc: 0.2600, Val Acc: 0.0800
Epoch: 137, Loss: 1.3775, Train Acc: 0.3000, Val Acc: 0.2400
Epoch: 138, Loss: 1.3694, Train Acc: 0.2400, Val Acc: 0.2000
Epoch: 139, Loss: 1.4140, Train Acc: 0.2800, Val Acc: 0.3200
Epoch: 140, Loss: 1.3068, Train Acc: 0.2800, Val Acc: 0.2800
Epoch: 141, Loss: 1.3971, Train Acc: 0.2600, Val Acc: 0.2400
Epoch: 142, Loss: 1.4374, Train Acc: 0.2800, Val Acc: 0.2800
Epoch: 143, Loss: 1.3657, Train Acc: 0.2800, Val Acc: 0.3200
Epoch: 144, Loss: 1.3793, Train Acc: 0.2533, Val Acc: 0.3200
Epoch: 145, Loss: 1.3423, Train Acc: 0.2733, Val Acc: 0.2400
Epoch: 146, Loss: 1.4281, Train Acc: 0.2800, Val Acc: 0.2400
Epoch: 147, Loss: 1.3725, Train Acc: 0.2867, Val Acc: 0.2400
Epoch: 148, Loss: 1.4335, Train Acc: 0.3000, Val Acc: 0.2400
Epoch: 149, Loss: 1.3934, Train Acc: 0.2600, Val Acc: 0.2400
Epoch: 150, Loss: 1.4012, Train Acc: 0.2667, Val Acc: 0.2800
Epoch: 151, Loss: 1.4149, Train Acc: 0.2600, Val Acc: 0.3200
Epoch: 152, Loss: 1.3770, Train Acc: 0.2667, Val Acc: 0.2800
Epoch: 153, Loss: 1.3630, Train Acc: 0.2667, Val Acc: 0.2400
Epoch: 154, Loss: 1.3990, Train Acc: 0.2933, Val Acc: 0.2400
Epoch: 155, Loss: 1.3893, Train Acc: 0.2933, Val Acc: 0.2400
Epoch: 156, Loss: 1.4229, Train Acc: 0.3200, Val Acc: 0.2400
Epoch: 157, Loss: 1.3779, Train Acc: 0.2267, Val Acc: 0.3200
Epoch: 158, Loss: 1.3421, Train Acc: 0.3267, Val Acc: 0.2400
Epoch: 159, Loss: 1.4026, Train Acc: 0.3000, Val Acc: 0.2800
Epoch: 160, Loss: 1.4342, Train Acc: 0.2867, Val Acc: 0.1600
Epoch: 161, Loss: 1.3885, Train Acc: 0.3067, Val Acc: 0.3200
Epoch: 162, Loss: 1.3019, Train Acc: 0.3067, Val Acc: 0.3200
Epoch: 163, Loss: 1.3880, Train Acc: 0.2267, Val Acc: 0.3600
Epoch: 164, Loss: 1.3733, Train Acc: 0.3000, Val Acc: 0.3200
Epoch: 165, Loss: 1.3498, Train Acc: 0.2733, Val Acc: 0.2400
Epoch: 166, Loss: 1.3718, Train Acc: 0.3267, Val Acc: 0.2400
Epoch: 167, Loss: 1.4299, Train Acc: 0.3267, Val Acc: 0.2000
Epoch: 168, Loss: 1.4151, Train Acc: 0.2800, Val Acc: 0.2000
Epoch: 169, Loss: 1.4088, Train Acc: 0.3333, Val Acc: 0.2800
Epoch: 170, Loss: 1.3747, Train Acc: 0.2867, Val Acc: 0.0800
Epoch: 171, Loss: 1.4027, Train Acc: 0.2667, Val Acc: 0.2400
Epoch: 172, Loss: 1.3557, Train Acc: 0.3067, Val Acc: 0.1200
Epoch: 173, Loss: 1.4211, Train Acc: 0.2933, Val Acc: 0.3200
Epoch: 174, Loss: 1.3623, Train Acc: 0.3067, Val Acc: 0.2800
Epoch: 175, Loss: 1.3389, Train Acc: 0.2467, Val Acc: 0.2400
Epoch: 176, Loss: 1.4176, Train Acc: 0.2933, Val Acc: 0.2400
Epoch: 177, Loss: 1.3889, Train Acc: 0.3200, Val Acc: 0.0400
Epoch: 178, Loss: 1.3797, Train Acc: 0.3067, Val Acc: 0.2000
Epoch: 179, Loss: 1.3716, Train Acc: 0.3067, Val Acc: 0.1600
Epoch: 180, Loss: 1.3667, Train Acc: 0.2867, Val Acc: 0.2800
Epoch: 181, Loss: 1.3612, Train Acc: 0.2800, Val Acc: 0.2800
Epoch: 182, Loss: 1.3583, Train Acc: 0.3000, Val Acc: 0.1600
Epoch: 183, Loss: 1.3424, Train Acc: 0.2867, Val Acc: 0.2800
Epoch: 184, Loss: 1.3900, Train Acc: 0.3000, Val Acc: 0.2400
Epoch: 185, Loss: 1.3710, Train Acc: 0.3333, Val Acc: 0.3200
Epoch: 186, Loss: 1.3913, Train Acc: 0.2733, Val Acc: 0.2400
Epoch: 187, Loss: 1.4319, Train Acc: 0.2933, Val Acc: 0.2800
Epoch: 188, Loss: 1.4352, Train Acc: 0.2733, Val Acc: 0.2400
Epoch: 189, Loss: 1.3621, Train Acc: 0.2733, Val Acc: 0.2800
Epoch: 190, Loss: 1.3114, Train Acc: 0.2933, Val Acc: 0.2400
Epoch: 191, Loss: 1.2599, Train Acc: 0.2933, Val Acc: 0.2800
Epoch: 192, Loss: 1.3974, Train Acc: 0.2933, Val Acc: 0.3200
Epoch: 193, Loss: 1.3811, Train Acc: 0.3133, Val Acc: 0.2400
Epoch: 194, Loss: 1.3511, Train Acc: 0.3000, Val Acc: 0.3200
Epoch: 195, Loss: 1.3514, Train Acc: 0.3533, Val Acc: 0.2400
Epoch: 196, Loss: 1.4089, Train Acc: 0.3400, Val Acc: 0.1600
Epoch: 197, Loss: 1.4205, Train Acc: 0.2867, Val Acc: 0.3200
Epoch: 198, Loss: 1.4453, Train Acc: 0.2800, Val Acc: 0.2400
Epoch: 199, Loss: 1.3652, Train Acc: 0.3267, Val Acc: 0.2000
Split 2 evaluatation: Acc: 0.1200, Precision: 0.1200, Recall: 0.1200, F1 : 0.1200

Epoch: 000, Loss: 1.4202, Train Acc: 0.1933, Val Acc: 0.2400
Epoch: 001, Loss: 1.3623, Train Acc: 0.2133, Val Acc: 0.2400
Epoch: 002, Loss: 1.3814, Train Acc: 0.2533, Val Acc: 0.2400
Epoch: 003, Loss: 1.4224, Train Acc: 0.2400, Val Acc: 0.2400
Epoch: 004, Loss: 1.4171, Train Acc: 0.2133, Val Acc: 0.2400
Epoch: 005, Loss: 1.4605, Train Acc: 0.2200, Val Acc: 0.2400
Epoch: 006, Loss: 1.3607, Train Acc: 0.2133, Val Acc: 0.2400
Epoch: 007, Loss: 1.4250, Train Acc: 0.2000, Val Acc: 0.2400
Epoch: 008, Loss: 1.3816, Train Acc: 0.2133, Val Acc: 0.2800
Epoch: 009, Loss: 1.3593, Train Acc: 0.2200, Val Acc: 0.2400
Epoch: 010, Loss: 1.4085, Train Acc: 0.1867, Val Acc: 0.2800
Epoch: 011, Loss: 1.4249, Train Acc: 0.2133, Val Acc: 0.2400
Epoch: 012, Loss: 1.4018, Train Acc: 0.1867, Val Acc: 0.2400
Epoch: 013, Loss: 1.4075, Train Acc: 0.1933, Val Acc: 0.2800
Epoch: 014, Loss: 1.3679, Train Acc: 0.1933, Val Acc: 0.2400
Epoch: 015, Loss: 1.3642, Train Acc: 0.2267, Val Acc: 0.2800
Epoch: 016, Loss: 1.3372, Train Acc: 0.2733, Val Acc: 0.2400
Epoch: 017, Loss: 1.4179, Train Acc: 0.2267, Val Acc: 0.2400
Epoch: 018, Loss: 1.4164, Train Acc: 0.2600, Val Acc: 0.2800
Epoch: 019, Loss: 1.4124, Train Acc: 0.2000, Val Acc: 0.2800
Epoch: 020, Loss: 1.3788, Train Acc: 0.2133, Val Acc: 0.2800
Epoch: 021, Loss: 1.4012, Train Acc: 0.2200, Val Acc: 0.2400
Epoch: 022, Loss: 1.4546, Train Acc: 0.2333, Val Acc: 0.2800
Epoch: 023, Loss: 1.3984, Train Acc: 0.2333, Val Acc: 0.1600
Epoch: 024, Loss: 1.3942, Train Acc: 0.2467, Val Acc: 0.1600
Epoch: 025, Loss: 1.4332, Train Acc: 0.2067, Val Acc: 0.2400
Epoch: 026, Loss: 1.4002, Train Acc: 0.2067, Val Acc: 0.2800
Epoch: 027, Loss: 1.4108, Train Acc: 0.2200, Val Acc: 0.2400
Epoch: 028, Loss: 1.4117, Train Acc: 0.2400, Val Acc: 0.2400
Epoch: 029, Loss: 1.4113, Train Acc: 0.2133, Val Acc: 0.2400
Epoch: 030, Loss: 1.4154, Train Acc: 0.1867, Val Acc: 0.2400
Epoch: 031, Loss: 1.3867, Train Acc: 0.2000, Val Acc: 0.2400
Epoch: 032, Loss: 1.4073, Train Acc: 0.2333, Val Acc: 0.2400
Epoch: 033, Loss: 1.4114, Train Acc: 0.2467, Val Acc: 0.2400
Epoch: 034, Loss: 1.4507, Train Acc: 0.2400, Val Acc: 0.2800
Epoch: 035, Loss: 1.4008, Train Acc: 0.2467, Val Acc: 0.2400
Epoch: 036, Loss: 1.4140, Train Acc: 0.2133, Val Acc: 0.2400
Epoch: 037, Loss: 1.4017, Train Acc: 0.2133, Val Acc: 0.2000
Epoch: 038, Loss: 1.4193, Train Acc: 0.2067, Val Acc: 0.2400
Epoch: 039, Loss: 1.3761, Train Acc: 0.1800, Val Acc: 0.2400
Epoch: 040, Loss: 1.4527, Train Acc: 0.2000, Val Acc: 0.2400
Epoch: 041, Loss: 1.3986, Train Acc: 0.2333, Val Acc: 0.2400
Epoch: 042, Loss: 1.3661, Train Acc: 0.2267, Val Acc: 0.1600
Epoch: 043, Loss: 1.3994, Train Acc: 0.2400, Val Acc: 0.2400
Epoch: 044, Loss: 1.3792, Train Acc: 0.2533, Val Acc: 0.2400
Epoch: 045, Loss: 1.3557, Train Acc: 0.2800, Val Acc: 0.2800
Epoch: 046, Loss: 1.4005, Train Acc: 0.2267, Val Acc: 0.2400
Epoch: 047, Loss: 1.4123, Train Acc: 0.1800, Val Acc: 0.2400
Epoch: 048, Loss: 1.3695, Train Acc: 0.2067, Val Acc: 0.2400
Epoch: 049, Loss: 1.4296, Train Acc: 0.2733, Val Acc: 0.2400
Epoch: 050, Loss: 1.3615, Train Acc: 0.1933, Val Acc: 0.2400
Epoch: 051, Loss: 1.4590, Train Acc: 0.2067, Val Acc: 0.2400
Epoch: 052, Loss: 1.3691, Train Acc: 0.2400, Val Acc: 0.2800
Epoch: 053, Loss: 1.3257, Train Acc: 0.2133, Val Acc: 0.2400
Epoch: 054, Loss: 1.3773, Train Acc: 0.2733, Val Acc: 0.2800
Epoch: 055, Loss: 1.3548, Train Acc: 0.2200, Val Acc: 0.2800
Epoch: 056, Loss: 1.3687, Train Acc: 0.2267, Val Acc: 0.2400
Epoch: 057, Loss: 1.3927, Train Acc: 0.2533, Val Acc: 0.2800
Epoch: 058, Loss: 1.3698, Train Acc: 0.2600, Val Acc: 0.3200
Epoch: 059, Loss: 1.3885, Train Acc: 0.2000, Val Acc: 0.3200
Epoch: 060, Loss: 1.3688, Train Acc: 0.2200, Val Acc: 0.3600
Epoch: 061, Loss: 1.3990, Train Acc: 0.2667, Val Acc: 0.2000
Epoch: 062, Loss: 1.3892, Train Acc: 0.2733, Val Acc: 0.3200
Epoch: 063, Loss: 1.3654, Train Acc: 0.2067, Val Acc: 0.2800
Epoch: 064, Loss: 1.4519, Train Acc: 0.2733, Val Acc: 0.2800
Epoch: 065, Loss: 1.3886, Train Acc: 0.2800, Val Acc: 0.2800
Epoch: 066, Loss: 1.3854, Train Acc: 0.2267, Val Acc: 0.2800
Epoch: 067, Loss: 1.3850, Train Acc: 0.2533, Val Acc: 0.2800
Epoch: 068, Loss: 1.3993, Train Acc: 0.2533, Val Acc: 0.2400
Epoch: 069, Loss: 1.4086, Train Acc: 0.2600, Val Acc: 0.2400
Epoch: 070, Loss: 1.3765, Train Acc: 0.2467, Val Acc: 0.2400
Epoch: 071, Loss: 1.4135, Train Acc: 0.2733, Val Acc: 0.2400
Epoch: 072, Loss: 1.3552, Train Acc: 0.2933, Val Acc: 0.2400
Epoch: 073, Loss: 1.3793, Train Acc: 0.2600, Val Acc: 0.1200
Epoch: 074, Loss: 1.3875, Train Acc: 0.2267, Val Acc: 0.2400
Epoch: 075, Loss: 1.3835, Train Acc: 0.2667, Val Acc: 0.2000
Epoch: 076, Loss: 1.3861, Train Acc: 0.2000, Val Acc: 0.2400
Epoch: 077, Loss: 1.3693, Train Acc: 0.2267, Val Acc: 0.2800
Epoch: 078, Loss: 1.4117, Train Acc: 0.2733, Val Acc: 0.2400
Epoch: 079, Loss: 1.4398, Train Acc: 0.2467, Val Acc: 0.3200
Epoch: 080, Loss: 1.3665, Train Acc: 0.2400, Val Acc: 0.4000
Epoch: 081, Loss: 1.4126, Train Acc: 0.2400, Val Acc: 0.2400
Epoch: 082, Loss: 1.4531, Train Acc: 0.2533, Val Acc: 0.2800
Epoch: 083, Loss: 1.4095, Train Acc: 0.2267, Val Acc: 0.3600
Epoch: 084, Loss: 1.3912, Train Acc: 0.2267, Val Acc: 0.2800
Epoch: 085, Loss: 1.3816, Train Acc: 0.2533, Val Acc: 0.2400
Epoch: 086, Loss: 1.4087, Train Acc: 0.2067, Val Acc: 0.2400
Epoch: 087, Loss: 1.3364, Train Acc: 0.2467, Val Acc: 0.2400
Epoch: 088, Loss: 1.4363, Train Acc: 0.2733, Val Acc: 0.2800
Epoch: 089, Loss: 1.3723, Train Acc: 0.2267, Val Acc: 0.2400
Epoch: 090, Loss: 1.3554, Train Acc: 0.2467, Val Acc: 0.2400
Epoch: 091, Loss: 1.3639, Train Acc: 0.2667, Val Acc: 0.3200
Epoch: 092, Loss: 1.3624, Train Acc: 0.2800, Val Acc: 0.3200
Epoch: 093, Loss: 1.3917, Train Acc: 0.2733, Val Acc: 0.2400
Epoch: 094, Loss: 1.4299, Train Acc: 0.2867, Val Acc: 0.2400
Epoch: 095, Loss: 1.4360, Train Acc: 0.2467, Val Acc: 0.2400
Epoch: 096, Loss: 1.4593, Train Acc: 0.2600, Val Acc: 0.2400
Epoch: 097, Loss: 1.4085, Train Acc: 0.2667, Val Acc: 0.2800
Epoch: 098, Loss: 1.3463, Train Acc: 0.2200, Val Acc: 0.2400
Epoch: 099, Loss: 1.4188, Train Acc: 0.2200, Val Acc: 0.2400
Epoch: 100, Loss: 1.4546, Train Acc: 0.2600, Val Acc: 0.2400
Epoch: 101, Loss: 1.3596, Train Acc: 0.2533, Val Acc: 0.2800
Epoch: 102, Loss: 1.3689, Train Acc: 0.2600, Val Acc: 0.2400
Epoch: 103, Loss: 1.4294, Train Acc: 0.2667, Val Acc: 0.2400
Epoch: 104, Loss: 1.4079, Train Acc: 0.2733, Val Acc: 0.2000
Epoch: 105, Loss: 1.3864, Train Acc: 0.2800, Val Acc: 0.2400
Epoch: 106, Loss: 1.3576, Train Acc: 0.2533, Val Acc: 0.2800
Epoch: 107, Loss: 1.3989, Train Acc: 0.2333, Val Acc: 0.3600
Epoch: 108, Loss: 1.3433, Train Acc: 0.2733, Val Acc: 0.2400
Epoch: 109, Loss: 1.4077, Train Acc: 0.2667, Val Acc: 0.2800
Epoch: 110, Loss: 1.3596, Train Acc: 0.2533, Val Acc: 0.3600
Epoch: 111, Loss: 1.3752, Train Acc: 0.2733, Val Acc: 0.2800
Epoch: 112, Loss: 1.3718, Train Acc: 0.2667, Val Acc: 0.2800
Epoch: 113, Loss: 1.3348, Train Acc: 0.2600, Val Acc: 0.2800
Epoch: 114, Loss: 1.4392, Train Acc: 0.2267, Val Acc: 0.2400
Epoch: 115, Loss: 1.4355, Train Acc: 0.2533, Val Acc: 0.4000
Epoch: 116, Loss: 1.3595, Train Acc: 0.2733, Val Acc: 0.3600
Epoch: 117, Loss: 1.3842, Train Acc: 0.2133, Val Acc: 0.2400
Epoch: 118, Loss: 1.3598, Train Acc: 0.2867, Val Acc: 0.2800
Epoch: 119, Loss: 1.4238, Train Acc: 0.2667, Val Acc: 0.2400
Epoch: 120, Loss: 1.3864, Train Acc: 0.2533, Val Acc: 0.2400
Epoch: 121, Loss: 1.3869, Train Acc: 0.2733, Val Acc: 0.3200
Epoch: 122, Loss: 1.4683, Train Acc: 0.2467, Val Acc: 0.1600
Epoch: 123, Loss: 1.3354, Train Acc: 0.2600, Val Acc: 0.2400
Epoch: 124, Loss: 1.4854, Train Acc: 0.3200, Val Acc: 0.2800
Epoch: 125, Loss: 1.4330, Train Acc: 0.2533, Val Acc: 0.2800
Epoch: 126, Loss: 1.4753, Train Acc: 0.2267, Val Acc: 0.2000
Epoch: 127, Loss: 1.4426, Train Acc: 0.2933, Val Acc: 0.2000
Epoch: 128, Loss: 1.3921, Train Acc: 0.2733, Val Acc: 0.2800
Epoch: 129, Loss: 1.4334, Train Acc: 0.2533, Val Acc: 0.2800
Epoch: 130, Loss: 1.4970, Train Acc: 0.2667, Val Acc: 0.2800
Epoch: 131, Loss: 1.3832, Train Acc: 0.2667, Val Acc: 0.1600
Epoch: 132, Loss: 1.4056, Train Acc: 0.2733, Val Acc: 0.2000
Epoch: 133, Loss: 1.4224, Train Acc: 0.2467, Val Acc: 0.2000
Epoch: 134, Loss: 1.4342, Train Acc: 0.2600, Val Acc: 0.3600
Epoch: 135, Loss: 1.3921, Train Acc: 0.2600, Val Acc: 0.3600
Epoch: 136, Loss: 1.3490, Train Acc: 0.2867, Val Acc: 0.2000
Epoch: 137, Loss: 1.3943, Train Acc: 0.2600, Val Acc: 0.2400
Epoch: 138, Loss: 1.3522, Train Acc: 0.3000, Val Acc: 0.2000
Epoch: 139, Loss: 1.3687, Train Acc: 0.2467, Val Acc: 0.3200
Epoch: 140, Loss: 1.3716, Train Acc: 0.2667, Val Acc: 0.3200
Epoch: 141, Loss: 1.4121, Train Acc: 0.1933, Val Acc: 0.3200
Epoch: 142, Loss: 1.4153, Train Acc: 0.2933, Val Acc: 0.2400
Epoch: 143, Loss: 1.4262, Train Acc: 0.2533, Val Acc: 0.2400
Epoch: 144, Loss: 1.3362, Train Acc: 0.2533, Val Acc: 0.2000
Epoch: 145, Loss: 1.3771, Train Acc: 0.2800, Val Acc: 0.2800
Epoch: 146, Loss: 1.4284, Train Acc: 0.2667, Val Acc: 0.2400
Epoch: 147, Loss: 1.3797, Train Acc: 0.2867, Val Acc: 0.2400
Epoch: 148, Loss: 1.3554, Train Acc: 0.2800, Val Acc: 0.2400
Epoch: 149, Loss: 1.4224, Train Acc: 0.2800, Val Acc: 0.2400
Epoch: 150, Loss: 1.4334, Train Acc: 0.2800, Val Acc: 0.2800
Epoch: 151, Loss: 1.4122, Train Acc: 0.2733, Val Acc: 0.2800
Epoch: 152, Loss: 1.3601, Train Acc: 0.2867, Val Acc: 0.2800
Epoch: 153, Loss: 1.4149, Train Acc: 0.2600, Val Acc: 0.2000
Epoch: 154, Loss: 1.4148, Train Acc: 0.2467, Val Acc: 0.2400
Epoch: 155, Loss: 1.3901, Train Acc: 0.2667, Val Acc: 0.2400
Epoch: 156, Loss: 1.3825, Train Acc: 0.2933, Val Acc: 0.2400
Epoch: 157, Loss: 1.2968, Train Acc: 0.2867, Val Acc: 0.2400
Epoch: 158, Loss: 1.4505, Train Acc: 0.2733, Val Acc: 0.2000
Epoch: 159, Loss: 1.3470, Train Acc: 0.2933, Val Acc: 0.1600
Epoch: 160, Loss: 1.4480, Train Acc: 0.3067, Val Acc: 0.3600
Epoch: 161, Loss: 1.4480, Train Acc: 0.2467, Val Acc: 0.3600
Epoch: 162, Loss: 1.3722, Train Acc: 0.2533, Val Acc: 0.2400
Epoch: 163, Loss: 1.4121, Train Acc: 0.2667, Val Acc: 0.2400
Epoch: 164, Loss: 1.3681, Train Acc: 0.2667, Val Acc: 0.2400
Epoch: 165, Loss: 1.3700, Train Acc: 0.2667, Val Acc: 0.2400
Epoch: 166, Loss: 1.4228, Train Acc: 0.3000, Val Acc: 0.2000
Epoch: 167, Loss: 1.3950, Train Acc: 0.2800, Val Acc: 0.2400
Epoch: 168, Loss: 1.4362, Train Acc: 0.2867, Val Acc: 0.4400
Epoch: 169, Loss: 1.4340, Train Acc: 0.2867, Val Acc: 0.1600
Epoch: 170, Loss: 1.2572, Train Acc: 0.3200, Val Acc: 0.2000
Epoch: 171, Loss: 1.3431, Train Acc: 0.2467, Val Acc: 0.2400
Epoch: 172, Loss: 1.3442, Train Acc: 0.2733, Val Acc: 0.2800
Epoch: 173, Loss: 1.4218, Train Acc: 0.2733, Val Acc: 0.2800
Epoch: 174, Loss: 1.3825, Train Acc: 0.2400, Val Acc: 0.3200
Epoch: 175, Loss: 1.4234, Train Acc: 0.2733, Val Acc: 0.2800
Epoch: 176, Loss: 1.3721, Train Acc: 0.2733, Val Acc: 0.3600
Epoch: 177, Loss: 1.3820, Train Acc: 0.2667, Val Acc: 0.1600
Epoch: 178, Loss: 1.3171, Train Acc: 0.2467, Val Acc: 0.2800
Epoch: 179, Loss: 1.3564, Train Acc: 0.2667, Val Acc: 0.2400
Epoch: 180, Loss: 1.3604, Train Acc: 0.2867, Val Acc: 0.2000
Epoch: 181, Loss: 1.4046, Train Acc: 0.2933, Val Acc: 0.2400
Epoch: 182, Loss: 1.4375, Train Acc: 0.2667, Val Acc: 0.3200
Epoch: 183, Loss: 1.3821, Train Acc: 0.3067, Val Acc: 0.2800
Epoch: 184, Loss: 1.4077, Train Acc: 0.2867, Val Acc: 0.2400
Epoch: 185, Loss: 1.3415, Train Acc: 0.2600, Val Acc: 0.1600
Epoch: 186, Loss: 1.4000, Train Acc: 0.2667, Val Acc: 0.2800
Epoch: 187, Loss: 1.4320, Train Acc: 0.2467, Val Acc: 0.2800
Epoch: 188, Loss: 1.3555, Train Acc: 0.2733, Val Acc: 0.2800
Epoch: 189, Loss: 1.3843, Train Acc: 0.2533, Val Acc: 0.2800
Epoch: 190, Loss: 1.4040, Train Acc: 0.2733, Val Acc: 0.2800
Epoch: 191, Loss: 1.2390, Train Acc: 0.2867, Val Acc: 0.2400
Epoch: 192, Loss: 1.4313, Train Acc: 0.2933, Val Acc: 0.2000
Epoch: 193, Loss: 1.3257, Train Acc: 0.2867, Val Acc: 0.2800
Epoch: 194, Loss: 1.4181, Train Acc: 0.2400, Val Acc: 0.2400
Epoch: 195, Loss: 1.4937, Train Acc: 0.2733, Val Acc: 0.2800
Epoch: 196, Loss: 1.3399, Train Acc: 0.2867, Val Acc: 0.2800
Epoch: 197, Loss: 1.3212, Train Acc: 0.2667, Val Acc: 0.2800
Epoch: 198, Loss: 1.3274, Train Acc: 0.2533, Val Acc: 0.2800
Epoch: 199, Loss: 1.3879, Train Acc: 0.2667, Val Acc: 0.2800
Split 3 evaluatation: Acc: 0.4000, Precision: 0.4000, Recall: 0.4000, F1 : 0.4000

Average Evaluation Metrics: Acc 0.2800, Precision: 0.2800, Recall: 0.2800, F1: 0.2800
