MOFED version '4.9-2.2.6' not available in this container.
No matching alternate version found.
GAT(
  (initial_gat): GATv2Conv(512, 256, heads=8)
  (gat1): GATv2Conv(2048, 256, heads=8)
  (gat2): GATv2Conv(2048, 256, heads=8)
  (gat3): GATv2Conv(2048, 256, heads=8)
  (gat4): GATv2Conv(2048, 256, heads=8)
  (gat5): GATv2Conv(2048, 256, heads=8)
  (gat6): GATv2Conv(2048, 256, heads=8)
  (gat7): GATv2Conv(2048, 256, heads=8)
  (out): Linear(512, 4, bias=True)
)
Number of parameters:  60884996

Epoch: 000, Loss: 1.3862, Train Acc: 0.2333, Val Acc: 0.2400
Epoch: 001, Loss: 1.3577, Train Acc: 0.2200, Val Acc: 0.2400
Epoch: 002, Loss: 1.4169, Train Acc: 0.2133, Val Acc: 0.2400
Epoch: 003, Loss: 1.4018, Train Acc: 0.1867, Val Acc: 0.2400
Epoch: 004, Loss: 1.3237, Train Acc: 0.2400, Val Acc: 0.2400
Epoch: 005, Loss: 1.3250, Train Acc: 0.2400, Val Acc: 0.2400
Epoch: 006, Loss: 1.3806, Train Acc: 0.1800, Val Acc: 0.2400
Epoch: 007, Loss: 1.3923, Train Acc: 0.2267, Val Acc: 0.2400
Epoch: 008, Loss: 1.3978, Train Acc: 0.2333, Val Acc: 0.2400
Epoch: 009, Loss: 1.4042, Train Acc: 0.2133, Val Acc: 0.2400
Epoch: 010, Loss: 1.4301, Train Acc: 0.2467, Val Acc: 0.2400
Epoch: 011, Loss: 1.4440, Train Acc: 0.2133, Val Acc: 0.2400
Epoch: 012, Loss: 1.3730, Train Acc: 0.2467, Val Acc: 0.2800
Epoch: 013, Loss: 1.4065, Train Acc: 0.2533, Val Acc: 0.2400
Epoch: 014, Loss: 1.3971, Train Acc: 0.2133, Val Acc: 0.2400
Epoch: 015, Loss: 1.3874, Train Acc: 0.2267, Val Acc: 0.2400
Epoch: 016, Loss: 1.3896, Train Acc: 0.2200, Val Acc: 0.2400
Epoch: 017, Loss: 1.3790, Train Acc: 0.2200, Val Acc: 0.2400
Epoch: 018, Loss: 1.4419, Train Acc: 0.2733, Val Acc: 0.2400
Epoch: 019, Loss: 1.3902, Train Acc: 0.2800, Val Acc: 0.2400
Epoch: 020, Loss: 1.3916, Train Acc: 0.1933, Val Acc: 0.2400
Epoch: 021, Loss: 1.3943, Train Acc: 0.2000, Val Acc: 0.2400
Epoch: 022, Loss: 1.3965, Train Acc: 0.2400, Val Acc: 0.2400
Epoch: 023, Loss: 1.3997, Train Acc: 0.2467, Val Acc: 0.2400
Epoch: 024, Loss: 1.4142, Train Acc: 0.2667, Val Acc: 0.2000
Epoch: 025, Loss: 1.3462, Train Acc: 0.1867, Val Acc: 0.2000
Epoch: 026, Loss: 1.3559, Train Acc: 0.2200, Val Acc: 0.3200
Epoch: 027, Loss: 1.4056, Train Acc: 0.2267, Val Acc: 0.2400
Epoch: 028, Loss: 1.4318, Train Acc: 0.2533, Val Acc: 0.2400
Epoch: 029, Loss: 1.3683, Train Acc: 0.2467, Val Acc: 0.2400
Epoch: 030, Loss: 1.4212, Train Acc: 0.2333, Val Acc: 0.2000
Epoch: 031, Loss: 1.3975, Train Acc: 0.1933, Val Acc: 0.2400
Epoch: 032, Loss: 1.4444, Train Acc: 0.2533, Val Acc: 0.2400
Epoch: 033, Loss: 1.4111, Train Acc: 0.2267, Val Acc: 0.2400
Epoch: 034, Loss: 1.3893, Train Acc: 0.2533, Val Acc: 0.3200
Epoch: 035, Loss: 0.7301, Train Acc: 0.2600, Val Acc: 0.2400
Epoch: 036, Loss: 1.3562, Train Acc: 0.1933, Val Acc: 0.2400
Epoch: 037, Loss: 1.3640, Train Acc: 0.2333, Val Acc: 0.2400
Epoch: 038, Loss: 1.3918, Train Acc: 0.2467, Val Acc: 0.2400
Epoch: 039, Loss: 1.3424, Train Acc: 0.2533, Val Acc: 0.2400
Epoch: 040, Loss: 1.3848, Train Acc: 0.2133, Val Acc: 0.2400
Epoch: 041, Loss: 1.4058, Train Acc: 0.2467, Val Acc: 0.2400
Epoch: 042, Loss: 1.3854, Train Acc: 0.1933, Val Acc: 0.2400
Epoch: 043, Loss: 1.3776, Train Acc: 0.2533, Val Acc: 0.2800
Epoch: 044, Loss: 1.4444, Train Acc: 0.2267, Val Acc: 0.2400
Epoch: 045, Loss: 1.3127, Train Acc: 0.2400, Val Acc: 0.2400
Epoch: 046, Loss: 1.4234, Train Acc: 0.2867, Val Acc: 0.2800
Epoch: 047, Loss: 1.3657, Train Acc: 0.1867, Val Acc: 0.2800
Epoch: 048, Loss: 1.4184, Train Acc: 0.2333, Val Acc: 0.2400
Epoch: 049, Loss: 0.5842, Train Acc: 0.2467, Val Acc: 0.2400
Epoch: 050, Loss: 1.3971, Train Acc: 0.2800, Val Acc: 0.2400
Epoch: 051, Loss: 1.3715, Train Acc: 0.2267, Val Acc: 0.2400
Epoch: 052, Loss: 1.3639, Train Acc: 0.2733, Val Acc: 0.2400
Epoch: 053, Loss: 1.4308, Train Acc: 0.2467, Val Acc: 0.2000
Epoch: 054, Loss: 1.4073, Train Acc: 0.2200, Val Acc: 0.2000
Epoch: 055, Loss: 1.3784, Train Acc: 0.2200, Val Acc: 0.2000
Epoch: 056, Loss: 1.4262, Train Acc: 0.2733, Val Acc: 0.2400
Epoch: 057, Loss: 1.4444, Train Acc: 0.2600, Val Acc: 0.2400
Epoch: 058, Loss: 1.4096, Train Acc: 0.2733, Val Acc: 0.2400
Epoch: 059, Loss: 1.4215, Train Acc: 0.2533, Val Acc: 0.2400
Epoch: 060, Loss: 1.4284, Train Acc: 0.2200, Val Acc: 0.2800
Epoch: 061, Loss: 1.3587, Train Acc: 0.2267, Val Acc: 0.2400
Epoch: 062, Loss: 1.4382, Train Acc: 0.2467, Val Acc: 0.2400
Epoch: 063, Loss: 1.3966, Train Acc: 0.2267, Val Acc: 0.2400
Epoch: 064, Loss: 1.4295, Train Acc: 0.2200, Val Acc: 0.2400
Epoch: 065, Loss: 1.4075, Train Acc: 0.2533, Val Acc: 0.2400
Epoch: 066, Loss: 1.3840, Train Acc: 0.2000, Val Acc: 0.3200
Epoch: 067, Loss: 1.4330, Train Acc: 0.1933, Val Acc: 0.2000
Epoch: 068, Loss: 1.3624, Train Acc: 0.2333, Val Acc: 0.2400
Epoch: 069, Loss: 1.3832, Train Acc: 0.2667, Val Acc: 0.2000
Epoch: 070, Loss: 1.3833, Train Acc: 0.2733, Val Acc: 0.2400
Epoch: 071, Loss: 1.3744, Train Acc: 0.2467, Val Acc: 0.2400
Epoch: 072, Loss: 1.4387, Train Acc: 0.2333, Val Acc: 0.2400
Epoch: 073, Loss: 1.4172, Train Acc: 0.2333, Val Acc: 0.1600
Epoch: 074, Loss: 1.3797, Train Acc: 0.2200, Val Acc: 0.2400
Epoch: 075, Loss: 1.4116, Train Acc: 0.2267, Val Acc: 0.2800
Epoch: 076, Loss: 1.3886, Train Acc: 0.2667, Val Acc: 0.2000
Epoch: 077, Loss: 1.4594, Train Acc: 0.2867, Val Acc: 0.2400
Epoch: 078, Loss: 1.4075, Train Acc: 0.2867, Val Acc: 0.2400
Epoch: 079, Loss: 0.3469, Train Acc: 0.2400, Val Acc: 0.2400
Epoch: 080, Loss: 1.1916, Train Acc: 0.2400, Val Acc: 0.2800
Epoch: 081, Loss: 1.3555, Train Acc: 0.2533, Val Acc: 0.2400
Epoch: 082, Loss: 1.4223, Train Acc: 0.2200, Val Acc: 0.2400
Epoch: 083, Loss: 1.3970, Train Acc: 0.2533, Val Acc: 0.2000
Epoch: 084, Loss: 1.3890, Train Acc: 0.2667, Val Acc: 0.2400
Epoch: 085, Loss: 1.4187, Train Acc: 0.2733, Val Acc: 0.2800
Epoch: 086, Loss: 1.4126, Train Acc: 0.2267, Val Acc: 0.2400
Epoch: 087, Loss: 1.3407, Train Acc: 0.2333, Val Acc: 0.2400
Epoch: 088, Loss: 1.3813, Train Acc: 0.2800, Val Acc: 0.2400
Epoch: 089, Loss: 1.3566, Train Acc: 0.2333, Val Acc: 0.3200
Epoch: 090, Loss: 1.3528, Train Acc: 0.2933, Val Acc: 0.2400
Epoch: 091, Loss: 1.3886, Train Acc: 0.2600, Val Acc: 0.2400
Epoch: 092, Loss: 1.3915, Train Acc: 0.2467, Val Acc: 0.2400
Epoch: 093, Loss: 1.4332, Train Acc: 0.2467, Val Acc: 0.2400
Epoch: 094, Loss: 1.3759, Train Acc: 0.2133, Val Acc: 0.2400
Epoch: 095, Loss: 1.4158, Train Acc: 0.2867, Val Acc: 0.2400
Epoch: 096, Loss: 1.2231, Train Acc: 0.2600, Val Acc: 0.2400
Epoch: 097, Loss: 1.3970, Train Acc: 0.2733, Val Acc: 0.2400
Epoch: 098, Loss: 1.4043, Train Acc: 0.2800, Val Acc: 0.2400
Epoch: 099, Loss: 1.3717, Train Acc: 0.2400, Val Acc: 0.2400
Epoch: 100, Loss: 1.4412, Train Acc: 0.2800, Val Acc: 0.2400
Epoch: 101, Loss: 1.3953, Train Acc: 0.2533, Val Acc: 0.2400
Epoch: 102, Loss: 1.3647, Train Acc: 0.2933, Val Acc: 0.2400
Epoch: 103, Loss: 1.4199, Train Acc: 0.2733, Val Acc: 0.2400
Epoch: 104, Loss: 1.4029, Train Acc: 0.2733, Val Acc: 0.2400
Epoch: 105, Loss: 1.3802, Train Acc: 0.2733, Val Acc: 0.3200
Epoch: 106, Loss: 1.3920, Train Acc: 0.2600, Val Acc: 0.2400
Epoch: 107, Loss: 1.3936, Train Acc: 0.3000, Val Acc: 0.2400
Epoch: 108, Loss: 1.4456, Train Acc: 0.2867, Val Acc: 0.2400
Epoch: 109, Loss: 1.4375, Train Acc: 0.2800, Val Acc: 0.2800
Epoch: 110, Loss: 1.3909, Train Acc: 0.2133, Val Acc: 0.2000
Epoch: 111, Loss: 1.3754, Train Acc: 0.2733, Val Acc: 0.3200
Epoch: 112, Loss: 1.3570, Train Acc: 0.2667, Val Acc: 0.2000
Epoch: 113, Loss: 1.3736, Train Acc: 0.2600, Val Acc: 0.2000
Epoch: 114, Loss: 1.3591, Train Acc: 0.1867, Val Acc: 0.2400
Epoch: 115, Loss: 1.4044, Train Acc: 0.3133, Val Acc: 0.2400
Epoch: 116, Loss: 1.4061, Train Acc: 0.2867, Val Acc: 0.2400
Epoch: 117, Loss: 1.3829, Train Acc: 0.2667, Val Acc: 0.3200
Epoch: 118, Loss: 1.4196, Train Acc: 0.2467, Val Acc: 0.2400
Epoch: 119, Loss: 1.3942, Train Acc: 0.2800, Val Acc: 0.2400
Epoch: 120, Loss: 1.4006, Train Acc: 0.2667, Val Acc: 0.2400
Epoch: 121, Loss: 1.3880, Train Acc: 0.2267, Val Acc: 0.2400
Epoch: 122, Loss: 1.3575, Train Acc: 0.2667, Val Acc: 0.2800
Epoch: 123, Loss: 1.2874, Train Acc: 0.3267, Val Acc: 0.2400
Epoch: 124, Loss: 1.3721, Train Acc: 0.2267, Val Acc: 0.2400
Epoch: 125, Loss: 1.4155, Train Acc: 0.2333, Val Acc: 0.1600
Epoch: 126, Loss: 1.4189, Train Acc: 0.2733, Val Acc: 0.2400
Epoch: 127, Loss: 1.3173, Train Acc: 0.2333, Val Acc: 0.2400
Epoch: 128, Loss: 1.2533, Train Acc: 0.3067, Val Acc: 0.2400
Epoch: 129, Loss: 1.4306, Train Acc: 0.2467, Val Acc: 0.2400
Epoch: 130, Loss: 1.4631, Train Acc: 0.2267, Val Acc: 0.2400
Epoch: 131, Loss: 1.4521, Train Acc: 0.2733, Val Acc: 0.2400
Epoch: 132, Loss: 1.3437, Train Acc: 0.2733, Val Acc: 0.2400
Epoch: 133, Loss: 1.4021, Train Acc: 0.2800, Val Acc: 0.2400
Epoch: 134, Loss: 1.4241, Train Acc: 0.2333, Val Acc: 0.2400
Epoch: 135, Loss: 1.3518, Train Acc: 0.2200, Val Acc: 0.3200
Epoch: 136, Loss: 1.4123, Train Acc: 0.2933, Val Acc: 0.2400
Epoch: 137, Loss: 1.3889, Train Acc: 0.2600, Val Acc: 0.2800
Epoch: 138, Loss: 1.2235, Train Acc: 0.2667, Val Acc: 0.2800
Epoch: 139, Loss: 1.3640, Train Acc: 0.2200, Val Acc: 0.2800
Epoch: 140, Loss: 1.3648, Train Acc: 0.2467, Val Acc: 0.3200
Epoch: 141, Loss: 1.3818, Train Acc: 0.2467, Val Acc: 0.2400
Epoch: 142, Loss: 1.4092, Train Acc: 0.2467, Val Acc: 0.2400
Epoch: 143, Loss: 1.4127, Train Acc: 0.2733, Val Acc: 0.2400
Epoch: 144, Loss: 1.3948, Train Acc: 0.2800, Val Acc: 0.2400
Epoch: 145, Loss: 1.3637, Train Acc: 0.2733, Val Acc: 0.2400
Epoch: 146, Loss: 1.3651, Train Acc: 0.2800, Val Acc: 0.2400
Epoch: 147, Loss: 1.4181, Train Acc: 0.2533, Val Acc: 0.2400
Epoch: 148, Loss: 1.3793, Train Acc: 0.2333, Val Acc: 0.2400
Epoch: 149, Loss: 1.3286, Train Acc: 0.2667, Val Acc: 0.2000
Epoch: 150, Loss: 1.3819, Train Acc: 0.3067, Val Acc: 0.2400
Epoch: 151, Loss: 1.1462, Train Acc: 0.2267, Val Acc: 0.2400
Epoch: 152, Loss: 1.3685, Train Acc: 0.2400, Val Acc: 0.2400
Epoch: 153, Loss: 1.3812, Train Acc: 0.2400, Val Acc: 0.2400
Epoch: 154, Loss: 1.3583, Train Acc: 0.2133, Val Acc: 0.2400
Epoch: 155, Loss: 1.3317, Train Acc: 0.2800, Val Acc: 0.2400
Epoch: 156, Loss: 1.3701, Train Acc: 0.2800, Val Acc: 0.2400
Epoch: 157, Loss: 1.4049, Train Acc: 0.2733, Val Acc: 0.2400
Epoch: 158, Loss: 1.3607, Train Acc: 0.2533, Val Acc: 0.2400
Epoch: 159, Loss: 1.3462, Train Acc: 0.2933, Val Acc: 0.2800
Epoch: 160, Loss: 1.3840, Train Acc: 0.2933, Val Acc: 0.2000
Epoch: 161, Loss: 1.3645, Train Acc: 0.3067, Val Acc: 0.2400
Epoch: 162, Loss: 1.3989, Train Acc: 0.3067, Val Acc: 0.2000
Epoch: 163, Loss: 1.3276, Train Acc: 0.2467, Val Acc: 0.2000
Epoch: 164, Loss: 1.3940, Train Acc: 0.2800, Val Acc: 0.2400
Epoch: 165, Loss: 1.3684, Train Acc: 0.2667, Val Acc: 0.3200
Epoch: 166, Loss: 1.3942, Train Acc: 0.2933, Val Acc: 0.2400
Epoch: 167, Loss: 1.3165, Train Acc: 0.2800, Val Acc: 0.2400
Epoch: 168, Loss: 1.4848, Train Acc: 0.2733, Val Acc: 0.2800
Epoch: 169, Loss: 1.3830, Train Acc: 0.2667, Val Acc: 0.2400
Epoch: 170, Loss: 1.4491, Train Acc: 0.2733, Val Acc: 0.2800
Epoch: 171, Loss: 1.3543, Train Acc: 0.2600, Val Acc: 0.2400
Epoch: 172, Loss: 1.3773, Train Acc: 0.2867, Val Acc: 0.2400
Epoch: 173, Loss: 1.4716, Train Acc: 0.3067, Val Acc: 0.2800
Epoch: 174, Loss: 1.3691, Train Acc: 0.2800, Val Acc: 0.2400
Epoch: 175, Loss: 1.3898, Train Acc: 0.2733, Val Acc: 0.2400
Epoch: 176, Loss: 1.3986, Train Acc: 0.2667, Val Acc: 0.2800
Epoch: 177, Loss: 1.3833, Train Acc: 0.2267, Val Acc: 0.2400
Epoch: 178, Loss: 1.4415, Train Acc: 0.2800, Val Acc: 0.2400
Epoch: 179, Loss: 1.4196, Train Acc: 0.2600, Val Acc: 0.2800
Epoch: 180, Loss: 1.4286, Train Acc: 0.2667, Val Acc: 0.3200
Epoch: 181, Loss: 1.3748, Train Acc: 0.3200, Val Acc: 0.2400
Epoch: 182, Loss: 0.1353, Train Acc: 0.2600, Val Acc: 0.2400
Epoch: 183, Loss: 1.3828, Train Acc: 0.2867, Val Acc: 0.3200
Epoch: 184, Loss: 1.3785, Train Acc: 0.2600, Val Acc: 0.2800
Epoch: 185, Loss: 1.3768, Train Acc: 0.2933, Val Acc: 0.2000
Epoch: 186, Loss: 1.4487, Train Acc: 0.3333, Val Acc: 0.2000
Epoch: 187, Loss: 1.4462, Train Acc: 0.2267, Val Acc: 0.2400
Epoch: 188, Loss: 1.3636, Train Acc: 0.2800, Val Acc: 0.2400
Epoch: 189, Loss: 1.3825, Train Acc: 0.2600, Val Acc: 0.2800
Epoch: 190, Loss: 1.3762, Train Acc: 0.3000, Val Acc: 0.2400
Epoch: 191, Loss: 1.3471, Train Acc: 0.3067, Val Acc: 0.2800
Epoch: 192, Loss: 1.3818, Train Acc: 0.2733, Val Acc: 0.2400
Epoch: 193, Loss: 1.4344, Train Acc: 0.2667, Val Acc: 0.2400
Epoch: 194, Loss: 1.3504, Train Acc: 0.3000, Val Acc: 0.2000
Epoch: 195, Loss: 1.3921, Train Acc: 0.2667, Val Acc: 0.1600
Epoch: 196, Loss: 1.4037, Train Acc: 0.3000, Val Acc: 0.2800
Epoch: 197, Loss: 1.3875, Train Acc: 0.2600, Val Acc: 0.2400
Epoch: 198, Loss: 1.3366, Train Acc: 0.3000, Val Acc: 0.2400
Epoch: 199, Loss: 1.4132, Train Acc: 0.2867, Val Acc: 0.2400
Split 0 evaluatation: Acc: 0.2800, Precision: 0.2800, Recall: 0.2800, F1 : 0.2800

Epoch: 000, Loss: 1.3857, Train Acc: 0.1933, Val Acc: 0.2400
Epoch: 001, Loss: 1.3808, Train Acc: 0.2200, Val Acc: 0.2400
Epoch: 002, Loss: 1.3503, Train Acc: 0.2400, Val Acc: 0.2400
Epoch: 003, Loss: 1.3935, Train Acc: 0.2467, Val Acc: 0.2400
Epoch: 004, Loss: 1.3791, Train Acc: 0.2067, Val Acc: 0.2400
Epoch: 005, Loss: 1.4567, Train Acc: 0.1667, Val Acc: 0.2400
Epoch: 006, Loss: 1.4151, Train Acc: 0.2533, Val Acc: 0.2000
Epoch: 007, Loss: 1.1966, Train Acc: 0.2333, Val Acc: 0.2400
Epoch: 008, Loss: 1.4089, Train Acc: 0.1800, Val Acc: 0.2400
Epoch: 009, Loss: 1.4630, Train Acc: 0.2133, Val Acc: 0.2800
Epoch: 010, Loss: 1.4045, Train Acc: 0.2067, Val Acc: 0.1600
Epoch: 011, Loss: 1.3899, Train Acc: 0.2200, Val Acc: 0.2400
Epoch: 012, Loss: 1.4155, Train Acc: 0.2133, Val Acc: 0.0800
Epoch: 013, Loss: 1.3860, Train Acc: 0.2133, Val Acc: 0.2400
Epoch: 014, Loss: 1.4231, Train Acc: 0.2200, Val Acc: 0.2400
Epoch: 015, Loss: 1.4003, Train Acc: 0.2467, Val Acc: 0.2400
Epoch: 016, Loss: 1.3401, Train Acc: 0.2267, Val Acc: 0.2400
Epoch: 017, Loss: 1.4216, Train Acc: 0.2533, Val Acc: 0.2400
Epoch: 018, Loss: 1.3704, Train Acc: 0.2667, Val Acc: 0.2800
Epoch: 019, Loss: 1.4278, Train Acc: 0.1867, Val Acc: 0.1600
Epoch: 020, Loss: 1.4101, Train Acc: 0.2533, Val Acc: 0.3600
Epoch: 021, Loss: 1.3865, Train Acc: 0.2333, Val Acc: 0.2000
Epoch: 022, Loss: 1.4297, Train Acc: 0.2467, Val Acc: 0.2400
Epoch: 023, Loss: 1.4004, Train Acc: 0.2067, Val Acc: 0.1200
Epoch: 024, Loss: 1.3836, Train Acc: 0.2067, Val Acc: 0.1200
Epoch: 025, Loss: 1.3963, Train Acc: 0.2333, Val Acc: 0.2400
Epoch: 026, Loss: 1.4081, Train Acc: 0.2400, Val Acc: 0.2400
Epoch: 027, Loss: 1.3787, Train Acc: 0.2000, Val Acc: 0.2400
Epoch: 028, Loss: 1.3686, Train Acc: 0.1933, Val Acc: 0.2400
Epoch: 029, Loss: 1.4478, Train Acc: 0.2133, Val Acc: 0.2400
Epoch: 030, Loss: 1.4214, Train Acc: 0.2200, Val Acc: 0.1200
Epoch: 031, Loss: 1.3931, Train Acc: 0.2133, Val Acc: 0.2000
Epoch: 032, Loss: 1.3967, Train Acc: 0.2467, Val Acc: 0.1200
Epoch: 033, Loss: 1.4060, Train Acc: 0.2200, Val Acc: 0.2400
Epoch: 034, Loss: 1.4192, Train Acc: 0.2067, Val Acc: 0.2400
Epoch: 035, Loss: 1.3979, Train Acc: 0.1867, Val Acc: 0.2400
Epoch: 036, Loss: 1.4145, Train Acc: 0.2133, Val Acc: 0.2400
Epoch: 037, Loss: 1.4225, Train Acc: 0.2267, Val Acc: 0.2400
Epoch: 038, Loss: 1.4158, Train Acc: 0.2467, Val Acc: 0.1600
Epoch: 039, Loss: 1.4047, Train Acc: 0.2467, Val Acc: 0.2000
Epoch: 040, Loss: 1.4227, Train Acc: 0.2667, Val Acc: 0.2400
Epoch: 041, Loss: 1.4220, Train Acc: 0.2200, Val Acc: 0.2400
Epoch: 042, Loss: 1.3701, Train Acc: 0.2267, Val Acc: 0.1600
Epoch: 043, Loss: 1.3966, Train Acc: 0.2667, Val Acc: 0.2800
Epoch: 044, Loss: 1.3570, Train Acc: 0.2533, Val Acc: 0.2800
Epoch: 045, Loss: 1.4297, Train Acc: 0.2133, Val Acc: 0.2400
Epoch: 046, Loss: 1.4100, Train Acc: 0.2267, Val Acc: 0.1200
Epoch: 047, Loss: 1.3910, Train Acc: 0.2400, Val Acc: 0.2800
Epoch: 048, Loss: 1.3770, Train Acc: 0.2733, Val Acc: 0.1200
Epoch: 049, Loss: 1.4115, Train Acc: 0.2667, Val Acc: 0.2400
Epoch: 050, Loss: 1.4112, Train Acc: 0.2467, Val Acc: 0.2400
Epoch: 051, Loss: 1.3565, Train Acc: 0.2667, Val Acc: 0.2400
Epoch: 052, Loss: 1.4208, Train Acc: 0.2600, Val Acc: 0.1200
Epoch: 053, Loss: 1.3899, Train Acc: 0.2000, Val Acc: 0.1200
Epoch: 054, Loss: 1.4359, Train Acc: 0.2267, Val Acc: 0.2400
Epoch: 055, Loss: 1.3804, Train Acc: 0.1867, Val Acc: 0.2800
Epoch: 056, Loss: 1.3400, Train Acc: 0.2400, Val Acc: 0.2400
Epoch: 057, Loss: 1.4125, Train Acc: 0.2800, Val Acc: 0.2000
Epoch: 058, Loss: 1.3709, Train Acc: 0.2267, Val Acc: 0.1600
Epoch: 059, Loss: 1.4035, Train Acc: 0.2400, Val Acc: 0.2800
Epoch: 060, Loss: 1.3853, Train Acc: 0.2467, Val Acc: 0.1200
Epoch: 061, Loss: 1.3866, Train Acc: 0.1933, Val Acc: 0.0800
Epoch: 062, Loss: 1.3672, Train Acc: 0.2200, Val Acc: 0.1600
Epoch: 063, Loss: 1.3695, Train Acc: 0.2333, Val Acc: 0.1200
Epoch: 064, Loss: 1.3936, Train Acc: 0.2533, Val Acc: 0.2400
Epoch: 065, Loss: 1.3540, Train Acc: 0.2800, Val Acc: 0.2400
Epoch: 066, Loss: 1.4053, Train Acc: 0.2800, Val Acc: 0.2400
Epoch: 067, Loss: 1.4136, Train Acc: 0.2467, Val Acc: 0.2000
Epoch: 068, Loss: 1.4017, Train Acc: 0.2067, Val Acc: 0.0800
Epoch: 069, Loss: 1.3659, Train Acc: 0.2333, Val Acc: 0.2000
Epoch: 070, Loss: 1.4045, Train Acc: 0.2733, Val Acc: 0.2400
Epoch: 071, Loss: 1.3793, Train Acc: 0.2133, Val Acc: 0.2000
Epoch: 072, Loss: 1.3589, Train Acc: 0.2867, Val Acc: 0.2800
Epoch: 073, Loss: 1.3837, Train Acc: 0.2600, Val Acc: 0.2400
Epoch: 074, Loss: 1.4144, Train Acc: 0.2600, Val Acc: 0.2400
Epoch: 075, Loss: 1.4362, Train Acc: 0.2533, Val Acc: 0.1600
Epoch: 076, Loss: 1.3898, Train Acc: 0.2800, Val Acc: 0.2400
Epoch: 077, Loss: 1.3928, Train Acc: 0.2533, Val Acc: 0.0800
Epoch: 078, Loss: 1.3712, Train Acc: 0.2400, Val Acc: 0.2000
Epoch: 079, Loss: 1.4345, Train Acc: 0.3000, Val Acc: 0.0800
Epoch: 080, Loss: 1.3743, Train Acc: 0.2267, Val Acc: 0.2400
Epoch: 081, Loss: 1.3938, Train Acc: 0.2333, Val Acc: 0.2000
Epoch: 082, Loss: 1.4088, Train Acc: 0.2467, Val Acc: 0.2400
Epoch: 083, Loss: 1.3884, Train Acc: 0.2867, Val Acc: 0.2800
Epoch: 084, Loss: 1.3673, Train Acc: 0.2200, Val Acc: 0.1600
Epoch: 085, Loss: 1.3902, Train Acc: 0.2400, Val Acc: 0.2400
Epoch: 086, Loss: 1.3743, Train Acc: 0.2733, Val Acc: 0.2400
Epoch: 087, Loss: 1.4164, Train Acc: 0.2667, Val Acc: 0.2800
Epoch: 088, Loss: 1.3863, Train Acc: 0.2533, Val Acc: 0.2400
Epoch: 089, Loss: 1.4069, Train Acc: 0.2400, Val Acc: 0.2400
Epoch: 090, Loss: 1.3825, Train Acc: 0.2600, Val Acc: 0.1200
Epoch: 091, Loss: 1.3939, Train Acc: 0.2867, Val Acc: 0.2400
Epoch: 092, Loss: 1.3896, Train Acc: 0.2667, Val Acc: 0.1600
Epoch: 093, Loss: 1.3651, Train Acc: 0.2467, Val Acc: 0.2400
Epoch: 094, Loss: 1.3446, Train Acc: 0.2600, Val Acc: 0.2400
Epoch: 095, Loss: 1.3747, Train Acc: 0.2933, Val Acc: 0.2400
Epoch: 096, Loss: 1.4286, Train Acc: 0.2533, Val Acc: 0.1200
Epoch: 097, Loss: 1.4357, Train Acc: 0.2467, Val Acc: 0.1200
Epoch: 098, Loss: 1.3331, Train Acc: 0.3000, Val Acc: 0.2400
Epoch: 099, Loss: 1.4387, Train Acc: 0.2600, Val Acc: 0.2400
Epoch: 100, Loss: 1.3102, Train Acc: 0.2867, Val Acc: 0.2400
Epoch: 101, Loss: 1.3921, Train Acc: 0.2200, Val Acc: 0.2400
Epoch: 102, Loss: 1.4068, Train Acc: 0.2800, Val Acc: 0.2800
Epoch: 103, Loss: 1.4254, Train Acc: 0.3000, Val Acc: 0.1200
Epoch: 104, Loss: 1.4115, Train Acc: 0.2667, Val Acc: 0.1200
Epoch: 105, Loss: 1.4344, Train Acc: 0.2267, Val Acc: 0.0800
Epoch: 106, Loss: 1.4002, Train Acc: 0.2467, Val Acc: 0.2400
Epoch: 107, Loss: 1.4050, Train Acc: 0.2667, Val Acc: 0.1200
Epoch: 108, Loss: 1.3940, Train Acc: 0.3133, Val Acc: 0.0800
Epoch: 109, Loss: 1.3959, Train Acc: 0.2867, Val Acc: 0.2800
Epoch: 110, Loss: 1.3734, Train Acc: 0.2267, Val Acc: 0.1200
Epoch: 111, Loss: 1.3561, Train Acc: 0.3000, Val Acc: 0.2400
Epoch: 112, Loss: 1.4280, Train Acc: 0.2867, Val Acc: 0.2400
Epoch: 113, Loss: 1.4001, Train Acc: 0.2867, Val Acc: 0.2400
Epoch: 114, Loss: 1.4066, Train Acc: 0.2067, Val Acc: 0.2400
Epoch: 115, Loss: 1.3508, Train Acc: 0.2867, Val Acc: 0.2400
Epoch: 116, Loss: 1.3473, Train Acc: 0.2800, Val Acc: 0.2400
Epoch: 117, Loss: 1.2851, Train Acc: 0.1867, Val Acc: 0.2800
Epoch: 118, Loss: 1.4230, Train Acc: 0.2533, Val Acc: 0.2400
Epoch: 119, Loss: 1.3519, Train Acc: 0.3067, Val Acc: 0.2400
Epoch: 120, Loss: 1.4164, Train Acc: 0.2600, Val Acc: 0.1600
Epoch: 121, Loss: 1.3986, Train Acc: 0.2267, Val Acc: 0.2400
Epoch: 122, Loss: 1.3869, Train Acc: 0.2267, Val Acc: 0.1200
Epoch: 123, Loss: 1.2111, Train Acc: 0.2267, Val Acc: 0.2800
Epoch: 124, Loss: 1.4361, Train Acc: 0.3067, Val Acc: 0.2800
Epoch: 125, Loss: 1.3155, Train Acc: 0.2200, Val Acc: 0.2000
Epoch: 126, Loss: 1.4232, Train Acc: 0.2600, Val Acc: 0.1200
Epoch: 127, Loss: 1.3932, Train Acc: 0.2467, Val Acc: 0.2400
Epoch: 128, Loss: 1.2024, Train Acc: 0.2733, Val Acc: 0.2800
Epoch: 129, Loss: 1.3974, Train Acc: 0.2800, Val Acc: 0.0400
Epoch: 130, Loss: 1.3750, Train Acc: 0.2533, Val Acc: 0.2400
Epoch: 131, Loss: 1.3873, Train Acc: 0.2933, Val Acc: 0.2400
Epoch: 132, Loss: 1.3815, Train Acc: 0.2267, Val Acc: 0.0400
Epoch: 133, Loss: 1.4219, Train Acc: 0.2467, Val Acc: 0.2400
Epoch: 134, Loss: 1.4234, Train Acc: 0.2733, Val Acc: 0.2400
Epoch: 135, Loss: 1.4581, Train Acc: 0.2667, Val Acc: 0.2400
Epoch: 136, Loss: 1.3662, Train Acc: 0.2800, Val Acc: 0.2400
Epoch: 137, Loss: 1.3459, Train Acc: 0.2733, Val Acc: 0.2800
Epoch: 138, Loss: 1.1920, Train Acc: 0.2800, Val Acc: 0.2400
Epoch: 139, Loss: 1.4146, Train Acc: 0.2200, Val Acc: 0.2400
Epoch: 140, Loss: 1.3611, Train Acc: 0.2933, Val Acc: 0.2800
Epoch: 141, Loss: 1.3846, Train Acc: 0.2267, Val Acc: 0.2400
Epoch: 142, Loss: 1.3723, Train Acc: 0.3000, Val Acc: 0.1200
Epoch: 143, Loss: 1.4581, Train Acc: 0.2733, Val Acc: 0.1200
Epoch: 144, Loss: 1.4077, Train Acc: 0.2733, Val Acc: 0.3600
Epoch: 145, Loss: 1.4139, Train Acc: 0.3067, Val Acc: 0.2800
Epoch: 146, Loss: 1.3464, Train Acc: 0.2533, Val Acc: 0.2400
Epoch: 147, Loss: 1.4192, Train Acc: 0.2867, Val Acc: 0.2400
Epoch: 148, Loss: 1.4248, Train Acc: 0.2667, Val Acc: 0.2400
Epoch: 149, Loss: 1.4411, Train Acc: 0.2933, Val Acc: 0.2800
Epoch: 150, Loss: 1.3808, Train Acc: 0.2533, Val Acc: 0.1600
Epoch: 151, Loss: 1.3934, Train Acc: 0.2533, Val Acc: 0.2400
Epoch: 152, Loss: 1.4018, Train Acc: 0.2600, Val Acc: 0.1200
Epoch: 153, Loss: 1.4003, Train Acc: 0.2533, Val Acc: 0.1600
Epoch: 154, Loss: 1.3423, Train Acc: 0.2800, Val Acc: 0.2000
Epoch: 155, Loss: 1.3716, Train Acc: 0.2600, Val Acc: 0.2400
Epoch: 156, Loss: 1.4574, Train Acc: 0.3067, Val Acc: 0.2400
Epoch: 157, Loss: 1.4167, Train Acc: 0.2400, Val Acc: 0.0800
Epoch: 158, Loss: 1.4295, Train Acc: 0.2267, Val Acc: 0.2800
Epoch: 159, Loss: 1.3631, Train Acc: 0.2867, Val Acc: 0.1200
Epoch: 160, Loss: 1.4263, Train Acc: 0.2867, Val Acc: 0.2400
Epoch: 161, Loss: 1.4362, Train Acc: 0.2667, Val Acc: 0.3200
Epoch: 162, Loss: 1.3821, Train Acc: 0.2733, Val Acc: 0.2000
Epoch: 163, Loss: 1.4135, Train Acc: 0.2933, Val Acc: 0.2400
Epoch: 164, Loss: 1.3568, Train Acc: 0.2933, Val Acc: 0.2800
Epoch: 165, Loss: 1.3715, Train Acc: 0.3133, Val Acc: 0.2000
Epoch: 166, Loss: 1.3482, Train Acc: 0.2667, Val Acc: 0.2800
Epoch: 167, Loss: 1.3375, Train Acc: 0.3000, Val Acc: 0.0400
Epoch: 168, Loss: 1.3420, Train Acc: 0.2733, Val Acc: 0.1200
Epoch: 169, Loss: 1.3700, Train Acc: 0.2933, Val Acc: 0.2800
Epoch: 170, Loss: 1.4477, Train Acc: 0.3000, Val Acc: 0.2400
Epoch: 171, Loss: 1.5162, Train Acc: 0.2667, Val Acc: 0.1200
Epoch: 172, Loss: 1.3720, Train Acc: 0.2933, Val Acc: 0.1200
Epoch: 173, Loss: 1.4216, Train Acc: 0.2733, Val Acc: 0.0800
Epoch: 174, Loss: 1.3667, Train Acc: 0.3067, Val Acc: 0.0800
Epoch: 175, Loss: 1.3747, Train Acc: 0.2667, Val Acc: 0.2000
Epoch: 176, Loss: 1.3874, Train Acc: 0.2867, Val Acc: 0.2400
Epoch: 177, Loss: 1.4001, Train Acc: 0.2733, Val Acc: 0.2400
Epoch: 178, Loss: 1.3624, Train Acc: 0.3000, Val Acc: 0.2000
Epoch: 179, Loss: 1.3961, Train Acc: 0.2933, Val Acc: 0.3200
Epoch: 180, Loss: 1.3755, Train Acc: 0.2467, Val Acc: 0.1600
Epoch: 181, Loss: 1.4050, Train Acc: 0.2667, Val Acc: 0.1200
Epoch: 182, Loss: 1.3799, Train Acc: 0.3067, Val Acc: 0.0400
Epoch: 183, Loss: 1.3476, Train Acc: 0.2600, Val Acc: 0.2000
Epoch: 184, Loss: 1.3766, Train Acc: 0.2933, Val Acc: 0.1600
Epoch: 185, Loss: 1.3962, Train Acc: 0.3200, Val Acc: 0.2400
Epoch: 186, Loss: 1.3837, Train Acc: 0.2467, Val Acc: 0.2000
Epoch: 187, Loss: 1.3815, Train Acc: 0.3133, Val Acc: 0.2000
Epoch: 188, Loss: 1.4200, Train Acc: 0.2800, Val Acc: 0.2800
Epoch: 189, Loss: 1.4243, Train Acc: 0.2733, Val Acc: 0.2400
Epoch: 190, Loss: 1.3396, Train Acc: 0.2933, Val Acc: 0.1600
Epoch: 191, Loss: 1.3806, Train Acc: 0.2867, Val Acc: 0.2800
Epoch: 192, Loss: 1.3633, Train Acc: 0.2667, Val Acc: 0.2800
Epoch: 193, Loss: 1.4555, Train Acc: 0.2933, Val Acc: 0.2800
Epoch: 194, Loss: 1.3808, Train Acc: 0.2933, Val Acc: 0.2000
Epoch: 195, Loss: 1.4443, Train Acc: 0.2733, Val Acc: 0.2000
Epoch: 196, Loss: 1.4191, Train Acc: 0.3067, Val Acc: 0.3200
Epoch: 197, Loss: 1.4175, Train Acc: 0.2933, Val Acc: 0.2400
Epoch: 198, Loss: 1.3437, Train Acc: 0.2533, Val Acc: 0.2400
Epoch: 199, Loss: 1.4314, Train Acc: 0.2733, Val Acc: 0.0800
Split 1 evaluatation: Acc: 0.3600, Precision: 0.3600, Recall: 0.3600, F1 : 0.3600

Epoch: 000, Loss: 1.4250, Train Acc: 0.2267, Val Acc: 0.2800
Epoch: 001, Loss: 1.3983, Train Acc: 0.2067, Val Acc: 0.2400
Epoch: 002, Loss: 1.4064, Train Acc: 0.2267, Val Acc: 0.2400
Epoch: 003, Loss: 1.3601, Train Acc: 0.2533, Val Acc: 0.2400
Epoch: 004, Loss: 1.3836, Train Acc: 0.2467, Val Acc: 0.2400
Epoch: 005, Loss: 1.3970, Train Acc: 0.1800, Val Acc: 0.2400
Epoch: 006, Loss: 1.4124, Train Acc: 0.2200, Val Acc: 0.3200
Epoch: 007, Loss: 1.4007, Train Acc: 0.2400, Val Acc: 0.2400
Epoch: 008, Loss: 1.4327, Train Acc: 0.2333, Val Acc: 0.2400
Epoch: 009, Loss: 1.3713, Train Acc: 0.2267, Val Acc: 0.2400
Epoch: 010, Loss: 1.3849, Train Acc: 0.2067, Val Acc: 0.2800
Epoch: 011, Loss: 1.3953, Train Acc: 0.2067, Val Acc: 0.2400
Epoch: 012, Loss: 1.3686, Train Acc: 0.2467, Val Acc: 0.2400
Epoch: 013, Loss: 1.4244, Train Acc: 0.2400, Val Acc: 0.2400
Epoch: 014, Loss: 1.4085, Train Acc: 0.2467, Val Acc: 0.2400
Epoch: 015, Loss: 1.3563, Train Acc: 0.2067, Val Acc: 0.2800
Epoch: 016, Loss: 1.3650, Train Acc: 0.1800, Val Acc: 0.3200
Epoch: 017, Loss: 1.3802, Train Acc: 0.2533, Val Acc: 0.2400
Epoch: 018, Loss: 1.3662, Train Acc: 0.2200, Val Acc: 0.3200
Epoch: 019, Loss: 1.3906, Train Acc: 0.1867, Val Acc: 0.2800
Epoch: 020, Loss: 1.3746, Train Acc: 0.2133, Val Acc: 0.2400
Epoch: 021, Loss: 1.3748, Train Acc: 0.1933, Val Acc: 0.3200
Epoch: 022, Loss: 1.3777, Train Acc: 0.2067, Val Acc: 0.2800
Epoch: 023, Loss: 1.3692, Train Acc: 0.2533, Val Acc: 0.3200
Epoch: 024, Loss: 1.3829, Train Acc: 0.2000, Val Acc: 0.2800
Epoch: 025, Loss: 1.3915, Train Acc: 0.2000, Val Acc: 0.2800
Epoch: 026, Loss: 1.4134, Train Acc: 0.2067, Val Acc: 0.2400
Epoch: 027, Loss: 1.3535, Train Acc: 0.2333, Val Acc: 0.2400
Epoch: 028, Loss: 1.3862, Train Acc: 0.1933, Val Acc: 0.2400
Epoch: 029, Loss: 1.3885, Train Acc: 0.2133, Val Acc: 0.2400
Epoch: 030, Loss: 1.4133, Train Acc: 0.2333, Val Acc: 0.2400
Epoch: 031, Loss: 1.3987, Train Acc: 0.2733, Val Acc: 0.2800
Epoch: 032, Loss: 1.4541, Train Acc: 0.2467, Val Acc: 0.2800
Epoch: 033, Loss: 1.3588, Train Acc: 0.2533, Val Acc: 0.2400
Epoch: 034, Loss: 1.3699, Train Acc: 0.1800, Val Acc: 0.2400
Epoch: 035, Loss: 1.3931, Train Acc: 0.2733, Val Acc: 0.2800
Epoch: 036, Loss: 1.3855, Train Acc: 0.2467, Val Acc: 0.2800
Epoch: 037, Loss: 1.3849, Train Acc: 0.1867, Val Acc: 0.0400
Epoch: 038, Loss: 1.3663, Train Acc: 0.2267, Val Acc: 0.2400
Epoch: 039, Loss: 1.3892, Train Acc: 0.2533, Val Acc: 0.2800
Epoch: 040, Loss: 1.3822, Train Acc: 0.2533, Val Acc: 0.2000
Epoch: 041, Loss: 1.3975, Train Acc: 0.2067, Val Acc: 0.2400
Epoch: 042, Loss: 1.4124, Train Acc: 0.2333, Val Acc: 0.2000
Epoch: 043, Loss: 1.3914, Train Acc: 0.2400, Val Acc: 0.2400
Epoch: 044, Loss: 1.3978, Train Acc: 0.2200, Val Acc: 0.2400
Epoch: 045, Loss: 1.3634, Train Acc: 0.2333, Val Acc: 0.2400
Epoch: 046, Loss: 1.3178, Train Acc: 0.2200, Val Acc: 0.2400
Epoch: 047, Loss: 1.3908, Train Acc: 0.2067, Val Acc: 0.2400
Epoch: 048, Loss: 1.4103, Train Acc: 0.2133, Val Acc: 0.3200
Epoch: 049, Loss: 1.4149, Train Acc: 0.2333, Val Acc: 0.2800
Epoch: 050, Loss: 1.4014, Train Acc: 0.2133, Val Acc: 0.2800
Epoch: 051, Loss: 1.3337, Train Acc: 0.2467, Val Acc: 0.2800
Epoch: 052, Loss: 1.3824, Train Acc: 0.2533, Val Acc: 0.2400
Epoch: 053, Loss: 1.4270, Train Acc: 0.2533, Val Acc: 0.2800
Epoch: 054, Loss: 1.4331, Train Acc: 0.2600, Val Acc: 0.2400
Epoch: 055, Loss: 1.4067, Train Acc: 0.2200, Val Acc: 0.2000
Epoch: 056, Loss: 1.4037, Train Acc: 0.2467, Val Acc: 0.2400
Epoch: 057, Loss: 1.3585, Train Acc: 0.2533, Val Acc: 0.2400
Epoch: 058, Loss: 1.3723, Train Acc: 0.2533, Val Acc: 0.2800
Epoch: 059, Loss: 1.4068, Train Acc: 0.2200, Val Acc: 0.3200
Epoch: 060, Loss: 1.3792, Train Acc: 0.2533, Val Acc: 0.2400
Epoch: 061, Loss: 1.4129, Train Acc: 0.2333, Val Acc: 0.2400
Epoch: 062, Loss: 1.3896, Train Acc: 0.2333, Val Acc: 0.2000
Epoch: 063, Loss: 1.3732, Train Acc: 0.2667, Val Acc: 0.2400
Epoch: 064, Loss: 1.3996, Train Acc: 0.2400, Val Acc: 0.2400
Epoch: 065, Loss: 1.4194, Train Acc: 0.2533, Val Acc: 0.2400
Epoch: 066, Loss: 1.3706, Train Acc: 0.2533, Val Acc: 0.2800
Epoch: 067, Loss: 1.4121, Train Acc: 0.2733, Val Acc: 0.2400
Epoch: 068, Loss: 1.4100, Train Acc: 0.2600, Val Acc: 0.3600
Epoch: 069, Loss: 1.3712, Train Acc: 0.2600, Val Acc: 0.2800
Epoch: 070, Loss: 1.4162, Train Acc: 0.2667, Val Acc: 0.2400
Epoch: 071, Loss: 1.3990, Train Acc: 0.2867, Val Acc: 0.3200
Epoch: 072, Loss: 1.4099, Train Acc: 0.2400, Val Acc: 0.2400
Epoch: 073, Loss: 1.4294, Train Acc: 0.2667, Val Acc: 0.3200
Epoch: 074, Loss: 1.4216, Train Acc: 0.2600, Val Acc: 0.2400
Epoch: 075, Loss: 1.3953, Train Acc: 0.2267, Val Acc: 0.2400
Epoch: 076, Loss: 1.3675, Train Acc: 0.2533, Val Acc: 0.2000
Epoch: 077, Loss: 1.4078, Train Acc: 0.2133, Val Acc: 0.3600
Epoch: 078, Loss: 1.3849, Train Acc: 0.2200, Val Acc: 0.2400
Epoch: 079, Loss: 1.4381, Train Acc: 0.2400, Val Acc: 0.2800
Epoch: 080, Loss: 1.3947, Train Acc: 0.1933, Val Acc: 0.3200
Epoch: 081, Loss: 1.4349, Train Acc: 0.2600, Val Acc: 0.2400
Epoch: 082, Loss: 1.4424, Train Acc: 0.2600, Val Acc: 0.2400
Epoch: 083, Loss: 1.3962, Train Acc: 0.2600, Val Acc: 0.2800
Epoch: 084, Loss: 1.3766, Train Acc: 0.2533, Val Acc: 0.2400
Epoch: 085, Loss: 1.4283, Train Acc: 0.2667, Val Acc: 0.3200
Epoch: 086, Loss: 1.3808, Train Acc: 0.2533, Val Acc: 0.2400
Epoch: 087, Loss: 1.4007, Train Acc: 0.2533, Val Acc: 0.2800
Epoch: 088, Loss: 1.4020, Train Acc: 0.2867, Val Acc: 0.2400
Epoch: 089, Loss: 1.4055, Train Acc: 0.2600, Val Acc: 0.2400
Epoch: 090, Loss: 1.4100, Train Acc: 0.2733, Val Acc: 0.2800
Epoch: 091, Loss: 1.4428, Train Acc: 0.2467, Val Acc: 0.3200
Epoch: 092, Loss: 1.4312, Train Acc: 0.2133, Val Acc: 0.2800
Epoch: 093, Loss: 1.4314, Train Acc: 0.2600, Val Acc: 0.2800
Epoch: 094, Loss: 1.3634, Train Acc: 0.2733, Val Acc: 0.3200
Epoch: 095, Loss: 1.2056, Train Acc: 0.2467, Val Acc: 0.2400
Epoch: 096, Loss: 1.4355, Train Acc: 0.2600, Val Acc: 0.2400
Epoch: 097, Loss: 1.4043, Train Acc: 0.2800, Val Acc: 0.2800
Epoch: 098, Loss: 1.3871, Train Acc: 0.2933, Val Acc: 0.2800
Epoch: 099, Loss: 1.4024, Train Acc: 0.2667, Val Acc: 0.2800
Epoch: 100, Loss: 1.3837, Train Acc: 0.2333, Val Acc: 0.2400
Epoch: 101, Loss: 1.3458, Train Acc: 0.2800, Val Acc: 0.2400
Epoch: 102, Loss: 1.3806, Train Acc: 0.2933, Val Acc: 0.3600
Epoch: 103, Loss: 1.4267, Train Acc: 0.2600, Val Acc: 0.3200
Epoch: 104, Loss: 1.4015, Train Acc: 0.2400, Val Acc: 0.2400
Epoch: 105, Loss: 1.3970, Train Acc: 0.3067, Val Acc: 0.2800
Epoch: 106, Loss: 1.4141, Train Acc: 0.2600, Val Acc: 0.3200
Epoch: 107, Loss: 1.3891, Train Acc: 0.3133, Val Acc: 0.2800
Epoch: 108, Loss: 1.3586, Train Acc: 0.2133, Val Acc: 0.2800
Epoch: 109, Loss: 1.3988, Train Acc: 0.2800, Val Acc: 0.1200
Epoch: 110, Loss: 1.3940, Train Acc: 0.2733, Val Acc: 0.2800
Epoch: 111, Loss: 1.3638, Train Acc: 0.2867, Val Acc: 0.2400
Epoch: 112, Loss: 1.2831, Train Acc: 0.2400, Val Acc: 0.2800
Epoch: 113, Loss: 1.3701, Train Acc: 0.2600, Val Acc: 0.2400
Epoch: 114, Loss: 1.4297, Train Acc: 0.2667, Val Acc: 0.3200
Epoch: 115, Loss: 1.3438, Train Acc: 0.3200, Val Acc: 0.2000
Epoch: 116, Loss: 1.3840, Train Acc: 0.2800, Val Acc: 0.2000
Epoch: 117, Loss: 1.3346, Train Acc: 0.2333, Val Acc: 0.2800
Epoch: 118, Loss: 1.4078, Train Acc: 0.2400, Val Acc: 0.2800
Epoch: 119, Loss: 1.3048, Train Acc: 0.2867, Val Acc: 0.2400
Epoch: 120, Loss: 1.4465, Train Acc: 0.2667, Val Acc: 0.2400
Epoch: 121, Loss: 1.3859, Train Acc: 0.3267, Val Acc: 0.2800
Epoch: 122, Loss: 1.3570, Train Acc: 0.2733, Val Acc: 0.2400
Epoch: 123, Loss: 1.3890, Train Acc: 0.2800, Val Acc: 0.0800
Epoch: 124, Loss: 1.3401, Train Acc: 0.2933, Val Acc: 0.2800
Epoch: 125, Loss: 1.3879, Train Acc: 0.3133, Val Acc: 0.2400
Epoch: 126, Loss: 1.4309, Train Acc: 0.3000, Val Acc: 0.2400
Epoch: 127, Loss: 1.3988, Train Acc: 0.2400, Val Acc: 0.3200
Epoch: 128, Loss: 1.3814, Train Acc: 0.2867, Val Acc: 0.3600
Epoch: 129, Loss: 1.3489, Train Acc: 0.2667, Val Acc: 0.2400
Epoch: 130, Loss: 1.3513, Train Acc: 0.2867, Val Acc: 0.2400
Epoch: 131, Loss: 1.4169, Train Acc: 0.2333, Val Acc: 0.2800
Epoch: 132, Loss: 1.3895, Train Acc: 0.2267, Val Acc: 0.3200
Epoch: 133, Loss: 1.3916, Train Acc: 0.2600, Val Acc: 0.2400
Epoch: 134, Loss: 1.3997, Train Acc: 0.2733, Val Acc: 0.2400
Epoch: 135, Loss: 1.4287, Train Acc: 0.2333, Val Acc: 0.2400
Epoch: 136, Loss: 1.4084, Train Acc: 0.2533, Val Acc: 0.2800
Epoch: 137, Loss: 1.3428, Train Acc: 0.2800, Val Acc: 0.2800
Epoch: 138, Loss: 1.3831, Train Acc: 0.2600, Val Acc: 0.2800
Epoch: 139, Loss: 1.4078, Train Acc: 0.2400, Val Acc: 0.2400
Epoch: 140, Loss: 1.3942, Train Acc: 0.2867, Val Acc: 0.2400
Epoch: 141, Loss: 1.3743, Train Acc: 0.2333, Val Acc: 0.3200
Epoch: 142, Loss: 1.4000, Train Acc: 0.2867, Val Acc: 0.2400
Epoch: 143, Loss: 1.3375, Train Acc: 0.2867, Val Acc: 0.2400
Epoch: 144, Loss: 1.3665, Train Acc: 0.3400, Val Acc: 0.3200
Epoch: 145, Loss: 1.3604, Train Acc: 0.2333, Val Acc: 0.2000
Epoch: 146, Loss: 1.4166, Train Acc: 0.2667, Val Acc: 0.2400
Epoch: 147, Loss: 1.3861, Train Acc: 0.3000, Val Acc: 0.2400
Epoch: 148, Loss: 1.3926, Train Acc: 0.2733, Val Acc: 0.2800
Epoch: 149, Loss: 1.4121, Train Acc: 0.2733, Val Acc: 0.2800
Epoch: 150, Loss: 1.3861, Train Acc: 0.2867, Val Acc: 0.2400
Epoch: 151, Loss: 1.4009, Train Acc: 0.2867, Val Acc: 0.2400
Epoch: 152, Loss: 1.3538, Train Acc: 0.2933, Val Acc: 0.2400
Epoch: 153, Loss: 1.3999, Train Acc: 0.3000, Val Acc: 0.2400
Epoch: 154, Loss: 1.3596, Train Acc: 0.2467, Val Acc: 0.0400
Epoch: 155, Loss: 1.3944, Train Acc: 0.2533, Val Acc: 0.2000
Epoch: 156, Loss: 1.3836, Train Acc: 0.3067, Val Acc: 0.2000
Epoch: 157, Loss: 1.3281, Train Acc: 0.3133, Val Acc: 0.2000
Epoch: 158, Loss: 1.4345, Train Acc: 0.3000, Val Acc: 0.0000
Epoch: 159, Loss: 1.3956, Train Acc: 0.3000, Val Acc: 0.2400
Epoch: 160, Loss: 1.2887, Train Acc: 0.2600, Val Acc: 0.0400
Epoch: 161, Loss: 1.4032, Train Acc: 0.2667, Val Acc: 0.2400
Epoch: 162, Loss: 1.3951, Train Acc: 0.2533, Val Acc: 0.3600
Epoch: 163, Loss: 1.3912, Train Acc: 0.3200, Val Acc: 0.3600
Epoch: 164, Loss: 1.2949, Train Acc: 0.2800, Val Acc: 0.2400
Epoch: 165, Loss: 1.4051, Train Acc: 0.2933, Val Acc: 0.3200
Epoch: 166, Loss: 1.3605, Train Acc: 0.3067, Val Acc: 0.2400
Epoch: 167, Loss: 1.3736, Train Acc: 0.2733, Val Acc: 0.2000
Epoch: 168, Loss: 1.3165, Train Acc: 0.2667, Val Acc: 0.2400
Epoch: 169, Loss: 1.4131, Train Acc: 0.2800, Val Acc: 0.1600
Epoch: 170, Loss: 1.4478, Train Acc: 0.3067, Val Acc: 0.2800
Epoch: 171, Loss: 1.4278, Train Acc: 0.2467, Val Acc: 0.2400
Epoch: 172, Loss: 1.4126, Train Acc: 0.2800, Val Acc: 0.2000
Epoch: 173, Loss: 1.4054, Train Acc: 0.3133, Val Acc: 0.2400
Epoch: 174, Loss: 1.3474, Train Acc: 0.2800, Val Acc: 0.3200
Epoch: 175, Loss: 1.3968, Train Acc: 0.2600, Val Acc: 0.2400
Epoch: 176, Loss: 1.3419, Train Acc: 0.2867, Val Acc: 0.2000
Epoch: 177, Loss: 1.3887, Train Acc: 0.2200, Val Acc: 0.3200
Epoch: 178, Loss: 1.4223, Train Acc: 0.3000, Val Acc: 0.1600
Epoch: 179, Loss: 1.4407, Train Acc: 0.3000, Val Acc: 0.2400
Epoch: 180, Loss: 1.4134, Train Acc: 0.3067, Val Acc: 0.2800
Epoch: 181, Loss: 1.3912, Train Acc: 0.2933, Val Acc: 0.1600
Epoch: 182, Loss: 1.4744, Train Acc: 0.2667, Val Acc: 0.2000
Epoch: 183, Loss: 1.3705, Train Acc: 0.2400, Val Acc: 0.2400
Epoch: 184, Loss: 1.3721, Train Acc: 0.2933, Val Acc: 0.2400
Epoch: 185, Loss: 1.4329, Train Acc: 0.3000, Val Acc: 0.2400
Epoch: 186, Loss: 1.3575, Train Acc: 0.2600, Val Acc: 0.2400
Epoch: 187, Loss: 1.3531, Train Acc: 0.2933, Val Acc: 0.2400
Epoch: 188, Loss: 1.3937, Train Acc: 0.2867, Val Acc: 0.2400
Epoch: 189, Loss: 1.3872, Train Acc: 0.2867, Val Acc: 0.2400
Epoch: 190, Loss: 1.3530, Train Acc: 0.2733, Val Acc: 0.2000
Epoch: 191, Loss: 1.3747, Train Acc: 0.2800, Val Acc: 0.1600
Epoch: 192, Loss: 1.3704, Train Acc: 0.2867, Val Acc: 0.2400
Epoch: 193, Loss: 1.3578, Train Acc: 0.2733, Val Acc: 0.2400
Epoch: 194, Loss: 1.4147, Train Acc: 0.3133, Val Acc: 0.2400
Epoch: 195, Loss: 1.4352, Train Acc: 0.3133, Val Acc: 0.2000
Epoch: 196, Loss: 1.3851, Train Acc: 0.3067, Val Acc: 0.2400
Epoch: 197, Loss: 1.3784, Train Acc: 0.2800, Val Acc: 0.3200
Epoch: 198, Loss: 1.3269, Train Acc: 0.3133, Val Acc: 0.3200
Epoch: 199, Loss: 1.3876, Train Acc: 0.3133, Val Acc: 0.3200
Split 2 evaluatation: Acc: 0.3200, Precision: 0.3200, Recall: 0.3200, F1 : 0.3200

Epoch: 000, Loss: 1.4210, Train Acc: 0.2267, Val Acc: 0.2400
Epoch: 001, Loss: 1.3748, Train Acc: 0.2067, Val Acc: 0.2400
Epoch: 002, Loss: 1.3815, Train Acc: 0.1667, Val Acc: 0.2800
Epoch: 003, Loss: 1.4184, Train Acc: 0.2200, Val Acc: 0.2800
Epoch: 004, Loss: 1.3776, Train Acc: 0.2400, Val Acc: 0.2400
Epoch: 005, Loss: 1.3778, Train Acc: 0.1733, Val Acc: 0.2400
Epoch: 006, Loss: 1.4574, Train Acc: 0.2267, Val Acc: 0.2800
Epoch: 007, Loss: 1.4485, Train Acc: 0.2600, Val Acc: 0.2800
Epoch: 008, Loss: 1.3789, Train Acc: 0.2267, Val Acc: 0.1600
Epoch: 009, Loss: 1.4243, Train Acc: 0.2133, Val Acc: 0.2400
Epoch: 010, Loss: 1.4423, Train Acc: 0.2467, Val Acc: 0.2400
Epoch: 011, Loss: 1.3689, Train Acc: 0.2133, Val Acc: 0.2400
Epoch: 012, Loss: 1.3791, Train Acc: 0.2467, Val Acc: 0.2400
Epoch: 013, Loss: 1.3935, Train Acc: 0.2000, Val Acc: 0.2400
Epoch: 014, Loss: 1.3599, Train Acc: 0.2333, Val Acc: 0.2400
Epoch: 015, Loss: 1.3665, Train Acc: 0.2667, Val Acc: 0.2400
Epoch: 016, Loss: 1.3726, Train Acc: 0.2533, Val Acc: 0.2400
Epoch: 017, Loss: 1.3905, Train Acc: 0.2067, Val Acc: 0.2400
Epoch: 018, Loss: 1.4336, Train Acc: 0.2267, Val Acc: 0.2400
Epoch: 019, Loss: 1.4056, Train Acc: 0.2333, Val Acc: 0.2400
Epoch: 020, Loss: 1.4260, Train Acc: 0.2667, Val Acc: 0.2400
Epoch: 021, Loss: 1.3946, Train Acc: 0.2467, Val Acc: 0.2400
Epoch: 022, Loss: 1.3802, Train Acc: 0.2133, Val Acc: 0.2400
Epoch: 023, Loss: 1.3548, Train Acc: 0.2267, Val Acc: 0.2400
Epoch: 024, Loss: 1.3989, Train Acc: 0.2467, Val Acc: 0.2800
Epoch: 025, Loss: 1.3803, Train Acc: 0.2200, Val Acc: 0.2800
Epoch: 026, Loss: 1.4344, Train Acc: 0.1933, Val Acc: 0.2400
Epoch: 027, Loss: 1.3547, Train Acc: 0.2267, Val Acc: 0.2400
Epoch: 028, Loss: 1.4060, Train Acc: 0.2133, Val Acc: 0.2400
Epoch: 029, Loss: 1.3757, Train Acc: 0.2267, Val Acc: 0.3200
Epoch: 030, Loss: 1.3963, Train Acc: 0.2467, Val Acc: 0.2400
Epoch: 031, Loss: 1.3785, Train Acc: 0.2067, Val Acc: 0.2400
Epoch: 032, Loss: 1.3344, Train Acc: 0.2200, Val Acc: 0.2400
Epoch: 033, Loss: 1.4006, Train Acc: 0.2200, Val Acc: 0.2400
Epoch: 034, Loss: 1.4236, Train Acc: 0.2733, Val Acc: 0.2800
Epoch: 035, Loss: 1.3626, Train Acc: 0.1733, Val Acc: 0.2400
Epoch: 036, Loss: 1.3793, Train Acc: 0.2267, Val Acc: 0.2800
Epoch: 037, Loss: 1.4366, Train Acc: 0.1933, Val Acc: 0.2800
Epoch: 038, Loss: 1.3590, Train Acc: 0.2467, Val Acc: 0.2400
Epoch: 039, Loss: 1.3752, Train Acc: 0.2400, Val Acc: 0.2400
Epoch: 040, Loss: 1.3985, Train Acc: 0.2333, Val Acc: 0.2400
Epoch: 041, Loss: 1.4485, Train Acc: 0.2133, Val Acc: 0.2400
Epoch: 042, Loss: 1.4067, Train Acc: 0.2000, Val Acc: 0.3200
Epoch: 043, Loss: 1.4610, Train Acc: 0.2467, Val Acc: 0.2000
Epoch: 044, Loss: 1.4089, Train Acc: 0.2533, Val Acc: 0.2400
Epoch: 045, Loss: 1.3576, Train Acc: 0.2267, Val Acc: 0.2800
Epoch: 046, Loss: 1.4621, Train Acc: 0.2400, Val Acc: 0.2800
Epoch: 047, Loss: 1.3517, Train Acc: 0.2333, Val Acc: 0.2400
Epoch: 048, Loss: 1.4117, Train Acc: 0.2267, Val Acc: 0.2400
Epoch: 049, Loss: 1.4123, Train Acc: 0.2533, Val Acc: 0.2400
Epoch: 050, Loss: 1.3856, Train Acc: 0.2400, Val Acc: 0.2400
Epoch: 051, Loss: 1.3729, Train Acc: 0.2067, Val Acc: 0.1600
Epoch: 052, Loss: 1.3513, Train Acc: 0.2467, Val Acc: 0.2400
Epoch: 053, Loss: 1.3928, Train Acc: 0.2867, Val Acc: 0.4000
Epoch: 054, Loss: 1.3023, Train Acc: 0.2267, Val Acc: 0.2400
Epoch: 055, Loss: 1.4237, Train Acc: 0.2200, Val Acc: 0.2400
Epoch: 056, Loss: 1.3507, Train Acc: 0.2400, Val Acc: 0.2400
Epoch: 057, Loss: 1.4561, Train Acc: 0.2400, Val Acc: 0.2000
Epoch: 058, Loss: 1.4120, Train Acc: 0.2400, Val Acc: 0.2400
Epoch: 059, Loss: 1.3801, Train Acc: 0.2333, Val Acc: 0.2000
Epoch: 060, Loss: 1.4688, Train Acc: 0.2667, Val Acc: 0.2400
Epoch: 061, Loss: 1.3747, Train Acc: 0.2067, Val Acc: 0.2400
Epoch: 062, Loss: 1.3944, Train Acc: 0.2200, Val Acc: 0.2400
Epoch: 063, Loss: 1.4255, Train Acc: 0.2400, Val Acc: 0.2400
Epoch: 064, Loss: 1.3763, Train Acc: 0.2333, Val Acc: 0.2400
Epoch: 065, Loss: 1.3625, Train Acc: 0.2267, Val Acc: 0.2800
Epoch: 066, Loss: 1.4011, Train Acc: 0.2400, Val Acc: 0.2800
Epoch: 067, Loss: 1.4388, Train Acc: 0.2200, Val Acc: 0.2400
Epoch: 068, Loss: 1.3479, Train Acc: 0.2533, Val Acc: 0.2400
Epoch: 069, Loss: 1.3905, Train Acc: 0.2800, Val Acc: 0.2400
Epoch: 070, Loss: 1.3643, Train Acc: 0.2867, Val Acc: 0.2800
Epoch: 071, Loss: 1.4263, Train Acc: 0.2333, Val Acc: 0.2400
Epoch: 072, Loss: 1.3903, Train Acc: 0.2533, Val Acc: 0.2400
Epoch: 073, Loss: 1.3358, Train Acc: 0.2667, Val Acc: 0.2400
Epoch: 074, Loss: 1.3800, Train Acc: 0.2600, Val Acc: 0.2400
Epoch: 075, Loss: 1.4420, Train Acc: 0.2533, Val Acc: 0.2800
Epoch: 076, Loss: 1.4070, Train Acc: 0.2533, Val Acc: 0.2800
Epoch: 077, Loss: 1.4404, Train Acc: 0.2600, Val Acc: 0.3200
Epoch: 078, Loss: 1.3453, Train Acc: 0.2067, Val Acc: 0.2400
Epoch: 079, Loss: 1.3714, Train Acc: 0.2333, Val Acc: 0.2800
Epoch: 080, Loss: 1.3561, Train Acc: 0.2733, Val Acc: 0.2400
Epoch: 081, Loss: 1.4156, Train Acc: 0.2667, Val Acc: 0.2000
Epoch: 082, Loss: 1.4164, Train Acc: 0.2400, Val Acc: 0.2400
Epoch: 083, Loss: 1.3626, Train Acc: 0.2333, Val Acc: 0.2800
Epoch: 084, Loss: 1.3247, Train Acc: 0.2733, Val Acc: 0.2400
Epoch: 085, Loss: 1.4001, Train Acc: 0.2333, Val Acc: 0.2400
Epoch: 086, Loss: 1.4439, Train Acc: 0.2800, Val Acc: 0.2800
Epoch: 087, Loss: 1.3749, Train Acc: 0.2667, Val Acc: 0.2400
Epoch: 088, Loss: 1.4256, Train Acc: 0.2733, Val Acc: 0.2800
Epoch: 089, Loss: 1.4472, Train Acc: 0.2467, Val Acc: 0.2400
Epoch: 090, Loss: 1.4034, Train Acc: 0.2467, Val Acc: 0.2400
Epoch: 091, Loss: 1.4340, Train Acc: 0.2333, Val Acc: 0.2800
Epoch: 092, Loss: 1.4061, Train Acc: 0.2467, Val Acc: 0.2400
Epoch: 093, Loss: 1.3969, Train Acc: 0.1867, Val Acc: 0.2800
Epoch: 094, Loss: 1.3466, Train Acc: 0.2867, Val Acc: 0.2400
Epoch: 095, Loss: 1.4431, Train Acc: 0.2533, Val Acc: 0.2800
Epoch: 096, Loss: 1.3479, Train Acc: 0.2600, Val Acc: 0.2800
Epoch: 097, Loss: 1.3872, Train Acc: 0.2067, Val Acc: 0.2400
Epoch: 098, Loss: 1.3827, Train Acc: 0.2533, Val Acc: 0.2800
Epoch: 099, Loss: 1.3931, Train Acc: 0.2800, Val Acc: 0.2400
Epoch: 100, Loss: 1.4038, Train Acc: 0.2800, Val Acc: 0.2400
Epoch: 101, Loss: 1.4039, Train Acc: 0.2667, Val Acc: 0.2400
Epoch: 102, Loss: 1.4322, Train Acc: 0.2600, Val Acc: 0.2800
Epoch: 103, Loss: 1.4641, Train Acc: 0.2400, Val Acc: 0.2800
Epoch: 104, Loss: 1.3771, Train Acc: 0.2733, Val Acc: 0.2800
Epoch: 105, Loss: 1.4041, Train Acc: 0.2867, Val Acc: 0.2400
Epoch: 106, Loss: 1.3902, Train Acc: 0.2200, Val Acc: 0.2800
Epoch: 107, Loss: 1.4021, Train Acc: 0.2200, Val Acc: 0.2400
Epoch: 108, Loss: 1.4354, Train Acc: 0.2333, Val Acc: 0.2400
Epoch: 109, Loss: 1.3767, Train Acc: 0.2267, Val Acc: 0.2800
Epoch: 110, Loss: 1.4470, Train Acc: 0.2667, Val Acc: 0.2800
Epoch: 111, Loss: 1.3747, Train Acc: 0.2667, Val Acc: 0.3200
Epoch: 112, Loss: 1.3518, Train Acc: 0.2333, Val Acc: 0.2400
Epoch: 113, Loss: 1.3866, Train Acc: 0.2533, Val Acc: 0.2400
Epoch: 114, Loss: 1.3283, Train Acc: 0.2400, Val Acc: 0.2800
Epoch: 115, Loss: 1.3652, Train Acc: 0.2867, Val Acc: 0.2400
Epoch: 116, Loss: 1.4059, Train Acc: 0.2533, Val Acc: 0.3200
Epoch: 117, Loss: 1.3705, Train Acc: 0.2333, Val Acc: 0.4000
Epoch: 118, Loss: 1.3743, Train Acc: 0.2333, Val Acc: 0.3200
Epoch: 119, Loss: 1.3638, Train Acc: 0.2800, Val Acc: 0.2800
Epoch: 120, Loss: 1.3075, Train Acc: 0.2933, Val Acc: 0.2800
Epoch: 121, Loss: 1.3876, Train Acc: 0.2200, Val Acc: 0.2800
Epoch: 122, Loss: 1.3723, Train Acc: 0.2533, Val Acc: 0.3200
Epoch: 123, Loss: 1.3471, Train Acc: 0.2867, Val Acc: 0.2400
Epoch: 124, Loss: 1.3547, Train Acc: 0.2467, Val Acc: 0.2800
Epoch: 125, Loss: 1.4229, Train Acc: 0.2333, Val Acc: 0.2000
Epoch: 126, Loss: 1.3949, Train Acc: 0.3000, Val Acc: 0.2000
Epoch: 127, Loss: 1.3921, Train Acc: 0.2200, Val Acc: 0.2000
Epoch: 128, Loss: 1.3727, Train Acc: 0.2267, Val Acc: 0.2800
Epoch: 129, Loss: 1.3670, Train Acc: 0.2667, Val Acc: 0.1200
Epoch: 130, Loss: 1.3793, Train Acc: 0.2667, Val Acc: 0.2400
Epoch: 131, Loss: 1.3517, Train Acc: 0.2333, Val Acc: 0.2800
Epoch: 132, Loss: 1.3530, Train Acc: 0.2733, Val Acc: 0.2400
Epoch: 133, Loss: 1.3507, Train Acc: 0.2733, Val Acc: 0.2400
Epoch: 134, Loss: 1.3644, Train Acc: 0.2200, Val Acc: 0.2000
Epoch: 135, Loss: 1.3964, Train Acc: 0.2267, Val Acc: 0.2800
Epoch: 136, Loss: 1.4051, Train Acc: 0.2667, Val Acc: 0.2400
Epoch: 137, Loss: 1.3293, Train Acc: 0.2533, Val Acc: 0.2800
Epoch: 138, Loss: 1.3438, Train Acc: 0.2533, Val Acc: 0.2400
Epoch: 139, Loss: 1.4322, Train Acc: 0.2467, Val Acc: 0.2800
Epoch: 140, Loss: 1.4116, Train Acc: 0.3000, Val Acc: 0.2400
Epoch: 141, Loss: 1.3934, Train Acc: 0.2400, Val Acc: 0.2400
Epoch: 142, Loss: 1.3598, Train Acc: 0.2533, Val Acc: 0.2400
Epoch: 143, Loss: 1.3544, Train Acc: 0.2533, Val Acc: 0.2000
Epoch: 144, Loss: 1.3689, Train Acc: 0.2400, Val Acc: 0.2400
Epoch: 145, Loss: 1.4042, Train Acc: 0.2800, Val Acc: 0.2400
Epoch: 146, Loss: 1.3914, Train Acc: 0.2867, Val Acc: 0.1200
Epoch: 147, Loss: 1.4183, Train Acc: 0.2733, Val Acc: 0.2000
Epoch: 148, Loss: 1.3486, Train Acc: 0.2800, Val Acc: 0.2400
Epoch: 149, Loss: 1.3225, Train Acc: 0.2467, Val Acc: 0.3200
Epoch: 150, Loss: 1.3318, Train Acc: 0.3067, Val Acc: 0.3200
Epoch: 151, Loss: 1.3491, Train Acc: 0.2667, Val Acc: 0.2800
Epoch: 152, Loss: 1.4238, Train Acc: 0.2733, Val Acc: 0.3200
Epoch: 153, Loss: 1.3718, Train Acc: 0.2733, Val Acc: 0.2400
Epoch: 154, Loss: 1.3786, Train Acc: 0.2333, Val Acc: 0.2400
Epoch: 155, Loss: 1.4258, Train Acc: 0.2600, Val Acc: 0.3600
Epoch: 156, Loss: 1.4113, Train Acc: 0.2733, Val Acc: 0.1600
Epoch: 157, Loss: 1.4247, Train Acc: 0.2467, Val Acc: 0.2800
Epoch: 158, Loss: 1.4632, Train Acc: 0.3000, Val Acc: 0.2800
Epoch: 159, Loss: 1.4374, Train Acc: 0.3067, Val Acc: 0.2400
Epoch: 160, Loss: 1.2732, Train Acc: 0.2667, Val Acc: 0.2000
Epoch: 161, Loss: 1.3420, Train Acc: 0.2267, Val Acc: 0.2800
Epoch: 162, Loss: 1.3271, Train Acc: 0.2467, Val Acc: 0.2000
Epoch: 163, Loss: 1.3525, Train Acc: 0.3133, Val Acc: 0.2400
Epoch: 164, Loss: 1.4024, Train Acc: 0.2667, Val Acc: 0.1600
Epoch: 165, Loss: 1.3851, Train Acc: 0.2400, Val Acc: 0.2000
Epoch: 166, Loss: 1.3563, Train Acc: 0.2867, Val Acc: 0.2400
Epoch: 167, Loss: 1.4064, Train Acc: 0.2733, Val Acc: 0.2800
Epoch: 168, Loss: 1.3958, Train Acc: 0.2533, Val Acc: 0.1600
Epoch: 169, Loss: 1.4367, Train Acc: 0.2600, Val Acc: 0.2800
Epoch: 170, Loss: 1.4222, Train Acc: 0.2933, Val Acc: 0.2800
Epoch: 171, Loss: 1.4235, Train Acc: 0.2733, Val Acc: 0.2800
Epoch: 172, Loss: 1.4153, Train Acc: 0.2333, Val Acc: 0.2400
Epoch: 173, Loss: 1.4121, Train Acc: 0.2800, Val Acc: 0.2000
Epoch: 174, Loss: 1.3627, Train Acc: 0.2533, Val Acc: 0.2400
Epoch: 175, Loss: 1.3904, Train Acc: 0.3000, Val Acc: 0.2800
Epoch: 176, Loss: 1.3563, Train Acc: 0.2800, Val Acc: 0.1200
Epoch: 177, Loss: 1.4043, Train Acc: 0.2667, Val Acc: 0.2800
Epoch: 178, Loss: 1.4471, Train Acc: 0.2667, Val Acc: 0.2800
Epoch: 179, Loss: 1.4187, Train Acc: 0.2667, Val Acc: 0.2400
Epoch: 180, Loss: 1.4548, Train Acc: 0.3000, Val Acc: 0.3200
Epoch: 181, Loss: 1.4452, Train Acc: 0.2867, Val Acc: 0.2400
Epoch: 182, Loss: 1.3852, Train Acc: 0.2800, Val Acc: 0.2800
Epoch: 183, Loss: 1.3580, Train Acc: 0.2533, Val Acc: 0.2400
Epoch: 184, Loss: 1.3485, Train Acc: 0.3000, Val Acc: 0.2800
Epoch: 185, Loss: 1.3549, Train Acc: 0.2867, Val Acc: 0.2800
Epoch: 186, Loss: 1.4901, Train Acc: 0.2733, Val Acc: 0.2000
Epoch: 187, Loss: 1.3898, Train Acc: 0.2867, Val Acc: 0.2800
Epoch: 188, Loss: 1.4319, Train Acc: 0.2333, Val Acc: 0.2400
Epoch: 189, Loss: 1.3671, Train Acc: 0.2667, Val Acc: 0.1600
Epoch: 190, Loss: 1.4185, Train Acc: 0.2933, Val Acc: 0.2800
Epoch: 191, Loss: 1.3658, Train Acc: 0.3267, Val Acc: 0.1600
Epoch: 192, Loss: 1.3752, Train Acc: 0.3067, Val Acc: 0.3600
Epoch: 193, Loss: 1.4474, Train Acc: 0.2800, Val Acc: 0.3200
Epoch: 194, Loss: 1.4556, Train Acc: 0.2733, Val Acc: 0.2800
Epoch: 195, Loss: 1.4106, Train Acc: 0.3000, Val Acc: 0.2400
Epoch: 196, Loss: 1.3903, Train Acc: 0.2800, Val Acc: 0.2800
Epoch: 197, Loss: 1.4107, Train Acc: 0.2800, Val Acc: 0.1600
Epoch: 198, Loss: 1.4035, Train Acc: 0.3067, Val Acc: 0.3200
Epoch: 199, Loss: 1.3620, Train Acc: 0.3067, Val Acc: 0.2800
Split 3 evaluatation: Acc: 0.3600, Precision: 0.3600, Recall: 0.3600, F1 : 0.3600

Average Evaluation Metrics: Acc 0.3300, Precision: 0.3300, Recall: 0.3300, F1: 0.3300
