MOFED version '4.9-2.2.6' not available in this container.
No matching alternate version found.
STGCN(
  (initial_stconv): st_gcn(
    (gcn): GCNConv(512, 512)
    (tcn): Sequential(
      (0): BatchNorm1d(128, eps=1e-05, momentum=0.1, affine=True, track_running_stats=True)
      (1): ReLU(inplace=True)
      (2): Conv1d(128, 128, kernel_size=(5,), stride=(1,), padding=(2,))
      (3): BatchNorm1d(128, eps=1e-05, momentum=0.1, affine=True, track_running_stats=True)
      (4): Dropout(p=0, inplace=True)
    )
    (relu): ReLU(inplace=True)
  )
  (stconv1): st_gcn(
    (gcn): GCNConv(512, 512)
    (tcn): Sequential(
      (0): BatchNorm1d(128, eps=1e-05, momentum=0.1, affine=True, track_running_stats=True)
      (1): ReLU(inplace=True)
      (2): Conv1d(128, 128, kernel_size=(5,), stride=(1,), padding=(2,))
      (3): BatchNorm1d(128, eps=1e-05, momentum=0.1, affine=True, track_running_stats=True)
      (4): Dropout(p=0, inplace=True)
    )
    (relu): ReLU(inplace=True)
  )
  (stconv2): st_gcn(
    (gcn): GCNConv(512, 512)
    (tcn): Sequential(
      (0): BatchNorm1d(128, eps=1e-05, momentum=0.1, affine=True, track_running_stats=True)
      (1): ReLU(inplace=True)
      (2): Conv1d(128, 128, kernel_size=(5,), stride=(1,), padding=(2,))
      (3): BatchNorm1d(128, eps=1e-05, momentum=0.1, affine=True, track_running_stats=True)
      (4): Dropout(p=0, inplace=True)
    )
    (relu): ReLU(inplace=True)
  )
  (stconv3): st_gcn(
    (gcn): GCNConv(512, 512)
    (tcn): Sequential(
      (0): BatchNorm1d(128, eps=1e-05, momentum=0.1, affine=True, track_running_stats=True)
      (1): ReLU(inplace=True)
      (2): Conv1d(128, 128, kernel_size=(5,), stride=(1,), padding=(2,))
      (3): BatchNorm1d(128, eps=1e-05, momentum=0.1, affine=True, track_running_stats=True)
      (4): Dropout(p=0, inplace=True)
    )
    (relu): ReLU(inplace=True)
  )
  (stconv4): st_gcn(
    (gcn): GCNConv(512, 512)
    (tcn): Sequential(
      (0): BatchNorm1d(128, eps=1e-05, momentum=0.1, affine=True, track_running_stats=True)
      (1): ReLU(inplace=True)
      (2): Conv1d(128, 128, kernel_size=(5,), stride=(1,), padding=(2,))
      (3): BatchNorm1d(128, eps=1e-05, momentum=0.1, affine=True, track_running_stats=True)
      (4): Dropout(p=0, inplace=True)
    )
    (relu): ReLU(inplace=True)
  )
  (stconv5): st_gcn(
    (gcn): GCNConv(512, 512)
    (tcn): Sequential(
      (0): BatchNorm1d(128, eps=1e-05, momentum=0.1, affine=True, track_running_stats=True)
      (1): ReLU(inplace=True)
      (2): Conv1d(128, 128, kernel_size=(5,), stride=(1,), padding=(2,))
      (3): BatchNorm1d(128, eps=1e-05, momentum=0.1, affine=True, track_running_stats=True)
      (4): Dropout(p=0, inplace=True)
    )
    (relu): ReLU(inplace=True)
  )
  (stconv6): st_gcn(
    (gcn): GCNConv(512, 512)
    (tcn): Sequential(
      (0): BatchNorm1d(128, eps=1e-05, momentum=0.1, affine=True, track_running_stats=True)
      (1): ReLU(inplace=True)
      (2): Conv1d(128, 128, kernel_size=(5,), stride=(1,), padding=(2,))
      (3): BatchNorm1d(128, eps=1e-05, momentum=0.1, affine=True, track_running_stats=True)
      (4): Dropout(p=0, inplace=True)
    )
    (relu): ReLU(inplace=True)
  )
  (stconv7): st_gcn(
    (gcn): GCNConv(512, 512)
    (tcn): Sequential(
      (0): BatchNorm1d(128, eps=1e-05, momentum=0.1, affine=True, track_running_stats=True)
      (1): ReLU(inplace=True)
      (2): Conv1d(128, 128, kernel_size=(5,), stride=(1,), padding=(2,))
      (3): BatchNorm1d(128, eps=1e-05, momentum=0.1, affine=True, track_running_stats=True)
      (4): Dropout(p=0, inplace=True)
    )
    (relu): ReLU(inplace=True)
  )
  (stconv8): st_gcn(
    (gcn): GCNConv(512, 512)
    (tcn): Sequential(
      (0): BatchNorm1d(128, eps=1e-05, momentum=0.1, affine=True, track_running_stats=True)
      (1): ReLU(inplace=True)
      (2): Conv1d(128, 128, kernel_size=(5,), stride=(1,), padding=(2,))
      (3): BatchNorm1d(128, eps=1e-05, momentum=0.1, affine=True, track_running_stats=True)
      (4): Dropout(p=0, inplace=True)
    )
    (relu): ReLU(inplace=True)
  )
  (out): Linear(512, 4, bias=True)
)
Number of parameters:  3108996

Epoch: 000, Loss: 1.4209, Train Acc: 0.2000, Val Acc: 0.2400
Epoch: 001, Loss: 1.4120, Train Acc: 0.2400, Val Acc: 0.2800
Epoch: 002, Loss: 1.3942, Train Acc: 0.2133, Val Acc: 0.2400
Epoch: 003, Loss: 1.4398, Train Acc: 0.2200, Val Acc: 0.2800
Epoch: 004, Loss: 1.4283, Train Acc: 0.2067, Val Acc: 0.2400
Epoch: 005, Loss: 1.3018, Train Acc: 0.2600, Val Acc: 0.2400
Epoch: 006, Loss: 1.3786, Train Acc: 0.1867, Val Acc: 0.2400
Epoch: 007, Loss: 1.4493, Train Acc: 0.1867, Val Acc: 0.2400
Epoch: 008, Loss: 1.4029, Train Acc: 0.1867, Val Acc: 0.2400
Epoch: 009, Loss: 1.4233, Train Acc: 0.2467, Val Acc: 0.2400
Epoch: 010, Loss: 1.3970, Train Acc: 0.2067, Val Acc: 0.2400
Epoch: 011, Loss: 1.4041, Train Acc: 0.2400, Val Acc: 0.2400
Epoch: 012, Loss: 1.4242, Train Acc: 0.2533, Val Acc: 0.1600
Epoch: 013, Loss: 1.4136, Train Acc: 0.1933, Val Acc: 0.2400
Epoch: 014, Loss: 1.3690, Train Acc: 0.2133, Val Acc: 0.2400
Epoch: 015, Loss: 1.4560, Train Acc: 0.2467, Val Acc: 0.2400
Epoch: 016, Loss: 1.3816, Train Acc: 0.2133, Val Acc: 0.2400
Epoch: 017, Loss: 1.3395, Train Acc: 0.2600, Val Acc: 0.2400
Epoch: 018, Loss: 1.3770, Train Acc: 0.2267, Val Acc: 0.2800
Epoch: 019, Loss: 1.4359, Train Acc: 0.2467, Val Acc: 0.2400
Epoch: 020, Loss: 1.4097, Train Acc: 0.2400, Val Acc: 0.2400
Epoch: 021, Loss: 1.3909, Train Acc: 0.2333, Val Acc: 0.2400
Epoch: 022, Loss: 1.4291, Train Acc: 0.2533, Val Acc: 0.2400
Epoch: 023, Loss: 1.4154, Train Acc: 0.2200, Val Acc: 0.2800
Epoch: 024, Loss: 1.4156, Train Acc: 0.2400, Val Acc: 0.2800
Epoch: 025, Loss: 1.4283, Train Acc: 0.1733, Val Acc: 0.2400
Epoch: 026, Loss: 1.3898, Train Acc: 0.2467, Val Acc: 0.2400
Epoch: 027, Loss: 1.4354, Train Acc: 0.2600, Val Acc: 0.2000
Epoch: 028, Loss: 1.3385, Train Acc: 0.2067, Val Acc: 0.2400
Epoch: 029, Loss: 1.4721, Train Acc: 0.2200, Val Acc: 0.2800
Epoch: 030, Loss: 1.4041, Train Acc: 0.2467, Val Acc: 0.2400
Epoch: 031, Loss: 1.3150, Train Acc: 0.2200, Val Acc: 0.2000
Epoch: 032, Loss: 1.3570, Train Acc: 0.2200, Val Acc: 0.2400
Epoch: 033, Loss: 1.3582, Train Acc: 0.2267, Val Acc: 0.2400
Epoch: 034, Loss: 1.4367, Train Acc: 0.2600, Val Acc: 0.2400
Epoch: 035, Loss: 1.4089, Train Acc: 0.2533, Val Acc: 0.2400
Epoch: 036, Loss: 1.4137, Train Acc: 0.2333, Val Acc: 0.2400
Epoch: 037, Loss: 1.4247, Train Acc: 0.2133, Val Acc: 0.2400
Epoch: 038, Loss: 1.4046, Train Acc: 0.2333, Val Acc: 0.2400
Epoch: 039, Loss: 1.4066, Train Acc: 0.2533, Val Acc: 0.2400
Epoch: 040, Loss: 1.3930, Train Acc: 0.2200, Val Acc: 0.2400
Epoch: 041, Loss: 1.4415, Train Acc: 0.2400, Val Acc: 0.2400
Epoch: 042, Loss: 1.3854, Train Acc: 0.2467, Val Acc: 0.2400
Epoch: 043, Loss: 1.4004, Train Acc: 0.2333, Val Acc: 0.2400
Epoch: 044, Loss: 1.3802, Train Acc: 0.2533, Val Acc: 0.2400
Epoch: 045, Loss: 1.4031, Train Acc: 0.2000, Val Acc: 0.1600
Epoch: 046, Loss: 1.3674, Train Acc: 0.2533, Val Acc: 0.2000
Epoch: 047, Loss: 1.3355, Train Acc: 0.2067, Val Acc: 0.2400
Epoch: 048, Loss: 1.3780, Train Acc: 0.2000, Val Acc: 0.2000
Epoch: 049, Loss: 1.4108, Train Acc: 0.2467, Val Acc: 0.2000
Epoch: 050, Loss: 1.4457, Train Acc: 0.2400, Val Acc: 0.2400
Epoch: 051, Loss: 1.3963, Train Acc: 0.2067, Val Acc: 0.2400
Epoch: 052, Loss: 1.4310, Train Acc: 0.2467, Val Acc: 0.2400
Epoch: 053, Loss: 1.3756, Train Acc: 0.2600, Val Acc: 0.2400
Epoch: 054, Loss: 1.3499, Train Acc: 0.2600, Val Acc: 0.2400
Epoch: 055, Loss: 1.4144, Train Acc: 0.2400, Val Acc: 0.2800
Epoch: 056, Loss: 1.3875, Train Acc: 0.2333, Val Acc: 0.2400
Epoch: 057, Loss: 1.3712, Train Acc: 0.2800, Val Acc: 0.2400
Epoch: 058, Loss: 1.4319, Train Acc: 0.2333, Val Acc: 0.2400
Epoch: 059, Loss: 1.4106, Train Acc: 0.2800, Val Acc: 0.2400
Epoch: 060, Loss: 1.3371, Train Acc: 0.2400, Val Acc: 0.2400
Epoch: 061, Loss: 1.3490, Train Acc: 0.2467, Val Acc: 0.2400
Epoch: 062, Loss: 1.4138, Train Acc: 0.2667, Val Acc: 0.2400
Epoch: 063, Loss: 1.3477, Train Acc: 0.2200, Val Acc: 0.2400
Epoch: 064, Loss: 1.3351, Train Acc: 0.2400, Val Acc: 0.2400
Epoch: 065, Loss: 1.3728, Train Acc: 0.2667, Val Acc: 0.2400
Epoch: 066, Loss: 1.3940, Train Acc: 0.2267, Val Acc: 0.2400
Epoch: 067, Loss: 1.4727, Train Acc: 0.2400, Val Acc: 0.2800
Epoch: 068, Loss: 1.3965, Train Acc: 0.2533, Val Acc: 0.2400
Epoch: 069, Loss: 1.3956, Train Acc: 0.2733, Val Acc: 0.2400
Epoch: 070, Loss: 1.3631, Train Acc: 0.2600, Val Acc: 0.2400
Epoch: 071, Loss: 1.3495, Train Acc: 0.2467, Val Acc: 0.2400
Epoch: 072, Loss: 1.3823, Train Acc: 0.2800, Val Acc: 0.2400
Epoch: 073, Loss: 1.3656, Train Acc: 0.2067, Val Acc: 0.2400
Epoch: 074, Loss: 1.4228, Train Acc: 0.2133, Val Acc: 0.2800
Epoch: 075, Loss: 1.4311, Train Acc: 0.2600, Val Acc: 0.2400
Epoch: 076, Loss: 1.3710, Train Acc: 0.3000, Val Acc: 0.2400
Epoch: 077, Loss: 1.4104, Train Acc: 0.2333, Val Acc: 0.1200
Epoch: 078, Loss: 1.4049, Train Acc: 0.2133, Val Acc: 0.2000
Epoch: 079, Loss: 1.4209, Train Acc: 0.2400, Val Acc: 0.2400
Epoch: 080, Loss: 1.4027, Train Acc: 0.2400, Val Acc: 0.2400
Epoch: 081, Loss: 1.4262, Train Acc: 0.2467, Val Acc: 0.2400
Epoch: 082, Loss: 1.3853, Train Acc: 0.2667, Val Acc: 0.2400
Epoch: 083, Loss: 1.4356, Train Acc: 0.2200, Val Acc: 0.2400
Epoch: 084, Loss: 1.3564, Train Acc: 0.3200, Val Acc: 0.2800
Epoch: 085, Loss: 1.3825, Train Acc: 0.2267, Val Acc: 0.2000
Epoch: 086, Loss: 1.3791, Train Acc: 0.2333, Val Acc: 0.2800
Epoch: 087, Loss: 1.3507, Train Acc: 0.2267, Val Acc: 0.2800
Epoch: 088, Loss: 1.3966, Train Acc: 0.2800, Val Acc: 0.2400
Epoch: 089, Loss: 1.3925, Train Acc: 0.2200, Val Acc: 0.2400
Epoch: 090, Loss: 1.3977, Train Acc: 0.2467, Val Acc: 0.2400
Epoch: 091, Loss: 1.4214, Train Acc: 0.2800, Val Acc: 0.2400
Epoch: 092, Loss: 1.4164, Train Acc: 0.2600, Val Acc: 0.2400
Epoch: 093, Loss: 1.3847, Train Acc: 0.2400, Val Acc: 0.2400
Epoch: 094, Loss: 1.4161, Train Acc: 0.2667, Val Acc: 0.2400
Epoch: 095, Loss: 1.4350, Train Acc: 0.2667, Val Acc: 0.2400
Epoch: 096, Loss: 1.3812, Train Acc: 0.2400, Val Acc: 0.2400
Epoch: 097, Loss: 1.3865, Train Acc: 0.2533, Val Acc: 0.2400
Epoch: 098, Loss: 1.4229, Train Acc: 0.2533, Val Acc: 0.2400
Epoch: 099, Loss: 1.4679, Train Acc: 0.2667, Val Acc: 0.2400
Epoch: 100, Loss: 1.4228, Train Acc: 0.2267, Val Acc: 0.2400
Epoch: 101, Loss: 1.4502, Train Acc: 0.2600, Val Acc: 0.3200
Epoch: 102, Loss: 1.2273, Train Acc: 0.2733, Val Acc: 0.2400
Epoch: 103, Loss: 1.3850, Train Acc: 0.2533, Val Acc: 0.2800
Epoch: 104, Loss: 1.4276, Train Acc: 0.2267, Val Acc: 0.2400
Epoch: 105, Loss: 1.3770, Train Acc: 0.2800, Val Acc: 0.2400
Epoch: 106, Loss: 1.3938, Train Acc: 0.2400, Val Acc: 0.2400
Epoch: 107, Loss: 1.4106, Train Acc: 0.2733, Val Acc: 0.2400
Epoch: 108, Loss: 1.4217, Train Acc: 0.2333, Val Acc: 0.2400
Epoch: 109, Loss: 1.4603, Train Acc: 0.2200, Val Acc: 0.2400
Epoch: 110, Loss: 1.3891, Train Acc: 0.2800, Val Acc: 0.2400
Epoch: 111, Loss: 1.4075, Train Acc: 0.2600, Val Acc: 0.2400
Epoch: 112, Loss: 1.3286, Train Acc: 0.2667, Val Acc: 0.2400
Epoch: 113, Loss: 1.4060, Train Acc: 0.2533, Val Acc: 0.2400
Epoch: 114, Loss: 1.3874, Train Acc: 0.2533, Val Acc: 0.2400
Epoch: 115, Loss: 1.4085, Train Acc: 0.2600, Val Acc: 0.2400
Epoch: 116, Loss: 1.4096, Train Acc: 0.2267, Val Acc: 0.2800
Epoch: 117, Loss: 1.3815, Train Acc: 0.2533, Val Acc: 0.2400
Epoch: 118, Loss: 1.4197, Train Acc: 0.2400, Val Acc: 0.2400
Epoch: 119, Loss: 1.3928, Train Acc: 0.2467, Val Acc: 0.3200
Epoch: 120, Loss: 1.3659, Train Acc: 0.2667, Val Acc: 0.2000
Epoch: 121, Loss: 1.3472, Train Acc: 0.2533, Val Acc: 0.2800
Epoch: 122, Loss: 1.4993, Train Acc: 0.2400, Val Acc: 0.2400
Epoch: 123, Loss: 1.3999, Train Acc: 0.2533, Val Acc: 0.2400
Epoch: 124, Loss: 1.4412, Train Acc: 0.2733, Val Acc: 0.2400
Epoch: 125, Loss: 1.3589, Train Acc: 0.2667, Val Acc: 0.2400
Epoch: 126, Loss: 1.3924, Train Acc: 0.2467, Val Acc: 0.2000
Epoch: 127, Loss: 1.2279, Train Acc: 0.2667, Val Acc: 0.2400
Epoch: 128, Loss: 1.3761, Train Acc: 0.2600, Val Acc: 0.2800
Epoch: 129, Loss: 1.3824, Train Acc: 0.2533, Val Acc: 0.2400
Epoch: 130, Loss: 1.3286, Train Acc: 0.2867, Val Acc: 0.2400
Epoch: 131, Loss: 1.3423, Train Acc: 0.2533, Val Acc: 0.3200
Epoch: 132, Loss: 1.4491, Train Acc: 0.2800, Val Acc: 0.3200
Epoch: 133, Loss: 1.4054, Train Acc: 0.2667, Val Acc: 0.2800
Epoch: 134, Loss: 1.3621, Train Acc: 0.2733, Val Acc: 0.2400
Epoch: 135, Loss: 1.4154, Train Acc: 0.2533, Val Acc: 0.2000
Epoch: 136, Loss: 1.3488, Train Acc: 0.2400, Val Acc: 0.3200
Epoch: 137, Loss: 1.3377, Train Acc: 0.2133, Val Acc: 0.2800
Epoch: 138, Loss: 1.3507, Train Acc: 0.2933, Val Acc: 0.2400
Epoch: 139, Loss: 1.3573, Train Acc: 0.2600, Val Acc: 0.2400
Epoch: 140, Loss: 1.3914, Train Acc: 0.2800, Val Acc: 0.2400
Epoch: 141, Loss: 1.3755, Train Acc: 0.2733, Val Acc: 0.2000
Epoch: 142, Loss: 1.4241, Train Acc: 0.2867, Val Acc: 0.2400
Epoch: 143, Loss: 1.4147, Train Acc: 0.3333, Val Acc: 0.2000
Epoch: 144, Loss: 1.3912, Train Acc: 0.2533, Val Acc: 0.2400
Epoch: 145, Loss: 1.3781, Train Acc: 0.2467, Val Acc: 0.2400
Epoch: 146, Loss: 1.3913, Train Acc: 0.2667, Val Acc: 0.2000
Epoch: 147, Loss: 1.4215, Train Acc: 0.2933, Val Acc: 0.3200
Epoch: 148, Loss: 1.3810, Train Acc: 0.2533, Val Acc: 0.2400
Epoch: 149, Loss: 1.4457, Train Acc: 0.2733, Val Acc: 0.2400
Epoch: 150, Loss: 1.3710, Train Acc: 0.2533, Val Acc: 0.2400
Epoch: 151, Loss: 1.3913, Train Acc: 0.2733, Val Acc: 0.2400
Epoch: 152, Loss: 1.3916, Train Acc: 0.2533, Val Acc: 0.2400
Epoch: 153, Loss: 1.3626, Train Acc: 0.3000, Val Acc: 0.2400
Epoch: 154, Loss: 1.3852, Train Acc: 0.2867, Val Acc: 0.2400
Epoch: 155, Loss: 1.4325, Train Acc: 0.2467, Val Acc: 0.2400
Epoch: 156, Loss: 1.3980, Train Acc: 0.2600, Val Acc: 0.3200
Epoch: 157, Loss: 1.4317, Train Acc: 0.2667, Val Acc: 0.2000
Epoch: 158, Loss: 1.3890, Train Acc: 0.2600, Val Acc: 0.3200
Epoch: 159, Loss: 1.4089, Train Acc: 0.2533, Val Acc: 0.2400
Epoch: 160, Loss: 1.3836, Train Acc: 0.3000, Val Acc: 0.2400
Epoch: 161, Loss: 1.3746, Train Acc: 0.2733, Val Acc: 0.2400
Epoch: 162, Loss: 1.3592, Train Acc: 0.3067, Val Acc: 0.2400
Epoch: 163, Loss: 1.4369, Train Acc: 0.3000, Val Acc: 0.2400
Epoch: 164, Loss: 1.3797, Train Acc: 0.2800, Val Acc: 0.2400
Epoch: 165, Loss: 1.4509, Train Acc: 0.3133, Val Acc: 0.2400
Epoch: 166, Loss: 1.4064, Train Acc: 0.2467, Val Acc: 0.2400
Epoch: 167, Loss: 1.3870, Train Acc: 0.2667, Val Acc: 0.1600
Epoch: 168, Loss: 1.4077, Train Acc: 0.2600, Val Acc: 0.2400
Epoch: 169, Loss: 1.4210, Train Acc: 0.2267, Val Acc: 0.2800
Epoch: 170, Loss: 1.3481, Train Acc: 0.3067, Val Acc: 0.2800
Epoch: 171, Loss: 1.4081, Train Acc: 0.2867, Val Acc: 0.2400
Epoch: 172, Loss: 1.4079, Train Acc: 0.2267, Val Acc: 0.2400
Epoch: 173, Loss: 1.3834, Train Acc: 0.2933, Val Acc: 0.2800
Epoch: 174, Loss: 1.4074, Train Acc: 0.2600, Val Acc: 0.2400
Epoch: 175, Loss: 1.3587, Train Acc: 0.2600, Val Acc: 0.2400
Epoch: 176, Loss: 1.3637, Train Acc: 0.2600, Val Acc: 0.2400
Epoch: 177, Loss: 1.4425, Train Acc: 0.2867, Val Acc: 0.2400
Epoch: 178, Loss: 1.4207, Train Acc: 0.3200, Val Acc: 0.2800
Epoch: 179, Loss: 1.3565, Train Acc: 0.2733, Val Acc: 0.2400
Epoch: 180, Loss: 1.4559, Train Acc: 0.2600, Val Acc: 0.2400
Epoch: 181, Loss: 1.5064, Train Acc: 0.2800, Val Acc: 0.2800
Epoch: 182, Loss: 1.4138, Train Acc: 0.2600, Val Acc: 0.2400
Epoch: 183, Loss: 1.4304, Train Acc: 0.2800, Val Acc: 0.2400
Epoch: 184, Loss: 1.3312, Train Acc: 0.2867, Val Acc: 0.2800
Epoch: 185, Loss: 1.4008, Train Acc: 0.2733, Val Acc: 0.2800
Epoch: 186, Loss: 1.3697, Train Acc: 0.3000, Val Acc: 0.2400
Epoch: 187, Loss: 1.3933, Train Acc: 0.2267, Val Acc: 0.2400
Epoch: 188, Loss: 1.3759, Train Acc: 0.2533, Val Acc: 0.1600
Epoch: 189, Loss: 1.3832, Train Acc: 0.2667, Val Acc: 0.2000
Epoch: 190, Loss: 1.4451, Train Acc: 0.3000, Val Acc: 0.2400
Epoch: 191, Loss: 1.3574, Train Acc: 0.3133, Val Acc: 0.2800
Epoch: 192, Loss: 1.4106, Train Acc: 0.2600, Val Acc: 0.2400
Epoch: 193, Loss: 1.3902, Train Acc: 0.2733, Val Acc: 0.2400
Epoch: 194, Loss: 1.3385, Train Acc: 0.2733, Val Acc: 0.2400
Epoch: 195, Loss: 1.3686, Train Acc: 0.2733, Val Acc: 0.2400
Epoch: 196, Loss: 1.4020, Train Acc: 0.3267, Val Acc: 0.2400
Epoch: 197, Loss: 1.3243, Train Acc: 0.2867, Val Acc: 0.2400
Epoch: 198, Loss: 1.3891, Train Acc: 0.2800, Val Acc: 0.2400
Epoch: 199, Loss: 1.3423, Train Acc: 0.2667, Val Acc: 0.2400
Split 0 evaluatation: Acc: 0.2800, Precision: 0.2800, Recall: 0.2800, F1 : 0.2800

Epoch: 000, Loss: 1.3850, Train Acc: 0.1800, Val Acc: 0.2400
Epoch: 001, Loss: 1.3859, Train Acc: 0.2067, Val Acc: 0.2400
Epoch: 002, Loss: 1.3971, Train Acc: 0.2000, Val Acc: 0.2400
Epoch: 003, Loss: 1.4120, Train Acc: 0.1867, Val Acc: 0.2400
Epoch: 004, Loss: 1.3893, Train Acc: 0.2333, Val Acc: 0.2000
Epoch: 005, Loss: 1.3788, Train Acc: 0.2533, Val Acc: 0.2400
Epoch: 006, Loss: 1.4199, Train Acc: 0.2000, Val Acc: 0.2400
Epoch: 007, Loss: 1.4079, Train Acc: 0.2333, Val Acc: 0.2400
Epoch: 008, Loss: 1.3842, Train Acc: 0.1667, Val Acc: 0.2000
Epoch: 009, Loss: 1.3845, Train Acc: 0.2067, Val Acc: 0.2400
Epoch: 010, Loss: 1.3482, Train Acc: 0.2467, Val Acc: 0.2400
Epoch: 011, Loss: 1.3768, Train Acc: 0.2133, Val Acc: 0.2400
Epoch: 012, Loss: 1.4276, Train Acc: 0.1733, Val Acc: 0.2400
Epoch: 013, Loss: 1.3950, Train Acc: 0.2200, Val Acc: 0.2400
Epoch: 014, Loss: 1.4223, Train Acc: 0.1733, Val Acc: 0.2800
Epoch: 015, Loss: 1.4059, Train Acc: 0.2467, Val Acc: 0.2400
Epoch: 016, Loss: 1.3616, Train Acc: 0.2067, Val Acc: 0.2400
Epoch: 017, Loss: 1.4131, Train Acc: 0.2733, Val Acc: 0.2400
Epoch: 018, Loss: 1.4104, Train Acc: 0.2000, Val Acc: 0.2400
Epoch: 019, Loss: 0.9454, Train Acc: 0.2467, Val Acc: 0.2400
Epoch: 020, Loss: 1.3905, Train Acc: 0.2600, Val Acc: 0.2400
Epoch: 021, Loss: 1.4112, Train Acc: 0.2467, Val Acc: 0.2400
Epoch: 022, Loss: 1.3474, Train Acc: 0.2467, Val Acc: 0.2400
Epoch: 023, Loss: 1.4478, Train Acc: 0.2200, Val Acc: 0.2400
Epoch: 024, Loss: 1.4340, Train Acc: 0.2267, Val Acc: 0.2400
Epoch: 025, Loss: 1.3752, Train Acc: 0.2333, Val Acc: 0.0800
Epoch: 026, Loss: 1.3818, Train Acc: 0.2467, Val Acc: 0.2400
Epoch: 027, Loss: 1.3903, Train Acc: 0.2133, Val Acc: 0.2000
Epoch: 028, Loss: 1.4048, Train Acc: 0.2533, Val Acc: 0.2400
Epoch: 029, Loss: 1.4362, Train Acc: 0.2533, Val Acc: 0.2400
Epoch: 030, Loss: 1.3703, Train Acc: 0.2133, Val Acc: 0.2000
Epoch: 031, Loss: 1.3931, Train Acc: 0.2133, Val Acc: 0.2000
Epoch: 032, Loss: 1.3449, Train Acc: 0.2467, Val Acc: 0.0800
Epoch: 033, Loss: 1.4149, Train Acc: 0.2333, Val Acc: 0.2800
Epoch: 034, Loss: 1.3846, Train Acc: 0.2733, Val Acc: 0.2000
Epoch: 035, Loss: 1.3689, Train Acc: 0.2800, Val Acc: 0.2400
Epoch: 036, Loss: 1.4463, Train Acc: 0.2400, Val Acc: 0.2400
Epoch: 037, Loss: 1.4311, Train Acc: 0.2267, Val Acc: 0.2400
Epoch: 038, Loss: 1.4061, Train Acc: 0.2400, Val Acc: 0.2000
Epoch: 039, Loss: 1.4252, Train Acc: 0.2533, Val Acc: 0.1600
Epoch: 040, Loss: 1.3762, Train Acc: 0.2200, Val Acc: 0.2400
Epoch: 041, Loss: 1.4107, Train Acc: 0.2400, Val Acc: 0.2400
Epoch: 042, Loss: 1.3855, Train Acc: 0.2200, Val Acc: 0.2000
Epoch: 043, Loss: 1.4475, Train Acc: 0.2400, Val Acc: 0.1600
Epoch: 044, Loss: 1.3744, Train Acc: 0.2400, Val Acc: 0.0800
Epoch: 045, Loss: 1.3681, Train Acc: 0.2333, Val Acc: 0.2000
Epoch: 046, Loss: 1.3664, Train Acc: 0.2400, Val Acc: 0.1200
Epoch: 047, Loss: 1.4513, Train Acc: 0.2667, Val Acc: 0.1200
Epoch: 048, Loss: 1.4265, Train Acc: 0.2467, Val Acc: 0.2400
Epoch: 049, Loss: 1.3497, Train Acc: 0.2267, Val Acc: 0.2400
Epoch: 050, Loss: 1.4069, Train Acc: 0.2467, Val Acc: 0.2400
Epoch: 051, Loss: 1.4295, Train Acc: 0.2533, Val Acc: 0.2400
Epoch: 052, Loss: 1.4046, Train Acc: 0.2800, Val Acc: 0.2400
Epoch: 053, Loss: 1.4112, Train Acc: 0.2000, Val Acc: 0.0800
Epoch: 054, Loss: 1.4090, Train Acc: 0.2000, Val Acc: 0.2400
Epoch: 055, Loss: 1.3907, Train Acc: 0.2533, Val Acc: 0.2400
Epoch: 056, Loss: 1.4228, Train Acc: 0.2267, Val Acc: 0.2000
Epoch: 057, Loss: 1.4017, Train Acc: 0.2533, Val Acc: 0.2400
Epoch: 058, Loss: 1.4429, Train Acc: 0.2533, Val Acc: 0.2800
Epoch: 059, Loss: 1.4077, Train Acc: 0.2600, Val Acc: 0.2400
Epoch: 060, Loss: 1.3766, Train Acc: 0.2400, Val Acc: 0.1600
Epoch: 061, Loss: 1.4078, Train Acc: 0.2133, Val Acc: 0.2400
Epoch: 062, Loss: 1.3909, Train Acc: 0.2533, Val Acc: 0.2400
Epoch: 063, Loss: 1.3973, Train Acc: 0.2600, Val Acc: 0.1600
Epoch: 064, Loss: 1.3966, Train Acc: 0.2600, Val Acc: 0.1200
Epoch: 065, Loss: 1.3982, Train Acc: 0.2400, Val Acc: 0.2400
Epoch: 066, Loss: 1.4232, Train Acc: 0.2933, Val Acc: 0.2400
Epoch: 067, Loss: 1.3744, Train Acc: 0.2867, Val Acc: 0.2400
Epoch: 068, Loss: 1.3544, Train Acc: 0.2600, Val Acc: 0.2800
Epoch: 069, Loss: 1.4373, Train Acc: 0.2467, Val Acc: 0.2000
Epoch: 070, Loss: 1.3703, Train Acc: 0.2467, Val Acc: 0.2400
Epoch: 071, Loss: 1.3305, Train Acc: 0.2733, Val Acc: 0.2400
Epoch: 072, Loss: 1.3484, Train Acc: 0.2600, Val Acc: 0.2400
Epoch: 073, Loss: 1.3671, Train Acc: 0.2400, Val Acc: 0.2400
Epoch: 074, Loss: 1.2746, Train Acc: 0.3000, Val Acc: 0.2400
Epoch: 075, Loss: 1.4338, Train Acc: 0.2400, Val Acc: 0.2400
Epoch: 076, Loss: 1.4025, Train Acc: 0.2333, Val Acc: 0.2000
Epoch: 077, Loss: 1.3975, Train Acc: 0.2733, Val Acc: 0.2400
Epoch: 078, Loss: 1.4055, Train Acc: 0.2733, Val Acc: 0.2400
Epoch: 079, Loss: 1.3670, Train Acc: 0.2667, Val Acc: 0.2400
Epoch: 080, Loss: 1.3972, Train Acc: 0.2467, Val Acc: 0.0400
Epoch: 081, Loss: 0.2295, Train Acc: 0.2800, Val Acc: 0.2400
Epoch: 082, Loss: 1.4140, Train Acc: 0.2267, Val Acc: 0.2000
Epoch: 083, Loss: 1.4020, Train Acc: 0.2333, Val Acc: 0.2000
Epoch: 084, Loss: 1.4032, Train Acc: 0.2667, Val Acc: 0.1600
Epoch: 085, Loss: 1.4010, Train Acc: 0.2733, Val Acc: 0.1200
Epoch: 086, Loss: 1.3989, Train Acc: 0.2400, Val Acc: 0.2000
Epoch: 087, Loss: 1.4037, Train Acc: 0.2000, Val Acc: 0.1600
Epoch: 088, Loss: 1.3831, Train Acc: 0.2533, Val Acc: 0.2400
Epoch: 089, Loss: 1.4149, Train Acc: 0.2267, Val Acc: 0.2000
Epoch: 090, Loss: 0.1890, Train Acc: 0.2467, Val Acc: 0.1200
Epoch: 091, Loss: 1.4267, Train Acc: 0.2933, Val Acc: 0.0800
Epoch: 092, Loss: 1.4089, Train Acc: 0.2400, Val Acc: 0.1200
Epoch: 093, Loss: 1.4077, Train Acc: 0.2867, Val Acc: 0.2400
Epoch: 094, Loss: 1.4253, Train Acc: 0.2933, Val Acc: 0.2400
Epoch: 095, Loss: 1.4201, Train Acc: 0.2733, Val Acc: 0.2000
Epoch: 096, Loss: 1.3402, Train Acc: 0.3067, Val Acc: 0.2400
Epoch: 097, Loss: 1.4230, Train Acc: 0.2667, Val Acc: 0.2800
Epoch: 098, Loss: 1.4405, Train Acc: 0.2733, Val Acc: 0.1600
Epoch: 099, Loss: 1.3594, Train Acc: 0.2200, Val Acc: 0.1200
Epoch: 100, Loss: 1.4153, Train Acc: 0.2867, Val Acc: 0.2800
Epoch: 101, Loss: 1.4078, Train Acc: 0.2467, Val Acc: 0.2400
Epoch: 102, Loss: 1.2246, Train Acc: 0.2667, Val Acc: 0.2000
Epoch: 103, Loss: 1.3789, Train Acc: 0.2333, Val Acc: 0.3600
Epoch: 104, Loss: 1.4216, Train Acc: 0.2533, Val Acc: 0.2400
Epoch: 105, Loss: 1.3639, Train Acc: 0.2667, Val Acc: 0.1200
Epoch: 106, Loss: 1.4555, Train Acc: 0.2867, Val Acc: 0.0400
Epoch: 107, Loss: 1.3325, Train Acc: 0.2333, Val Acc: 0.1200
Epoch: 108, Loss: 1.4146, Train Acc: 0.2533, Val Acc: 0.2400
Epoch: 109, Loss: 1.3667, Train Acc: 0.2933, Val Acc: 0.1600
Epoch: 110, Loss: 1.3585, Train Acc: 0.2600, Val Acc: 0.1200
Epoch: 111, Loss: 1.4287, Train Acc: 0.2533, Val Acc: 0.2400
Epoch: 112, Loss: 1.3605, Train Acc: 0.2867, Val Acc: 0.3200
Epoch: 113, Loss: 1.4176, Train Acc: 0.2467, Val Acc: 0.1200
Epoch: 114, Loss: 1.4486, Train Acc: 0.2800, Val Acc: 0.1200
Epoch: 115, Loss: 1.4587, Train Acc: 0.2267, Val Acc: 0.2400
Epoch: 116, Loss: 1.2367, Train Acc: 0.3000, Val Acc: 0.2800
Epoch: 117, Loss: 1.4104, Train Acc: 0.3067, Val Acc: 0.2000
Epoch: 118, Loss: 1.3480, Train Acc: 0.2267, Val Acc: 0.1600
Epoch: 119, Loss: 1.4012, Train Acc: 0.2467, Val Acc: 0.2400
Epoch: 120, Loss: 1.3704, Train Acc: 0.3000, Val Acc: 0.2400
Epoch: 121, Loss: 1.3880, Train Acc: 0.2600, Val Acc: 0.2000
Epoch: 122, Loss: 1.3948, Train Acc: 0.2467, Val Acc: 0.2400
Epoch: 123, Loss: 0.1117, Train Acc: 0.2867, Val Acc: 0.2800
Epoch: 124, Loss: 1.3805, Train Acc: 0.2600, Val Acc: 0.2800
Epoch: 125, Loss: 1.3678, Train Acc: 0.3400, Val Acc: 0.2800
Epoch: 126, Loss: 1.3840, Train Acc: 0.2467, Val Acc: 0.1600
Epoch: 127, Loss: 1.3017, Train Acc: 0.2667, Val Acc: 0.2400
Epoch: 128, Loss: 1.3839, Train Acc: 0.2800, Val Acc: 0.2800
Epoch: 129, Loss: 1.4134, Train Acc: 0.2800, Val Acc: 0.2400
Epoch: 130, Loss: 1.4154, Train Acc: 0.3000, Val Acc: 0.2400
Epoch: 131, Loss: 1.4188, Train Acc: 0.2733, Val Acc: 0.1200
Epoch: 132, Loss: 1.3961, Train Acc: 0.2800, Val Acc: 0.2000
Epoch: 133, Loss: 1.3785, Train Acc: 0.3000, Val Acc: 0.1600
Epoch: 134, Loss: 1.3556, Train Acc: 0.2800, Val Acc: 0.2400
Epoch: 135, Loss: 1.3995, Train Acc: 0.2600, Val Acc: 0.2000
Epoch: 136, Loss: 1.3867, Train Acc: 0.2600, Val Acc: 0.1200
Epoch: 137, Loss: 1.3768, Train Acc: 0.2733, Val Acc: 0.2800
Epoch: 138, Loss: 1.4047, Train Acc: 0.3000, Val Acc: 0.2400
Epoch: 139, Loss: 1.3671, Train Acc: 0.2867, Val Acc: 0.3600
Epoch: 140, Loss: 1.3607, Train Acc: 0.2600, Val Acc: 0.1200
Epoch: 141, Loss: 0.0836, Train Acc: 0.2667, Val Acc: 0.1200
Epoch: 142, Loss: 1.3884, Train Acc: 0.2933, Val Acc: 0.2000
Epoch: 143, Loss: 1.3978, Train Acc: 0.3000, Val Acc: 0.0800
Epoch: 144, Loss: 1.3531, Train Acc: 0.2400, Val Acc: 0.1600
Epoch: 145, Loss: 1.2446, Train Acc: 0.2800, Val Acc: 0.1200
Epoch: 146, Loss: 1.2759, Train Acc: 0.2800, Val Acc: 0.0800
Epoch: 147, Loss: 1.4060, Train Acc: 0.2467, Val Acc: 0.1600
Epoch: 148, Loss: 1.3914, Train Acc: 0.2800, Val Acc: 0.2800
Epoch: 149, Loss: 1.4424, Train Acc: 0.3000, Val Acc: 0.0800
Epoch: 150, Loss: 1.3692, Train Acc: 0.2400, Val Acc: 0.0800
Epoch: 151, Loss: 1.4220, Train Acc: 0.2467, Val Acc: 0.2800
Epoch: 152, Loss: 1.3258, Train Acc: 0.2533, Val Acc: 0.3200
Epoch: 153, Loss: 1.3446, Train Acc: 0.2667, Val Acc: 0.3200
Epoch: 154, Loss: 1.3926, Train Acc: 0.2667, Val Acc: 0.2800
Epoch: 155, Loss: 1.4618, Train Acc: 0.2733, Val Acc: 0.2400
Epoch: 156, Loss: 1.3759, Train Acc: 0.2400, Val Acc: 0.2400
Epoch: 157, Loss: 1.2367, Train Acc: 0.2400, Val Acc: 0.2000
Epoch: 158, Loss: 1.3911, Train Acc: 0.2667, Val Acc: 0.1200
Epoch: 159, Loss: 1.4068, Train Acc: 0.2933, Val Acc: 0.2400
Epoch: 160, Loss: 1.3850, Train Acc: 0.2933, Val Acc: 0.0400
Epoch: 161, Loss: 1.3688, Train Acc: 0.2733, Val Acc: 0.1200
Epoch: 162, Loss: 1.3786, Train Acc: 0.2667, Val Acc: 0.1600
Epoch: 163, Loss: 1.4677, Train Acc: 0.2933, Val Acc: 0.2800
Epoch: 164, Loss: 1.4066, Train Acc: 0.2733, Val Acc: 0.1200
Epoch: 165, Loss: 1.3545, Train Acc: 0.2533, Val Acc: 0.2800
Epoch: 166, Loss: 1.4368, Train Acc: 0.2933, Val Acc: 0.2000
Epoch: 167, Loss: 1.0638, Train Acc: 0.2867, Val Acc: 0.2800
Epoch: 168, Loss: 1.4477, Train Acc: 0.2867, Val Acc: 0.2400
Epoch: 169, Loss: 1.4653, Train Acc: 0.2267, Val Acc: 0.3200
Epoch: 170, Loss: 1.4066, Train Acc: 0.2667, Val Acc: 0.1200
Epoch: 171, Loss: 1.3906, Train Acc: 0.2400, Val Acc: 0.2800
Epoch: 172, Loss: 1.4490, Train Acc: 0.2600, Val Acc: 0.2800
Epoch: 173, Loss: 1.3812, Train Acc: 0.2800, Val Acc: 0.2800
Epoch: 174, Loss: 1.3633, Train Acc: 0.3133, Val Acc: 0.0400
Epoch: 175, Loss: 1.3747, Train Acc: 0.2400, Val Acc: 0.2000
Epoch: 176, Loss: 1.4170, Train Acc: 0.3133, Val Acc: 0.1600
Epoch: 177, Loss: 1.5111, Train Acc: 0.3000, Val Acc: 0.3200
Epoch: 178, Loss: 1.3432, Train Acc: 0.2867, Val Acc: 0.2400
Epoch: 179, Loss: 1.3652, Train Acc: 0.2467, Val Acc: 0.3200
Epoch: 180, Loss: 1.3787, Train Acc: 0.2733, Val Acc: 0.3600
Epoch: 181, Loss: 1.3314, Train Acc: 0.3133, Val Acc: 0.1200
Epoch: 182, Loss: 1.4363, Train Acc: 0.2467, Val Acc: 0.2800
Epoch: 183, Loss: 1.3726, Train Acc: 0.2667, Val Acc: 0.2000
Epoch: 184, Loss: 1.3788, Train Acc: 0.2400, Val Acc: 0.1200
Epoch: 185, Loss: 1.3745, Train Acc: 0.2867, Val Acc: 0.1200
Epoch: 186, Loss: 1.4135, Train Acc: 0.2867, Val Acc: 0.1600
Epoch: 187, Loss: 1.3612, Train Acc: 0.2867, Val Acc: 0.2400
Epoch: 188, Loss: 1.3522, Train Acc: 0.2533, Val Acc: 0.1200
Epoch: 189, Loss: 1.4071, Train Acc: 0.2800, Val Acc: 0.3600
Epoch: 190, Loss: 1.3857, Train Acc: 0.3000, Val Acc: 0.2800
Epoch: 191, Loss: 1.0781, Train Acc: 0.2600, Val Acc: 0.3600
Epoch: 192, Loss: 1.3434, Train Acc: 0.3000, Val Acc: 0.3200
Epoch: 193, Loss: 1.3576, Train Acc: 0.3267, Val Acc: 0.2800
Epoch: 194, Loss: 1.3569, Train Acc: 0.2667, Val Acc: 0.2000
Epoch: 195, Loss: 1.4011, Train Acc: 0.3200, Val Acc: 0.2000
Epoch: 196, Loss: 1.3344, Train Acc: 0.3067, Val Acc: 0.1200
Epoch: 197, Loss: 1.4060, Train Acc: 0.2800, Val Acc: 0.2400
Epoch: 198, Loss: 1.4333, Train Acc: 0.3067, Val Acc: 0.1200
Epoch: 199, Loss: 1.3875, Train Acc: 0.2933, Val Acc: 0.2800
Split 1 evaluatation: Acc: 0.2400, Precision: 0.2400, Recall: 0.2400, F1 : 0.2400

Epoch: 000, Loss: 1.3882, Train Acc: 0.2067, Val Acc: 0.2400
Epoch: 001, Loss: 1.4399, Train Acc: 0.2000, Val Acc: 0.2400
Epoch: 002, Loss: 1.3766, Train Acc: 0.1933, Val Acc: 0.2400
Epoch: 003, Loss: 1.3845, Train Acc: 0.1733, Val Acc: 0.2400
Epoch: 004, Loss: 1.3695, Train Acc: 0.2400, Val Acc: 0.2400
Epoch: 005, Loss: 1.3720, Train Acc: 0.2533, Val Acc: 0.2400
Epoch: 006, Loss: 1.4114, Train Acc: 0.1933, Val Acc: 0.2400
Epoch: 007, Loss: 1.4054, Train Acc: 0.2067, Val Acc: 0.2800
Epoch: 008, Loss: 1.3534, Train Acc: 0.1800, Val Acc: 0.2400
Epoch: 009, Loss: 1.3812, Train Acc: 0.1867, Val Acc: 0.2400
Epoch: 010, Loss: 1.4062, Train Acc: 0.1933, Val Acc: 0.2400
Epoch: 011, Loss: 1.4058, Train Acc: 0.2533, Val Acc: 0.2400
Epoch: 012, Loss: 1.4007, Train Acc: 0.2533, Val Acc: 0.2400
Epoch: 013, Loss: 1.3617, Train Acc: 0.2000, Val Acc: 0.3200
Epoch: 014, Loss: 1.4131, Train Acc: 0.2200, Val Acc: 0.2400
Epoch: 015, Loss: 1.3781, Train Acc: 0.2067, Val Acc: 0.2400
Epoch: 016, Loss: 1.3850, Train Acc: 0.2533, Val Acc: 0.2400
Epoch: 017, Loss: 1.4114, Train Acc: 0.1933, Val Acc: 0.2400
Epoch: 018, Loss: 1.4232, Train Acc: 0.2333, Val Acc: 0.3200
Epoch: 019, Loss: 1.4041, Train Acc: 0.2067, Val Acc: 0.2400
Epoch: 020, Loss: 1.4215, Train Acc: 0.2400, Val Acc: 0.3200
Epoch: 021, Loss: 1.4624, Train Acc: 0.2333, Val Acc: 0.2800
Epoch: 022, Loss: 1.3695, Train Acc: 0.2867, Val Acc: 0.2400
Epoch: 023, Loss: 1.3688, Train Acc: 0.1867, Val Acc: 0.2400
Epoch: 024, Loss: 1.4271, Train Acc: 0.2467, Val Acc: 0.2400
Epoch: 025, Loss: 1.3957, Train Acc: 0.2133, Val Acc: 0.2400
Epoch: 026, Loss: 1.4243, Train Acc: 0.2133, Val Acc: 0.2400
Epoch: 027, Loss: 1.4152, Train Acc: 0.1933, Val Acc: 0.2400
Epoch: 028, Loss: 1.4077, Train Acc: 0.2600, Val Acc: 0.2400
Epoch: 029, Loss: 1.3621, Train Acc: 0.2467, Val Acc: 0.2400
Epoch: 030, Loss: 1.4054, Train Acc: 0.2200, Val Acc: 0.2400
Epoch: 031, Loss: 1.3655, Train Acc: 0.2133, Val Acc: 0.2400
Epoch: 032, Loss: 1.4304, Train Acc: 0.1933, Val Acc: 0.2000
Epoch: 033, Loss: 1.4011, Train Acc: 0.2400, Val Acc: 0.2400
Epoch: 034, Loss: 1.3921, Train Acc: 0.2133, Val Acc: 0.2400
Epoch: 035, Loss: 1.3656, Train Acc: 0.2467, Val Acc: 0.2400
Epoch: 036, Loss: 1.3937, Train Acc: 0.2067, Val Acc: 0.2000
Epoch: 037, Loss: 1.3959, Train Acc: 0.1933, Val Acc: 0.2400
Epoch: 038, Loss: 1.3876, Train Acc: 0.2533, Val Acc: 0.2400
Epoch: 039, Loss: 1.4051, Train Acc: 0.2067, Val Acc: 0.2800
Epoch: 040, Loss: 1.3689, Train Acc: 0.2200, Val Acc: 0.2800
Epoch: 041, Loss: 1.4115, Train Acc: 0.2400, Val Acc: 0.2800
Epoch: 042, Loss: 1.3918, Train Acc: 0.2467, Val Acc: 0.2400
Epoch: 043, Loss: 1.4441, Train Acc: 0.2267, Val Acc: 0.2400
Epoch: 044, Loss: 1.3901, Train Acc: 0.2800, Val Acc: 0.2800
Epoch: 045, Loss: 1.3971, Train Acc: 0.2600, Val Acc: 0.2400
Epoch: 046, Loss: 1.3647, Train Acc: 0.2533, Val Acc: 0.2400
Epoch: 047, Loss: 1.3477, Train Acc: 0.2400, Val Acc: 0.2400
Epoch: 048, Loss: 1.2711, Train Acc: 0.2667, Val Acc: 0.3200
Epoch: 049, Loss: 1.3837, Train Acc: 0.2467, Val Acc: 0.2400
Epoch: 050, Loss: 1.4266, Train Acc: 0.2400, Val Acc: 0.2400
Epoch: 051, Loss: 1.4228, Train Acc: 0.2067, Val Acc: 0.3200
Epoch: 052, Loss: 1.3945, Train Acc: 0.2200, Val Acc: 0.2800
Epoch: 053, Loss: 1.4147, Train Acc: 0.2467, Val Acc: 0.2400
Epoch: 054, Loss: 1.3668, Train Acc: 0.2467, Val Acc: 0.2400
Epoch: 055, Loss: 1.3954, Train Acc: 0.2467, Val Acc: 0.2400
Epoch: 056, Loss: 1.4437, Train Acc: 0.2467, Val Acc: 0.3200
Epoch: 057, Loss: 1.4143, Train Acc: 0.2800, Val Acc: 0.2000
Epoch: 058, Loss: 1.3877, Train Acc: 0.2267, Val Acc: 0.2400
Epoch: 059, Loss: 1.4392, Train Acc: 0.2200, Val Acc: 0.2400
Epoch: 060, Loss: 1.3646, Train Acc: 0.2600, Val Acc: 0.2400
Epoch: 061, Loss: 1.3563, Train Acc: 0.2267, Val Acc: 0.1600
Epoch: 062, Loss: 1.3628, Train Acc: 0.2267, Val Acc: 0.2400
Epoch: 063, Loss: 1.4188, Train Acc: 0.2667, Val Acc: 0.2800
Epoch: 064, Loss: 1.3720, Train Acc: 0.2667, Val Acc: 0.3200
Epoch: 065, Loss: 1.4043, Train Acc: 0.2667, Val Acc: 0.2400
Epoch: 066, Loss: 1.3500, Train Acc: 0.2267, Val Acc: 0.2800
Epoch: 067, Loss: 1.3667, Train Acc: 0.2533, Val Acc: 0.2400
Epoch: 068, Loss: 1.3707, Train Acc: 0.2733, Val Acc: 0.1600
Epoch: 069, Loss: 1.4198, Train Acc: 0.2267, Val Acc: 0.2000
Epoch: 070, Loss: 1.4276, Train Acc: 0.2667, Val Acc: 0.2400
Epoch: 071, Loss: 1.4190, Train Acc: 0.2533, Val Acc: 0.2800
Epoch: 072, Loss: 1.3984, Train Acc: 0.2600, Val Acc: 0.2400
Epoch: 073, Loss: 1.4028, Train Acc: 0.2600, Val Acc: 0.2400
Epoch: 074, Loss: 1.3433, Train Acc: 0.2133, Val Acc: 0.2400
Epoch: 075, Loss: 1.3164, Train Acc: 0.2267, Val Acc: 0.2800
Epoch: 076, Loss: 1.3898, Train Acc: 0.2467, Val Acc: 0.2400
Epoch: 077, Loss: 1.3421, Train Acc: 0.2800, Val Acc: 0.2400
Epoch: 078, Loss: 1.4152, Train Acc: 0.3067, Val Acc: 0.1600
Epoch: 079, Loss: 1.3515, Train Acc: 0.2667, Val Acc: 0.2000
Epoch: 080, Loss: 1.4019, Train Acc: 0.2400, Val Acc: 0.1200
Epoch: 081, Loss: 1.4288, Train Acc: 0.2467, Val Acc: 0.2000
Epoch: 082, Loss: 1.4007, Train Acc: 0.2600, Val Acc: 0.2400
Epoch: 083, Loss: 1.3472, Train Acc: 0.2533, Val Acc: 0.3200
Epoch: 084, Loss: 1.4170, Train Acc: 0.2867, Val Acc: 0.2400
Epoch: 085, Loss: 1.3996, Train Acc: 0.2533, Val Acc: 0.3200
Epoch: 086, Loss: 1.3990, Train Acc: 0.2467, Val Acc: 0.2400
Epoch: 087, Loss: 1.3756, Train Acc: 0.2867, Val Acc: 0.3200
Epoch: 088, Loss: 1.4201, Train Acc: 0.2867, Val Acc: 0.1200
Epoch: 089, Loss: 1.3958, Train Acc: 0.2533, Val Acc: 0.3200
Epoch: 090, Loss: 1.4639, Train Acc: 0.3000, Val Acc: 0.2400
Epoch: 091, Loss: 1.3528, Train Acc: 0.2467, Val Acc: 0.2400
Epoch: 092, Loss: 1.4114, Train Acc: 0.2733, Val Acc: 0.2800
Epoch: 093, Loss: 1.3409, Train Acc: 0.3000, Val Acc: 0.2800
Epoch: 094, Loss: 1.4407, Train Acc: 0.2733, Val Acc: 0.2400
Epoch: 095, Loss: 1.1859, Train Acc: 0.2600, Val Acc: 0.2400
Epoch: 096, Loss: 1.4118, Train Acc: 0.2733, Val Acc: 0.2400
Epoch: 097, Loss: 1.4299, Train Acc: 0.2600, Val Acc: 0.3200
Epoch: 098, Loss: 1.3784, Train Acc: 0.2467, Val Acc: 0.3200
Epoch: 099, Loss: 1.3719, Train Acc: 0.3000, Val Acc: 0.2800
Epoch: 100, Loss: 1.3747, Train Acc: 0.2800, Val Acc: 0.2800
Epoch: 101, Loss: 1.3701, Train Acc: 0.2667, Val Acc: 0.3200
Epoch: 102, Loss: 1.4221, Train Acc: 0.2600, Val Acc: 0.1200
Epoch: 103, Loss: 1.4301, Train Acc: 0.2533, Val Acc: 0.2800
Epoch: 104, Loss: 1.4233, Train Acc: 0.2733, Val Acc: 0.3200
Epoch: 105, Loss: 1.3523, Train Acc: 0.2733, Val Acc: 0.2400
Epoch: 106, Loss: 1.3911, Train Acc: 0.2467, Val Acc: 0.2400
Epoch: 107, Loss: 1.3484, Train Acc: 0.2733, Val Acc: 0.2400
Epoch: 108, Loss: 1.3985, Train Acc: 0.2933, Val Acc: 0.2400
Epoch: 109, Loss: 1.3771, Train Acc: 0.2333, Val Acc: 0.2000
Epoch: 110, Loss: 1.3960, Train Acc: 0.2933, Val Acc: 0.2400
Epoch: 111, Loss: 1.4300, Train Acc: 0.2333, Val Acc: 0.0400
Epoch: 112, Loss: 1.3755, Train Acc: 0.2933, Val Acc: 0.2400
Epoch: 113, Loss: 1.3715, Train Acc: 0.2000, Val Acc: 0.3200
Epoch: 114, Loss: 1.4261, Train Acc: 0.2200, Val Acc: 0.2400
Epoch: 115, Loss: 1.4226, Train Acc: 0.3067, Val Acc: 0.3200
Epoch: 116, Loss: 1.3688, Train Acc: 0.3000, Val Acc: 0.2400
Epoch: 117, Loss: 1.3524, Train Acc: 0.3067, Val Acc: 0.3200
Epoch: 118, Loss: 1.3844, Train Acc: 0.2667, Val Acc: 0.1200
Epoch: 119, Loss: 1.3985, Train Acc: 0.2733, Val Acc: 0.2800
Epoch: 120, Loss: 1.4341, Train Acc: 0.2400, Val Acc: 0.2800
Epoch: 121, Loss: 1.3600, Train Acc: 0.2867, Val Acc: 0.3200
Epoch: 122, Loss: 1.4102, Train Acc: 0.2667, Val Acc: 0.2800
Epoch: 123, Loss: 1.4378, Train Acc: 0.2467, Val Acc: 0.2400
Epoch: 124, Loss: 1.4091, Train Acc: 0.2600, Val Acc: 0.2400
Epoch: 125, Loss: 1.3821, Train Acc: 0.3067, Val Acc: 0.2800
Epoch: 126, Loss: 1.4045, Train Acc: 0.2467, Val Acc: 0.2400
Epoch: 127, Loss: 1.3916, Train Acc: 0.2867, Val Acc: 0.2400
Epoch: 128, Loss: 1.4113, Train Acc: 0.2467, Val Acc: 0.2400
Epoch: 129, Loss: 1.3769, Train Acc: 0.2867, Val Acc: 0.2400
Epoch: 130, Loss: 1.3499, Train Acc: 0.3000, Val Acc: 0.3200
Epoch: 131, Loss: 1.3731, Train Acc: 0.2933, Val Acc: 0.3600
Epoch: 132, Loss: 1.4048, Train Acc: 0.2867, Val Acc: 0.2000
Epoch: 133, Loss: 1.3896, Train Acc: 0.2600, Val Acc: 0.2800
Epoch: 134, Loss: 1.3652, Train Acc: 0.3200, Val Acc: 0.2400
Epoch: 135, Loss: 1.3806, Train Acc: 0.2600, Val Acc: 0.2400
Epoch: 136, Loss: 1.3881, Train Acc: 0.2533, Val Acc: 0.2400
Epoch: 137, Loss: 1.3829, Train Acc: 0.2733, Val Acc: 0.3200
Epoch: 138, Loss: 1.3754, Train Acc: 0.2800, Val Acc: 0.2800
Epoch: 139, Loss: 1.3809, Train Acc: 0.2933, Val Acc: 0.2400
Epoch: 140, Loss: 1.4020, Train Acc: 0.3000, Val Acc: 0.2400
Epoch: 141, Loss: 1.4321, Train Acc: 0.2333, Val Acc: 0.3200
Epoch: 142, Loss: 1.3813, Train Acc: 0.2800, Val Acc: 0.2400
Epoch: 143, Loss: 1.3712, Train Acc: 0.2933, Val Acc: 0.3200
Epoch: 144, Loss: 1.3848, Train Acc: 0.2533, Val Acc: 0.2800
Epoch: 145, Loss: 1.3476, Train Acc: 0.2800, Val Acc: 0.2400
Epoch: 146, Loss: 1.3775, Train Acc: 0.3000, Val Acc: 0.3200
Epoch: 147, Loss: 1.3629, Train Acc: 0.2800, Val Acc: 0.0800
Epoch: 148, Loss: 1.3791, Train Acc: 0.2667, Val Acc: 0.3600
Epoch: 149, Loss: 1.4465, Train Acc: 0.2667, Val Acc: 0.3200
Epoch: 150, Loss: 1.3883, Train Acc: 0.2800, Val Acc: 0.2000
Epoch: 151, Loss: 1.4107, Train Acc: 0.3200, Val Acc: 0.2000
Epoch: 152, Loss: 1.3865, Train Acc: 0.2600, Val Acc: 0.2400
Epoch: 153, Loss: 1.4160, Train Acc: 0.2867, Val Acc: 0.2800
Epoch: 154, Loss: 1.3779, Train Acc: 0.2867, Val Acc: 0.2400
Epoch: 155, Loss: 1.3926, Train Acc: 0.3067, Val Acc: 0.3200
Epoch: 156, Loss: 1.4120, Train Acc: 0.3000, Val Acc: 0.2800
Epoch: 157, Loss: 1.3523, Train Acc: 0.2667, Val Acc: 0.2800
Epoch: 158, Loss: 1.3821, Train Acc: 0.2933, Val Acc: 0.2800
Epoch: 159, Loss: 1.4236, Train Acc: 0.3200, Val Acc: 0.2400
Epoch: 160, Loss: 1.4310, Train Acc: 0.2867, Val Acc: 0.2800
Epoch: 161, Loss: 1.3818, Train Acc: 0.2800, Val Acc: 0.2400
Epoch: 162, Loss: 1.3495, Train Acc: 0.3133, Val Acc: 0.2800
Epoch: 163, Loss: 1.3542, Train Acc: 0.3067, Val Acc: 0.3600
Epoch: 164, Loss: 1.4417, Train Acc: 0.2667, Val Acc: 0.3200
Epoch: 165, Loss: 1.4165, Train Acc: 0.3200, Val Acc: 0.1600
Epoch: 166, Loss: 1.4230, Train Acc: 0.2533, Val Acc: 0.2800
Epoch: 167, Loss: 1.4221, Train Acc: 0.2467, Val Acc: 0.1600
Epoch: 168, Loss: 1.3924, Train Acc: 0.2800, Val Acc: 0.2400
Epoch: 169, Loss: 1.3858, Train Acc: 0.3000, Val Acc: 0.2400
Epoch: 170, Loss: 1.3734, Train Acc: 0.3133, Val Acc: 0.2800
Epoch: 171, Loss: 1.4018, Train Acc: 0.3000, Val Acc: 0.2400
Epoch: 172, Loss: 1.3350, Train Acc: 0.2667, Val Acc: 0.2400
Epoch: 173, Loss: 1.4137, Train Acc: 0.3067, Val Acc: 0.2800
Epoch: 174, Loss: 1.4124, Train Acc: 0.2867, Val Acc: 0.2400
Epoch: 175, Loss: 1.4040, Train Acc: 0.2867, Val Acc: 0.2400
Epoch: 176, Loss: 1.3953, Train Acc: 0.3000, Val Acc: 0.1600
Epoch: 177, Loss: 1.3851, Train Acc: 0.2800, Val Acc: 0.2400
Epoch: 178, Loss: 1.3454, Train Acc: 0.3067, Val Acc: 0.2800
Epoch: 179, Loss: 1.4184, Train Acc: 0.2933, Val Acc: 0.2800
Epoch: 180, Loss: 1.4132, Train Acc: 0.3000, Val Acc: 0.3200
Epoch: 181, Loss: 1.3231, Train Acc: 0.2933, Val Acc: 0.2400
Epoch: 182, Loss: 1.3842, Train Acc: 0.2600, Val Acc: 0.2800
Epoch: 183, Loss: 1.3669, Train Acc: 0.3333, Val Acc: 0.2800
Epoch: 184, Loss: 1.4160, Train Acc: 0.3133, Val Acc: 0.2400
Epoch: 185, Loss: 1.3765, Train Acc: 0.3333, Val Acc: 0.2400
Epoch: 186, Loss: 1.3439, Train Acc: 0.2667, Val Acc: 0.1600
Epoch: 187, Loss: 1.3975, Train Acc: 0.2800, Val Acc: 0.2400
Epoch: 188, Loss: 1.2930, Train Acc: 0.2667, Val Acc: 0.3200
Epoch: 189, Loss: 1.4149, Train Acc: 0.3200, Val Acc: 0.3200
Epoch: 190, Loss: 1.4095, Train Acc: 0.2933, Val Acc: 0.2000
Epoch: 191, Loss: 1.3791, Train Acc: 0.2867, Val Acc: 0.1600
Epoch: 192, Loss: 1.3728, Train Acc: 0.2467, Val Acc: 0.1600
Epoch: 193, Loss: 1.3455, Train Acc: 0.3067, Val Acc: 0.3600
Epoch: 194, Loss: 1.4011, Train Acc: 0.3000, Val Acc: 0.3200
Epoch: 195, Loss: 1.4311, Train Acc: 0.2800, Val Acc: 0.2400
Epoch: 196, Loss: 1.3394, Train Acc: 0.2800, Val Acc: 0.2800
Epoch: 197, Loss: 1.3907, Train Acc: 0.2867, Val Acc: 0.2800
Epoch: 198, Loss: 1.4080, Train Acc: 0.3333, Val Acc: 0.2000
Epoch: 199, Loss: 1.3629, Train Acc: 0.2733, Val Acc: 0.3200
Split 2 evaluatation: Acc: 0.2000, Precision: 0.2000, Recall: 0.2000, F1 : 0.2000

Epoch: 000, Loss: 1.3665, Train Acc: 0.2067, Val Acc: 0.2400
Epoch: 001, Loss: 1.4004, Train Acc: 0.2133, Val Acc: 0.2400
Epoch: 002, Loss: 1.3825, Train Acc: 0.1933, Val Acc: 0.2800
Epoch: 003, Loss: 1.4274, Train Acc: 0.2133, Val Acc: 0.2400
Epoch: 004, Loss: 1.3983, Train Acc: 0.2533, Val Acc: 0.4000
Epoch: 005, Loss: 1.3507, Train Acc: 0.2467, Val Acc: 0.2800
Epoch: 006, Loss: 1.4164, Train Acc: 0.2133, Val Acc: 0.2400
Epoch: 007, Loss: 1.4465, Train Acc: 0.2200, Val Acc: 0.2400
Epoch: 008, Loss: 1.4066, Train Acc: 0.1933, Val Acc: 0.2800
Epoch: 009, Loss: 1.3756, Train Acc: 0.2067, Val Acc: 0.2400
Epoch: 010, Loss: 1.3847, Train Acc: 0.2200, Val Acc: 0.2400
Epoch: 011, Loss: 1.3890, Train Acc: 0.1600, Val Acc: 0.2400
Epoch: 012, Loss: 1.3858, Train Acc: 0.2467, Val Acc: 0.2400
Epoch: 013, Loss: 1.4019, Train Acc: 0.2067, Val Acc: 0.2400
Epoch: 014, Loss: 1.4321, Train Acc: 0.2000, Val Acc: 0.2400
Epoch: 015, Loss: 1.4510, Train Acc: 0.2267, Val Acc: 0.2400
Epoch: 016, Loss: 1.4238, Train Acc: 0.2000, Val Acc: 0.2400
Epoch: 017, Loss: 1.3849, Train Acc: 0.1933, Val Acc: 0.3200
Epoch: 018, Loss: 1.3938, Train Acc: 0.2067, Val Acc: 0.2000
Epoch: 019, Loss: 1.3897, Train Acc: 0.2400, Val Acc: 0.2400
Epoch: 020, Loss: 1.3865, Train Acc: 0.2533, Val Acc: 0.2800
Epoch: 021, Loss: 1.3901, Train Acc: 0.2067, Val Acc: 0.2400
Epoch: 022, Loss: 1.4268, Train Acc: 0.2267, Val Acc: 0.2800
Epoch: 023, Loss: 1.3869, Train Acc: 0.1867, Val Acc: 0.2400
Epoch: 024, Loss: 1.3827, Train Acc: 0.2267, Val Acc: 0.3200
Epoch: 025, Loss: 1.4089, Train Acc: 0.2067, Val Acc: 0.2400
Epoch: 026, Loss: 1.3952, Train Acc: 0.2133, Val Acc: 0.2400
Epoch: 027, Loss: 1.3730, Train Acc: 0.2600, Val Acc: 0.2400
Epoch: 028, Loss: 1.3758, Train Acc: 0.2467, Val Acc: 0.2400
Epoch: 029, Loss: 1.4183, Train Acc: 0.2667, Val Acc: 0.1200
Epoch: 030, Loss: 1.4304, Train Acc: 0.2133, Val Acc: 0.2400
Epoch: 031, Loss: 1.4015, Train Acc: 0.2267, Val Acc: 0.2400
Epoch: 032, Loss: 1.3511, Train Acc: 0.2400, Val Acc: 0.2400
Epoch: 033, Loss: 1.4066, Train Acc: 0.2600, Val Acc: 0.2400
Epoch: 034, Loss: 1.4389, Train Acc: 0.2067, Val Acc: 0.1600
Epoch: 035, Loss: 1.3606, Train Acc: 0.2333, Val Acc: 0.2400
Epoch: 036, Loss: 1.3992, Train Acc: 0.2467, Val Acc: 0.2400
Epoch: 037, Loss: 1.3625, Train Acc: 0.2067, Val Acc: 0.2400
Epoch: 038, Loss: 1.4173, Train Acc: 0.2267, Val Acc: 0.2000
Epoch: 039, Loss: 1.3619, Train Acc: 0.1867, Val Acc: 0.2400
Epoch: 040, Loss: 1.4172, Train Acc: 0.2067, Val Acc: 0.2800
Epoch: 041, Loss: 1.3443, Train Acc: 0.2467, Val Acc: 0.2400
Epoch: 042, Loss: 1.4058, Train Acc: 0.2400, Val Acc: 0.2400
Epoch: 043, Loss: 1.3697, Train Acc: 0.2600, Val Acc: 0.3200
Epoch: 044, Loss: 1.4041, Train Acc: 0.2133, Val Acc: 0.2000
Epoch: 045, Loss: 1.4131, Train Acc: 0.1800, Val Acc: 0.2800
Epoch: 046, Loss: 1.4256, Train Acc: 0.2733, Val Acc: 0.2400
Epoch: 047, Loss: 1.3420, Train Acc: 0.2467, Val Acc: 0.2400
Epoch: 048, Loss: 1.4055, Train Acc: 0.2400, Val Acc: 0.2400
Epoch: 049, Loss: 1.4621, Train Acc: 0.2667, Val Acc: 0.2400
Epoch: 050, Loss: 1.4190, Train Acc: 0.2467, Val Acc: 0.2400
Epoch: 051, Loss: 1.4136, Train Acc: 0.2600, Val Acc: 0.2400
Epoch: 052, Loss: 1.4227, Train Acc: 0.2600, Val Acc: 0.2400
Epoch: 053, Loss: 1.3752, Train Acc: 0.2733, Val Acc: 0.1200
Epoch: 054, Loss: 1.3958, Train Acc: 0.2533, Val Acc: 0.2400
Epoch: 055, Loss: 1.4238, Train Acc: 0.2533, Val Acc: 0.2400
Epoch: 056, Loss: 1.3862, Train Acc: 0.2533, Val Acc: 0.2400
Epoch: 057, Loss: 1.4122, Train Acc: 0.2400, Val Acc: 0.2400
Epoch: 058, Loss: 1.3653, Train Acc: 0.2333, Val Acc: 0.2400
Epoch: 059, Loss: 1.4673, Train Acc: 0.2933, Val Acc: 0.2800
Epoch: 060, Loss: 1.4155, Train Acc: 0.2533, Val Acc: 0.2400
Epoch: 061, Loss: 1.3468, Train Acc: 0.2200, Val Acc: 0.2800
Epoch: 062, Loss: 1.3664, Train Acc: 0.2733, Val Acc: 0.2800
Epoch: 063, Loss: 1.4823, Train Acc: 0.2600, Val Acc: 0.2400
Epoch: 064, Loss: 1.4306, Train Acc: 0.2467, Val Acc: 0.2400
Epoch: 065, Loss: 1.4159, Train Acc: 0.2400, Val Acc: 0.2000
Epoch: 066, Loss: 1.4142, Train Acc: 0.2800, Val Acc: 0.2800
Epoch: 067, Loss: 1.4634, Train Acc: 0.2467, Val Acc: 0.2400
Epoch: 068, Loss: 1.3419, Train Acc: 0.2800, Val Acc: 0.2400
Epoch: 069, Loss: 1.3609, Train Acc: 0.2267, Val Acc: 0.2800
Epoch: 070, Loss: 1.4223, Train Acc: 0.2600, Val Acc: 0.2800
Epoch: 071, Loss: 1.3866, Train Acc: 0.2333, Val Acc: 0.2400
Epoch: 072, Loss: 1.4327, Train Acc: 0.2733, Val Acc: 0.2000
Epoch: 073, Loss: 1.4125, Train Acc: 0.2400, Val Acc: 0.2400
Epoch: 074, Loss: 1.4267, Train Acc: 0.2400, Val Acc: 0.3600
Epoch: 075, Loss: 1.4260, Train Acc: 0.2067, Val Acc: 0.2800
Epoch: 076, Loss: 1.3876, Train Acc: 0.2333, Val Acc: 0.2800
Epoch: 077, Loss: 1.4456, Train Acc: 0.2600, Val Acc: 0.2400
Epoch: 078, Loss: 1.4072, Train Acc: 0.2667, Val Acc: 0.2800
Epoch: 079, Loss: 1.4339, Train Acc: 0.2600, Val Acc: 0.2800
Epoch: 080, Loss: 1.4098, Train Acc: 0.2533, Val Acc: 0.2000
Epoch: 081, Loss: 1.4194, Train Acc: 0.2133, Val Acc: 0.2800
Epoch: 082, Loss: 1.3823, Train Acc: 0.2733, Val Acc: 0.2400
Epoch: 083, Loss: 1.4388, Train Acc: 0.2333, Val Acc: 0.2800
Epoch: 084, Loss: 1.4300, Train Acc: 0.2533, Val Acc: 0.2800
Epoch: 085, Loss: 1.4604, Train Acc: 0.2667, Val Acc: 0.2400
Epoch: 086, Loss: 1.3744, Train Acc: 0.2267, Val Acc: 0.2800
Epoch: 087, Loss: 1.4415, Train Acc: 0.2333, Val Acc: 0.2800
Epoch: 088, Loss: 1.4089, Train Acc: 0.2600, Val Acc: 0.2800
Epoch: 089, Loss: 1.4354, Train Acc: 0.2533, Val Acc: 0.2800
Epoch: 090, Loss: 1.4457, Train Acc: 0.2600, Val Acc: 0.2400
Epoch: 091, Loss: 1.3549, Train Acc: 0.2467, Val Acc: 0.2400
Epoch: 092, Loss: 1.4791, Train Acc: 0.2467, Val Acc: 0.2800
Epoch: 093, Loss: 1.3691, Train Acc: 0.2667, Val Acc: 0.2000
Epoch: 094, Loss: 1.3452, Train Acc: 0.2933, Val Acc: 0.2000
Epoch: 095, Loss: 1.4469, Train Acc: 0.2800, Val Acc: 0.2400
Epoch: 096, Loss: 1.4478, Train Acc: 0.2800, Val Acc: 0.2000
Epoch: 097, Loss: 1.2679, Train Acc: 0.2333, Val Acc: 0.2800
Epoch: 098, Loss: 1.3613, Train Acc: 0.2733, Val Acc: 0.1600
Epoch: 099, Loss: 1.3861, Train Acc: 0.2133, Val Acc: 0.4000
Epoch: 100, Loss: 1.3975, Train Acc: 0.2533, Val Acc: 0.2800
Epoch: 101, Loss: 1.4205, Train Acc: 0.2533, Val Acc: 0.2400
Epoch: 102, Loss: 1.3165, Train Acc: 0.2400, Val Acc: 0.2400
Epoch: 103, Loss: 1.4079, Train Acc: 0.2067, Val Acc: 0.2000
Epoch: 104, Loss: 1.4017, Train Acc: 0.3067, Val Acc: 0.2800
Epoch: 105, Loss: 1.3980, Train Acc: 0.2533, Val Acc: 0.3200
Epoch: 106, Loss: 1.3983, Train Acc: 0.2333, Val Acc: 0.2800
Epoch: 107, Loss: 1.4062, Train Acc: 0.2733, Val Acc: 0.2400
Epoch: 108, Loss: 1.3903, Train Acc: 0.2200, Val Acc: 0.3600
Epoch: 109, Loss: 1.4102, Train Acc: 0.2533, Val Acc: 0.2400
Epoch: 110, Loss: 1.4319, Train Acc: 0.2667, Val Acc: 0.2800
Epoch: 111, Loss: 1.4257, Train Acc: 0.2933, Val Acc: 0.2400
Epoch: 112, Loss: 1.3924, Train Acc: 0.2733, Val Acc: 0.2400
Epoch: 113, Loss: 1.3958, Train Acc: 0.2333, Val Acc: 0.2800
Epoch: 114, Loss: 1.3413, Train Acc: 0.2667, Val Acc: 0.2000
Epoch: 115, Loss: 1.4038, Train Acc: 0.2733, Val Acc: 0.2000
Epoch: 116, Loss: 1.4187, Train Acc: 0.2533, Val Acc: 0.2400
Epoch: 117, Loss: 1.3996, Train Acc: 0.2467, Val Acc: 0.2400
Epoch: 118, Loss: 1.4180, Train Acc: 0.2867, Val Acc: 0.2400
Epoch: 119, Loss: 1.3732, Train Acc: 0.2667, Val Acc: 0.2800
Epoch: 120, Loss: 1.3523, Train Acc: 0.2600, Val Acc: 0.2800
Epoch: 121, Loss: 1.3678, Train Acc: 0.2200, Val Acc: 0.1600
Epoch: 122, Loss: 1.4500, Train Acc: 0.2600, Val Acc: 0.1600
Epoch: 123, Loss: 1.3801, Train Acc: 0.2667, Val Acc: 0.3200
Epoch: 124, Loss: 1.3611, Train Acc: 0.2667, Val Acc: 0.2800
Epoch: 125, Loss: 1.3611, Train Acc: 0.2800, Val Acc: 0.3200
Epoch: 126, Loss: 1.3918, Train Acc: 0.2533, Val Acc: 0.3200
Epoch: 127, Loss: 1.3737, Train Acc: 0.2867, Val Acc: 0.2800
Epoch: 128, Loss: 1.3421, Train Acc: 0.2267, Val Acc: 0.2400
Epoch: 129, Loss: 1.3707, Train Acc: 0.2533, Val Acc: 0.2400
Epoch: 130, Loss: 1.4199, Train Acc: 0.2467, Val Acc: 0.3200
Epoch: 131, Loss: 1.3850, Train Acc: 0.2933, Val Acc: 0.2400
Epoch: 132, Loss: 1.4019, Train Acc: 0.3067, Val Acc: 0.2400
Epoch: 133, Loss: 1.3910, Train Acc: 0.2467, Val Acc: 0.2000
Epoch: 134, Loss: 1.3489, Train Acc: 0.2667, Val Acc: 0.2800
Epoch: 135, Loss: 1.3787, Train Acc: 0.2733, Val Acc: 0.2400
Epoch: 136, Loss: 1.4103, Train Acc: 0.2933, Val Acc: 0.3200
Epoch: 137, Loss: 1.3929, Train Acc: 0.2600, Val Acc: 0.2400
Epoch: 138, Loss: 1.4488, Train Acc: 0.2400, Val Acc: 0.3200
Epoch: 139, Loss: 1.3706, Train Acc: 0.2733, Val Acc: 0.1600
Epoch: 140, Loss: 1.2887, Train Acc: 0.2733, Val Acc: 0.2400
Epoch: 141, Loss: 1.4560, Train Acc: 0.2400, Val Acc: 0.2400
Epoch: 142, Loss: 1.4671, Train Acc: 0.2400, Val Acc: 0.2800
Epoch: 143, Loss: 1.4570, Train Acc: 0.2533, Val Acc: 0.3200
Epoch: 144, Loss: 1.4165, Train Acc: 0.2733, Val Acc: 0.2400
Epoch: 145, Loss: 1.4097, Train Acc: 0.2600, Val Acc: 0.2400
Epoch: 146, Loss: 1.3942, Train Acc: 0.2800, Val Acc: 0.2400
Epoch: 147, Loss: 1.3796, Train Acc: 0.2800, Val Acc: 0.2400
Epoch: 148, Loss: 1.3517, Train Acc: 0.2667, Val Acc: 0.2400
Epoch: 149, Loss: 1.4207, Train Acc: 0.3000, Val Acc: 0.1200
Epoch: 150, Loss: 1.3605, Train Acc: 0.2467, Val Acc: 0.2400
Epoch: 151, Loss: 1.4039, Train Acc: 0.3000, Val Acc: 0.2400
Epoch: 152, Loss: 1.4236, Train Acc: 0.2267, Val Acc: 0.2000
Epoch: 153, Loss: 1.3953, Train Acc: 0.2733, Val Acc: 0.2400
Epoch: 154, Loss: 1.3531, Train Acc: 0.2800, Val Acc: 0.2800
Epoch: 155, Loss: 1.4127, Train Acc: 0.2933, Val Acc: 0.2400
Epoch: 156, Loss: 1.4120, Train Acc: 0.2733, Val Acc: 0.1600
Epoch: 157, Loss: 1.3905, Train Acc: 0.3067, Val Acc: 0.2800
Epoch: 158, Loss: 1.3800, Train Acc: 0.2333, Val Acc: 0.3200
Epoch: 159, Loss: 1.4428, Train Acc: 0.2667, Val Acc: 0.2800
Epoch: 160, Loss: 1.2557, Train Acc: 0.2933, Val Acc: 0.2400
Epoch: 161, Loss: 1.3893, Train Acc: 0.2867, Val Acc: 0.2400
Epoch: 162, Loss: 1.3681, Train Acc: 0.2533, Val Acc: 0.2000
Epoch: 163, Loss: 1.4592, Train Acc: 0.2733, Val Acc: 0.2800
Epoch: 164, Loss: 1.3587, Train Acc: 0.2600, Val Acc: 0.2400
Epoch: 165, Loss: 1.3580, Train Acc: 0.3000, Val Acc: 0.2800
Epoch: 166, Loss: 1.4133, Train Acc: 0.2400, Val Acc: 0.2000
Epoch: 167, Loss: 1.3544, Train Acc: 0.2533, Val Acc: 0.2000
Epoch: 168, Loss: 1.4175, Train Acc: 0.2733, Val Acc: 0.2000
Epoch: 169, Loss: 1.4220, Train Acc: 0.2467, Val Acc: 0.2800
Epoch: 170, Loss: 1.4006, Train Acc: 0.2533, Val Acc: 0.2400
Epoch: 171, Loss: 1.3717, Train Acc: 0.2733, Val Acc: 0.1600
Epoch: 172, Loss: 1.4442, Train Acc: 0.2600, Val Acc: 0.2800
Epoch: 173, Loss: 1.4007, Train Acc: 0.2867, Val Acc: 0.2000
Epoch: 174, Loss: 1.3765, Train Acc: 0.2867, Val Acc: 0.2800
Epoch: 175, Loss: 1.3379, Train Acc: 0.2667, Val Acc: 0.2400
Epoch: 176, Loss: 1.3602, Train Acc: 0.2467, Val Acc: 0.2000
Epoch: 177, Loss: 1.3740, Train Acc: 0.2733, Val Acc: 0.2800
Epoch: 178, Loss: 1.3566, Train Acc: 0.3133, Val Acc: 0.2800
Epoch: 179, Loss: 1.4716, Train Acc: 0.2467, Val Acc: 0.2800
Epoch: 180, Loss: 1.3886, Train Acc: 0.2333, Val Acc: 0.2800
Epoch: 181, Loss: 1.4015, Train Acc: 0.2600, Val Acc: 0.2400
Epoch: 182, Loss: 1.3545, Train Acc: 0.2533, Val Acc: 0.2400
Epoch: 183, Loss: 1.1966, Train Acc: 0.2800, Val Acc: 0.2800
Epoch: 184, Loss: 1.4320, Train Acc: 0.3267, Val Acc: 0.2800
Epoch: 185, Loss: 1.4031, Train Acc: 0.3000, Val Acc: 0.2400
Epoch: 186, Loss: 1.3850, Train Acc: 0.3067, Val Acc: 0.1200
Epoch: 187, Loss: 1.3379, Train Acc: 0.2867, Val Acc: 0.1600
Epoch: 188, Loss: 1.3706, Train Acc: 0.3000, Val Acc: 0.2800
Epoch: 189, Loss: 1.3909, Train Acc: 0.2800, Val Acc: 0.2800
Epoch: 190, Loss: 1.4452, Train Acc: 0.2800, Val Acc: 0.2400
Epoch: 191, Loss: 1.3729, Train Acc: 0.3133, Val Acc: 0.3200
Epoch: 192, Loss: 1.4588, Train Acc: 0.2667, Val Acc: 0.2000
Epoch: 193, Loss: 1.3766, Train Acc: 0.2867, Val Acc: 0.2800
Epoch: 194, Loss: 1.3474, Train Acc: 0.2933, Val Acc: 0.1600
Epoch: 195, Loss: 1.3953, Train Acc: 0.3267, Val Acc: 0.2800
Epoch: 196, Loss: 1.4275, Train Acc: 0.3200, Val Acc: 0.2800
Epoch: 197, Loss: 1.4022, Train Acc: 0.2933, Val Acc: 0.1600
Epoch: 198, Loss: 1.3549, Train Acc: 0.2533, Val Acc: 0.1600
Epoch: 199, Loss: 1.3678, Train Acc: 0.2600, Val Acc: 0.2000
Split 3 evaluatation: Acc: 0.4000, Precision: 0.4000, Recall: 0.4000, F1 : 0.4000

Average Evaluation Metrics: Acc 0.2800, Precision: 0.2800, Recall: 0.2800, F1: 0.2800
