MOFED version '4.9-2.2.6' not available in this container.
No matching alternate version found.
GAT(
  (initial_gat): GATv2Conv(512, 256, heads=4)
  (gat1): GATv2Conv(1024, 256, heads=4)
  (gat2): GATv2Conv(1024, 256, heads=4)
  (gat3): GATv2Conv(1024, 256, heads=4)
  (gat4): GATv2Conv(1024, 256, heads=4)
  (gat5): GATv2Conv(1024, 256, heads=4)
  (gat6): GATv2Conv(1024, 256, heads=4)
  (gat7): GATv2Conv(1024, 256, heads=4)
  (out): Linear(512, 4, bias=True)
)
Number of parameters:  15763460

Epoch: 000, Loss: 1.3505, Train Acc: 0.2133, Val Acc: 0.2400
Epoch: 001, Loss: 1.3709, Train Acc: 0.2267, Val Acc: 0.2400
Epoch: 002, Loss: 1.4445, Train Acc: 0.2133, Val Acc: 0.2400
Epoch: 003, Loss: 1.4488, Train Acc: 0.2467, Val Acc: 0.2400
Epoch: 004, Loss: 1.4195, Train Acc: 0.2467, Val Acc: 0.2400
Epoch: 005, Loss: 1.4008, Train Acc: 0.2067, Val Acc: 0.2800
Epoch: 006, Loss: 1.3894, Train Acc: 0.1733, Val Acc: 0.2800
Epoch: 007, Loss: 1.4027, Train Acc: 0.1800, Val Acc: 0.2400
Epoch: 008, Loss: 1.4005, Train Acc: 0.2533, Val Acc: 0.2400
Epoch: 009, Loss: 1.4016, Train Acc: 0.2200, Val Acc: 0.2400
Epoch: 010, Loss: 1.1631, Train Acc: 0.2400, Val Acc: 0.2800
Epoch: 011, Loss: 1.3794, Train Acc: 0.2000, Val Acc: 0.2400
Epoch: 012, Loss: 1.3616, Train Acc: 0.2333, Val Acc: 0.2400
Epoch: 013, Loss: 1.4281, Train Acc: 0.2400, Val Acc: 0.2400
Epoch: 014, Loss: 1.3731, Train Acc: 0.2533, Val Acc: 0.2400
Epoch: 015, Loss: 1.3651, Train Acc: 0.2467, Val Acc: 0.2400
Epoch: 016, Loss: 1.3558, Train Acc: 0.2000, Val Acc: 0.2400
Epoch: 017, Loss: 1.3920, Train Acc: 0.2333, Val Acc: 0.2800
Epoch: 018, Loss: 1.3845, Train Acc: 0.2133, Val Acc: 0.2800
Epoch: 019, Loss: 1.3718, Train Acc: 0.2133, Val Acc: 0.2400
Epoch: 020, Loss: 1.4074, Train Acc: 0.2533, Val Acc: 0.2400
Epoch: 021, Loss: 1.3543, Train Acc: 0.2533, Val Acc: 0.2400
Epoch: 022, Loss: 1.4285, Train Acc: 0.2467, Val Acc: 0.2400
Epoch: 023, Loss: 1.3899, Train Acc: 0.2200, Val Acc: 0.2800
Epoch: 024, Loss: 1.3572, Train Acc: 0.2667, Val Acc: 0.1600
Epoch: 025, Loss: 1.3684, Train Acc: 0.2467, Val Acc: 0.2800
Epoch: 026, Loss: 1.3952, Train Acc: 0.2200, Val Acc: 0.2400
Epoch: 027, Loss: 1.3968, Train Acc: 0.2267, Val Acc: 0.2400
Epoch: 028, Loss: 1.4178, Train Acc: 0.2600, Val Acc: 0.2800
Epoch: 029, Loss: 1.3968, Train Acc: 0.2533, Val Acc: 0.2400
Epoch: 030, Loss: 1.3842, Train Acc: 0.2200, Val Acc: 0.2400
Epoch: 031, Loss: 1.3881, Train Acc: 0.1933, Val Acc: 0.2800
Epoch: 032, Loss: 1.4010, Train Acc: 0.2067, Val Acc: 0.2400
Epoch: 033, Loss: 1.3944, Train Acc: 0.2600, Val Acc: 0.3200
Epoch: 034, Loss: 1.3767, Train Acc: 0.2000, Val Acc: 0.2400
Epoch: 035, Loss: 1.4055, Train Acc: 0.2600, Val Acc: 0.2000
Epoch: 036, Loss: 1.4087, Train Acc: 0.2200, Val Acc: 0.2400
Epoch: 037, Loss: 1.4106, Train Acc: 0.2333, Val Acc: 0.2400
Epoch: 038, Loss: 1.4075, Train Acc: 0.2000, Val Acc: 0.2400
Epoch: 039, Loss: 1.4022, Train Acc: 0.2467, Val Acc: 0.2800
Epoch: 040, Loss: 1.3603, Train Acc: 0.2133, Val Acc: 0.2000
Epoch: 041, Loss: 1.3936, Train Acc: 0.1867, Val Acc: 0.2400
Epoch: 042, Loss: 1.4188, Train Acc: 0.2467, Val Acc: 0.2400
Epoch: 043, Loss: 1.4673, Train Acc: 0.2267, Val Acc: 0.2400
Epoch: 044, Loss: 1.3602, Train Acc: 0.2133, Val Acc: 0.2400
Epoch: 045, Loss: 1.4178, Train Acc: 0.2533, Val Acc: 0.2400
Epoch: 046, Loss: 1.3617, Train Acc: 0.2400, Val Acc: 0.2400
Epoch: 047, Loss: 1.3715, Train Acc: 0.2733, Val Acc: 0.2800
Epoch: 048, Loss: 1.3553, Train Acc: 0.2400, Val Acc: 0.2400
Epoch: 049, Loss: 1.3881, Train Acc: 0.2333, Val Acc: 0.2000
Epoch: 050, Loss: 1.3940, Train Acc: 0.2067, Val Acc: 0.2000
Epoch: 051, Loss: 1.4099, Train Acc: 0.2467, Val Acc: 0.2400
Epoch: 052, Loss: 1.3747, Train Acc: 0.2400, Val Acc: 0.2400
Epoch: 053, Loss: 1.4211, Train Acc: 0.2333, Val Acc: 0.2400
Epoch: 054, Loss: 1.3692, Train Acc: 0.2000, Val Acc: 0.2400
Epoch: 055, Loss: 1.4307, Train Acc: 0.2667, Val Acc: 0.2400
Epoch: 056, Loss: 1.3723, Train Acc: 0.2400, Val Acc: 0.2400
Epoch: 057, Loss: 1.4411, Train Acc: 0.2200, Val Acc: 0.2800
Epoch: 058, Loss: 1.4015, Train Acc: 0.2200, Val Acc: 0.2400
Epoch: 059, Loss: 1.4274, Train Acc: 0.2600, Val Acc: 0.2400
Epoch: 060, Loss: 1.4456, Train Acc: 0.2667, Val Acc: 0.2400
Epoch: 061, Loss: 1.3975, Train Acc: 0.2467, Val Acc: 0.1600
Epoch: 062, Loss: 1.3600, Train Acc: 0.2400, Val Acc: 0.2400
Epoch: 063, Loss: 1.3618, Train Acc: 0.1733, Val Acc: 0.2400
Epoch: 064, Loss: 1.4004, Train Acc: 0.2400, Val Acc: 0.1600
Epoch: 065, Loss: 1.3557, Train Acc: 0.2400, Val Acc: 0.2400
Epoch: 066, Loss: 1.3718, Train Acc: 0.2133, Val Acc: 0.2400
Epoch: 067, Loss: 1.3778, Train Acc: 0.2600, Val Acc: 0.2400
Epoch: 068, Loss: 1.3749, Train Acc: 0.2400, Val Acc: 0.2400
Epoch: 069, Loss: 1.3945, Train Acc: 0.2333, Val Acc: 0.2000
Epoch: 070, Loss: 1.3885, Train Acc: 0.2600, Val Acc: 0.2400
Epoch: 071, Loss: 1.3796, Train Acc: 0.2400, Val Acc: 0.2400
Epoch: 072, Loss: 1.2916, Train Acc: 0.2867, Val Acc: 0.3200
Epoch: 073, Loss: 1.3820, Train Acc: 0.2800, Val Acc: 0.2400
Epoch: 074, Loss: 1.4037, Train Acc: 0.2600, Val Acc: 0.2400
Epoch: 075, Loss: 1.4201, Train Acc: 0.2533, Val Acc: 0.3200
Epoch: 076, Loss: 1.3689, Train Acc: 0.2267, Val Acc: 0.2800
Epoch: 077, Loss: 1.4356, Train Acc: 0.2600, Val Acc: 0.2400
Epoch: 078, Loss: 1.3981, Train Acc: 0.2600, Val Acc: 0.2800
Epoch: 079, Loss: 1.3987, Train Acc: 0.2133, Val Acc: 0.2000
Epoch: 080, Loss: 1.3746, Train Acc: 0.2533, Val Acc: 0.2000
Epoch: 081, Loss: 1.4062, Train Acc: 0.2600, Val Acc: 0.2400
Epoch: 082, Loss: 1.4349, Train Acc: 0.2800, Val Acc: 0.2400
Epoch: 083, Loss: 1.3586, Train Acc: 0.2667, Val Acc: 0.3200
Epoch: 084, Loss: 1.3319, Train Acc: 0.2267, Val Acc: 0.2400
Epoch: 085, Loss: 1.3998, Train Acc: 0.2600, Val Acc: 0.2400
Epoch: 086, Loss: 1.4065, Train Acc: 0.2600, Val Acc: 0.2400
Epoch: 087, Loss: 1.3952, Train Acc: 0.3067, Val Acc: 0.2800
Epoch: 088, Loss: 1.4256, Train Acc: 0.2400, Val Acc: 0.2400
Epoch: 089, Loss: 1.4402, Train Acc: 0.2400, Val Acc: 0.2800
Epoch: 090, Loss: 1.4073, Train Acc: 0.2600, Val Acc: 0.2400
Epoch: 091, Loss: 1.3808, Train Acc: 0.2400, Val Acc: 0.2800
Epoch: 092, Loss: 1.3603, Train Acc: 0.2067, Val Acc: 0.2400
Epoch: 093, Loss: 1.3578, Train Acc: 0.2533, Val Acc: 0.2400
Epoch: 094, Loss: 1.3660, Train Acc: 0.2600, Val Acc: 0.2400
Epoch: 095, Loss: 1.4389, Train Acc: 0.3000, Val Acc: 0.2400
Epoch: 096, Loss: 1.4108, Train Acc: 0.2600, Val Acc: 0.2400
Epoch: 097, Loss: 1.4256, Train Acc: 0.2600, Val Acc: 0.2400
Epoch: 098, Loss: 1.3822, Train Acc: 0.2933, Val Acc: 0.2400
Epoch: 099, Loss: 1.3896, Train Acc: 0.2600, Val Acc: 0.2400
Epoch: 100, Loss: 1.3500, Train Acc: 0.2533, Val Acc: 0.2400
Epoch: 101, Loss: 1.4598, Train Acc: 0.2867, Val Acc: 0.2400
Epoch: 102, Loss: 1.3813, Train Acc: 0.2933, Val Acc: 0.2400
Epoch: 103, Loss: 1.4039, Train Acc: 0.2133, Val Acc: 0.2000
Epoch: 104, Loss: 1.4183, Train Acc: 0.2800, Val Acc: 0.2400
Epoch: 105, Loss: 1.4015, Train Acc: 0.2600, Val Acc: 0.2400
Epoch: 106, Loss: 1.3631, Train Acc: 0.2067, Val Acc: 0.3200
Epoch: 107, Loss: 1.3997, Train Acc: 0.2733, Val Acc: 0.2400
Epoch: 108, Loss: 1.3930, Train Acc: 0.2733, Val Acc: 0.2400
Epoch: 109, Loss: 1.3988, Train Acc: 0.2733, Val Acc: 0.2400
Epoch: 110, Loss: 1.3734, Train Acc: 0.2467, Val Acc: 0.2000
Epoch: 111, Loss: 1.4222, Train Acc: 0.2733, Val Acc: 0.2800
Epoch: 112, Loss: 1.3975, Train Acc: 0.2400, Val Acc: 0.2400
Epoch: 113, Loss: 1.4006, Train Acc: 0.2667, Val Acc: 0.2400
Epoch: 114, Loss: 1.3889, Train Acc: 0.2200, Val Acc: 0.2800
Epoch: 115, Loss: 1.4472, Train Acc: 0.2867, Val Acc: 0.2400
Epoch: 116, Loss: 1.3879, Train Acc: 0.2267, Val Acc: 0.2400
Epoch: 117, Loss: 1.3534, Train Acc: 0.2667, Val Acc: 0.2400
Epoch: 118, Loss: 1.3967, Train Acc: 0.2200, Val Acc: 0.2400
Epoch: 119, Loss: 1.3376, Train Acc: 0.2800, Val Acc: 0.2400
Epoch: 120, Loss: 1.3850, Train Acc: 0.2867, Val Acc: 0.2400
Epoch: 121, Loss: 1.4334, Train Acc: 0.3067, Val Acc: 0.2400
Epoch: 122, Loss: 1.3701, Train Acc: 0.2600, Val Acc: 0.2400
Epoch: 123, Loss: 1.4189, Train Acc: 0.2400, Val Acc: 0.2000
Epoch: 124, Loss: 1.4094, Train Acc: 0.2467, Val Acc: 0.2000
Epoch: 125, Loss: 1.4379, Train Acc: 0.2800, Val Acc: 0.2000
Epoch: 126, Loss: 1.4153, Train Acc: 0.2867, Val Acc: 0.2400
Epoch: 127, Loss: 1.3862, Train Acc: 0.2533, Val Acc: 0.2400
Epoch: 128, Loss: 1.4123, Train Acc: 0.2533, Val Acc: 0.2000
Epoch: 129, Loss: 1.4288, Train Acc: 0.2267, Val Acc: 0.2000
Epoch: 130, Loss: 1.3644, Train Acc: 0.2667, Val Acc: 0.2400
Epoch: 131, Loss: 1.4077, Train Acc: 0.2867, Val Acc: 0.2400
Epoch: 132, Loss: 1.4001, Train Acc: 0.2533, Val Acc: 0.2400
Epoch: 133, Loss: 1.3799, Train Acc: 0.2400, Val Acc: 0.2400
Epoch: 134, Loss: 1.4220, Train Acc: 0.2667, Val Acc: 0.2400
Epoch: 135, Loss: 1.4251, Train Acc: 0.2867, Val Acc: 0.2400
Epoch: 136, Loss: 1.3575, Train Acc: 0.2200, Val Acc: 0.2400
Epoch: 137, Loss: 1.3348, Train Acc: 0.2533, Val Acc: 0.2400
Epoch: 138, Loss: 1.3556, Train Acc: 0.2733, Val Acc: 0.2400
Epoch: 139, Loss: 1.4057, Train Acc: 0.3133, Val Acc: 0.2800
Epoch: 140, Loss: 1.3991, Train Acc: 0.2800, Val Acc: 0.2000
Epoch: 141, Loss: 1.3629, Train Acc: 0.2733, Val Acc: 0.2400
Epoch: 142, Loss: 1.3776, Train Acc: 0.2667, Val Acc: 0.2400
Epoch: 143, Loss: 1.4205, Train Acc: 0.2467, Val Acc: 0.2400
Epoch: 144, Loss: 1.4107, Train Acc: 0.2533, Val Acc: 0.2800
Epoch: 145, Loss: 1.4272, Train Acc: 0.2533, Val Acc: 0.2400
Epoch: 146, Loss: 1.3745, Train Acc: 0.2800, Val Acc: 0.2000
Epoch: 147, Loss: 1.2881, Train Acc: 0.3067, Val Acc: 0.2400
Epoch: 148, Loss: 1.3837, Train Acc: 0.2733, Val Acc: 0.3200
Epoch: 149, Loss: 1.4031, Train Acc: 0.2667, Val Acc: 0.2400
Epoch: 150, Loss: 1.1589, Train Acc: 0.2467, Val Acc: 0.2400
Epoch: 151, Loss: 1.4023, Train Acc: 0.2600, Val Acc: 0.2400
Epoch: 152, Loss: 1.3849, Train Acc: 0.2533, Val Acc: 0.1600
Epoch: 153, Loss: 1.3797, Train Acc: 0.2867, Val Acc: 0.3200
Epoch: 154, Loss: 1.4046, Train Acc: 0.2133, Val Acc: 0.2400
Epoch: 155, Loss: 1.3932, Train Acc: 0.2867, Val Acc: 0.2400
Epoch: 156, Loss: 1.2374, Train Acc: 0.2733, Val Acc: 0.2400
Epoch: 157, Loss: 1.3563, Train Acc: 0.2400, Val Acc: 0.2400
Epoch: 158, Loss: 1.3539, Train Acc: 0.3000, Val Acc: 0.2000
Epoch: 159, Loss: 1.4004, Train Acc: 0.2400, Val Acc: 0.3200
Epoch: 160, Loss: 1.3528, Train Acc: 0.3000, Val Acc: 0.2400
Epoch: 161, Loss: 1.4259, Train Acc: 0.2800, Val Acc: 0.2400
Epoch: 162, Loss: 1.4564, Train Acc: 0.2800, Val Acc: 0.2400
Epoch: 163, Loss: 1.2231, Train Acc: 0.3133, Val Acc: 0.2800
Epoch: 164, Loss: 1.2501, Train Acc: 0.2800, Val Acc: 0.2400
Epoch: 165, Loss: 1.4092, Train Acc: 0.2867, Val Acc: 0.2800
Epoch: 166, Loss: 1.3694, Train Acc: 0.2867, Val Acc: 0.1600
Epoch: 167, Loss: 1.3798, Train Acc: 0.3000, Val Acc: 0.2400
Epoch: 168, Loss: 1.4514, Train Acc: 0.2800, Val Acc: 0.2400
Epoch: 169, Loss: 1.4361, Train Acc: 0.3000, Val Acc: 0.2400
Epoch: 170, Loss: 1.3851, Train Acc: 0.2333, Val Acc: 0.2400
Epoch: 171, Loss: 1.3707, Train Acc: 0.2800, Val Acc: 0.1600
Epoch: 172, Loss: 1.3766, Train Acc: 0.2933, Val Acc: 0.2400
Epoch: 173, Loss: 1.3302, Train Acc: 0.2933, Val Acc: 0.2400
Epoch: 174, Loss: 1.4026, Train Acc: 0.3133, Val Acc: 0.2400
Epoch: 175, Loss: 1.4471, Train Acc: 0.2667, Val Acc: 0.2400
Epoch: 176, Loss: 1.3568, Train Acc: 0.3400, Val Acc: 0.2400
Epoch: 177, Loss: 1.3638, Train Acc: 0.2867, Val Acc: 0.3200
Epoch: 178, Loss: 1.3997, Train Acc: 0.2667, Val Acc: 0.2400
Epoch: 179, Loss: 1.3644, Train Acc: 0.2600, Val Acc: 0.2400
Epoch: 180, Loss: 1.3758, Train Acc: 0.2400, Val Acc: 0.2000
Epoch: 181, Loss: 1.4373, Train Acc: 0.3267, Val Acc: 0.2400
Epoch: 182, Loss: 1.3834, Train Acc: 0.2867, Val Acc: 0.2400
Epoch: 183, Loss: 1.3794, Train Acc: 0.2933, Val Acc: 0.2400
Epoch: 184, Loss: 1.3963, Train Acc: 0.2667, Val Acc: 0.2800
Epoch: 185, Loss: 1.1335, Train Acc: 0.2200, Val Acc: 0.2400
Epoch: 186, Loss: 1.3925, Train Acc: 0.2800, Val Acc: 0.2800
Epoch: 187, Loss: 1.3953, Train Acc: 0.2733, Val Acc: 0.2000
Epoch: 188, Loss: 1.4068, Train Acc: 0.2733, Val Acc: 0.2400
Epoch: 189, Loss: 1.3179, Train Acc: 0.2933, Val Acc: 0.2400
Epoch: 190, Loss: 1.3685, Train Acc: 0.2933, Val Acc: 0.2400
Epoch: 191, Loss: 1.0887, Train Acc: 0.2867, Val Acc: 0.2800
Epoch: 192, Loss: 1.3280, Train Acc: 0.2667, Val Acc: 0.2400
Epoch: 193, Loss: 1.3331, Train Acc: 0.2800, Val Acc: 0.2400
Epoch: 194, Loss: 1.3635, Train Acc: 0.2933, Val Acc: 0.2000
Epoch: 195, Loss: 1.3515, Train Acc: 0.3000, Val Acc: 0.3200
Epoch: 196, Loss: 1.1473, Train Acc: 0.2733, Val Acc: 0.2000
Epoch: 197, Loss: 1.3385, Train Acc: 0.2867, Val Acc: 0.2000
Epoch: 198, Loss: 1.3583, Train Acc: 0.2600, Val Acc: 0.2400
Epoch: 199, Loss: 1.3617, Train Acc: 0.3067, Val Acc: 0.2000
Split 0 evaluatation: Acc: 0.2800, Precision: 0.2800, Recall: 0.2800, F1 : 0.2800

Epoch: 000, Loss: 1.3671, Train Acc: 0.2400, Val Acc: 0.2400
Epoch: 001, Loss: 1.4090, Train Acc: 0.2000, Val Acc: 0.2400
Epoch: 002, Loss: 1.3666, Train Acc: 0.1867, Val Acc: 0.1200
Epoch: 003, Loss: 1.3548, Train Acc: 0.2267, Val Acc: 0.2400
Epoch: 004, Loss: 1.3930, Train Acc: 0.2133, Val Acc: 0.2400
Epoch: 005, Loss: 1.4371, Train Acc: 0.1933, Val Acc: 0.2400
Epoch: 006, Loss: 1.3802, Train Acc: 0.1867, Val Acc: 0.2400
Epoch: 007, Loss: 1.4009, Train Acc: 0.2400, Val Acc: 0.2400
Epoch: 008, Loss: 1.3731, Train Acc: 0.2267, Val Acc: 0.2000
Epoch: 009, Loss: 1.3973, Train Acc: 0.1867, Val Acc: 0.2400
Epoch: 010, Loss: 1.3986, Train Acc: 0.2600, Val Acc: 0.2400
Epoch: 011, Loss: 1.4120, Train Acc: 0.2067, Val Acc: 0.2400
Epoch: 012, Loss: 1.3977, Train Acc: 0.2333, Val Acc: 0.2400
Epoch: 013, Loss: 1.4074, Train Acc: 0.2333, Val Acc: 0.2400
Epoch: 014, Loss: 1.3894, Train Acc: 0.2000, Val Acc: 0.2400
Epoch: 015, Loss: 1.4184, Train Acc: 0.2200, Val Acc: 0.2400
Epoch: 016, Loss: 1.4393, Train Acc: 0.2400, Val Acc: 0.2400
Epoch: 017, Loss: 1.4318, Train Acc: 0.2733, Val Acc: 0.2400
Epoch: 018, Loss: 1.3847, Train Acc: 0.2533, Val Acc: 0.2400
Epoch: 019, Loss: 1.4288, Train Acc: 0.2600, Val Acc: 0.2400
Epoch: 020, Loss: 1.4255, Train Acc: 0.1600, Val Acc: 0.2400
Epoch: 021, Loss: 1.3784, Train Acc: 0.1933, Val Acc: 0.2800
Epoch: 022, Loss: 1.3833, Train Acc: 0.2067, Val Acc: 0.2400
Epoch: 023, Loss: 1.3381, Train Acc: 0.2067, Val Acc: 0.2400
Epoch: 024, Loss: 1.3972, Train Acc: 0.2467, Val Acc: 0.2400
Epoch: 025, Loss: 1.3756, Train Acc: 0.2067, Val Acc: 0.0800
Epoch: 026, Loss: 1.3415, Train Acc: 0.2400, Val Acc: 0.2400
Epoch: 027, Loss: 1.3912, Train Acc: 0.2600, Val Acc: 0.2000
Epoch: 028, Loss: 1.3357, Train Acc: 0.2333, Val Acc: 0.1600
Epoch: 029, Loss: 1.3891, Train Acc: 0.2133, Val Acc: 0.2400
Epoch: 030, Loss: 1.3527, Train Acc: 0.2533, Val Acc: 0.2400
Epoch: 031, Loss: 1.3531, Train Acc: 0.2600, Val Acc: 0.2400
Epoch: 032, Loss: 1.4386, Train Acc: 0.2533, Val Acc: 0.2400
Epoch: 033, Loss: 1.4141, Train Acc: 0.2200, Val Acc: 0.2000
Epoch: 034, Loss: 1.3985, Train Acc: 0.2400, Val Acc: 0.2400
Epoch: 035, Loss: 1.3981, Train Acc: 0.2600, Val Acc: 0.1200
Epoch: 036, Loss: 1.3693, Train Acc: 0.2400, Val Acc: 0.2000
Epoch: 037, Loss: 1.3998, Train Acc: 0.2533, Val Acc: 0.1600
Epoch: 038, Loss: 1.3818, Train Acc: 0.2267, Val Acc: 0.1200
Epoch: 039, Loss: 1.3939, Train Acc: 0.2400, Val Acc: 0.1600
Epoch: 040, Loss: 1.3973, Train Acc: 0.2533, Val Acc: 0.2400
Epoch: 041, Loss: 1.3808, Train Acc: 0.2600, Val Acc: 0.2400
Epoch: 042, Loss: 1.3774, Train Acc: 0.2600, Val Acc: 0.2400
Epoch: 043, Loss: 1.4218, Train Acc: 0.2133, Val Acc: 0.2400
Epoch: 044, Loss: 1.3483, Train Acc: 0.2867, Val Acc: 0.2400
Epoch: 045, Loss: 1.3208, Train Acc: 0.2267, Val Acc: 0.2400
Epoch: 046, Loss: 1.3459, Train Acc: 0.2600, Val Acc: 0.2400
Epoch: 047, Loss: 1.4063, Train Acc: 0.2267, Val Acc: 0.2400
Epoch: 048, Loss: 1.4032, Train Acc: 0.2200, Val Acc: 0.2400
Epoch: 049, Loss: 1.3981, Train Acc: 0.2333, Val Acc: 0.1600
Epoch: 050, Loss: 1.3630, Train Acc: 0.2467, Val Acc: 0.2400
Epoch: 051, Loss: 1.3979, Train Acc: 0.2400, Val Acc: 0.1200
Epoch: 052, Loss: 1.4121, Train Acc: 0.1933, Val Acc: 0.2400
Epoch: 053, Loss: 1.3983, Train Acc: 0.2400, Val Acc: 0.2400
Epoch: 054, Loss: 1.4131, Train Acc: 0.2267, Val Acc: 0.2400
Epoch: 055, Loss: 1.4108, Train Acc: 0.2400, Val Acc: 0.1200
Epoch: 056, Loss: 1.4140, Train Acc: 0.2867, Val Acc: 0.1600
Epoch: 057, Loss: 1.3831, Train Acc: 0.2467, Val Acc: 0.1600
Epoch: 058, Loss: 1.4210, Train Acc: 0.2600, Val Acc: 0.2400
Epoch: 059, Loss: 1.3986, Train Acc: 0.2133, Val Acc: 0.2800
Epoch: 060, Loss: 1.4193, Train Acc: 0.2333, Val Acc: 0.2400
Epoch: 061, Loss: 1.3599, Train Acc: 0.2533, Val Acc: 0.0400
Epoch: 062, Loss: 1.3668, Train Acc: 0.2267, Val Acc: 0.2000
Epoch: 063, Loss: 1.3940, Train Acc: 0.2600, Val Acc: 0.3200
Epoch: 064, Loss: 1.3883, Train Acc: 0.2267, Val Acc: 0.2400
Epoch: 065, Loss: 1.2254, Train Acc: 0.2267, Val Acc: 0.2400
Epoch: 066, Loss: 1.3242, Train Acc: 0.2733, Val Acc: 0.2400
Epoch: 067, Loss: 1.3940, Train Acc: 0.2133, Val Acc: 0.2400
Epoch: 068, Loss: 1.3852, Train Acc: 0.2200, Val Acc: 0.2800
Epoch: 069, Loss: 1.3614, Train Acc: 0.2533, Val Acc: 0.0400
Epoch: 070, Loss: 1.4368, Train Acc: 0.2267, Val Acc: 0.2800
Epoch: 071, Loss: 1.4172, Train Acc: 0.2267, Val Acc: 0.2400
Epoch: 072, Loss: 1.4156, Train Acc: 0.2667, Val Acc: 0.0800
Epoch: 073, Loss: 1.3796, Train Acc: 0.2067, Val Acc: 0.1200
Epoch: 074, Loss: 1.4016, Train Acc: 0.2667, Val Acc: 0.2400
Epoch: 075, Loss: 1.3745, Train Acc: 0.2467, Val Acc: 0.1200
Epoch: 076, Loss: 1.4060, Train Acc: 0.2933, Val Acc: 0.2400
Epoch: 077, Loss: 1.4141, Train Acc: 0.2533, Val Acc: 0.2400
Epoch: 078, Loss: 1.3852, Train Acc: 0.2800, Val Acc: 0.2400
Epoch: 079, Loss: 1.3718, Train Acc: 0.2533, Val Acc: 0.2400
Epoch: 080, Loss: 1.4209, Train Acc: 0.2733, Val Acc: 0.1600
Epoch: 081, Loss: 1.3877, Train Acc: 0.2933, Val Acc: 0.2000
Epoch: 082, Loss: 1.4314, Train Acc: 0.2867, Val Acc: 0.2400
Epoch: 083, Loss: 1.3420, Train Acc: 0.2600, Val Acc: 0.2800
Epoch: 084, Loss: 1.4521, Train Acc: 0.2733, Val Acc: 0.2400
Epoch: 085, Loss: 1.4304, Train Acc: 0.2733, Val Acc: 0.2400
Epoch: 086, Loss: 1.3763, Train Acc: 0.2133, Val Acc: 0.2400
Epoch: 087, Loss: 1.3599, Train Acc: 0.2800, Val Acc: 0.2400
Epoch: 088, Loss: 1.4314, Train Acc: 0.2933, Val Acc: 0.2800
Epoch: 089, Loss: 1.4063, Train Acc: 0.2533, Val Acc: 0.1200
Epoch: 090, Loss: 1.4015, Train Acc: 0.2467, Val Acc: 0.2400
Epoch: 091, Loss: 1.3946, Train Acc: 0.2000, Val Acc: 0.1200
Epoch: 092, Loss: 1.3873, Train Acc: 0.2533, Val Acc: 0.1600
Epoch: 093, Loss: 1.4036, Train Acc: 0.2133, Val Acc: 0.2800
Epoch: 094, Loss: 1.3997, Train Acc: 0.2800, Val Acc: 0.1600
Epoch: 095, Loss: 1.3673, Train Acc: 0.2467, Val Acc: 0.2000
Epoch: 096, Loss: 1.3799, Train Acc: 0.2800, Val Acc: 0.1600
Epoch: 097, Loss: 1.3921, Train Acc: 0.2467, Val Acc: 0.2400
Epoch: 098, Loss: 1.3923, Train Acc: 0.2800, Val Acc: 0.2400
Epoch: 099, Loss: 1.3561, Train Acc: 0.2667, Val Acc: 0.1600
Epoch: 100, Loss: 1.4950, Train Acc: 0.2667, Val Acc: 0.2800
Epoch: 101, Loss: 1.4110, Train Acc: 0.2333, Val Acc: 0.2400
Epoch: 102, Loss: 1.4173, Train Acc: 0.2800, Val Acc: 0.2400
Epoch: 103, Loss: 1.3844, Train Acc: 0.2733, Val Acc: 0.2800
Epoch: 104, Loss: 1.3355, Train Acc: 0.2867, Val Acc: 0.2400
Epoch: 105, Loss: 1.4117, Train Acc: 0.2733, Val Acc: 0.2800
Epoch: 106, Loss: 1.3834, Train Acc: 0.2533, Val Acc: 0.2400
Epoch: 107, Loss: 1.4373, Train Acc: 0.2600, Val Acc: 0.2400
Epoch: 108, Loss: 1.4124, Train Acc: 0.2400, Val Acc: 0.2400
Epoch: 109, Loss: 1.2975, Train Acc: 0.2867, Val Acc: 0.2400
Epoch: 110, Loss: 1.3555, Train Acc: 0.2333, Val Acc: 0.1200
Epoch: 111, Loss: 1.3570, Train Acc: 0.2867, Val Acc: 0.0800
Epoch: 112, Loss: 1.3920, Train Acc: 0.2800, Val Acc: 0.2400
Epoch: 113, Loss: 1.4034, Train Acc: 0.3333, Val Acc: 0.2400
Epoch: 114, Loss: 1.3957, Train Acc: 0.2933, Val Acc: 0.2400
Epoch: 115, Loss: 1.4398, Train Acc: 0.2533, Val Acc: 0.2800
Epoch: 116, Loss: 1.3934, Train Acc: 0.2667, Val Acc: 0.2400
Epoch: 117, Loss: 1.4029, Train Acc: 0.2533, Val Acc: 0.1600
Epoch: 118, Loss: 1.3699, Train Acc: 0.2333, Val Acc: 0.3600
Epoch: 119, Loss: 1.3533, Train Acc: 0.2600, Val Acc: 0.3200
Epoch: 120, Loss: 1.3810, Train Acc: 0.2600, Val Acc: 0.3200
Epoch: 121, Loss: 1.3711, Train Acc: 0.2533, Val Acc: 0.2800
Epoch: 122, Loss: 1.3596, Train Acc: 0.2933, Val Acc: 0.3200
Epoch: 123, Loss: 1.4147, Train Acc: 0.2600, Val Acc: 0.2400
Epoch: 124, Loss: 1.3872, Train Acc: 0.2867, Val Acc: 0.0800
Epoch: 125, Loss: 1.3767, Train Acc: 0.2533, Val Acc: 0.2400
Epoch: 126, Loss: 1.3696, Train Acc: 0.2600, Val Acc: 0.2800
Epoch: 127, Loss: 1.4291, Train Acc: 0.2600, Val Acc: 0.3200
Epoch: 128, Loss: 1.4045, Train Acc: 0.2400, Val Acc: 0.2400
Epoch: 129, Loss: 1.4146, Train Acc: 0.3000, Val Acc: 0.2400
Epoch: 130, Loss: 1.3088, Train Acc: 0.2467, Val Acc: 0.2400
Epoch: 131, Loss: 1.4166, Train Acc: 0.3067, Val Acc: 0.2400
Epoch: 132, Loss: 1.4265, Train Acc: 0.2400, Val Acc: 0.2800
Epoch: 133, Loss: 1.3950, Train Acc: 0.2600, Val Acc: 0.2400
Epoch: 134, Loss: 1.4121, Train Acc: 0.2800, Val Acc: 0.2800
Epoch: 135, Loss: 1.4292, Train Acc: 0.2600, Val Acc: 0.2400
Epoch: 136, Loss: 1.4047, Train Acc: 0.2200, Val Acc: 0.2400
Epoch: 137, Loss: 1.4078, Train Acc: 0.2600, Val Acc: 0.2400
Epoch: 138, Loss: 1.3830, Train Acc: 0.2867, Val Acc: 0.2400
Epoch: 139, Loss: 1.3807, Train Acc: 0.2733, Val Acc: 0.2400
Epoch: 140, Loss: 1.3908, Train Acc: 0.2733, Val Acc: 0.1600
Epoch: 141, Loss: 1.3639, Train Acc: 0.2467, Val Acc: 0.2000
Epoch: 142, Loss: 1.4328, Train Acc: 0.2600, Val Acc: 0.2000
Epoch: 143, Loss: 1.4112, Train Acc: 0.2600, Val Acc: 0.2400
Epoch: 144, Loss: 1.3603, Train Acc: 0.2933, Val Acc: 0.3200
Epoch: 145, Loss: 1.3922, Train Acc: 0.2867, Val Acc: 0.1200
Epoch: 146, Loss: 1.3989, Train Acc: 0.2800, Val Acc: 0.2400
Epoch: 147, Loss: 1.3556, Train Acc: 0.3000, Val Acc: 0.2400
Epoch: 148, Loss: 1.4365, Train Acc: 0.2867, Val Acc: 0.2400
Epoch: 149, Loss: 1.3061, Train Acc: 0.2867, Val Acc: 0.2400
Epoch: 150, Loss: 1.3807, Train Acc: 0.3133, Val Acc: 0.2800
Epoch: 151, Loss: 1.3860, Train Acc: 0.2467, Val Acc: 0.0800
Epoch: 152, Loss: 1.3804, Train Acc: 0.2667, Val Acc: 0.2000
Epoch: 153, Loss: 1.3424, Train Acc: 0.2800, Val Acc: 0.2800
Epoch: 154, Loss: 1.3519, Train Acc: 0.3067, Val Acc: 0.0400
Epoch: 155, Loss: 1.4042, Train Acc: 0.2733, Val Acc: 0.1600
Epoch: 156, Loss: 1.2220, Train Acc: 0.2533, Val Acc: 0.2800
Epoch: 157, Loss: 1.4289, Train Acc: 0.3067, Val Acc: 0.2400
Epoch: 158, Loss: 1.3468, Train Acc: 0.2933, Val Acc: 0.2000
Epoch: 159, Loss: 1.3906, Train Acc: 0.2933, Val Acc: 0.1600
Epoch: 160, Loss: 1.3427, Train Acc: 0.2867, Val Acc: 0.0800
Epoch: 161, Loss: 1.4120, Train Acc: 0.2733, Val Acc: 0.2400
Epoch: 162, Loss: 1.4427, Train Acc: 0.2867, Val Acc: 0.2000
Epoch: 163, Loss: 1.3865, Train Acc: 0.2333, Val Acc: 0.2400
Epoch: 164, Loss: 1.1882, Train Acc: 0.2400, Val Acc: 0.1600
Epoch: 165, Loss: 1.4192, Train Acc: 0.3133, Val Acc: 0.3200
Epoch: 166, Loss: 1.3908, Train Acc: 0.2600, Val Acc: 0.1200
Epoch: 167, Loss: 1.3497, Train Acc: 0.2333, Val Acc: 0.2000
Epoch: 168, Loss: 1.3714, Train Acc: 0.2667, Val Acc: 0.2800
Epoch: 169, Loss: 1.3805, Train Acc: 0.2667, Val Acc: 0.3600
Epoch: 170, Loss: 1.3870, Train Acc: 0.2933, Val Acc: 0.2800
Epoch: 171, Loss: 1.3827, Train Acc: 0.2600, Val Acc: 0.1600
Epoch: 172, Loss: 1.3761, Train Acc: 0.2533, Val Acc: 0.2800
Epoch: 173, Loss: 1.3651, Train Acc: 0.2733, Val Acc: 0.3200
Epoch: 174, Loss: 1.3591, Train Acc: 0.2733, Val Acc: 0.2400
Epoch: 175, Loss: 1.3313, Train Acc: 0.3067, Val Acc: 0.2800
Epoch: 176, Loss: 1.4382, Train Acc: 0.3067, Val Acc: 0.2800
Epoch: 177, Loss: 1.3528, Train Acc: 0.2867, Val Acc: 0.2400
Epoch: 178, Loss: 1.4073, Train Acc: 0.2733, Val Acc: 0.1200
Epoch: 179, Loss: 1.3747, Train Acc: 0.2733, Val Acc: 0.2400
Epoch: 180, Loss: 1.4370, Train Acc: 0.2733, Val Acc: 0.3200
Epoch: 181, Loss: 1.4053, Train Acc: 0.2733, Val Acc: 0.2400
Epoch: 182, Loss: 1.3838, Train Acc: 0.2733, Val Acc: 0.1600
Epoch: 183, Loss: 1.4092, Train Acc: 0.3133, Val Acc: 0.2400
Epoch: 184, Loss: 1.4283, Train Acc: 0.2600, Val Acc: 0.2800
Epoch: 185, Loss: 1.4180, Train Acc: 0.2200, Val Acc: 0.1600
Epoch: 186, Loss: 1.3467, Train Acc: 0.2667, Val Acc: 0.2000
Epoch: 187, Loss: 1.4104, Train Acc: 0.2533, Val Acc: 0.2400
Epoch: 188, Loss: 1.4355, Train Acc: 0.2867, Val Acc: 0.2400
Epoch: 189, Loss: 1.3760, Train Acc: 0.2533, Val Acc: 0.2400
Epoch: 190, Loss: 1.3602, Train Acc: 0.3133, Val Acc: 0.3200
Epoch: 191, Loss: 1.4067, Train Acc: 0.2667, Val Acc: 0.2400
Epoch: 192, Loss: 1.4661, Train Acc: 0.2800, Val Acc: 0.1600
Epoch: 193, Loss: 1.4609, Train Acc: 0.2667, Val Acc: 0.2000
Epoch: 194, Loss: 1.3403, Train Acc: 0.3400, Val Acc: 0.0800
Epoch: 195, Loss: 1.4336, Train Acc: 0.2867, Val Acc: 0.2400
Epoch: 196, Loss: 1.4167, Train Acc: 0.3067, Val Acc: 0.2400
Epoch: 197, Loss: 1.3654, Train Acc: 0.3067, Val Acc: 0.1600
Epoch: 198, Loss: 1.3950, Train Acc: 0.2733, Val Acc: 0.2400
Epoch: 199, Loss: 1.3438, Train Acc: 0.2867, Val Acc: 0.2000
Split 1 evaluatation: Acc: 0.2400, Precision: 0.2400, Recall: 0.2400, F1 : 0.2400

Epoch: 000, Loss: 1.4129, Train Acc: 0.1733, Val Acc: 0.2400
Epoch: 001, Loss: 1.3949, Train Acc: 0.1867, Val Acc: 0.2400
Epoch: 002, Loss: 1.3891, Train Acc: 0.1867, Val Acc: 0.2400
Epoch: 003, Loss: 1.3716, Train Acc: 0.2200, Val Acc: 0.2800
Epoch: 004, Loss: 1.4232, Train Acc: 0.2467, Val Acc: 0.2400
Epoch: 005, Loss: 1.4261, Train Acc: 0.2000, Val Acc: 0.2400
Epoch: 006, Loss: 1.4355, Train Acc: 0.2267, Val Acc: 0.2800
Epoch: 007, Loss: 1.4431, Train Acc: 0.2200, Val Acc: 0.2800
Epoch: 008, Loss: 1.4048, Train Acc: 0.1867, Val Acc: 0.2400
Epoch: 009, Loss: 1.4071, Train Acc: 0.2467, Val Acc: 0.2400
Epoch: 010, Loss: 1.4242, Train Acc: 0.2133, Val Acc: 0.2000
Epoch: 011, Loss: 1.3784, Train Acc: 0.2200, Val Acc: 0.2800
Epoch: 012, Loss: 1.4469, Train Acc: 0.1933, Val Acc: 0.2400
Epoch: 013, Loss: 1.4128, Train Acc: 0.2333, Val Acc: 0.2800
Epoch: 014, Loss: 1.4356, Train Acc: 0.2000, Val Acc: 0.2400
Epoch: 015, Loss: 1.4136, Train Acc: 0.2333, Val Acc: 0.2400
Epoch: 016, Loss: 1.4007, Train Acc: 0.1800, Val Acc: 0.1600
Epoch: 017, Loss: 1.4345, Train Acc: 0.2467, Val Acc: 0.2400
Epoch: 018, Loss: 1.3680, Train Acc: 0.2200, Val Acc: 0.3200
Epoch: 019, Loss: 1.4092, Train Acc: 0.2467, Val Acc: 0.2800
Epoch: 020, Loss: 1.3360, Train Acc: 0.2200, Val Acc: 0.2400
Epoch: 021, Loss: 1.4010, Train Acc: 0.2400, Val Acc: 0.2400
Epoch: 022, Loss: 1.3893, Train Acc: 0.2133, Val Acc: 0.2400
Epoch: 023, Loss: 1.3913, Train Acc: 0.2467, Val Acc: 0.2400
Epoch: 024, Loss: 1.4301, Train Acc: 0.2133, Val Acc: 0.3200
Epoch: 025, Loss: 1.3934, Train Acc: 0.2600, Val Acc: 0.2400
Epoch: 026, Loss: 1.3839, Train Acc: 0.2200, Val Acc: 0.2400
Epoch: 027, Loss: 1.4212, Train Acc: 0.2000, Val Acc: 0.2400
Epoch: 028, Loss: 1.3854, Train Acc: 0.2467, Val Acc: 0.2400
Epoch: 029, Loss: 1.4022, Train Acc: 0.2533, Val Acc: 0.2400
Epoch: 030, Loss: 1.4068, Train Acc: 0.2267, Val Acc: 0.3200
Epoch: 031, Loss: 1.3776, Train Acc: 0.2400, Val Acc: 0.2400
Epoch: 032, Loss: 1.3750, Train Acc: 0.2133, Val Acc: 0.2400
Epoch: 033, Loss: 1.3840, Train Acc: 0.2333, Val Acc: 0.2800
Epoch: 034, Loss: 1.3260, Train Acc: 0.2133, Val Acc: 0.2800
Epoch: 035, Loss: 1.4583, Train Acc: 0.2333, Val Acc: 0.2800
Epoch: 036, Loss: 1.3756, Train Acc: 0.2333, Val Acc: 0.2400
Epoch: 037, Loss: 1.3736, Train Acc: 0.2200, Val Acc: 0.2800
Epoch: 038, Loss: 1.3805, Train Acc: 0.2200, Val Acc: 0.3200
Epoch: 039, Loss: 1.3791, Train Acc: 0.2133, Val Acc: 0.2400
Epoch: 040, Loss: 1.3954, Train Acc: 0.2533, Val Acc: 0.2400
Epoch: 041, Loss: 1.4294, Train Acc: 0.2333, Val Acc: 0.3200
Epoch: 042, Loss: 1.4327, Train Acc: 0.2267, Val Acc: 0.2400
Epoch: 043, Loss: 1.4053, Train Acc: 0.2667, Val Acc: 0.3200
Epoch: 044, Loss: 1.3962, Train Acc: 0.2400, Val Acc: 0.3200
Epoch: 045, Loss: 1.3689, Train Acc: 0.2533, Val Acc: 0.2400
Epoch: 046, Loss: 1.4176, Train Acc: 0.2667, Val Acc: 0.2400
Epoch: 047, Loss: 1.3663, Train Acc: 0.2267, Val Acc: 0.2400
Epoch: 048, Loss: 1.4021, Train Acc: 0.2200, Val Acc: 0.3200
Epoch: 049, Loss: 1.4051, Train Acc: 0.2467, Val Acc: 0.2800
Epoch: 050, Loss: 1.4107, Train Acc: 0.2600, Val Acc: 0.2400
Epoch: 051, Loss: 1.4157, Train Acc: 0.2467, Val Acc: 0.3200
Epoch: 052, Loss: 1.3926, Train Acc: 0.2067, Val Acc: 0.2800
Epoch: 053, Loss: 1.3754, Train Acc: 0.2733, Val Acc: 0.2000
Epoch: 054, Loss: 1.3878, Train Acc: 0.2533, Val Acc: 0.2800
Epoch: 055, Loss: 1.4163, Train Acc: 0.2333, Val Acc: 0.3200
Epoch: 056, Loss: 1.3912, Train Acc: 0.2600, Val Acc: 0.2400
Epoch: 057, Loss: 1.4055, Train Acc: 0.2200, Val Acc: 0.2400
Epoch: 058, Loss: 1.4085, Train Acc: 0.2533, Val Acc: 0.2800
Epoch: 059, Loss: 1.3943, Train Acc: 0.2400, Val Acc: 0.2800
Epoch: 060, Loss: 1.4210, Train Acc: 0.2667, Val Acc: 0.2800
Epoch: 061, Loss: 1.3878, Train Acc: 0.2200, Val Acc: 0.2400
Epoch: 062, Loss: 1.3820, Train Acc: 0.2667, Val Acc: 0.2800
Epoch: 063, Loss: 1.4275, Train Acc: 0.2667, Val Acc: 0.2400
Epoch: 064, Loss: 1.3623, Train Acc: 0.2400, Val Acc: 0.2400
Epoch: 065, Loss: 1.4834, Train Acc: 0.2200, Val Acc: 0.2800
Epoch: 066, Loss: 1.3939, Train Acc: 0.2733, Val Acc: 0.2400
Epoch: 067, Loss: 1.3922, Train Acc: 0.2733, Val Acc: 0.3200
Epoch: 068, Loss: 1.3667, Train Acc: 0.2733, Val Acc: 0.3600
Epoch: 069, Loss: 1.3797, Train Acc: 0.2333, Val Acc: 0.2800
Epoch: 070, Loss: 1.3588, Train Acc: 0.2400, Val Acc: 0.2400
Epoch: 071, Loss: 1.3184, Train Acc: 0.2867, Val Acc: 0.2800
Epoch: 072, Loss: 1.4326, Train Acc: 0.2400, Val Acc: 0.2400
Epoch: 073, Loss: 1.4295, Train Acc: 0.2400, Val Acc: 0.2800
Epoch: 074, Loss: 1.3948, Train Acc: 0.2733, Val Acc: 0.3600
Epoch: 075, Loss: 1.4034, Train Acc: 0.2200, Val Acc: 0.2000
Epoch: 076, Loss: 1.3773, Train Acc: 0.2267, Val Acc: 0.2400
Epoch: 077, Loss: 1.3923, Train Acc: 0.2600, Val Acc: 0.2400
Epoch: 078, Loss: 1.3313, Train Acc: 0.2533, Val Acc: 0.2000
Epoch: 079, Loss: 1.3943, Train Acc: 0.2467, Val Acc: 0.2000
Epoch: 080, Loss: 1.4320, Train Acc: 0.2133, Val Acc: 0.2800
Epoch: 081, Loss: 1.3704, Train Acc: 0.2600, Val Acc: 0.2800
Epoch: 082, Loss: 1.4115, Train Acc: 0.2800, Val Acc: 0.1600
Epoch: 083, Loss: 1.3748, Train Acc: 0.2400, Val Acc: 0.3200
Epoch: 084, Loss: 1.4131, Train Acc: 0.2333, Val Acc: 0.2400
Epoch: 085, Loss: 1.3737, Train Acc: 0.2467, Val Acc: 0.2000
Epoch: 086, Loss: 1.3689, Train Acc: 0.2867, Val Acc: 0.2000
Epoch: 087, Loss: 1.4047, Train Acc: 0.2667, Val Acc: 0.2800
Epoch: 088, Loss: 1.4116, Train Acc: 0.2600, Val Acc: 0.1600
Epoch: 089, Loss: 1.3552, Train Acc: 0.2933, Val Acc: 0.3200
Epoch: 090, Loss: 1.4002, Train Acc: 0.2467, Val Acc: 0.2800
Epoch: 091, Loss: 1.3851, Train Acc: 0.3067, Val Acc: 0.2400
Epoch: 092, Loss: 1.4225, Train Acc: 0.3267, Val Acc: 0.2400
Epoch: 093, Loss: 1.4040, Train Acc: 0.2400, Val Acc: 0.2400
Epoch: 094, Loss: 1.3874, Train Acc: 0.2800, Val Acc: 0.2400
Epoch: 095, Loss: 1.3866, Train Acc: 0.2467, Val Acc: 0.2800
Epoch: 096, Loss: 1.3899, Train Acc: 0.2867, Val Acc: 0.2000
Epoch: 097, Loss: 1.3870, Train Acc: 0.2467, Val Acc: 0.2400
Epoch: 098, Loss: 1.1793, Train Acc: 0.2600, Val Acc: 0.2400
Epoch: 099, Loss: 1.4094, Train Acc: 0.3133, Val Acc: 0.2400
Epoch: 100, Loss: 1.3880, Train Acc: 0.3200, Val Acc: 0.3200
Epoch: 101, Loss: 1.4090, Train Acc: 0.2467, Val Acc: 0.3600
Epoch: 102, Loss: 1.3842, Train Acc: 0.2533, Val Acc: 0.2400
Epoch: 103, Loss: 1.3950, Train Acc: 0.2600, Val Acc: 0.2400
Epoch: 104, Loss: 1.4464, Train Acc: 0.2600, Val Acc: 0.2800
Epoch: 105, Loss: 1.3422, Train Acc: 0.2667, Val Acc: 0.2800
Epoch: 106, Loss: 1.4097, Train Acc: 0.2533, Val Acc: 0.3200
Epoch: 107, Loss: 1.4130, Train Acc: 0.2533, Val Acc: 0.2800
Epoch: 108, Loss: 1.3961, Train Acc: 0.2267, Val Acc: 0.2400
Epoch: 109, Loss: 1.3637, Train Acc: 0.3000, Val Acc: 0.3200
Epoch: 110, Loss: 1.3477, Train Acc: 0.2867, Val Acc: 0.3200
Epoch: 111, Loss: 1.4028, Train Acc: 0.2867, Val Acc: 0.2800
Epoch: 112, Loss: 1.4313, Train Acc: 0.2467, Val Acc: 0.2000
Epoch: 113, Loss: 1.3777, Train Acc: 0.2733, Val Acc: 0.2000
Epoch: 114, Loss: 1.4417, Train Acc: 0.2600, Val Acc: 0.2400
Epoch: 115, Loss: 1.4034, Train Acc: 0.2400, Val Acc: 0.2800
Epoch: 116, Loss: 1.4167, Train Acc: 0.3200, Val Acc: 0.2400
Epoch: 117, Loss: 1.3899, Train Acc: 0.3000, Val Acc: 0.2800
Epoch: 118, Loss: 1.3762, Train Acc: 0.2800, Val Acc: 0.0400
Epoch: 119, Loss: 1.3873, Train Acc: 0.2533, Val Acc: 0.2400
Epoch: 120, Loss: 1.4242, Train Acc: 0.2933, Val Acc: 0.3200
Epoch: 121, Loss: 1.3796, Train Acc: 0.2467, Val Acc: 0.2400
Epoch: 122, Loss: 1.4310, Train Acc: 0.2600, Val Acc: 0.2400
Epoch: 123, Loss: 1.4009, Train Acc: 0.2600, Val Acc: 0.3200
Epoch: 124, Loss: 1.4018, Train Acc: 0.2467, Val Acc: 0.2800
Epoch: 125, Loss: 1.3425, Train Acc: 0.2733, Val Acc: 0.2800
Epoch: 126, Loss: 1.3734, Train Acc: 0.2867, Val Acc: 0.2400
Epoch: 127, Loss: 1.4247, Train Acc: 0.2800, Val Acc: 0.2800
Epoch: 128, Loss: 1.4005, Train Acc: 0.2800, Val Acc: 0.2400
Epoch: 129, Loss: 1.4029, Train Acc: 0.2733, Val Acc: 0.2400
Epoch: 130, Loss: 1.3430, Train Acc: 0.2533, Val Acc: 0.2400
Epoch: 131, Loss: 1.3270, Train Acc: 0.2600, Val Acc: 0.2400
Epoch: 132, Loss: 1.4215, Train Acc: 0.2667, Val Acc: 0.2800
Epoch: 133, Loss: 1.4296, Train Acc: 0.3133, Val Acc: 0.2400
Epoch: 134, Loss: 1.3976, Train Acc: 0.2867, Val Acc: 0.2400
Epoch: 135, Loss: 1.4332, Train Acc: 0.2933, Val Acc: 0.2000
Epoch: 136, Loss: 1.4106, Train Acc: 0.2600, Val Acc: 0.2000
Epoch: 137, Loss: 1.3515, Train Acc: 0.2600, Val Acc: 0.2000
Epoch: 138, Loss: 1.4044, Train Acc: 0.2800, Val Acc: 0.2800
Epoch: 139, Loss: 1.3613, Train Acc: 0.2800, Val Acc: 0.2000
Epoch: 140, Loss: 1.4002, Train Acc: 0.2867, Val Acc: 0.1600
Epoch: 141, Loss: 1.3446, Train Acc: 0.2467, Val Acc: 0.2400
Epoch: 142, Loss: 1.3555, Train Acc: 0.3133, Val Acc: 0.2000
Epoch: 143, Loss: 1.3807, Train Acc: 0.2600, Val Acc: 0.2800
Epoch: 144, Loss: 1.4159, Train Acc: 0.3267, Val Acc: 0.1600
Epoch: 145, Loss: 1.3790, Train Acc: 0.2667, Val Acc: 0.2400
Epoch: 146, Loss: 1.3661, Train Acc: 0.2600, Val Acc: 0.2400
Epoch: 147, Loss: 1.3934, Train Acc: 0.2533, Val Acc: 0.3200
Epoch: 148, Loss: 1.3780, Train Acc: 0.2667, Val Acc: 0.1600
Epoch: 149, Loss: 1.4179, Train Acc: 0.2600, Val Acc: 0.1600
Epoch: 150, Loss: 1.4427, Train Acc: 0.3200, Val Acc: 0.2400
Epoch: 151, Loss: 1.3745, Train Acc: 0.2800, Val Acc: 0.2800
Epoch: 152, Loss: 1.3549, Train Acc: 0.2467, Val Acc: 0.3200
Epoch: 153, Loss: 1.4001, Train Acc: 0.2867, Val Acc: 0.1600
Epoch: 154, Loss: 1.4071, Train Acc: 0.2733, Val Acc: 0.2400
Epoch: 155, Loss: 1.3643, Train Acc: 0.2600, Val Acc: 0.1600
Epoch: 156, Loss: 1.3391, Train Acc: 0.3000, Val Acc: 0.3200
Epoch: 157, Loss: 1.3921, Train Acc: 0.2800, Val Acc: 0.2400
Epoch: 158, Loss: 1.4401, Train Acc: 0.2933, Val Acc: 0.2800
Epoch: 159, Loss: 1.4315, Train Acc: 0.2867, Val Acc: 0.0800
Epoch: 160, Loss: 1.4311, Train Acc: 0.2467, Val Acc: 0.2400
Epoch: 161, Loss: 1.2722, Train Acc: 0.2933, Val Acc: 0.2400
Epoch: 162, Loss: 1.3959, Train Acc: 0.2933, Val Acc: 0.2400
Epoch: 163, Loss: 1.1431, Train Acc: 0.2933, Val Acc: 0.2400
Epoch: 164, Loss: 1.3831, Train Acc: 0.2933, Val Acc: 0.3200
Epoch: 165, Loss: 1.4037, Train Acc: 0.2867, Val Acc: 0.2400
Epoch: 166, Loss: 1.2943, Train Acc: 0.2933, Val Acc: 0.2800
Epoch: 167, Loss: 1.3892, Train Acc: 0.2667, Val Acc: 0.2400
Epoch: 168, Loss: 1.3737, Train Acc: 0.2800, Val Acc: 0.2400
Epoch: 169, Loss: 1.3843, Train Acc: 0.2667, Val Acc: 0.2400
Epoch: 170, Loss: 1.3523, Train Acc: 0.3000, Val Acc: 0.2400
Epoch: 171, Loss: 1.4099, Train Acc: 0.3067, Val Acc: 0.3200
Epoch: 172, Loss: 1.3427, Train Acc: 0.2800, Val Acc: 0.2800
Epoch: 173, Loss: 1.3477, Train Acc: 0.2867, Val Acc: 0.3200
Epoch: 174, Loss: 1.3867, Train Acc: 0.2867, Val Acc: 0.2800
Epoch: 175, Loss: 1.3321, Train Acc: 0.2733, Val Acc: 0.2400
Epoch: 176, Loss: 1.3938, Train Acc: 0.3000, Val Acc: 0.2800
Epoch: 177, Loss: 1.3578, Train Acc: 0.3133, Val Acc: 0.2800
Epoch: 178, Loss: 1.3795, Train Acc: 0.2600, Val Acc: 0.2400
Epoch: 179, Loss: 1.3596, Train Acc: 0.3067, Val Acc: 0.2400
Epoch: 180, Loss: 1.4007, Train Acc: 0.2933, Val Acc: 0.2400
Epoch: 181, Loss: 1.3945, Train Acc: 0.3133, Val Acc: 0.2400
Epoch: 182, Loss: 1.3690, Train Acc: 0.2733, Val Acc: 0.0400
Epoch: 183, Loss: 1.3843, Train Acc: 0.2800, Val Acc: 0.0800
Epoch: 184, Loss: 1.4132, Train Acc: 0.3067, Val Acc: 0.0400
Epoch: 185, Loss: 1.4046, Train Acc: 0.2933, Val Acc: 0.3200
Epoch: 186, Loss: 1.4170, Train Acc: 0.3200, Val Acc: 0.3200
Epoch: 187, Loss: 1.4357, Train Acc: 0.3400, Val Acc: 0.0800
Epoch: 188, Loss: 1.3823, Train Acc: 0.2867, Val Acc: 0.2400
Epoch: 189, Loss: 1.3643, Train Acc: 0.3067, Val Acc: 0.1200
Epoch: 190, Loss: 1.3869, Train Acc: 0.3000, Val Acc: 0.2400
Epoch: 191, Loss: 1.3898, Train Acc: 0.3133, Val Acc: 0.2000
Epoch: 192, Loss: 1.4267, Train Acc: 0.3333, Val Acc: 0.2800
Epoch: 193, Loss: 1.4363, Train Acc: 0.3267, Val Acc: 0.2000
Epoch: 194, Loss: 1.3721, Train Acc: 0.3267, Val Acc: 0.3200
Epoch: 195, Loss: 1.3857, Train Acc: 0.2933, Val Acc: 0.2800
Epoch: 196, Loss: 1.4096, Train Acc: 0.2800, Val Acc: 0.2800
Epoch: 197, Loss: 1.3525, Train Acc: 0.2933, Val Acc: 0.2800
Epoch: 198, Loss: 1.3766, Train Acc: 0.2867, Val Acc: 0.3200
Epoch: 199, Loss: 1.4339, Train Acc: 0.2667, Val Acc: 0.2400
Split 2 evaluatation: Acc: 0.3200, Precision: 0.3200, Recall: 0.3200, F1 : 0.3200

Epoch: 000, Loss: 1.3882, Train Acc: 0.1400, Val Acc: 0.2400
Epoch: 001, Loss: 1.3925, Train Acc: 0.1933, Val Acc: 0.2400
Epoch: 002, Loss: 1.3979, Train Acc: 0.1667, Val Acc: 0.2400
Epoch: 003, Loss: 1.3879, Train Acc: 0.1800, Val Acc: 0.2400
Epoch: 004, Loss: 1.4317, Train Acc: 0.2333, Val Acc: 0.2400
Epoch: 005, Loss: 1.4401, Train Acc: 0.2333, Val Acc: 0.2400
Epoch: 006, Loss: 1.3796, Train Acc: 0.2267, Val Acc: 0.2400
Epoch: 007, Loss: 1.4057, Train Acc: 0.2067, Val Acc: 0.2400
Epoch: 008, Loss: 1.3704, Train Acc: 0.2200, Val Acc: 0.2400
Epoch: 009, Loss: 1.4150, Train Acc: 0.1733, Val Acc: 0.2400
Epoch: 010, Loss: 1.4409, Train Acc: 0.2000, Val Acc: 0.2400
Epoch: 011, Loss: 1.4306, Train Acc: 0.1933, Val Acc: 0.2400
Epoch: 012, Loss: 1.4208, Train Acc: 0.1933, Val Acc: 0.2400
Epoch: 013, Loss: 1.4033, Train Acc: 0.2267, Val Acc: 0.2400
Epoch: 014, Loss: 1.4569, Train Acc: 0.2067, Val Acc: 0.2400
Epoch: 015, Loss: 1.3738, Train Acc: 0.2533, Val Acc: 0.2800
Epoch: 016, Loss: 1.3787, Train Acc: 0.2133, Val Acc: 0.2400
Epoch: 017, Loss: 1.3706, Train Acc: 0.2200, Val Acc: 0.2400
Epoch: 018, Loss: 1.4078, Train Acc: 0.2067, Val Acc: 0.2400
Epoch: 019, Loss: 1.3923, Train Acc: 0.2533, Val Acc: 0.1600
Epoch: 020, Loss: 1.3917, Train Acc: 0.2400, Val Acc: 0.2400
Epoch: 021, Loss: 1.4053, Train Acc: 0.2800, Val Acc: 0.2400
Epoch: 022, Loss: 1.3793, Train Acc: 0.2333, Val Acc: 0.2400
Epoch: 023, Loss: 1.4118, Train Acc: 0.1867, Val Acc: 0.2800
Epoch: 024, Loss: 1.3785, Train Acc: 0.2467, Val Acc: 0.1600
Epoch: 025, Loss: 1.4145, Train Acc: 0.2200, Val Acc: 0.2400
Epoch: 026, Loss: 1.4228, Train Acc: 0.2333, Val Acc: 0.2800
Epoch: 027, Loss: 1.3855, Train Acc: 0.2133, Val Acc: 0.2400
Epoch: 028, Loss: 1.3953, Train Acc: 0.2133, Val Acc: 0.3600
Epoch: 029, Loss: 1.4221, Train Acc: 0.2333, Val Acc: 0.2400
Epoch: 030, Loss: 1.4080, Train Acc: 0.2133, Val Acc: 0.2400
Epoch: 031, Loss: 1.4098, Train Acc: 0.2267, Val Acc: 0.2800
Epoch: 032, Loss: 1.4119, Train Acc: 0.1667, Val Acc: 0.2800
Epoch: 033, Loss: 1.4259, Train Acc: 0.2267, Val Acc: 0.2400
Epoch: 034, Loss: 0.7999, Train Acc: 0.2333, Val Acc: 0.2400
Epoch: 035, Loss: 1.3642, Train Acc: 0.2333, Val Acc: 0.2800
Epoch: 036, Loss: 1.3927, Train Acc: 0.2067, Val Acc: 0.2400
Epoch: 037, Loss: 1.3979, Train Acc: 0.2333, Val Acc: 0.2400
Epoch: 038, Loss: 1.4208, Train Acc: 0.2533, Val Acc: 0.2800
Epoch: 039, Loss: 1.3740, Train Acc: 0.2000, Val Acc: 0.2400
Epoch: 040, Loss: 1.3895, Train Acc: 0.2333, Val Acc: 0.2400
Epoch: 041, Loss: 1.4197, Train Acc: 0.2267, Val Acc: 0.2400
Epoch: 042, Loss: 1.3955, Train Acc: 0.1800, Val Acc: 0.2800
Epoch: 043, Loss: 1.4372, Train Acc: 0.2133, Val Acc: 0.2400
Epoch: 044, Loss: 1.4529, Train Acc: 0.1867, Val Acc: 0.2400
Epoch: 045, Loss: 1.4043, Train Acc: 0.2533, Val Acc: 0.2400
Epoch: 046, Loss: 1.3771, Train Acc: 0.2067, Val Acc: 0.2400
Epoch: 047, Loss: 1.3749, Train Acc: 0.2600, Val Acc: 0.2000
Epoch: 048, Loss: 1.3965, Train Acc: 0.1800, Val Acc: 0.2400
Epoch: 049, Loss: 1.3438, Train Acc: 0.2600, Val Acc: 0.2000
Epoch: 050, Loss: 1.3580, Train Acc: 0.2067, Val Acc: 0.2000
Epoch: 051, Loss: 1.3857, Train Acc: 0.2333, Val Acc: 0.2400
Epoch: 052, Loss: 1.3823, Train Acc: 0.2400, Val Acc: 0.2000
Epoch: 053, Loss: 1.4076, Train Acc: 0.2533, Val Acc: 0.2400
Epoch: 054, Loss: 1.4208, Train Acc: 0.2400, Val Acc: 0.2400
Epoch: 055, Loss: 1.4165, Train Acc: 0.2467, Val Acc: 0.2400
Epoch: 056, Loss: 1.3996, Train Acc: 0.2200, Val Acc: 0.2400
Epoch: 057, Loss: 1.4080, Train Acc: 0.2133, Val Acc: 0.2000
Epoch: 058, Loss: 1.3827, Train Acc: 0.2600, Val Acc: 0.2400
Epoch: 059, Loss: 1.3446, Train Acc: 0.2400, Val Acc: 0.2800
Epoch: 060, Loss: 1.3787, Train Acc: 0.2267, Val Acc: 0.2800
Epoch: 061, Loss: 1.3631, Train Acc: 0.2333, Val Acc: 0.2400
Epoch: 062, Loss: 1.4296, Train Acc: 0.2267, Val Acc: 0.2400
Epoch: 063, Loss: 1.3576, Train Acc: 0.2600, Val Acc: 0.2800
Epoch: 064, Loss: 1.4723, Train Acc: 0.2533, Val Acc: 0.2800
Epoch: 065, Loss: 1.3636, Train Acc: 0.2067, Val Acc: 0.2400
Epoch: 066, Loss: 1.3639, Train Acc: 0.2667, Val Acc: 0.2400
Epoch: 067, Loss: 1.3746, Train Acc: 0.2467, Val Acc: 0.2400
Epoch: 068, Loss: 1.4087, Train Acc: 0.2467, Val Acc: 0.2400
Epoch: 069, Loss: 1.3935, Train Acc: 0.2600, Val Acc: 0.2400
Epoch: 070, Loss: 1.4020, Train Acc: 0.2267, Val Acc: 0.2400
Epoch: 071, Loss: 1.3921, Train Acc: 0.2333, Val Acc: 0.2000
Epoch: 072, Loss: 1.3584, Train Acc: 0.2667, Val Acc: 0.2000
Epoch: 073, Loss: 1.3646, Train Acc: 0.2667, Val Acc: 0.2800
Epoch: 074, Loss: 1.3698, Train Acc: 0.2533, Val Acc: 0.2800
Epoch: 075, Loss: 1.3899, Train Acc: 0.2400, Val Acc: 0.2800
Epoch: 076, Loss: 1.3694, Train Acc: 0.1867, Val Acc: 0.3600
Epoch: 077, Loss: 1.3475, Train Acc: 0.2600, Val Acc: 0.2400
Epoch: 078, Loss: 1.2989, Train Acc: 0.2267, Val Acc: 0.2400
Epoch: 079, Loss: 1.3950, Train Acc: 0.2667, Val Acc: 0.2400
Epoch: 080, Loss: 1.4067, Train Acc: 0.2667, Val Acc: 0.2400
Epoch: 081, Loss: 1.4116, Train Acc: 0.2533, Val Acc: 0.2400
Epoch: 082, Loss: 1.4076, Train Acc: 0.2800, Val Acc: 0.2400
Epoch: 083, Loss: 1.3947, Train Acc: 0.2600, Val Acc: 0.2400
Epoch: 084, Loss: 1.3962, Train Acc: 0.2200, Val Acc: 0.2400
Epoch: 085, Loss: 1.3726, Train Acc: 0.2667, Val Acc: 0.2400
Epoch: 086, Loss: 1.3858, Train Acc: 0.2667, Val Acc: 0.2400
Epoch: 087, Loss: 1.3592, Train Acc: 0.3000, Val Acc: 0.2000
Epoch: 088, Loss: 1.3774, Train Acc: 0.2400, Val Acc: 0.2400
Epoch: 089, Loss: 1.3706, Train Acc: 0.2333, Val Acc: 0.2000
Epoch: 090, Loss: 1.3953, Train Acc: 0.2400, Val Acc: 0.2800
Epoch: 091, Loss: 1.3994, Train Acc: 0.2733, Val Acc: 0.3200
Epoch: 092, Loss: 1.4517, Train Acc: 0.2333, Val Acc: 0.3600
Epoch: 093, Loss: 1.4419, Train Acc: 0.2933, Val Acc: 0.2400
Epoch: 094, Loss: 1.4130, Train Acc: 0.2733, Val Acc: 0.2000
Epoch: 095, Loss: 1.4324, Train Acc: 0.2467, Val Acc: 0.2400
Epoch: 096, Loss: 1.3744, Train Acc: 0.2400, Val Acc: 0.2400
Epoch: 097, Loss: 1.3471, Train Acc: 0.2667, Val Acc: 0.2800
Epoch: 098, Loss: 1.4111, Train Acc: 0.2467, Val Acc: 0.2800
Epoch: 099, Loss: 1.3939, Train Acc: 0.2800, Val Acc: 0.2000
Epoch: 100, Loss: 1.4492, Train Acc: 0.2467, Val Acc: 0.2000
Epoch: 101, Loss: 1.4461, Train Acc: 0.2667, Val Acc: 0.2800
Epoch: 102, Loss: 1.3937, Train Acc: 0.2533, Val Acc: 0.2400
Epoch: 103, Loss: 1.4249, Train Acc: 0.2533, Val Acc: 0.2400
Epoch: 104, Loss: 1.4655, Train Acc: 0.2533, Val Acc: 0.2800
Epoch: 105, Loss: 1.4513, Train Acc: 0.3000, Val Acc: 0.2400
Epoch: 106, Loss: 1.3538, Train Acc: 0.3133, Val Acc: 0.3200
Epoch: 107, Loss: 1.4873, Train Acc: 0.2533, Val Acc: 0.2400
Epoch: 108, Loss: 1.3755, Train Acc: 0.2400, Val Acc: 0.2400
Epoch: 109, Loss: 1.4029, Train Acc: 0.2533, Val Acc: 0.2800
Epoch: 110, Loss: 1.3764, Train Acc: 0.2067, Val Acc: 0.3200
Epoch: 111, Loss: 1.3953, Train Acc: 0.2933, Val Acc: 0.2800
Epoch: 112, Loss: 1.3560, Train Acc: 0.2400, Val Acc: 0.3200
Epoch: 113, Loss: 1.3916, Train Acc: 0.2333, Val Acc: 0.2000
Epoch: 114, Loss: 1.3666, Train Acc: 0.2800, Val Acc: 0.2400
Epoch: 115, Loss: 1.4493, Train Acc: 0.2000, Val Acc: 0.2800
Epoch: 116, Loss: 1.3868, Train Acc: 0.2733, Val Acc: 0.3200
Epoch: 117, Loss: 1.4022, Train Acc: 0.2533, Val Acc: 0.2400
Epoch: 118, Loss: 1.4341, Train Acc: 0.3133, Val Acc: 0.2400
Epoch: 119, Loss: 1.3479, Train Acc: 0.2800, Val Acc: 0.2400
Epoch: 120, Loss: 1.3775, Train Acc: 0.2667, Val Acc: 0.2800
Epoch: 121, Loss: 1.3906, Train Acc: 0.2800, Val Acc: 0.2800
Epoch: 122, Loss: 1.4274, Train Acc: 0.2667, Val Acc: 0.3600
Epoch: 123, Loss: 1.3752, Train Acc: 0.2867, Val Acc: 0.2000
Epoch: 124, Loss: 1.3979, Train Acc: 0.2467, Val Acc: 0.2400
Epoch: 125, Loss: 1.4055, Train Acc: 0.2600, Val Acc: 0.2400
Epoch: 126, Loss: 1.3936, Train Acc: 0.2667, Val Acc: 0.2800
Epoch: 127, Loss: 1.3687, Train Acc: 0.2000, Val Acc: 0.1600
Epoch: 128, Loss: 1.4172, Train Acc: 0.2733, Val Acc: 0.2800
Epoch: 129, Loss: 1.3824, Train Acc: 0.2733, Val Acc: 0.2400
Epoch: 130, Loss: 1.3922, Train Acc: 0.2733, Val Acc: 0.4000
Epoch: 131, Loss: 1.4336, Train Acc: 0.2533, Val Acc: 0.2800
Epoch: 132, Loss: 1.3352, Train Acc: 0.2533, Val Acc: 0.2400
Epoch: 133, Loss: 1.2524, Train Acc: 0.2467, Val Acc: 0.3600
Epoch: 134, Loss: 1.4086, Train Acc: 0.2800, Val Acc: 0.2800
Epoch: 135, Loss: 1.4250, Train Acc: 0.3333, Val Acc: 0.2800
Epoch: 136, Loss: 1.4357, Train Acc: 0.2533, Val Acc: 0.2400
Epoch: 137, Loss: 1.3681, Train Acc: 0.2400, Val Acc: 0.2800
Epoch: 138, Loss: 1.3961, Train Acc: 0.2200, Val Acc: 0.3200
Epoch: 139, Loss: 1.3660, Train Acc: 0.2733, Val Acc: 0.2000
Epoch: 140, Loss: 1.3569, Train Acc: 0.2667, Val Acc: 0.1600
Epoch: 141, Loss: 1.4004, Train Acc: 0.3000, Val Acc: 0.2000
Epoch: 142, Loss: 1.3828, Train Acc: 0.2733, Val Acc: 0.2400
Epoch: 143, Loss: 1.3364, Train Acc: 0.2333, Val Acc: 0.2000
Epoch: 144, Loss: 1.3579, Train Acc: 0.2667, Val Acc: 0.2400
Epoch: 145, Loss: 1.4372, Train Acc: 0.3000, Val Acc: 0.2000
Epoch: 146, Loss: 1.4157, Train Acc: 0.2800, Val Acc: 0.2000
Epoch: 147, Loss: 1.3151, Train Acc: 0.2933, Val Acc: 0.2000
Epoch: 148, Loss: 1.4009, Train Acc: 0.2600, Val Acc: 0.2800
Epoch: 149, Loss: 1.4143, Train Acc: 0.2467, Val Acc: 0.1600
Epoch: 150, Loss: 1.3529, Train Acc: 0.3067, Val Acc: 0.2800
Epoch: 151, Loss: 1.3833, Train Acc: 0.2600, Val Acc: 0.2400
Epoch: 152, Loss: 1.4403, Train Acc: 0.3000, Val Acc: 0.2400
Epoch: 153, Loss: 1.3836, Train Acc: 0.2800, Val Acc: 0.2800
Epoch: 154, Loss: 1.3942, Train Acc: 0.2800, Val Acc: 0.3200
Epoch: 155, Loss: 1.3873, Train Acc: 0.2667, Val Acc: 0.2000
Epoch: 156, Loss: 1.3612, Train Acc: 0.2933, Val Acc: 0.1600
Epoch: 157, Loss: 1.4367, Train Acc: 0.2933, Val Acc: 0.2800
Epoch: 158, Loss: 1.4017, Train Acc: 0.2400, Val Acc: 0.1200
Epoch: 159, Loss: 1.4481, Train Acc: 0.2800, Val Acc: 0.2800
Epoch: 160, Loss: 1.4384, Train Acc: 0.2667, Val Acc: 0.2000
Epoch: 161, Loss: 1.4616, Train Acc: 0.2733, Val Acc: 0.3600
Epoch: 162, Loss: 1.4578, Train Acc: 0.3200, Val Acc: 0.4000
Epoch: 163, Loss: 0.1650, Train Acc: 0.2600, Val Acc: 0.2400
Epoch: 164, Loss: 1.3392, Train Acc: 0.2933, Val Acc: 0.2400
Epoch: 165, Loss: 1.3917, Train Acc: 0.2667, Val Acc: 0.2400
Epoch: 166, Loss: 1.3875, Train Acc: 0.3000, Val Acc: 0.2400
Epoch: 167, Loss: 1.4215, Train Acc: 0.2867, Val Acc: 0.2400
Epoch: 168, Loss: 1.4490, Train Acc: 0.2867, Val Acc: 0.2400
Epoch: 169, Loss: 1.4139, Train Acc: 0.2667, Val Acc: 0.2800
Epoch: 170, Loss: 1.4232, Train Acc: 0.2533, Val Acc: 0.2000
Epoch: 171, Loss: 1.4395, Train Acc: 0.2733, Val Acc: 0.2000
Epoch: 172, Loss: 1.4025, Train Acc: 0.2733, Val Acc: 0.2000
Epoch: 173, Loss: 1.3271, Train Acc: 0.2333, Val Acc: 0.2400
Epoch: 174, Loss: 1.3821, Train Acc: 0.3200, Val Acc: 0.2800
Epoch: 175, Loss: 1.4697, Train Acc: 0.2800, Val Acc: 0.2800
Epoch: 176, Loss: 1.3596, Train Acc: 0.2933, Val Acc: 0.3600
Epoch: 177, Loss: 1.3965, Train Acc: 0.3000, Val Acc: 0.2800
Epoch: 178, Loss: 1.4261, Train Acc: 0.2533, Val Acc: 0.2400
Epoch: 179, Loss: 1.3795, Train Acc: 0.2867, Val Acc: 0.2000
Epoch: 180, Loss: 1.4560, Train Acc: 0.3067, Val Acc: 0.2800
Epoch: 181, Loss: 1.3880, Train Acc: 0.2333, Val Acc: 0.3200
Epoch: 182, Loss: 1.4524, Train Acc: 0.3133, Val Acc: 0.1600
Epoch: 183, Loss: 1.3631, Train Acc: 0.3067, Val Acc: 0.2800
Epoch: 184, Loss: 1.4494, Train Acc: 0.2933, Val Acc: 0.2400
Epoch: 185, Loss: 1.3207, Train Acc: 0.2733, Val Acc: 0.2800
Epoch: 186, Loss: 1.3828, Train Acc: 0.2600, Val Acc: 0.2800
Epoch: 187, Loss: 1.3584, Train Acc: 0.3133, Val Acc: 0.2400
Epoch: 188, Loss: 1.3904, Train Acc: 0.2933, Val Acc: 0.2800
Epoch: 189, Loss: 1.3667, Train Acc: 0.2733, Val Acc: 0.2800
Epoch: 190, Loss: 1.3773, Train Acc: 0.2467, Val Acc: 0.2400
Epoch: 191, Loss: 1.3119, Train Acc: 0.2867, Val Acc: 0.1600
Epoch: 192, Loss: 1.4384, Train Acc: 0.2733, Val Acc: 0.2800
Epoch: 193, Loss: 1.4331, Train Acc: 0.2733, Val Acc: 0.2000
Epoch: 194, Loss: 1.3946, Train Acc: 0.2667, Val Acc: 0.2400
Epoch: 195, Loss: 1.3749, Train Acc: 0.2933, Val Acc: 0.2400
Epoch: 196, Loss: 1.3218, Train Acc: 0.2533, Val Acc: 0.2800
Epoch: 197, Loss: 1.3905, Train Acc: 0.2333, Val Acc: 0.2400
Epoch: 198, Loss: 1.3669, Train Acc: 0.2400, Val Acc: 0.2400
Epoch: 199, Loss: 1.4440, Train Acc: 0.2867, Val Acc: 0.2800
Split 3 evaluatation: Acc: 0.4000, Precision: 0.4000, Recall: 0.4000, F1 : 0.4000

Average Evaluation Metrics: Acc 0.3100, Precision: 0.3100, Recall: 0.3100, F1: 0.3100
