MOFED version '4.9-2.2.6' not available in this container.
No matching alternate version found.
GCN(
  (initial_conv): GCNConv(512, 256)
  (conv1): GCNConv(256, 256)
  (conv2): GCNConv(256, 256)
  (conv3): GCNConv(256, 256)
  (conv4): GCNConv(256, 256)
  (conv5): GCNConv(256, 256)
  (conv6): GCNConv(256, 256)
  (out): Linear(512, 4, bias=True)
)
Number of parameters:  528132

Epoch: 000, Loss: 1.4100, Train Acc: 0.2333, Val Acc: 0.2400
Epoch: 001, Loss: 1.3949, Train Acc: 0.1800, Val Acc: 0.2400
Epoch: 002, Loss: 1.4205, Train Acc: 0.1800, Val Acc: 0.2400
Epoch: 003, Loss: 1.4421, Train Acc: 0.1800, Val Acc: 0.2400
Epoch: 004, Loss: 1.4357, Train Acc: 0.2533, Val Acc: 0.2400
Epoch: 005, Loss: 1.4129, Train Acc: 0.2400, Val Acc: 0.2400
Epoch: 006, Loss: 1.4303, Train Acc: 0.1733, Val Acc: 0.2000
Epoch: 007, Loss: 1.4433, Train Acc: 0.2000, Val Acc: 0.2400
Epoch: 008, Loss: 1.1991, Train Acc: 0.2267, Val Acc: 0.2000
Epoch: 009, Loss: 1.4043, Train Acc: 0.2067, Val Acc: 0.2400
Epoch: 010, Loss: 1.4385, Train Acc: 0.1867, Val Acc: 0.2400
Epoch: 011, Loss: 1.4265, Train Acc: 0.2533, Val Acc: 0.2400
Epoch: 012, Loss: 1.4595, Train Acc: 0.2133, Val Acc: 0.2400
Epoch: 013, Loss: 1.4239, Train Acc: 0.2067, Val Acc: 0.2400
Epoch: 014, Loss: 1.3780, Train Acc: 0.2533, Val Acc: 0.2400
Epoch: 015, Loss: 1.3698, Train Acc: 0.2333, Val Acc: 0.2400
Epoch: 016, Loss: 1.3590, Train Acc: 0.2733, Val Acc: 0.1600
Epoch: 017, Loss: 1.4149, Train Acc: 0.2133, Val Acc: 0.2400
Epoch: 018, Loss: 1.3910, Train Acc: 0.2600, Val Acc: 0.2400
Epoch: 019, Loss: 1.3685, Train Acc: 0.2200, Val Acc: 0.2400
Epoch: 020, Loss: 1.3816, Train Acc: 0.2133, Val Acc: 0.2000
Epoch: 021, Loss: 0.9315, Train Acc: 0.2600, Val Acc: 0.2400
Epoch: 022, Loss: 1.4181, Train Acc: 0.2200, Val Acc: 0.2400
Epoch: 023, Loss: 1.4142, Train Acc: 0.2467, Val Acc: 0.2400
Epoch: 024, Loss: 1.4141, Train Acc: 0.2333, Val Acc: 0.2400
Epoch: 025, Loss: 1.4394, Train Acc: 0.2267, Val Acc: 0.2400
Epoch: 026, Loss: 1.4149, Train Acc: 0.1867, Val Acc: 0.2400
Epoch: 027, Loss: 1.3613, Train Acc: 0.2267, Val Acc: 0.2400
Epoch: 028, Loss: 1.4148, Train Acc: 0.2200, Val Acc: 0.2400
Epoch: 029, Loss: 1.4138, Train Acc: 0.2867, Val Acc: 0.2000
Epoch: 030, Loss: 1.3679, Train Acc: 0.2333, Val Acc: 0.2400
Epoch: 031, Loss: 1.4449, Train Acc: 0.2333, Val Acc: 0.2800
Epoch: 032, Loss: 1.3975, Train Acc: 0.2733, Val Acc: 0.2800
Epoch: 033, Loss: 1.3945, Train Acc: 0.2000, Val Acc: 0.3200
Epoch: 034, Loss: 1.4038, Train Acc: 0.2200, Val Acc: 0.2400
Epoch: 035, Loss: 1.4074, Train Acc: 0.2333, Val Acc: 0.2400
Epoch: 036, Loss: 1.4057, Train Acc: 0.2600, Val Acc: 0.2800
Epoch: 037, Loss: 1.4252, Train Acc: 0.2200, Val Acc: 0.2400
Epoch: 038, Loss: 1.4211, Train Acc: 0.2267, Val Acc: 0.2800
Epoch: 039, Loss: 1.3924, Train Acc: 0.2533, Val Acc: 0.2400
Epoch: 040, Loss: 1.3918, Train Acc: 0.2400, Val Acc: 0.2400
Epoch: 041, Loss: 1.4619, Train Acc: 0.2400, Val Acc: 0.2400
Epoch: 042, Loss: 1.4504, Train Acc: 0.2533, Val Acc: 0.2400
Epoch: 043, Loss: 1.4242, Train Acc: 0.1867, Val Acc: 0.2400
Epoch: 044, Loss: 1.3713, Train Acc: 0.2267, Val Acc: 0.2400
Epoch: 045, Loss: 1.4290, Train Acc: 0.2133, Val Acc: 0.2400
Epoch: 046, Loss: 1.3694, Train Acc: 0.2267, Val Acc: 0.2400
Epoch: 047, Loss: 1.3993, Train Acc: 0.2600, Val Acc: 0.2400
Epoch: 048, Loss: 1.4056, Train Acc: 0.2067, Val Acc: 0.2400
Epoch: 049, Loss: 1.3555, Train Acc: 0.2667, Val Acc: 0.2400
Epoch: 050, Loss: 1.3646, Train Acc: 0.2467, Val Acc: 0.2400
Epoch: 051, Loss: 1.4136, Train Acc: 0.2200, Val Acc: 0.2400
Epoch: 052, Loss: 1.4175, Train Acc: 0.2733, Val Acc: 0.2400
Epoch: 053, Loss: 1.4679, Train Acc: 0.2267, Val Acc: 0.2400
Epoch: 054, Loss: 1.4322, Train Acc: 0.2333, Val Acc: 0.2000
Epoch: 055, Loss: 1.4298, Train Acc: 0.2067, Val Acc: 0.2000
Epoch: 056, Loss: 1.3938, Train Acc: 0.2200, Val Acc: 0.2000
Epoch: 057, Loss: 1.4345, Train Acc: 0.2333, Val Acc: 0.2400
Epoch: 058, Loss: 1.3612, Train Acc: 0.2533, Val Acc: 0.1600
Epoch: 059, Loss: 1.3940, Train Acc: 0.1867, Val Acc: 0.3200
Epoch: 060, Loss: 1.4127, Train Acc: 0.2800, Val Acc: 0.1200
Epoch: 061, Loss: 1.3939, Train Acc: 0.2333, Val Acc: 0.2400
Epoch: 062, Loss: 1.3866, Train Acc: 0.2267, Val Acc: 0.2400
Epoch: 063, Loss: 1.3814, Train Acc: 0.2333, Val Acc: 0.2800
Epoch: 064, Loss: 1.4445, Train Acc: 0.2333, Val Acc: 0.1600
Epoch: 065, Loss: 1.3570, Train Acc: 0.2600, Val Acc: 0.2400
Epoch: 066, Loss: 1.3912, Train Acc: 0.2600, Val Acc: 0.2400
Epoch: 067, Loss: 1.4203, Train Acc: 0.2400, Val Acc: 0.1200
Epoch: 068, Loss: 1.3616, Train Acc: 0.2200, Val Acc: 0.2800
Epoch: 069, Loss: 1.3965, Train Acc: 0.2267, Val Acc: 0.2000
Epoch: 070, Loss: 1.3013, Train Acc: 0.2800, Val Acc: 0.3200
Epoch: 071, Loss: 1.4231, Train Acc: 0.1733, Val Acc: 0.1600
Epoch: 072, Loss: 1.4009, Train Acc: 0.2133, Val Acc: 0.2800
Epoch: 073, Loss: 1.4148, Train Acc: 0.2733, Val Acc: 0.2400
Epoch: 074, Loss: 1.4052, Train Acc: 0.2400, Val Acc: 0.3200
Epoch: 075, Loss: 1.4225, Train Acc: 0.2733, Val Acc: 0.2400
Epoch: 076, Loss: 1.4187, Train Acc: 0.2533, Val Acc: 0.1200
Epoch: 077, Loss: 1.3993, Train Acc: 0.2400, Val Acc: 0.1200
Epoch: 078, Loss: 1.3910, Train Acc: 0.2333, Val Acc: 0.2800
Epoch: 079, Loss: 1.3838, Train Acc: 0.2133, Val Acc: 0.2800
Epoch: 080, Loss: 1.3935, Train Acc: 0.2600, Val Acc: 0.2400
Epoch: 081, Loss: 1.3467, Train Acc: 0.2733, Val Acc: 0.2400
Epoch: 082, Loss: 1.4247, Train Acc: 0.2400, Val Acc: 0.3200
Epoch: 083, Loss: 1.4136, Train Acc: 0.2333, Val Acc: 0.2400
Epoch: 084, Loss: 1.4513, Train Acc: 0.2800, Val Acc: 0.3200
Epoch: 085, Loss: 1.3763, Train Acc: 0.2467, Val Acc: 0.2400
Epoch: 086, Loss: 1.3700, Train Acc: 0.2267, Val Acc: 0.2400
Epoch: 087, Loss: 1.3502, Train Acc: 0.2600, Val Acc: 0.2400
Epoch: 088, Loss: 1.4371, Train Acc: 0.2533, Val Acc: 0.2400
Epoch: 089, Loss: 1.2801, Train Acc: 0.2400, Val Acc: 0.2400
Epoch: 090, Loss: 1.3992, Train Acc: 0.1933, Val Acc: 0.2400
Epoch: 091, Loss: 1.4139, Train Acc: 0.2133, Val Acc: 0.2800
Epoch: 092, Loss: 1.3582, Train Acc: 0.2733, Val Acc: 0.2800
Epoch: 093, Loss: 1.4030, Train Acc: 0.2467, Val Acc: 0.2400
Epoch: 094, Loss: 1.3987, Train Acc: 0.2467, Val Acc: 0.2400
Epoch: 095, Loss: 1.4347, Train Acc: 0.2800, Val Acc: 0.2800
Epoch: 096, Loss: 1.3691, Train Acc: 0.2533, Val Acc: 0.2400
Epoch: 097, Loss: 1.3765, Train Acc: 0.2533, Val Acc: 0.2400
Epoch: 098, Loss: 1.3692, Train Acc: 0.2600, Val Acc: 0.2400
Epoch: 099, Loss: 1.4514, Train Acc: 0.2867, Val Acc: 0.2800
Epoch: 100, Loss: 1.4230, Train Acc: 0.2067, Val Acc: 0.2000
Epoch: 101, Loss: 1.3853, Train Acc: 0.2467, Val Acc: 0.2400
Epoch: 102, Loss: 1.3862, Train Acc: 0.2600, Val Acc: 0.2800
Epoch: 103, Loss: 1.3701, Train Acc: 0.3000, Val Acc: 0.2400
Epoch: 104, Loss: 1.4113, Train Acc: 0.3067, Val Acc: 0.2400
Epoch: 105, Loss: 1.4129, Train Acc: 0.2800, Val Acc: 0.2400
Epoch: 106, Loss: 1.3714, Train Acc: 0.2267, Val Acc: 0.2400
Epoch: 107, Loss: 1.3393, Train Acc: 0.2267, Val Acc: 0.2000
Epoch: 108, Loss: 1.4173, Train Acc: 0.2733, Val Acc: 0.2400
Epoch: 109, Loss: 1.4059, Train Acc: 0.2533, Val Acc: 0.2400
Epoch: 110, Loss: 1.4063, Train Acc: 0.2267, Val Acc: 0.2400
Epoch: 111, Loss: 1.3788, Train Acc: 0.2467, Val Acc: 0.2400
Epoch: 112, Loss: 1.4326, Train Acc: 0.2467, Val Acc: 0.2400
Epoch: 113, Loss: 1.3920, Train Acc: 0.2400, Val Acc: 0.2400
Epoch: 114, Loss: 1.4556, Train Acc: 0.2933, Val Acc: 0.2400
Epoch: 115, Loss: 1.3238, Train Acc: 0.2800, Val Acc: 0.2400
Epoch: 116, Loss: 1.4323, Train Acc: 0.2333, Val Acc: 0.2400
Epoch: 117, Loss: 1.4113, Train Acc: 0.2933, Val Acc: 0.2400
Epoch: 118, Loss: 1.4233, Train Acc: 0.2800, Val Acc: 0.2400
Epoch: 119, Loss: 1.4061, Train Acc: 0.2333, Val Acc: 0.2400
Epoch: 120, Loss: 1.3481, Train Acc: 0.2133, Val Acc: 0.2400
Epoch: 121, Loss: 1.4267, Train Acc: 0.2400, Val Acc: 0.2400
Epoch: 122, Loss: 1.3755, Train Acc: 0.2733, Val Acc: 0.3200
Epoch: 123, Loss: 1.3989, Train Acc: 0.3000, Val Acc: 0.2400
Epoch: 124, Loss: 1.3331, Train Acc: 0.2933, Val Acc: 0.2400
Epoch: 125, Loss: 1.4064, Train Acc: 0.3067, Val Acc: 0.2000
Epoch: 126, Loss: 1.4044, Train Acc: 0.2800, Val Acc: 0.2400
Epoch: 127, Loss: 1.4241, Train Acc: 0.2200, Val Acc: 0.2400
Epoch: 128, Loss: 1.4197, Train Acc: 0.2800, Val Acc: 0.1600
Epoch: 129, Loss: 1.3903, Train Acc: 0.2400, Val Acc: 0.2400
Epoch: 130, Loss: 1.3698, Train Acc: 0.3000, Val Acc: 0.2400
Epoch: 131, Loss: 1.4206, Train Acc: 0.2733, Val Acc: 0.2400
Epoch: 132, Loss: 1.3694, Train Acc: 0.2733, Val Acc: 0.2400
Epoch: 133, Loss: 1.3872, Train Acc: 0.2933, Val Acc: 0.2400
Epoch: 134, Loss: 1.3895, Train Acc: 0.2667, Val Acc: 0.2400
Epoch: 135, Loss: 1.4173, Train Acc: 0.2133, Val Acc: 0.2400
Epoch: 136, Loss: 1.4222, Train Acc: 0.3067, Val Acc: 0.2400
Epoch: 137, Loss: 1.3759, Train Acc: 0.2667, Val Acc: 0.2400
Epoch: 138, Loss: 1.3706, Train Acc: 0.2800, Val Acc: 0.2400
Epoch: 139, Loss: 1.4016, Train Acc: 0.2600, Val Acc: 0.2400
Epoch: 140, Loss: 1.2924, Train Acc: 0.2667, Val Acc: 0.2400
Epoch: 141, Loss: 1.4430, Train Acc: 0.2800, Val Acc: 0.2400
Epoch: 142, Loss: 1.4274, Train Acc: 0.3200, Val Acc: 0.2400
Epoch: 143, Loss: 1.4176, Train Acc: 0.2800, Val Acc: 0.3200
Epoch: 144, Loss: 1.3601, Train Acc: 0.2667, Val Acc: 0.3600
Epoch: 145, Loss: 1.3871, Train Acc: 0.2800, Val Acc: 0.1600
Epoch: 146, Loss: 1.3506, Train Acc: 0.2667, Val Acc: 0.2400
Epoch: 147, Loss: 1.4033, Train Acc: 0.2933, Val Acc: 0.2000
Epoch: 148, Loss: 1.3458, Train Acc: 0.2333, Val Acc: 0.2400
Epoch: 149, Loss: 1.4233, Train Acc: 0.2600, Val Acc: 0.2400
Epoch: 150, Loss: 1.3616, Train Acc: 0.2200, Val Acc: 0.2400
Epoch: 151, Loss: 1.3910, Train Acc: 0.2733, Val Acc: 0.2400
Epoch: 152, Loss: 1.3373, Train Acc: 0.2600, Val Acc: 0.2800
Epoch: 153, Loss: 1.4491, Train Acc: 0.3000, Val Acc: 0.2000
Epoch: 154, Loss: 1.3682, Train Acc: 0.2467, Val Acc: 0.2400
Epoch: 155, Loss: 1.3694, Train Acc: 0.2733, Val Acc: 0.2400
Epoch: 156, Loss: 1.3764, Train Acc: 0.2667, Val Acc: 0.2400
Epoch: 157, Loss: 1.3546, Train Acc: 0.2200, Val Acc: 0.3200
Epoch: 158, Loss: 1.3552, Train Acc: 0.3267, Val Acc: 0.2800
Epoch: 159, Loss: 1.1395, Train Acc: 0.3000, Val Acc: 0.2000
Epoch: 160, Loss: 1.4472, Train Acc: 0.2400, Val Acc: 0.2000
Epoch: 161, Loss: 1.3286, Train Acc: 0.3400, Val Acc: 0.2400
Epoch: 162, Loss: 1.3740, Train Acc: 0.2533, Val Acc: 0.2400
Epoch: 163, Loss: 1.3697, Train Acc: 0.3000, Val Acc: 0.1600
Epoch: 164, Loss: 1.4172, Train Acc: 0.3000, Val Acc: 0.2400
Epoch: 165, Loss: 1.4303, Train Acc: 0.2867, Val Acc: 0.2800
Epoch: 166, Loss: 1.3791, Train Acc: 0.2867, Val Acc: 0.2800
Epoch: 167, Loss: 1.4083, Train Acc: 0.2667, Val Acc: 0.2800
Epoch: 168, Loss: 1.3799, Train Acc: 0.2800, Val Acc: 0.2400
Epoch: 169, Loss: 1.2459, Train Acc: 0.2733, Val Acc: 0.2400
Epoch: 170, Loss: 1.3629, Train Acc: 0.2267, Val Acc: 0.1600
Epoch: 171, Loss: 1.4319, Train Acc: 0.2733, Val Acc: 0.2400
Epoch: 172, Loss: 1.4085, Train Acc: 0.2667, Val Acc: 0.2400
Epoch: 173, Loss: 1.3873, Train Acc: 0.2400, Val Acc: 0.2400
Epoch: 174, Loss: 1.4209, Train Acc: 0.2600, Val Acc: 0.2800
Epoch: 175, Loss: 1.4274, Train Acc: 0.2400, Val Acc: 0.2400
Epoch: 176, Loss: 1.3642, Train Acc: 0.2400, Val Acc: 0.2400
Epoch: 177, Loss: 1.3665, Train Acc: 0.3267, Val Acc: 0.2400
Epoch: 178, Loss: 1.4092, Train Acc: 0.3000, Val Acc: 0.2400
Epoch: 179, Loss: 1.3489, Train Acc: 0.2933, Val Acc: 0.2400
Epoch: 180, Loss: 1.4171, Train Acc: 0.2867, Val Acc: 0.2000
Epoch: 181, Loss: 1.3842, Train Acc: 0.2667, Val Acc: 0.1600
Epoch: 182, Loss: 1.3676, Train Acc: 0.3200, Val Acc: 0.2000
Epoch: 183, Loss: 1.3824, Train Acc: 0.2467, Val Acc: 0.2000
Epoch: 184, Loss: 1.4297, Train Acc: 0.2867, Val Acc: 0.2400
Epoch: 185, Loss: 1.3888, Train Acc: 0.2933, Val Acc: 0.2400
Epoch: 186, Loss: 1.3655, Train Acc: 0.2600, Val Acc: 0.2400
Epoch: 187, Loss: 1.3846, Train Acc: 0.3067, Val Acc: 0.2400
Epoch: 188, Loss: 1.4512, Train Acc: 0.2800, Val Acc: 0.2400
Epoch: 189, Loss: 1.3812, Train Acc: 0.2467, Val Acc: 0.2400
Epoch: 190, Loss: 1.4343, Train Acc: 0.2867, Val Acc: 0.2400
Epoch: 191, Loss: 1.2469, Train Acc: 0.3000, Val Acc: 0.2400
Epoch: 192, Loss: 1.4008, Train Acc: 0.2933, Val Acc: 0.2800
Epoch: 193, Loss: 1.3986, Train Acc: 0.2533, Val Acc: 0.2400
Epoch: 194, Loss: 1.3998, Train Acc: 0.3200, Val Acc: 0.2400
Epoch: 195, Loss: 1.3826, Train Acc: 0.2667, Val Acc: 0.1200
Epoch: 196, Loss: 1.1992, Train Acc: 0.2800, Val Acc: 0.2800
Epoch: 197, Loss: 1.3995, Train Acc: 0.2533, Val Acc: 0.1600
Epoch: 198, Loss: 1.1467, Train Acc: 0.3067, Val Acc: 0.3200
Epoch: 199, Loss: 1.4499, Train Acc: 0.2667, Val Acc: 0.2800
Split 0 evaluatation: Acc: 0.3600, Precision: 0.3600, Recall: 0.3600, F1 : 0.3600

Epoch: 000, Loss: 1.4075, Train Acc: 0.1933, Val Acc: 0.2400
Epoch: 001, Loss: 1.3484, Train Acc: 0.2133, Val Acc: 0.2400
Epoch: 002, Loss: 1.4131, Train Acc: 0.2200, Val Acc: 0.2400
Epoch: 003, Loss: 1.4006, Train Acc: 0.2333, Val Acc: 0.2400
Epoch: 004, Loss: 1.4012, Train Acc: 0.2600, Val Acc: 0.2400
Epoch: 005, Loss: 1.4262, Train Acc: 0.2400, Val Acc: 0.2400
Epoch: 006, Loss: 1.3843, Train Acc: 0.2200, Val Acc: 0.2400
Epoch: 007, Loss: 1.3871, Train Acc: 0.2267, Val Acc: 0.2400
Epoch: 008, Loss: 1.4301, Train Acc: 0.2200, Val Acc: 0.2400
Epoch: 009, Loss: 1.4170, Train Acc: 0.2200, Val Acc: 0.2400
Epoch: 010, Loss: 1.3712, Train Acc: 0.2467, Val Acc: 0.2400
Epoch: 011, Loss: 1.4050, Train Acc: 0.2600, Val Acc: 0.2000
Epoch: 012, Loss: 1.3758, Train Acc: 0.2267, Val Acc: 0.1200
Epoch: 013, Loss: 1.3675, Train Acc: 0.2067, Val Acc: 0.2800
Epoch: 014, Loss: 1.3586, Train Acc: 0.2333, Val Acc: 0.2400
Epoch: 015, Loss: 1.4214, Train Acc: 0.2000, Val Acc: 0.2400
Epoch: 016, Loss: 1.3847, Train Acc: 0.1933, Val Acc: 0.1200
Epoch: 017, Loss: 1.3690, Train Acc: 0.2000, Val Acc: 0.2400
Epoch: 018, Loss: 1.3307, Train Acc: 0.2467, Val Acc: 0.2400
Epoch: 019, Loss: 1.4045, Train Acc: 0.2267, Val Acc: 0.1200
Epoch: 020, Loss: 1.4224, Train Acc: 0.2733, Val Acc: 0.2400
Epoch: 021, Loss: 1.3844, Train Acc: 0.2333, Val Acc: 0.2400
Epoch: 022, Loss: 1.4540, Train Acc: 0.2867, Val Acc: 0.2400
Epoch: 023, Loss: 1.4074, Train Acc: 0.1800, Val Acc: 0.2400
Epoch: 024, Loss: 1.4078, Train Acc: 0.2867, Val Acc: 0.2400
Epoch: 025, Loss: 1.4395, Train Acc: 0.2600, Val Acc: 0.2400
Epoch: 026, Loss: 1.3940, Train Acc: 0.2000, Val Acc: 0.2000
Epoch: 027, Loss: 1.4164, Train Acc: 0.2600, Val Acc: 0.2400
Epoch: 028, Loss: 1.3857, Train Acc: 0.2400, Val Acc: 0.2400
Epoch: 029, Loss: 1.4252, Train Acc: 0.2667, Val Acc: 0.2000
Epoch: 030, Loss: 1.3887, Train Acc: 0.1933, Val Acc: 0.2400
Epoch: 031, Loss: 1.3610, Train Acc: 0.2000, Val Acc: 0.2400
Epoch: 032, Loss: 1.4197, Train Acc: 0.2467, Val Acc: 0.2400
Epoch: 033, Loss: 1.3863, Train Acc: 0.2533, Val Acc: 0.2400
Epoch: 034, Loss: 1.3757, Train Acc: 0.2267, Val Acc: 0.1200
Epoch: 035, Loss: 1.3906, Train Acc: 0.2067, Val Acc: 0.2000
Epoch: 036, Loss: 1.4122, Train Acc: 0.2467, Val Acc: 0.2400
Epoch: 037, Loss: 1.3877, Train Acc: 0.1733, Val Acc: 0.1600
Epoch: 038, Loss: 1.4111, Train Acc: 0.2400, Val Acc: 0.2400
Epoch: 039, Loss: 1.4350, Train Acc: 0.2667, Val Acc: 0.2400
Epoch: 040, Loss: 1.3862, Train Acc: 0.2067, Val Acc: 0.2400
Epoch: 041, Loss: 1.4218, Train Acc: 0.2600, Val Acc: 0.1200
Epoch: 042, Loss: 1.3915, Train Acc: 0.2000, Val Acc: 0.2000
Epoch: 043, Loss: 1.3661, Train Acc: 0.2333, Val Acc: 0.1600
Epoch: 044, Loss: 1.3791, Train Acc: 0.2467, Val Acc: 0.2400
Epoch: 045, Loss: 1.3843, Train Acc: 0.2600, Val Acc: 0.2400
Epoch: 046, Loss: 1.3591, Train Acc: 0.2200, Val Acc: 0.2400
Epoch: 047, Loss: 1.4112, Train Acc: 0.2467, Val Acc: 0.2400
Epoch: 048, Loss: 1.4368, Train Acc: 0.2467, Val Acc: 0.1200
Epoch: 049, Loss: 1.3805, Train Acc: 0.2200, Val Acc: 0.2800
Epoch: 050, Loss: 1.4239, Train Acc: 0.2600, Val Acc: 0.2000
Epoch: 051, Loss: 1.4030, Train Acc: 0.2400, Val Acc: 0.2000
Epoch: 052, Loss: 1.3970, Train Acc: 0.2533, Val Acc: 0.0800
Epoch: 053, Loss: 1.4141, Train Acc: 0.2667, Val Acc: 0.2000
Epoch: 054, Loss: 1.3634, Train Acc: 0.2667, Val Acc: 0.2000
Epoch: 055, Loss: 1.4437, Train Acc: 0.2400, Val Acc: 0.2400
Epoch: 056, Loss: 1.4192, Train Acc: 0.2733, Val Acc: 0.1200
Epoch: 057, Loss: 1.4301, Train Acc: 0.2600, Val Acc: 0.1200
Epoch: 058, Loss: 1.3622, Train Acc: 0.2867, Val Acc: 0.1200
Epoch: 059, Loss: 1.3828, Train Acc: 0.2600, Val Acc: 0.2400
Epoch: 060, Loss: 1.4156, Train Acc: 0.2133, Val Acc: 0.2400
Epoch: 061, Loss: 1.3867, Train Acc: 0.2533, Val Acc: 0.2400
Epoch: 062, Loss: 1.3729, Train Acc: 0.2200, Val Acc: 0.1200
Epoch: 063, Loss: 1.4078, Train Acc: 0.2600, Val Acc: 0.1600
Epoch: 064, Loss: 1.3901, Train Acc: 0.2333, Val Acc: 0.2000
Epoch: 065, Loss: 1.4052, Train Acc: 0.2467, Val Acc: 0.1600
Epoch: 066, Loss: 1.4388, Train Acc: 0.2733, Val Acc: 0.3200
Epoch: 067, Loss: 1.3998, Train Acc: 0.2467, Val Acc: 0.2400
Epoch: 068, Loss: 1.3619, Train Acc: 0.2133, Val Acc: 0.2400
Epoch: 069, Loss: 1.4126, Train Acc: 0.2400, Val Acc: 0.2400
Epoch: 070, Loss: 1.3577, Train Acc: 0.2333, Val Acc: 0.0800
Epoch: 071, Loss: 1.3767, Train Acc: 0.2867, Val Acc: 0.1200
Epoch: 072, Loss: 1.3813, Train Acc: 0.2000, Val Acc: 0.1600
Epoch: 073, Loss: 1.4256, Train Acc: 0.2800, Val Acc: 0.2400
Epoch: 074, Loss: 1.2533, Train Acc: 0.2800, Val Acc: 0.2400
Epoch: 075, Loss: 1.3650, Train Acc: 0.2733, Val Acc: 0.2400
Epoch: 076, Loss: 1.4087, Train Acc: 0.2533, Val Acc: 0.2000
Epoch: 077, Loss: 1.4115, Train Acc: 0.2467, Val Acc: 0.2400
Epoch: 078, Loss: 1.3722, Train Acc: 0.2467, Val Acc: 0.2400
Epoch: 079, Loss: 1.4352, Train Acc: 0.2467, Val Acc: 0.2400
Epoch: 080, Loss: 1.3787, Train Acc: 0.2467, Val Acc: 0.1600
Epoch: 081, Loss: 1.3419, Train Acc: 0.2733, Val Acc: 0.2400
Epoch: 082, Loss: 1.4349, Train Acc: 0.2667, Val Acc: 0.2400
Epoch: 083, Loss: 1.3513, Train Acc: 0.2333, Val Acc: 0.1200
Epoch: 084, Loss: 1.4129, Train Acc: 0.2400, Val Acc: 0.2400
Epoch: 085, Loss: 1.3767, Train Acc: 0.2533, Val Acc: 0.2400
Epoch: 086, Loss: 1.3615, Train Acc: 0.2800, Val Acc: 0.3200
Epoch: 087, Loss: 1.3713, Train Acc: 0.2600, Val Acc: 0.2400
Epoch: 088, Loss: 1.4247, Train Acc: 0.2933, Val Acc: 0.2400
Epoch: 089, Loss: 1.3850, Train Acc: 0.2667, Val Acc: 0.2400
Epoch: 090, Loss: 1.3444, Train Acc: 0.2600, Val Acc: 0.0800
Epoch: 091, Loss: 1.3610, Train Acc: 0.2800, Val Acc: 0.3200
Epoch: 092, Loss: 1.3945, Train Acc: 0.2867, Val Acc: 0.2400
Epoch: 093, Loss: 1.4089, Train Acc: 0.2133, Val Acc: 0.1200
Epoch: 094, Loss: 1.4238, Train Acc: 0.2667, Val Acc: 0.2400
Epoch: 095, Loss: 1.4059, Train Acc: 0.2733, Val Acc: 0.2400
Epoch: 096, Loss: 1.3424, Train Acc: 0.2533, Val Acc: 0.2400
Epoch: 097, Loss: 1.3484, Train Acc: 0.2467, Val Acc: 0.3200
Epoch: 098, Loss: 1.4253, Train Acc: 0.2733, Val Acc: 0.2400
Epoch: 099, Loss: 1.3842, Train Acc: 0.2667, Val Acc: 0.1600
Epoch: 100, Loss: 1.4016, Train Acc: 0.2467, Val Acc: 0.1200
Epoch: 101, Loss: 1.3940, Train Acc: 0.2667, Val Acc: 0.2000
Epoch: 102, Loss: 1.3496, Train Acc: 0.3000, Val Acc: 0.3200
Epoch: 103, Loss: 1.3431, Train Acc: 0.2733, Val Acc: 0.2800
Epoch: 104, Loss: 1.4966, Train Acc: 0.2600, Val Acc: 0.2400
Epoch: 105, Loss: 1.3889, Train Acc: 0.2200, Val Acc: 0.2400
Epoch: 106, Loss: 1.4076, Train Acc: 0.1933, Val Acc: 0.2400
Epoch: 107, Loss: 1.4234, Train Acc: 0.2600, Val Acc: 0.2400
Epoch: 108, Loss: 1.4104, Train Acc: 0.2800, Val Acc: 0.2400
Epoch: 109, Loss: 1.4005, Train Acc: 0.2800, Val Acc: 0.1200
Epoch: 110, Loss: 1.4054, Train Acc: 0.2667, Val Acc: 0.1200
Epoch: 111, Loss: 1.3876, Train Acc: 0.2400, Val Acc: 0.3200
Epoch: 112, Loss: 1.3968, Train Acc: 0.2467, Val Acc: 0.0800
Epoch: 113, Loss: 1.4383, Train Acc: 0.2533, Val Acc: 0.1600
Epoch: 114, Loss: 1.4366, Train Acc: 0.2733, Val Acc: 0.2400
Epoch: 115, Loss: 1.3755, Train Acc: 0.2733, Val Acc: 0.1600
Epoch: 116, Loss: 1.3654, Train Acc: 0.2667, Val Acc: 0.1200
Epoch: 117, Loss: 1.3858, Train Acc: 0.2867, Val Acc: 0.2400
Epoch: 118, Loss: 1.4114, Train Acc: 0.2133, Val Acc: 0.2400
Epoch: 119, Loss: 1.3754, Train Acc: 0.2800, Val Acc: 0.2400
Epoch: 120, Loss: 1.3496, Train Acc: 0.2733, Val Acc: 0.2400
Epoch: 121, Loss: 0.1170, Train Acc: 0.2533, Val Acc: 0.2400
Epoch: 122, Loss: 1.5158, Train Acc: 0.2733, Val Acc: 0.2400
Epoch: 123, Loss: 1.3818, Train Acc: 0.2400, Val Acc: 0.0800
Epoch: 124, Loss: 1.3678, Train Acc: 0.2733, Val Acc: 0.2400
Epoch: 125, Loss: 1.3773, Train Acc: 0.2467, Val Acc: 0.2800
Epoch: 126, Loss: 1.4370, Train Acc: 0.2800, Val Acc: 0.2400
Epoch: 127, Loss: 1.3947, Train Acc: 0.2733, Val Acc: 0.2400
Epoch: 128, Loss: 1.4517, Train Acc: 0.2467, Val Acc: 0.2800
Epoch: 129, Loss: 1.4021, Train Acc: 0.2467, Val Acc: 0.2400
Epoch: 130, Loss: 1.4274, Train Acc: 0.2667, Val Acc: 0.2400
Epoch: 131, Loss: 1.4141, Train Acc: 0.2533, Val Acc: 0.1600
Epoch: 132, Loss: 1.3867, Train Acc: 0.2400, Val Acc: 0.2800
Epoch: 133, Loss: 1.3898, Train Acc: 0.2467, Val Acc: 0.2400
Epoch: 134, Loss: 1.3758, Train Acc: 0.2733, Val Acc: 0.1600
Epoch: 135, Loss: 1.4413, Train Acc: 0.2533, Val Acc: 0.2400
Epoch: 136, Loss: 1.3948, Train Acc: 0.2667, Val Acc: 0.1600
Epoch: 137, Loss: 1.3981, Train Acc: 0.2467, Val Acc: 0.2400
Epoch: 138, Loss: 1.3798, Train Acc: 0.2733, Val Acc: 0.0800
Epoch: 139, Loss: 1.4311, Train Acc: 0.2800, Val Acc: 0.1600
Epoch: 140, Loss: 1.3911, Train Acc: 0.2600, Val Acc: 0.3200
Epoch: 141, Loss: 1.3924, Train Acc: 0.2800, Val Acc: 0.3200
Epoch: 142, Loss: 1.4104, Train Acc: 0.2333, Val Acc: 0.1600
Epoch: 143, Loss: 1.4116, Train Acc: 0.2800, Val Acc: 0.1600
Epoch: 144, Loss: 1.4499, Train Acc: 0.2867, Val Acc: 0.2800
Epoch: 145, Loss: 1.4033, Train Acc: 0.2800, Val Acc: 0.2400
Epoch: 146, Loss: 1.3744, Train Acc: 0.2467, Val Acc: 0.2400
Epoch: 147, Loss: 1.3876, Train Acc: 0.2733, Val Acc: 0.2800
Epoch: 148, Loss: 1.4080, Train Acc: 0.2667, Val Acc: 0.1200
Epoch: 149, Loss: 1.4099, Train Acc: 0.2533, Val Acc: 0.2800
Epoch: 150, Loss: 1.3593, Train Acc: 0.2933, Val Acc: 0.2000
Epoch: 151, Loss: 1.4067, Train Acc: 0.3067, Val Acc: 0.2400
Epoch: 152, Loss: 1.4020, Train Acc: 0.2867, Val Acc: 0.2800
Epoch: 153, Loss: 1.4459, Train Acc: 0.3000, Val Acc: 0.2400
Epoch: 154, Loss: 1.3803, Train Acc: 0.2733, Val Acc: 0.1200
Epoch: 155, Loss: 1.3786, Train Acc: 0.2933, Val Acc: 0.2400
Epoch: 156, Loss: 1.4123, Train Acc: 0.2600, Val Acc: 0.2400
Epoch: 157, Loss: 0.0758, Train Acc: 0.2133, Val Acc: 0.1600
Epoch: 158, Loss: 0.0720, Train Acc: 0.3000, Val Acc: 0.2800
Epoch: 159, Loss: 1.3737, Train Acc: 0.2733, Val Acc: 0.2800
Epoch: 160, Loss: 1.4152, Train Acc: 0.2467, Val Acc: 0.2400
Epoch: 161, Loss: 1.3630, Train Acc: 0.3000, Val Acc: 0.3600
Epoch: 162, Loss: 1.4122, Train Acc: 0.2600, Val Acc: 0.2400
Epoch: 163, Loss: 1.3652, Train Acc: 0.2800, Val Acc: 0.1200
Epoch: 164, Loss: 1.3846, Train Acc: 0.3200, Val Acc: 0.2800
Epoch: 165, Loss: 1.4071, Train Acc: 0.3000, Val Acc: 0.2800
Epoch: 166, Loss: 1.3892, Train Acc: 0.2733, Val Acc: 0.2400
Epoch: 167, Loss: 1.3799, Train Acc: 0.3000, Val Acc: 0.1200
Epoch: 168, Loss: 1.0418, Train Acc: 0.2667, Val Acc: 0.1600
Epoch: 169, Loss: 1.4065, Train Acc: 0.2733, Val Acc: 0.2400
Epoch: 170, Loss: 1.4032, Train Acc: 0.2533, Val Acc: 0.2400
Epoch: 171, Loss: 1.3470, Train Acc: 0.2533, Val Acc: 0.2400
Epoch: 172, Loss: 1.3641, Train Acc: 0.3000, Val Acc: 0.2000
Epoch: 173, Loss: 1.4215, Train Acc: 0.2933, Val Acc: 0.2800
Epoch: 174, Loss: 1.3237, Train Acc: 0.2800, Val Acc: 0.2400
Epoch: 175, Loss: 1.4111, Train Acc: 0.3133, Val Acc: 0.3200
Epoch: 176, Loss: 1.3672, Train Acc: 0.2667, Val Acc: 0.3600
Epoch: 177, Loss: 1.4243, Train Acc: 0.3133, Val Acc: 0.1200
Epoch: 178, Loss: 1.3978, Train Acc: 0.2667, Val Acc: 0.0800
Epoch: 179, Loss: 1.3445, Train Acc: 0.2733, Val Acc: 0.2400
Epoch: 180, Loss: 1.3821, Train Acc: 0.2600, Val Acc: 0.1200
Epoch: 181, Loss: 1.3383, Train Acc: 0.2800, Val Acc: 0.2800
Epoch: 182, Loss: 1.4135, Train Acc: 0.2600, Val Acc: 0.2400
Epoch: 183, Loss: 1.4667, Train Acc: 0.3333, Val Acc: 0.2800
Epoch: 184, Loss: 1.4507, Train Acc: 0.3000, Val Acc: 0.2800
Epoch: 185, Loss: 1.3413, Train Acc: 0.2600, Val Acc: 0.1200
Epoch: 186, Loss: 1.0286, Train Acc: 0.2667, Val Acc: 0.3200
Epoch: 187, Loss: 1.4628, Train Acc: 0.3000, Val Acc: 0.1600
Epoch: 188, Loss: 1.3752, Train Acc: 0.3267, Val Acc: 0.2800
Epoch: 189, Loss: 1.3758, Train Acc: 0.3000, Val Acc: 0.2400
Epoch: 190, Loss: 1.3351, Train Acc: 0.2600, Val Acc: 0.2800
Epoch: 191, Loss: 1.1548, Train Acc: 0.3067, Val Acc: 0.2400
Epoch: 192, Loss: 1.4001, Train Acc: 0.2467, Val Acc: 0.4000
Epoch: 193, Loss: 1.3483, Train Acc: 0.3133, Val Acc: 0.1600
Epoch: 194, Loss: 1.4465, Train Acc: 0.3000, Val Acc: 0.3600
Epoch: 195, Loss: 1.3976, Train Acc: 0.2933, Val Acc: 0.1600
Epoch: 196, Loss: 1.1706, Train Acc: 0.3133, Val Acc: 0.3600
Epoch: 197, Loss: 1.3733, Train Acc: 0.3067, Val Acc: 0.1600
Epoch: 198, Loss: 1.3497, Train Acc: 0.2867, Val Acc: 0.0400
Epoch: 199, Loss: 1.3941, Train Acc: 0.3067, Val Acc: 0.0800
Split 1 evaluatation: Acc: 0.2400, Precision: 0.2400, Recall: 0.2400, F1 : 0.2400

Epoch: 000, Loss: 1.4408, Train Acc: 0.2067, Val Acc: 0.2400
Epoch: 001, Loss: 1.4130, Train Acc: 0.1733, Val Acc: 0.2400
Epoch: 002, Loss: 1.3786, Train Acc: 0.1933, Val Acc: 0.2400
Epoch: 003, Loss: 1.4472, Train Acc: 0.1933, Val Acc: 0.2400
Epoch: 004, Loss: 1.4086, Train Acc: 0.2333, Val Acc: 0.2000
Epoch: 005, Loss: 1.4263, Train Acc: 0.2133, Val Acc: 0.2400
Epoch: 006, Loss: 1.3834, Train Acc: 0.2133, Val Acc: 0.2400
Epoch: 007, Loss: 1.4509, Train Acc: 0.2333, Val Acc: 0.2400
Epoch: 008, Loss: 1.3852, Train Acc: 0.2533, Val Acc: 0.2400
Epoch: 009, Loss: 1.4335, Train Acc: 0.2200, Val Acc: 0.2400
Epoch: 010, Loss: 1.3846, Train Acc: 0.2067, Val Acc: 0.3200
Epoch: 011, Loss: 1.4323, Train Acc: 0.2000, Val Acc: 0.2400
Epoch: 012, Loss: 1.4111, Train Acc: 0.2333, Val Acc: 0.2400
Epoch: 013, Loss: 1.3904, Train Acc: 0.2267, Val Acc: 0.2400
Epoch: 014, Loss: 1.3991, Train Acc: 0.2333, Val Acc: 0.2400
Epoch: 015, Loss: 1.3718, Train Acc: 0.2333, Val Acc: 0.2400
Epoch: 016, Loss: 1.4534, Train Acc: 0.2533, Val Acc: 0.2400
Epoch: 017, Loss: 1.3496, Train Acc: 0.2200, Val Acc: 0.2800
Epoch: 018, Loss: 1.3822, Train Acc: 0.2200, Val Acc: 0.2400
Epoch: 019, Loss: 1.3836, Train Acc: 0.2000, Val Acc: 0.2400
Epoch: 020, Loss: 1.4606, Train Acc: 0.2133, Val Acc: 0.2800
Epoch: 021, Loss: 1.3586, Train Acc: 0.2200, Val Acc: 0.2400
Epoch: 022, Loss: 1.4227, Train Acc: 0.2000, Val Acc: 0.3200
Epoch: 023, Loss: 1.4011, Train Acc: 0.2133, Val Acc: 0.2400
Epoch: 024, Loss: 1.3861, Train Acc: 0.2133, Val Acc: 0.2400
Epoch: 025, Loss: 1.4020, Train Acc: 0.2467, Val Acc: 0.2000
Epoch: 026, Loss: 1.3475, Train Acc: 0.2400, Val Acc: 0.2400
Epoch: 027, Loss: 1.3795, Train Acc: 0.2333, Val Acc: 0.2800
Epoch: 028, Loss: 1.4046, Train Acc: 0.2067, Val Acc: 0.2400
Epoch: 029, Loss: 1.3469, Train Acc: 0.2000, Val Acc: 0.2400
Epoch: 030, Loss: 1.4006, Train Acc: 0.1733, Val Acc: 0.2000
Epoch: 031, Loss: 1.4195, Train Acc: 0.2400, Val Acc: 0.2400
Epoch: 032, Loss: 1.3835, Train Acc: 0.2133, Val Acc: 0.2400
Epoch: 033, Loss: 1.3785, Train Acc: 0.2467, Val Acc: 0.3600
Epoch: 034, Loss: 1.3736, Train Acc: 0.2333, Val Acc: 0.2800
Epoch: 035, Loss: 1.3649, Train Acc: 0.2600, Val Acc: 0.2400
Epoch: 036, Loss: 1.4325, Train Acc: 0.2333, Val Acc: 0.2400
Epoch: 037, Loss: 1.3507, Train Acc: 0.2400, Val Acc: 0.2800
Epoch: 038, Loss: 1.4075, Train Acc: 0.2400, Val Acc: 0.2400
Epoch: 039, Loss: 1.3360, Train Acc: 0.2067, Val Acc: 0.2400
Epoch: 040, Loss: 1.4384, Train Acc: 0.2533, Val Acc: 0.2400
Epoch: 041, Loss: 1.4143, Train Acc: 0.2267, Val Acc: 0.2400
Epoch: 042, Loss: 1.4040, Train Acc: 0.2000, Val Acc: 0.2400
Epoch: 043, Loss: 1.4028, Train Acc: 0.2467, Val Acc: 0.2000
Epoch: 044, Loss: 1.3861, Train Acc: 0.2067, Val Acc: 0.2400
Epoch: 045, Loss: 1.4255, Train Acc: 0.2467, Val Acc: 0.2400
Epoch: 046, Loss: 1.3558, Train Acc: 0.2333, Val Acc: 0.2400
Epoch: 047, Loss: 1.3608, Train Acc: 0.2200, Val Acc: 0.2400
Epoch: 048, Loss: 1.3630, Train Acc: 0.2400, Val Acc: 0.2400
Epoch: 049, Loss: 1.4007, Train Acc: 0.2333, Val Acc: 0.2400
Epoch: 050, Loss: 1.4058, Train Acc: 0.2333, Val Acc: 0.2400
Epoch: 051, Loss: 1.4008, Train Acc: 0.2400, Val Acc: 0.2400
Epoch: 052, Loss: 1.3474, Train Acc: 0.2067, Val Acc: 0.2400
Epoch: 053, Loss: 1.3699, Train Acc: 0.2667, Val Acc: 0.2400
Epoch: 054, Loss: 1.4137, Train Acc: 0.2533, Val Acc: 0.2400
Epoch: 055, Loss: 1.4110, Train Acc: 0.2200, Val Acc: 0.2800
Epoch: 056, Loss: 1.4389, Train Acc: 0.2600, Val Acc: 0.2400
Epoch: 057, Loss: 1.3452, Train Acc: 0.2467, Val Acc: 0.2400
Epoch: 058, Loss: 1.3031, Train Acc: 0.2467, Val Acc: 0.2400
Epoch: 059, Loss: 1.3666, Train Acc: 0.2533, Val Acc: 0.2400
Epoch: 060, Loss: 1.3782, Train Acc: 0.2267, Val Acc: 0.2800
Epoch: 061, Loss: 1.3935, Train Acc: 0.2467, Val Acc: 0.2800
Epoch: 062, Loss: 1.3832, Train Acc: 0.2667, Val Acc: 0.2400
Epoch: 063, Loss: 1.3785, Train Acc: 0.2600, Val Acc: 0.2400
Epoch: 064, Loss: 1.4045, Train Acc: 0.2333, Val Acc: 0.2400
Epoch: 065, Loss: 1.3838, Train Acc: 0.2267, Val Acc: 0.2800
Epoch: 066, Loss: 1.4309, Train Acc: 0.3000, Val Acc: 0.4000
Epoch: 067, Loss: 1.4142, Train Acc: 0.2667, Val Acc: 0.2400
Epoch: 068, Loss: 1.4083, Train Acc: 0.2333, Val Acc: 0.2400
Epoch: 069, Loss: 1.4051, Train Acc: 0.2733, Val Acc: 0.2800
Epoch: 070, Loss: 1.4262, Train Acc: 0.2467, Val Acc: 0.2400
Epoch: 071, Loss: 1.4260, Train Acc: 0.2467, Val Acc: 0.2000
Epoch: 072, Loss: 1.4051, Train Acc: 0.2267, Val Acc: 0.2000
Epoch: 073, Loss: 1.3516, Train Acc: 0.2667, Val Acc: 0.2400
Epoch: 074, Loss: 1.3687, Train Acc: 0.2733, Val Acc: 0.2000
Epoch: 075, Loss: 1.3804, Train Acc: 0.2467, Val Acc: 0.2800
Epoch: 076, Loss: 1.3790, Train Acc: 0.2267, Val Acc: 0.2800
Epoch: 077, Loss: 1.4103, Train Acc: 0.2467, Val Acc: 0.2800
Epoch: 078, Loss: 1.3698, Train Acc: 0.2600, Val Acc: 0.2800
Epoch: 079, Loss: 1.3750, Train Acc: 0.2467, Val Acc: 0.3200
Epoch: 080, Loss: 1.3892, Train Acc: 0.2400, Val Acc: 0.2400
Epoch: 081, Loss: 1.4429, Train Acc: 0.2067, Val Acc: 0.3600
Epoch: 082, Loss: 1.4031, Train Acc: 0.2733, Val Acc: 0.2400
Epoch: 083, Loss: 1.3857, Train Acc: 0.2800, Val Acc: 0.2400
Epoch: 084, Loss: 1.3713, Train Acc: 0.2533, Val Acc: 0.2400
Epoch: 085, Loss: 1.4209, Train Acc: 0.2733, Val Acc: 0.2800
Epoch: 086, Loss: 1.3868, Train Acc: 0.2867, Val Acc: 0.1200
Epoch: 087, Loss: 1.3700, Train Acc: 0.2933, Val Acc: 0.2000
Epoch: 088, Loss: 1.3685, Train Acc: 0.2600, Val Acc: 0.3200
Epoch: 089, Loss: 1.4038, Train Acc: 0.2600, Val Acc: 0.2800
Epoch: 090, Loss: 1.3984, Train Acc: 0.2600, Val Acc: 0.2400
Epoch: 091, Loss: 1.3932, Train Acc: 0.2400, Val Acc: 0.1200
Epoch: 092, Loss: 1.3091, Train Acc: 0.2067, Val Acc: 0.2400
Epoch: 093, Loss: 1.4258, Train Acc: 0.2667, Val Acc: 0.2800
Epoch: 094, Loss: 1.4381, Train Acc: 0.2200, Val Acc: 0.3200
Epoch: 095, Loss: 1.3324, Train Acc: 0.2533, Val Acc: 0.2400
Epoch: 096, Loss: 1.3764, Train Acc: 0.2467, Val Acc: 0.2800
Epoch: 097, Loss: 1.4665, Train Acc: 0.2867, Val Acc: 0.2800
Epoch: 098, Loss: 1.3969, Train Acc: 0.2600, Val Acc: 0.2400
Epoch: 099, Loss: 1.4143, Train Acc: 0.2667, Val Acc: 0.2800
Epoch: 100, Loss: 1.3641, Train Acc: 0.2533, Val Acc: 0.2000
Epoch: 101, Loss: 1.3551, Train Acc: 0.2267, Val Acc: 0.3600
Epoch: 102, Loss: 1.4302, Train Acc: 0.2467, Val Acc: 0.2400
Epoch: 103, Loss: 1.3838, Train Acc: 0.2800, Val Acc: 0.2800
Epoch: 104, Loss: 1.4090, Train Acc: 0.2867, Val Acc: 0.2400
Epoch: 105, Loss: 1.2893, Train Acc: 0.2933, Val Acc: 0.3200
Epoch: 106, Loss: 1.3991, Train Acc: 0.3000, Val Acc: 0.1200
Epoch: 107, Loss: 1.4061, Train Acc: 0.2933, Val Acc: 0.2000
Epoch: 108, Loss: 1.3952, Train Acc: 0.2533, Val Acc: 0.2400
Epoch: 109, Loss: 1.3848, Train Acc: 0.2733, Val Acc: 0.3200
Epoch: 110, Loss: 1.3528, Train Acc: 0.2800, Val Acc: 0.2800
Epoch: 111, Loss: 1.3876, Train Acc: 0.2867, Val Acc: 0.2000
Epoch: 112, Loss: 1.3772, Train Acc: 0.2467, Val Acc: 0.2000
Epoch: 113, Loss: 1.3787, Train Acc: 0.2333, Val Acc: 0.1200
Epoch: 114, Loss: 1.4183, Train Acc: 0.2400, Val Acc: 0.2400
Epoch: 115, Loss: 1.3848, Train Acc: 0.2733, Val Acc: 0.2800
Epoch: 116, Loss: 1.4357, Train Acc: 0.2600, Val Acc: 0.2400
Epoch: 117, Loss: 1.4292, Train Acc: 0.2800, Val Acc: 0.2400
Epoch: 118, Loss: 1.4006, Train Acc: 0.2667, Val Acc: 0.2400
Epoch: 119, Loss: 1.4304, Train Acc: 0.2867, Val Acc: 0.2400
Epoch: 120, Loss: 1.3882, Train Acc: 0.3267, Val Acc: 0.2800
Epoch: 121, Loss: 1.4001, Train Acc: 0.2933, Val Acc: 0.2800
Epoch: 122, Loss: 1.4355, Train Acc: 0.2733, Val Acc: 0.2400
Epoch: 123, Loss: 1.4007, Train Acc: 0.2933, Val Acc: 0.2800
Epoch: 124, Loss: 1.4322, Train Acc: 0.3133, Val Acc: 0.2400
Epoch: 125, Loss: 1.3996, Train Acc: 0.2733, Val Acc: 0.3200
Epoch: 126, Loss: 1.3941, Train Acc: 0.2467, Val Acc: 0.2400
Epoch: 127, Loss: 1.3983, Train Acc: 0.2867, Val Acc: 0.2400
Epoch: 128, Loss: 1.4354, Train Acc: 0.2933, Val Acc: 0.2400
Epoch: 129, Loss: 1.3907, Train Acc: 0.2267, Val Acc: 0.2400
Epoch: 130, Loss: 1.3727, Train Acc: 0.2533, Val Acc: 0.2400
Epoch: 131, Loss: 1.3246, Train Acc: 0.2800, Val Acc: 0.3200
Epoch: 132, Loss: 1.4189, Train Acc: 0.2800, Val Acc: 0.4000
Epoch: 133, Loss: 1.3984, Train Acc: 0.2867, Val Acc: 0.1600
Epoch: 134, Loss: 1.4131, Train Acc: 0.2667, Val Acc: 0.3200
Epoch: 135, Loss: 1.4004, Train Acc: 0.2867, Val Acc: 0.3200
Epoch: 136, Loss: 1.3960, Train Acc: 0.2600, Val Acc: 0.2400
Epoch: 137, Loss: 1.4008, Train Acc: 0.2667, Val Acc: 0.3200
Epoch: 138, Loss: 1.4032, Train Acc: 0.2667, Val Acc: 0.2400
Epoch: 139, Loss: 1.0874, Train Acc: 0.2667, Val Acc: 0.2800
Epoch: 140, Loss: 1.3728, Train Acc: 0.2867, Val Acc: 0.2400
Epoch: 141, Loss: 1.0843, Train Acc: 0.2533, Val Acc: 0.2000
Epoch: 142, Loss: 1.3824, Train Acc: 0.2867, Val Acc: 0.2800
Epoch: 143, Loss: 1.3769, Train Acc: 0.2533, Val Acc: 0.1600
Epoch: 144, Loss: 1.4448, Train Acc: 0.2933, Val Acc: 0.2400
Epoch: 145, Loss: 1.3395, Train Acc: 0.3133, Val Acc: 0.2400
Epoch: 146, Loss: 1.4031, Train Acc: 0.2667, Val Acc: 0.2000
Epoch: 147, Loss: 1.3862, Train Acc: 0.2667, Val Acc: 0.2800
Epoch: 148, Loss: 1.3584, Train Acc: 0.2467, Val Acc: 0.2400
Epoch: 149, Loss: 1.3775, Train Acc: 0.2600, Val Acc: 0.2800
Epoch: 150, Loss: 1.3840, Train Acc: 0.2267, Val Acc: 0.2800
Epoch: 151, Loss: 1.3720, Train Acc: 0.3000, Val Acc: 0.2400
Epoch: 152, Loss: 1.3894, Train Acc: 0.2600, Val Acc: 0.2400
Epoch: 153, Loss: 1.3591, Train Acc: 0.2667, Val Acc: 0.2800
Epoch: 154, Loss: 1.4270, Train Acc: 0.2533, Val Acc: 0.3200
Epoch: 155, Loss: 1.3703, Train Acc: 0.2467, Val Acc: 0.3200
Epoch: 156, Loss: 1.4207, Train Acc: 0.2867, Val Acc: 0.2800
Epoch: 157, Loss: 1.3981, Train Acc: 0.2533, Val Acc: 0.2400
Epoch: 158, Loss: 1.3805, Train Acc: 0.3000, Val Acc: 0.2000
Epoch: 159, Loss: 1.4149, Train Acc: 0.2933, Val Acc: 0.3200
Epoch: 160, Loss: 1.3697, Train Acc: 0.2400, Val Acc: 0.2000
Epoch: 161, Loss: 1.3651, Train Acc: 0.3000, Val Acc: 0.2000
Epoch: 162, Loss: 1.3896, Train Acc: 0.3067, Val Acc: 0.2800
Epoch: 163, Loss: 1.2836, Train Acc: 0.2667, Val Acc: 0.2800
Epoch: 164, Loss: 1.3525, Train Acc: 0.3067, Val Acc: 0.1600
Epoch: 165, Loss: 1.3845, Train Acc: 0.2467, Val Acc: 0.2000
Epoch: 166, Loss: 1.4009, Train Acc: 0.3200, Val Acc: 0.2800
Epoch: 167, Loss: 1.4194, Train Acc: 0.2667, Val Acc: 0.2800
Epoch: 168, Loss: 1.4190, Train Acc: 0.2800, Val Acc: 0.2800
Epoch: 169, Loss: 1.1475, Train Acc: 0.2800, Val Acc: 0.2800
Epoch: 170, Loss: 1.4088, Train Acc: 0.3067, Val Acc: 0.2000
Epoch: 171, Loss: 1.4107, Train Acc: 0.3133, Val Acc: 0.2800
Epoch: 172, Loss: 1.0785, Train Acc: 0.2600, Val Acc: 0.1600
Epoch: 173, Loss: 1.3908, Train Acc: 0.2667, Val Acc: 0.3200
Epoch: 174, Loss: 1.3696, Train Acc: 0.3000, Val Acc: 0.2400
Epoch: 175, Loss: 1.3772, Train Acc: 0.2933, Val Acc: 0.2000
Epoch: 176, Loss: 1.4100, Train Acc: 0.3000, Val Acc: 0.2800
Epoch: 177, Loss: 1.3822, Train Acc: 0.3133, Val Acc: 0.2800
Epoch: 178, Loss: 1.3756, Train Acc: 0.3267, Val Acc: 0.1600
Epoch: 179, Loss: 1.3756, Train Acc: 0.2467, Val Acc: 0.3200
Epoch: 180, Loss: 1.3812, Train Acc: 0.2667, Val Acc: 0.2000
Epoch: 181, Loss: 1.3621, Train Acc: 0.3267, Val Acc: 0.0800
Epoch: 182, Loss: 1.3885, Train Acc: 0.2600, Val Acc: 0.2000
Epoch: 183, Loss: 1.4024, Train Acc: 0.2933, Val Acc: 0.2400
Epoch: 184, Loss: 1.3413, Train Acc: 0.3200, Val Acc: 0.3600
Epoch: 185, Loss: 1.3972, Train Acc: 0.2867, Val Acc: 0.2400
Epoch: 186, Loss: 1.4184, Train Acc: 0.3067, Val Acc: 0.2400
Epoch: 187, Loss: 1.3737, Train Acc: 0.2800, Val Acc: 0.2800
Epoch: 188, Loss: 1.3685, Train Acc: 0.2667, Val Acc: 0.2400
Epoch: 189, Loss: 1.3987, Train Acc: 0.2733, Val Acc: 0.2800
Epoch: 190, Loss: 1.3966, Train Acc: 0.2733, Val Acc: 0.2400
Epoch: 191, Loss: 1.3503, Train Acc: 0.3333, Val Acc: 0.2800
Epoch: 192, Loss: 1.3843, Train Acc: 0.2933, Val Acc: 0.2400
Epoch: 193, Loss: 1.4011, Train Acc: 0.2867, Val Acc: 0.2400
Epoch: 194, Loss: 1.3995, Train Acc: 0.3067, Val Acc: 0.3200
Epoch: 195, Loss: 1.3674, Train Acc: 0.3067, Val Acc: 0.2800
Epoch: 196, Loss: 1.3371, Train Acc: 0.3267, Val Acc: 0.3200
Epoch: 197, Loss: 1.3454, Train Acc: 0.3133, Val Acc: 0.2400
Epoch: 198, Loss: 1.4303, Train Acc: 0.3200, Val Acc: 0.3200
Epoch: 199, Loss: 1.4074, Train Acc: 0.3000, Val Acc: 0.3200
Split 2 evaluatation: Acc: 0.2800, Precision: 0.2800, Recall: 0.2800, F1 : 0.2800

Epoch: 000, Loss: 1.3914, Train Acc: 0.2467, Val Acc: 0.2800
Epoch: 001, Loss: 1.3920, Train Acc: 0.1933, Val Acc: 0.2400
Epoch: 002, Loss: 1.3591, Train Acc: 0.2333, Val Acc: 0.2400
Epoch: 003, Loss: 1.4169, Train Acc: 0.2200, Val Acc: 0.2400
Epoch: 004, Loss: 1.3401, Train Acc: 0.1933, Val Acc: 0.2400
Epoch: 005, Loss: 1.3630, Train Acc: 0.2000, Val Acc: 0.2400
Epoch: 006, Loss: 1.4677, Train Acc: 0.2400, Val Acc: 0.2400
Epoch: 007, Loss: 1.3862, Train Acc: 0.2133, Val Acc: 0.2400
Epoch: 008, Loss: 1.4013, Train Acc: 0.2200, Val Acc: 0.2400
Epoch: 009, Loss: 1.4293, Train Acc: 0.1800, Val Acc: 0.2400
Epoch: 010, Loss: 1.3815, Train Acc: 0.1800, Val Acc: 0.2400
Epoch: 011, Loss: 1.4263, Train Acc: 0.2467, Val Acc: 0.2400
Epoch: 012, Loss: 1.4417, Train Acc: 0.1867, Val Acc: 0.2400
Epoch: 013, Loss: 1.4192, Train Acc: 0.2400, Val Acc: 0.2400
Epoch: 014, Loss: 1.3884, Train Acc: 0.2333, Val Acc: 0.2400
Epoch: 015, Loss: 1.4345, Train Acc: 0.1800, Val Acc: 0.2000
Epoch: 016, Loss: 1.3810, Train Acc: 0.2200, Val Acc: 0.2800
Epoch: 017, Loss: 1.3980, Train Acc: 0.1933, Val Acc: 0.1600
Epoch: 018, Loss: 1.4013, Train Acc: 0.2200, Val Acc: 0.1600
Epoch: 019, Loss: 1.4008, Train Acc: 0.2000, Val Acc: 0.2400
Epoch: 020, Loss: 1.3958, Train Acc: 0.2533, Val Acc: 0.2400
Epoch: 021, Loss: 1.3922, Train Acc: 0.2200, Val Acc: 0.2400
Epoch: 022, Loss: 1.4099, Train Acc: 0.2133, Val Acc: 0.2400
Epoch: 023, Loss: 1.3942, Train Acc: 0.2200, Val Acc: 0.2800
Epoch: 024, Loss: 1.3547, Train Acc: 0.2400, Val Acc: 0.2400
Epoch: 025, Loss: 1.3986, Train Acc: 0.2600, Val Acc: 0.3200
Epoch: 026, Loss: 1.3869, Train Acc: 0.2200, Val Acc: 0.2800
Epoch: 027, Loss: 1.3795, Train Acc: 0.2267, Val Acc: 0.2400
Epoch: 028, Loss: 1.3638, Train Acc: 0.2267, Val Acc: 0.2400
Epoch: 029, Loss: 1.4443, Train Acc: 0.2533, Val Acc: 0.2400
Epoch: 030, Loss: 1.3758, Train Acc: 0.2467, Val Acc: 0.2800
Epoch: 031, Loss: 1.3978, Train Acc: 0.2333, Val Acc: 0.3200
Epoch: 032, Loss: 1.4215, Train Acc: 0.2467, Val Acc: 0.2400
Epoch: 033, Loss: 1.3611, Train Acc: 0.2400, Val Acc: 0.2800
Epoch: 034, Loss: 1.4017, Train Acc: 0.2400, Val Acc: 0.2400
Epoch: 035, Loss: 1.4290, Train Acc: 0.2733, Val Acc: 0.2400
Epoch: 036, Loss: 1.3788, Train Acc: 0.2200, Val Acc: 0.2400
Epoch: 037, Loss: 1.4321, Train Acc: 0.2533, Val Acc: 0.2400
Epoch: 038, Loss: 1.4149, Train Acc: 0.2467, Val Acc: 0.2800
Epoch: 039, Loss: 1.3717, Train Acc: 0.2467, Val Acc: 0.2400
Epoch: 040, Loss: 1.4089, Train Acc: 0.2333, Val Acc: 0.2400
Epoch: 041, Loss: 1.3724, Train Acc: 0.2000, Val Acc: 0.2000
Epoch: 042, Loss: 1.4187, Train Acc: 0.2400, Val Acc: 0.2800
Epoch: 043, Loss: 1.4056, Train Acc: 0.2267, Val Acc: 0.2400
Epoch: 044, Loss: 1.4144, Train Acc: 0.2667, Val Acc: 0.2400
Epoch: 045, Loss: 1.4142, Train Acc: 0.2267, Val Acc: 0.3200
Epoch: 046, Loss: 1.3999, Train Acc: 0.2133, Val Acc: 0.3600
Epoch: 047, Loss: 1.4290, Train Acc: 0.2267, Val Acc: 0.2400
Epoch: 048, Loss: 1.3824, Train Acc: 0.2267, Val Acc: 0.2800
Epoch: 049, Loss: 1.4061, Train Acc: 0.2400, Val Acc: 0.2400
Epoch: 050, Loss: 1.3884, Train Acc: 0.2667, Val Acc: 0.2400
Epoch: 051, Loss: 1.3940, Train Acc: 0.2133, Val Acc: 0.2800
Epoch: 052, Loss: 1.4397, Train Acc: 0.2400, Val Acc: 0.2400
Epoch: 053, Loss: 1.4153, Train Acc: 0.2400, Val Acc: 0.3200
Epoch: 054, Loss: 1.3877, Train Acc: 0.1933, Val Acc: 0.2800
Epoch: 055, Loss: 1.3878, Train Acc: 0.2733, Val Acc: 0.2800
Epoch: 056, Loss: 1.3891, Train Acc: 0.2400, Val Acc: 0.2400
Epoch: 057, Loss: 1.3957, Train Acc: 0.2533, Val Acc: 0.2400
Epoch: 058, Loss: 1.3556, Train Acc: 0.2267, Val Acc: 0.3200
Epoch: 059, Loss: 1.3815, Train Acc: 0.2467, Val Acc: 0.0800
Epoch: 060, Loss: 1.3758, Train Acc: 0.2533, Val Acc: 0.2400
Epoch: 061, Loss: 1.3947, Train Acc: 0.2200, Val Acc: 0.2800
Epoch: 062, Loss: 1.3870, Train Acc: 0.2333, Val Acc: 0.3600
Epoch: 063, Loss: 1.4033, Train Acc: 0.2200, Val Acc: 0.2400
Epoch: 064, Loss: 1.4147, Train Acc: 0.2333, Val Acc: 0.2400
Epoch: 065, Loss: 1.3647, Train Acc: 0.2267, Val Acc: 0.1200
Epoch: 066, Loss: 1.3611, Train Acc: 0.2600, Val Acc: 0.2800
Epoch: 067, Loss: 1.4068, Train Acc: 0.1867, Val Acc: 0.2400
Epoch: 068, Loss: 1.3656, Train Acc: 0.2533, Val Acc: 0.2000
Epoch: 069, Loss: 1.3695, Train Acc: 0.2400, Val Acc: 0.4000
Epoch: 070, Loss: 1.3652, Train Acc: 0.2533, Val Acc: 0.2400
Epoch: 071, Loss: 1.3751, Train Acc: 0.2267, Val Acc: 0.2400
Epoch: 072, Loss: 1.3921, Train Acc: 0.2400, Val Acc: 0.2400
Epoch: 073, Loss: 1.4281, Train Acc: 0.2467, Val Acc: 0.2800
Epoch: 074, Loss: 1.4366, Train Acc: 0.2400, Val Acc: 0.2000
Epoch: 075, Loss: 1.3982, Train Acc: 0.2133, Val Acc: 0.2000
Epoch: 076, Loss: 1.3617, Train Acc: 0.2467, Val Acc: 0.2000
Epoch: 077, Loss: 1.4156, Train Acc: 0.2133, Val Acc: 0.2800
Epoch: 078, Loss: 1.3781, Train Acc: 0.2733, Val Acc: 0.2800
Epoch: 079, Loss: 1.4279, Train Acc: 0.2533, Val Acc: 0.2400
Epoch: 080, Loss: 1.3579, Train Acc: 0.2200, Val Acc: 0.2400
Epoch: 081, Loss: 1.4000, Train Acc: 0.2467, Val Acc: 0.2000
Epoch: 082, Loss: 1.4430, Train Acc: 0.2667, Val Acc: 0.2400
Epoch: 083, Loss: 1.4517, Train Acc: 0.2467, Val Acc: 0.2000
Epoch: 084, Loss: 1.4419, Train Acc: 0.2867, Val Acc: 0.2400
Epoch: 085, Loss: 1.4340, Train Acc: 0.2533, Val Acc: 0.2800
Epoch: 086, Loss: 1.4050, Train Acc: 0.2467, Val Acc: 0.2800
Epoch: 087, Loss: 1.4187, Train Acc: 0.2000, Val Acc: 0.2400
Epoch: 088, Loss: 1.4387, Train Acc: 0.2467, Val Acc: 0.2800
Epoch: 089, Loss: 1.3564, Train Acc: 0.2400, Val Acc: 0.2800
Epoch: 090, Loss: 1.4250, Train Acc: 0.2800, Val Acc: 0.2400
Epoch: 091, Loss: 1.4166, Train Acc: 0.2667, Val Acc: 0.2400
Epoch: 092, Loss: 1.3773, Train Acc: 0.2467, Val Acc: 0.1600
Epoch: 093, Loss: 1.4403, Train Acc: 0.2733, Val Acc: 0.2400
Epoch: 094, Loss: 1.3560, Train Acc: 0.2600, Val Acc: 0.2400
Epoch: 095, Loss: 1.4373, Train Acc: 0.2733, Val Acc: 0.2800
Epoch: 096, Loss: 1.3574, Train Acc: 0.2000, Val Acc: 0.2800
Epoch: 097, Loss: 1.3985, Train Acc: 0.2667, Val Acc: 0.2800
Epoch: 098, Loss: 1.3384, Train Acc: 0.2533, Val Acc: 0.2400
Epoch: 099, Loss: 1.4667, Train Acc: 0.2600, Val Acc: 0.2800
Epoch: 100, Loss: 1.3605, Train Acc: 0.2733, Val Acc: 0.1200
Epoch: 101, Loss: 1.3511, Train Acc: 0.2733, Val Acc: 0.2000
Epoch: 102, Loss: 1.3520, Train Acc: 0.2467, Val Acc: 0.2800
Epoch: 103, Loss: 1.3911, Train Acc: 0.2867, Val Acc: 0.2800
Epoch: 104, Loss: 1.4519, Train Acc: 0.2333, Val Acc: 0.2800
Epoch: 105, Loss: 1.4463, Train Acc: 0.3067, Val Acc: 0.2400
Epoch: 106, Loss: 1.3763, Train Acc: 0.2667, Val Acc: 0.2400
Epoch: 107, Loss: 1.3667, Train Acc: 0.2267, Val Acc: 0.2400
Epoch: 108, Loss: 1.3883, Train Acc: 0.2467, Val Acc: 0.2400
Epoch: 109, Loss: 1.3969, Train Acc: 0.2800, Val Acc: 0.2400
Epoch: 110, Loss: 1.3848, Train Acc: 0.2600, Val Acc: 0.2800
Epoch: 111, Loss: 1.3538, Train Acc: 0.2400, Val Acc: 0.2400
Epoch: 112, Loss: 1.3790, Train Acc: 0.2200, Val Acc: 0.2800
Epoch: 113, Loss: 1.3466, Train Acc: 0.2933, Val Acc: 0.2000
Epoch: 114, Loss: 1.4465, Train Acc: 0.2533, Val Acc: 0.3200
Epoch: 115, Loss: 1.3861, Train Acc: 0.2200, Val Acc: 0.2800
Epoch: 116, Loss: 1.3790, Train Acc: 0.2800, Val Acc: 0.1600
Epoch: 117, Loss: 1.4433, Train Acc: 0.2133, Val Acc: 0.3200
Epoch: 118, Loss: 1.3829, Train Acc: 0.2733, Val Acc: 0.2800
Epoch: 119, Loss: 1.4390, Train Acc: 0.2200, Val Acc: 0.2800
Epoch: 120, Loss: 1.4086, Train Acc: 0.2467, Val Acc: 0.2400
Epoch: 121, Loss: 1.3835, Train Acc: 0.2733, Val Acc: 0.1600
Epoch: 122, Loss: 1.4233, Train Acc: 0.3000, Val Acc: 0.3200
Epoch: 123, Loss: 1.4166, Train Acc: 0.2867, Val Acc: 0.2800
Epoch: 124, Loss: 1.4094, Train Acc: 0.2600, Val Acc: 0.1600
Epoch: 125, Loss: 1.3629, Train Acc: 0.2600, Val Acc: 0.2400
Epoch: 126, Loss: 1.4037, Train Acc: 0.2533, Val Acc: 0.2400
Epoch: 127, Loss: 1.4422, Train Acc: 0.2933, Val Acc: 0.2800
Epoch: 128, Loss: 1.4388, Train Acc: 0.2933, Val Acc: 0.2400
Epoch: 129, Loss: 1.4311, Train Acc: 0.2533, Val Acc: 0.2800
Epoch: 130, Loss: 1.3929, Train Acc: 0.2467, Val Acc: 0.2000
Epoch: 131, Loss: 1.4098, Train Acc: 0.2533, Val Acc: 0.2800
Epoch: 132, Loss: 1.3694, Train Acc: 0.2733, Val Acc: 0.2400
Epoch: 133, Loss: 1.3813, Train Acc: 0.2600, Val Acc: 0.1600
Epoch: 134, Loss: 1.3796, Train Acc: 0.2200, Val Acc: 0.2400
Epoch: 135, Loss: 1.3252, Train Acc: 0.2800, Val Acc: 0.2800
Epoch: 136, Loss: 1.3724, Train Acc: 0.2800, Val Acc: 0.2800
Epoch: 137, Loss: 1.4043, Train Acc: 0.2867, Val Acc: 0.2400
Epoch: 138, Loss: 1.4170, Train Acc: 0.2467, Val Acc: 0.2400
Epoch: 139, Loss: 1.4446, Train Acc: 0.2467, Val Acc: 0.2800
Epoch: 140, Loss: 1.3805, Train Acc: 0.2733, Val Acc: 0.2800
Epoch: 141, Loss: 1.4336, Train Acc: 0.2933, Val Acc: 0.2800
Epoch: 142, Loss: 1.4384, Train Acc: 0.2333, Val Acc: 0.2800
Epoch: 143, Loss: 1.4084, Train Acc: 0.2800, Val Acc: 0.2400
Epoch: 144, Loss: 1.3781, Train Acc: 0.2600, Val Acc: 0.2400
Epoch: 145, Loss: 1.3646, Train Acc: 0.2667, Val Acc: 0.2800
Epoch: 146, Loss: 1.3253, Train Acc: 0.2400, Val Acc: 0.2400
Epoch: 147, Loss: 1.3966, Train Acc: 0.2467, Val Acc: 0.2800
Epoch: 148, Loss: 1.3939, Train Acc: 0.2800, Val Acc: 0.2800
Epoch: 149, Loss: 1.4431, Train Acc: 0.2733, Val Acc: 0.2800
Epoch: 150, Loss: 1.3654, Train Acc: 0.2533, Val Acc: 0.2400
Epoch: 151, Loss: 1.4340, Train Acc: 0.2800, Val Acc: 0.2400
Epoch: 152, Loss: 1.3810, Train Acc: 0.2733, Val Acc: 0.2400
Epoch: 153, Loss: 1.3365, Train Acc: 0.2600, Val Acc: 0.2000
Epoch: 154, Loss: 1.4316, Train Acc: 0.2600, Val Acc: 0.2800
Epoch: 155, Loss: 1.4074, Train Acc: 0.3067, Val Acc: 0.2800
Epoch: 156, Loss: 1.3697, Train Acc: 0.2600, Val Acc: 0.4000
Epoch: 157, Loss: 1.4064, Train Acc: 0.2667, Val Acc: 0.2400
Epoch: 158, Loss: 1.4033, Train Acc: 0.2867, Val Acc: 0.2400
Epoch: 159, Loss: 1.2997, Train Acc: 0.2733, Val Acc: 0.2000
Epoch: 160, Loss: 1.4654, Train Acc: 0.2733, Val Acc: 0.2400
Epoch: 161, Loss: 1.3981, Train Acc: 0.2733, Val Acc: 0.2800
Epoch: 162, Loss: 1.3370, Train Acc: 0.2800, Val Acc: 0.2800
Epoch: 163, Loss: 1.4055, Train Acc: 0.3000, Val Acc: 0.1600
Epoch: 164, Loss: 1.4475, Train Acc: 0.2933, Val Acc: 0.2400
Epoch: 165, Loss: 1.3908, Train Acc: 0.2667, Val Acc: 0.2800
Epoch: 166, Loss: 1.3679, Train Acc: 0.2467, Val Acc: 0.2000
Epoch: 167, Loss: 1.3839, Train Acc: 0.2933, Val Acc: 0.2800
Epoch: 168, Loss: 1.3750, Train Acc: 0.3000, Val Acc: 0.1600
Epoch: 169, Loss: 0.1553, Train Acc: 0.2933, Val Acc: 0.2400
Epoch: 170, Loss: 1.3816, Train Acc: 0.3200, Val Acc: 0.2800
Epoch: 171, Loss: 1.3886, Train Acc: 0.2333, Val Acc: 0.2800
Epoch: 172, Loss: 1.4402, Train Acc: 0.2800, Val Acc: 0.2800
Epoch: 173, Loss: 1.4317, Train Acc: 0.2533, Val Acc: 0.2400
Epoch: 174, Loss: 1.3794, Train Acc: 0.2933, Val Acc: 0.2800
Epoch: 175, Loss: 1.4513, Train Acc: 0.2667, Val Acc: 0.3200
Epoch: 176, Loss: 1.3465, Train Acc: 0.2533, Val Acc: 0.2000
Epoch: 177, Loss: 1.3467, Train Acc: 0.2867, Val Acc: 0.2000
Epoch: 178, Loss: 1.4292, Train Acc: 0.2733, Val Acc: 0.4000
Epoch: 179, Loss: 1.3493, Train Acc: 0.3333, Val Acc: 0.2800
Epoch: 180, Loss: 1.4038, Train Acc: 0.2733, Val Acc: 0.2000
Epoch: 181, Loss: 1.3536, Train Acc: 0.3000, Val Acc: 0.2800
Epoch: 182, Loss: 1.4358, Train Acc: 0.2467, Val Acc: 0.1600
Epoch: 183, Loss: 1.4248, Train Acc: 0.2733, Val Acc: 0.2000
Epoch: 184, Loss: 1.4397, Train Acc: 0.2200, Val Acc: 0.1200
Epoch: 185, Loss: 1.4256, Train Acc: 0.3200, Val Acc: 0.2400
Epoch: 186, Loss: 1.4112, Train Acc: 0.2733, Val Acc: 0.2400
Epoch: 187, Loss: 1.4164, Train Acc: 0.2800, Val Acc: 0.3600
Epoch: 188, Loss: 1.3945, Train Acc: 0.2800, Val Acc: 0.2400
Epoch: 189, Loss: 1.4131, Train Acc: 0.2867, Val Acc: 0.2800
Epoch: 190, Loss: 1.3627, Train Acc: 0.2600, Val Acc: 0.2000
Epoch: 191, Loss: 1.3203, Train Acc: 0.2933, Val Acc: 0.2400
Epoch: 192, Loss: 1.4240, Train Acc: 0.2533, Val Acc: 0.2400
Epoch: 193, Loss: 1.3697, Train Acc: 0.2933, Val Acc: 0.1600
Epoch: 194, Loss: 1.3627, Train Acc: 0.2867, Val Acc: 0.0800
Epoch: 195, Loss: 1.4069, Train Acc: 0.2533, Val Acc: 0.2800
Epoch: 196, Loss: 1.3689, Train Acc: 0.2667, Val Acc: 0.2800
Epoch: 197, Loss: 1.3799, Train Acc: 0.2933, Val Acc: 0.1600
Epoch: 198, Loss: 1.4178, Train Acc: 0.2533, Val Acc: 0.2400
Epoch: 199, Loss: 1.4033, Train Acc: 0.2667, Val Acc: 0.2800
Split 3 evaluatation: Acc: 0.3600, Precision: 0.3600, Recall: 0.3600, F1 : 0.3600

Average Evaluation Metrics: Acc 0.3100, Precision: 0.3100, Recall: 0.3100, F1: 0.3100
