MOFED version '4.9-2.2.6' not available in this container.
No matching alternate version found.
STGCN(
  (initial_stconv): st_gcn(
    (gcn): GCNConv(512, 512)
    (tcn): Sequential(
      (0): BatchNorm1d(128, eps=1e-05, momentum=0.1, affine=True, track_running_stats=True)
      (1): ReLU(inplace=True)
      (2): Conv1d(128, 128, kernel_size=(5,), stride=(1,), padding=(2,))
      (3): BatchNorm1d(128, eps=1e-05, momentum=0.1, affine=True, track_running_stats=True)
      (4): Dropout(p=0, inplace=True)
    )
    (relu): ReLU(inplace=True)
  )
  (stconv1): st_gcn(
    (gcn): GCNConv(512, 512)
    (tcn): Sequential(
      (0): BatchNorm1d(128, eps=1e-05, momentum=0.1, affine=True, track_running_stats=True)
      (1): ReLU(inplace=True)
      (2): Conv1d(128, 128, kernel_size=(5,), stride=(1,), padding=(2,))
      (3): BatchNorm1d(128, eps=1e-05, momentum=0.1, affine=True, track_running_stats=True)
      (4): Dropout(p=0, inplace=True)
    )
    (relu): ReLU(inplace=True)
  )
  (stconv2): st_gcn(
    (gcn): GCNConv(512, 512)
    (tcn): Sequential(
      (0): BatchNorm1d(128, eps=1e-05, momentum=0.1, affine=True, track_running_stats=True)
      (1): ReLU(inplace=True)
      (2): Conv1d(128, 128, kernel_size=(5,), stride=(1,), padding=(2,))
      (3): BatchNorm1d(128, eps=1e-05, momentum=0.1, affine=True, track_running_stats=True)
      (4): Dropout(p=0, inplace=True)
    )
    (relu): ReLU(inplace=True)
  )
  (stconv3): st_gcn(
    (gcn): GCNConv(512, 512)
    (tcn): Sequential(
      (0): BatchNorm1d(128, eps=1e-05, momentum=0.1, affine=True, track_running_stats=True)
      (1): ReLU(inplace=True)
      (2): Conv1d(128, 128, kernel_size=(5,), stride=(1,), padding=(2,))
      (3): BatchNorm1d(128, eps=1e-05, momentum=0.1, affine=True, track_running_stats=True)
      (4): Dropout(p=0, inplace=True)
    )
    (relu): ReLU(inplace=True)
  )
  (stconv4): st_gcn(
    (gcn): GCNConv(512, 512)
    (tcn): Sequential(
      (0): BatchNorm1d(128, eps=1e-05, momentum=0.1, affine=True, track_running_stats=True)
      (1): ReLU(inplace=True)
      (2): Conv1d(128, 128, kernel_size=(5,), stride=(1,), padding=(2,))
      (3): BatchNorm1d(128, eps=1e-05, momentum=0.1, affine=True, track_running_stats=True)
      (4): Dropout(p=0, inplace=True)
    )
    (relu): ReLU(inplace=True)
  )
  (stconv5): st_gcn(
    (gcn): GCNConv(512, 512)
    (tcn): Sequential(
      (0): BatchNorm1d(128, eps=1e-05, momentum=0.1, affine=True, track_running_stats=True)
      (1): ReLU(inplace=True)
      (2): Conv1d(128, 128, kernel_size=(5,), stride=(1,), padding=(2,))
      (3): BatchNorm1d(128, eps=1e-05, momentum=0.1, affine=True, track_running_stats=True)
      (4): Dropout(p=0, inplace=True)
    )
    (relu): ReLU(inplace=True)
  )
  (stconv6): st_gcn(
    (gcn): GCNConv(512, 512)
    (tcn): Sequential(
      (0): BatchNorm1d(128, eps=1e-05, momentum=0.1, affine=True, track_running_stats=True)
      (1): ReLU(inplace=True)
      (2): Conv1d(128, 128, kernel_size=(5,), stride=(1,), padding=(2,))
      (3): BatchNorm1d(128, eps=1e-05, momentum=0.1, affine=True, track_running_stats=True)
      (4): Dropout(p=0, inplace=True)
    )
    (relu): ReLU(inplace=True)
  )
  (stconv7): st_gcn(
    (gcn): GCNConv(512, 512)
    (tcn): Sequential(
      (0): BatchNorm1d(128, eps=1e-05, momentum=0.1, affine=True, track_running_stats=True)
      (1): ReLU(inplace=True)
      (2): Conv1d(128, 128, kernel_size=(5,), stride=(1,), padding=(2,))
      (3): BatchNorm1d(128, eps=1e-05, momentum=0.1, affine=True, track_running_stats=True)
      (4): Dropout(p=0, inplace=True)
    )
    (relu): ReLU(inplace=True)
  )
  (out): Linear(512, 4, bias=True)
)
Number of parameters:  2763780

Epoch: 000, Loss: 1.4069, Train Acc: 0.2333, Val Acc: 0.2400
Epoch: 001, Loss: 1.4002, Train Acc: 0.2533, Val Acc: 0.2800
Epoch: 002, Loss: 1.4306, Train Acc: 0.2000, Val Acc: 0.2400
Epoch: 003, Loss: 1.4250, Train Acc: 0.2267, Val Acc: 0.2400
Epoch: 004, Loss: 1.3608, Train Acc: 0.2000, Val Acc: 0.2400
Epoch: 005, Loss: 1.3541, Train Acc: 0.2267, Val Acc: 0.2400
Epoch: 006, Loss: 1.3945, Train Acc: 0.1600, Val Acc: 0.2400
Epoch: 007, Loss: 1.4038, Train Acc: 0.1600, Val Acc: 0.2400
Epoch: 008, Loss: 1.4210, Train Acc: 0.2600, Val Acc: 0.2400
Epoch: 009, Loss: 1.4109, Train Acc: 0.2000, Val Acc: 0.2400
Epoch: 010, Loss: 1.3768, Train Acc: 0.2333, Val Acc: 0.2400
Epoch: 011, Loss: 1.4063, Train Acc: 0.2133, Val Acc: 0.2400
Epoch: 012, Loss: 1.4197, Train Acc: 0.2200, Val Acc: 0.2400
Epoch: 013, Loss: 1.4120, Train Acc: 0.2333, Val Acc: 0.2800
Epoch: 014, Loss: 1.3991, Train Acc: 0.2333, Val Acc: 0.2400
Epoch: 015, Loss: 1.4359, Train Acc: 0.2400, Val Acc: 0.2400
Epoch: 016, Loss: 1.3711, Train Acc: 0.1933, Val Acc: 0.2400
Epoch: 017, Loss: 1.3918, Train Acc: 0.2133, Val Acc: 0.2400
Epoch: 018, Loss: 1.4271, Train Acc: 0.2467, Val Acc: 0.2400
Epoch: 019, Loss: 1.3768, Train Acc: 0.2067, Val Acc: 0.2800
Epoch: 020, Loss: 1.3974, Train Acc: 0.2200, Val Acc: 0.2400
Epoch: 021, Loss: 1.3970, Train Acc: 0.2133, Val Acc: 0.2400
Epoch: 022, Loss: 1.3964, Train Acc: 0.2467, Val Acc: 0.2400
Epoch: 023, Loss: 1.3584, Train Acc: 0.2267, Val Acc: 0.2400
Epoch: 024, Loss: 1.3909, Train Acc: 0.2133, Val Acc: 0.2400
Epoch: 025, Loss: 1.3714, Train Acc: 0.2267, Val Acc: 0.1600
Epoch: 026, Loss: 1.4031, Train Acc: 0.2133, Val Acc: 0.2400
Epoch: 027, Loss: 1.4172, Train Acc: 0.2333, Val Acc: 0.2400
Epoch: 028, Loss: 1.3997, Train Acc: 0.2467, Val Acc: 0.2400
Epoch: 029, Loss: 1.3817, Train Acc: 0.2333, Val Acc: 0.1600
Epoch: 030, Loss: 1.4259, Train Acc: 0.2667, Val Acc: 0.1600
Epoch: 031, Loss: 1.3893, Train Acc: 0.1933, Val Acc: 0.2400
Epoch: 032, Loss: 1.3643, Train Acc: 0.2200, Val Acc: 0.2400
Epoch: 033, Loss: 1.3327, Train Acc: 0.2267, Val Acc: 0.2400
Epoch: 034, Loss: 1.3829, Train Acc: 0.2400, Val Acc: 0.2400
Epoch: 035, Loss: 1.4384, Train Acc: 0.2267, Val Acc: 0.2800
Epoch: 036, Loss: 1.4469, Train Acc: 0.2333, Val Acc: 0.2400
Epoch: 037, Loss: 1.3960, Train Acc: 0.2867, Val Acc: 0.2400
Epoch: 038, Loss: 0.6950, Train Acc: 0.2333, Val Acc: 0.2000
Epoch: 039, Loss: 1.3835, Train Acc: 0.2533, Val Acc: 0.2400
Epoch: 040, Loss: 1.4180, Train Acc: 0.2133, Val Acc: 0.2400
Epoch: 041, Loss: 1.3986, Train Acc: 0.2733, Val Acc: 0.2400
Epoch: 042, Loss: 1.3904, Train Acc: 0.2333, Val Acc: 0.2400
Epoch: 043, Loss: 1.3576, Train Acc: 0.1933, Val Acc: 0.2800
Epoch: 044, Loss: 1.3895, Train Acc: 0.2267, Val Acc: 0.2400
Epoch: 045, Loss: 1.3542, Train Acc: 0.2200, Val Acc: 0.2400
Epoch: 046, Loss: 1.3689, Train Acc: 0.2667, Val Acc: 0.2400
Epoch: 047, Loss: 1.3636, Train Acc: 0.2867, Val Acc: 0.2800
Epoch: 048, Loss: 1.4115, Train Acc: 0.2400, Val Acc: 0.2800
Epoch: 049, Loss: 1.3717, Train Acc: 0.2667, Val Acc: 0.2000
Epoch: 050, Loss: 1.4439, Train Acc: 0.1867, Val Acc: 0.2400
Epoch: 051, Loss: 1.3681, Train Acc: 0.2400, Val Acc: 0.3200
Epoch: 052, Loss: 1.4067, Train Acc: 0.2200, Val Acc: 0.2000
Epoch: 053, Loss: 1.3706, Train Acc: 0.2133, Val Acc: 0.2400
Epoch: 054, Loss: 1.3214, Train Acc: 0.2733, Val Acc: 0.2800
Epoch: 055, Loss: 1.4108, Train Acc: 0.2200, Val Acc: 0.2400
Epoch: 056, Loss: 1.3622, Train Acc: 0.2067, Val Acc: 0.2400
Epoch: 057, Loss: 1.4827, Train Acc: 0.2600, Val Acc: 0.2400
Epoch: 058, Loss: 1.4355, Train Acc: 0.2467, Val Acc: 0.2400
Epoch: 059, Loss: 1.3808, Train Acc: 0.2800, Val Acc: 0.2400
Epoch: 060, Loss: 1.4061, Train Acc: 0.2467, Val Acc: 0.2400
Epoch: 061, Loss: 1.3898, Train Acc: 0.2533, Val Acc: 0.2400
Epoch: 062, Loss: 1.4108, Train Acc: 0.2733, Val Acc: 0.2400
Epoch: 063, Loss: 1.3717, Train Acc: 0.2533, Val Acc: 0.2400
Epoch: 064, Loss: 1.3820, Train Acc: 0.2200, Val Acc: 0.2400
Epoch: 065, Loss: 1.4386, Train Acc: 0.2467, Val Acc: 0.2400
Epoch: 066, Loss: 1.3778, Train Acc: 0.2600, Val Acc: 0.2400
Epoch: 067, Loss: 1.3800, Train Acc: 0.2200, Val Acc: 0.2000
Epoch: 068, Loss: 1.3903, Train Acc: 0.2533, Val Acc: 0.2000
Epoch: 069, Loss: 1.4016, Train Acc: 0.2800, Val Acc: 0.2400
Epoch: 070, Loss: 1.3947, Train Acc: 0.2400, Val Acc: 0.2400
Epoch: 071, Loss: 1.3832, Train Acc: 0.2133, Val Acc: 0.2800
Epoch: 072, Loss: 1.3810, Train Acc: 0.2600, Val Acc: 0.3200
Epoch: 073, Loss: 1.4296, Train Acc: 0.2400, Val Acc: 0.2400
Epoch: 074, Loss: 1.3880, Train Acc: 0.2400, Val Acc: 0.2800
Epoch: 075, Loss: 1.4337, Train Acc: 0.2200, Val Acc: 0.2400
Epoch: 076, Loss: 1.3928, Train Acc: 0.2400, Val Acc: 0.2400
Epoch: 077, Loss: 1.4095, Train Acc: 0.2867, Val Acc: 0.2000
Epoch: 078, Loss: 1.3910, Train Acc: 0.2667, Val Acc: 0.2400
Epoch: 079, Loss: 1.4114, Train Acc: 0.2600, Val Acc: 0.2400
Epoch: 080, Loss: 1.3766, Train Acc: 0.2267, Val Acc: 0.2400
Epoch: 081, Loss: 1.4106, Train Acc: 0.2133, Val Acc: 0.2400
Epoch: 082, Loss: 1.4220, Train Acc: 0.2533, Val Acc: 0.2000
Epoch: 083, Loss: 1.3968, Train Acc: 0.2333, Val Acc: 0.2400
Epoch: 084, Loss: 1.4298, Train Acc: 0.2333, Val Acc: 0.2400
Epoch: 085, Loss: 1.4387, Train Acc: 0.2467, Val Acc: 0.2400
Epoch: 086, Loss: 1.3643, Train Acc: 0.2267, Val Acc: 0.2400
Epoch: 087, Loss: 1.4224, Train Acc: 0.2400, Val Acc: 0.2400
Epoch: 088, Loss: 1.4004, Train Acc: 0.2600, Val Acc: 0.2400
Epoch: 089, Loss: 1.4032, Train Acc: 0.2533, Val Acc: 0.2400
Epoch: 090, Loss: 1.3379, Train Acc: 0.2400, Val Acc: 0.2400
Epoch: 091, Loss: 1.3638, Train Acc: 0.2800, Val Acc: 0.2800
Epoch: 092, Loss: 1.3209, Train Acc: 0.2667, Val Acc: 0.2400
Epoch: 093, Loss: 1.4171, Train Acc: 0.2533, Val Acc: 0.2400
Epoch: 094, Loss: 1.4015, Train Acc: 0.2600, Val Acc: 0.2800
Epoch: 095, Loss: 1.3276, Train Acc: 0.2400, Val Acc: 0.2400
Epoch: 096, Loss: 1.4227, Train Acc: 0.2133, Val Acc: 0.2400
Epoch: 097, Loss: 1.3790, Train Acc: 0.2733, Val Acc: 0.2800
Epoch: 098, Loss: 1.3772, Train Acc: 0.2867, Val Acc: 0.2400
Epoch: 099, Loss: 1.3773, Train Acc: 0.2467, Val Acc: 0.2400
Epoch: 100, Loss: 1.3588, Train Acc: 0.2333, Val Acc: 0.1600
Epoch: 101, Loss: 1.4328, Train Acc: 0.2333, Val Acc: 0.2400
Epoch: 102, Loss: 1.3653, Train Acc: 0.2533, Val Acc: 0.2000
Epoch: 103, Loss: 1.3668, Train Acc: 0.2600, Val Acc: 0.2400
Epoch: 104, Loss: 1.3853, Train Acc: 0.2467, Val Acc: 0.3200
Epoch: 105, Loss: 1.3914, Train Acc: 0.2333, Val Acc: 0.2400
Epoch: 106, Loss: 1.3233, Train Acc: 0.2200, Val Acc: 0.2400
Epoch: 107, Loss: 1.4097, Train Acc: 0.2733, Val Acc: 0.2400
Epoch: 108, Loss: 1.4148, Train Acc: 0.2400, Val Acc: 0.2400
Epoch: 109, Loss: 1.4390, Train Acc: 0.2467, Val Acc: 0.2800
Epoch: 110, Loss: 1.3666, Train Acc: 0.2267, Val Acc: 0.2800
Epoch: 111, Loss: 1.4233, Train Acc: 0.2200, Val Acc: 0.2400
Epoch: 112, Loss: 1.3589, Train Acc: 0.2800, Val Acc: 0.2400
Epoch: 113, Loss: 1.4000, Train Acc: 0.2533, Val Acc: 0.2400
Epoch: 114, Loss: 1.3450, Train Acc: 0.2467, Val Acc: 0.2400
Epoch: 115, Loss: 1.3641, Train Acc: 0.2267, Val Acc: 0.2400
Epoch: 116, Loss: 1.4024, Train Acc: 0.2067, Val Acc: 0.2000
Epoch: 117, Loss: 1.3414, Train Acc: 0.2733, Val Acc: 0.2400
Epoch: 118, Loss: 1.4587, Train Acc: 0.2933, Val Acc: 0.2400
Epoch: 119, Loss: 1.3707, Train Acc: 0.2000, Val Acc: 0.2400
Epoch: 120, Loss: 1.3541, Train Acc: 0.2867, Val Acc: 0.2400
Epoch: 121, Loss: 1.4307, Train Acc: 0.2467, Val Acc: 0.2400
Epoch: 122, Loss: 0.2111, Train Acc: 0.2200, Val Acc: 0.2400
Epoch: 123, Loss: 1.3203, Train Acc: 0.2733, Val Acc: 0.2400
Epoch: 124, Loss: 1.3547, Train Acc: 0.2533, Val Acc: 0.2400
Epoch: 125, Loss: 1.3337, Train Acc: 0.2467, Val Acc: 0.2400
Epoch: 126, Loss: 1.4073, Train Acc: 0.2333, Val Acc: 0.2400
Epoch: 127, Loss: 1.3965, Train Acc: 0.2533, Val Acc: 0.2400
Epoch: 128, Loss: 1.2291, Train Acc: 0.2733, Val Acc: 0.2400
Epoch: 129, Loss: 1.4030, Train Acc: 0.2400, Val Acc: 0.2400
Epoch: 130, Loss: 1.3700, Train Acc: 0.2600, Val Acc: 0.2400
Epoch: 131, Loss: 1.3916, Train Acc: 0.2867, Val Acc: 0.2800
Epoch: 132, Loss: 1.3803, Train Acc: 0.2600, Val Acc: 0.3200
Epoch: 133, Loss: 1.3608, Train Acc: 0.3133, Val Acc: 0.2400
Epoch: 134, Loss: 1.3958, Train Acc: 0.2467, Val Acc: 0.2400
Epoch: 135, Loss: 1.3815, Train Acc: 0.2333, Val Acc: 0.2400
Epoch: 136, Loss: 1.4189, Train Acc: 0.2867, Val Acc: 0.2400
Epoch: 137, Loss: 1.3768, Train Acc: 0.2333, Val Acc: 0.2400
Epoch: 138, Loss: 1.3776, Train Acc: 0.2733, Val Acc: 0.2400
Epoch: 139, Loss: 1.4123, Train Acc: 0.2467, Val Acc: 0.2400
Epoch: 140, Loss: 1.4346, Train Acc: 0.2667, Val Acc: 0.2400
Epoch: 141, Loss: 1.3509, Train Acc: 0.2800, Val Acc: 0.2800
Epoch: 142, Loss: 1.3563, Train Acc: 0.2867, Val Acc: 0.2400
Epoch: 143, Loss: 1.4031, Train Acc: 0.2933, Val Acc: 0.2400
Epoch: 144, Loss: 1.3739, Train Acc: 0.2067, Val Acc: 0.2800
Epoch: 145, Loss: 1.4458, Train Acc: 0.2867, Val Acc: 0.2400
Epoch: 146, Loss: 1.3516, Train Acc: 0.2800, Val Acc: 0.2400
Epoch: 147, Loss: 1.3474, Train Acc: 0.3133, Val Acc: 0.2400
Epoch: 148, Loss: 1.3595, Train Acc: 0.2533, Val Acc: 0.2000
Epoch: 149, Loss: 1.3482, Train Acc: 0.2733, Val Acc: 0.2400
Epoch: 150, Loss: 1.3115, Train Acc: 0.2733, Val Acc: 0.2400
Epoch: 151, Loss: 1.4156, Train Acc: 0.2667, Val Acc: 0.2400
Epoch: 152, Loss: 1.4303, Train Acc: 0.2667, Val Acc: 0.2400
Epoch: 153, Loss: 1.4152, Train Acc: 0.2667, Val Acc: 0.2400
Epoch: 154, Loss: 1.3648, Train Acc: 0.2533, Val Acc: 0.2400
Epoch: 155, Loss: 1.3955, Train Acc: 0.2733, Val Acc: 0.2400
Epoch: 156, Loss: 1.4411, Train Acc: 0.2667, Val Acc: 0.2400
Epoch: 157, Loss: 1.4067, Train Acc: 0.2600, Val Acc: 0.2400
Epoch: 158, Loss: 1.4122, Train Acc: 0.3000, Val Acc: 0.2800
Epoch: 159, Loss: 1.3645, Train Acc: 0.2800, Val Acc: 0.2400
Epoch: 160, Loss: 1.3759, Train Acc: 0.2733, Val Acc: 0.2400
Epoch: 161, Loss: 1.3561, Train Acc: 0.2867, Val Acc: 0.2400
Epoch: 162, Loss: 1.4391, Train Acc: 0.2467, Val Acc: 0.2800
Epoch: 163, Loss: 1.4532, Train Acc: 0.2933, Val Acc: 0.2400
Epoch: 164, Loss: 1.3606, Train Acc: 0.2400, Val Acc: 0.1600
Epoch: 165, Loss: 1.4106, Train Acc: 0.2800, Val Acc: 0.2400
Epoch: 166, Loss: 1.4320, Train Acc: 0.2467, Val Acc: 0.2000
Epoch: 167, Loss: 1.3004, Train Acc: 0.2600, Val Acc: 0.2400
Epoch: 168, Loss: 1.3800, Train Acc: 0.3200, Val Acc: 0.2000
Epoch: 169, Loss: 1.3862, Train Acc: 0.2400, Val Acc: 0.3200
Epoch: 170, Loss: 1.3577, Train Acc: 0.2933, Val Acc: 0.2400
Epoch: 171, Loss: 1.3553, Train Acc: 0.2933, Val Acc: 0.2400
Epoch: 172, Loss: 1.3636, Train Acc: 0.3067, Val Acc: 0.2400
Epoch: 173, Loss: 1.1267, Train Acc: 0.2933, Val Acc: 0.2800
Epoch: 174, Loss: 1.3810, Train Acc: 0.2667, Val Acc: 0.2800
Epoch: 175, Loss: 1.4331, Train Acc: 0.2867, Val Acc: 0.2400
Epoch: 176, Loss: 1.3912, Train Acc: 0.2267, Val Acc: 0.3200
Epoch: 177, Loss: 1.4120, Train Acc: 0.2800, Val Acc: 0.2400
Epoch: 178, Loss: 1.4051, Train Acc: 0.2600, Val Acc: 0.2400
Epoch: 179, Loss: 1.3047, Train Acc: 0.3000, Val Acc: 0.2400
Epoch: 180, Loss: 1.3924, Train Acc: 0.2400, Val Acc: 0.2400
Epoch: 181, Loss: 1.4295, Train Acc: 0.2867, Val Acc: 0.2400
Epoch: 182, Loss: 1.3502, Train Acc: 0.3067, Val Acc: 0.2400
Epoch: 183, Loss: 1.3590, Train Acc: 0.2933, Val Acc: 0.2800
Epoch: 184, Loss: 0.1281, Train Acc: 0.2400, Val Acc: 0.2400
Epoch: 185, Loss: 1.4270, Train Acc: 0.2467, Val Acc: 0.2400
Epoch: 186, Loss: 1.4042, Train Acc: 0.2800, Val Acc: 0.2400
Epoch: 187, Loss: 1.3635, Train Acc: 0.2933, Val Acc: 0.2800
Epoch: 188, Loss: 1.3909, Train Acc: 0.2800, Val Acc: 0.2400
Epoch: 189, Loss: 1.3731, Train Acc: 0.2933, Val Acc: 0.2400
Epoch: 190, Loss: 1.4104, Train Acc: 0.2800, Val Acc: 0.2400
Epoch: 191, Loss: 1.3542, Train Acc: 0.3200, Val Acc: 0.2400
Epoch: 192, Loss: 1.4463, Train Acc: 0.3267, Val Acc: 0.2400
Epoch: 193, Loss: 1.3983, Train Acc: 0.3133, Val Acc: 0.2400
Epoch: 194, Loss: 1.4214, Train Acc: 0.2933, Val Acc: 0.2800
Epoch: 195, Loss: 1.3901, Train Acc: 0.3067, Val Acc: 0.2400
Epoch: 196, Loss: 1.3215, Train Acc: 0.2733, Val Acc: 0.2400
Epoch: 197, Loss: 1.3829, Train Acc: 0.2533, Val Acc: 0.2400
Epoch: 198, Loss: 1.4160, Train Acc: 0.2667, Val Acc: 0.2400
Epoch: 199, Loss: 1.3940, Train Acc: 0.2667, Val Acc: 0.2000
Split 0 evaluatation: Acc: 0.2800, Precision: 0.2800, Recall: 0.2800, F1 : 0.2800

Epoch: 000, Loss: 1.3876, Train Acc: 0.1533, Val Acc: 0.2400
Epoch: 001, Loss: 1.3807, Train Acc: 0.2067, Val Acc: 0.2400
Epoch: 002, Loss: 1.4488, Train Acc: 0.1733, Val Acc: 0.2400
Epoch: 003, Loss: 1.4155, Train Acc: 0.2600, Val Acc: 0.2400
Epoch: 004, Loss: 1.3990, Train Acc: 0.2267, Val Acc: 0.2400
Epoch: 005, Loss: 1.3758, Train Acc: 0.2400, Val Acc: 0.2400
Epoch: 006, Loss: 1.3277, Train Acc: 0.1933, Val Acc: 0.2400
Epoch: 007, Loss: 1.4166, Train Acc: 0.2200, Val Acc: 0.2400
Epoch: 008, Loss: 1.3961, Train Acc: 0.2400, Val Acc: 0.2000
Epoch: 009, Loss: 1.3804, Train Acc: 0.2533, Val Acc: 0.2400
Epoch: 010, Loss: 1.3783, Train Acc: 0.2400, Val Acc: 0.2400
Epoch: 011, Loss: 1.4211, Train Acc: 0.2333, Val Acc: 0.2400
Epoch: 012, Loss: 1.4419, Train Acc: 0.2267, Val Acc: 0.2400
Epoch: 013, Loss: 1.3991, Train Acc: 0.2133, Val Acc: 0.2400
Epoch: 014, Loss: 1.3742, Train Acc: 0.1867, Val Acc: 0.2400
Epoch: 015, Loss: 1.3604, Train Acc: 0.2267, Val Acc: 0.2400
Epoch: 016, Loss: 1.4178, Train Acc: 0.2133, Val Acc: 0.2400
Epoch: 017, Loss: 1.3909, Train Acc: 0.2400, Val Acc: 0.2400
Epoch: 018, Loss: 1.3727, Train Acc: 0.2467, Val Acc: 0.1600
Epoch: 019, Loss: 1.3781, Train Acc: 0.2533, Val Acc: 0.2000
Epoch: 020, Loss: 1.3824, Train Acc: 0.2667, Val Acc: 0.2000
Epoch: 021, Loss: 1.3709, Train Acc: 0.2267, Val Acc: 0.2400
Epoch: 022, Loss: 1.3645, Train Acc: 0.2067, Val Acc: 0.2400
Epoch: 023, Loss: 1.4531, Train Acc: 0.2400, Val Acc: 0.2800
Epoch: 024, Loss: 1.4042, Train Acc: 0.2733, Val Acc: 0.2400
Epoch: 025, Loss: 1.3643, Train Acc: 0.2267, Val Acc: 0.2000
Epoch: 026, Loss: 1.4298, Train Acc: 0.2000, Val Acc: 0.2000
Epoch: 027, Loss: 1.4114, Train Acc: 0.2400, Val Acc: 0.2400
Epoch: 028, Loss: 1.3888, Train Acc: 0.2133, Val Acc: 0.1200
Epoch: 029, Loss: 1.3999, Train Acc: 0.2067, Val Acc: 0.2400
Epoch: 030, Loss: 1.3661, Train Acc: 0.2333, Val Acc: 0.2000
Epoch: 031, Loss: 1.3396, Train Acc: 0.2467, Val Acc: 0.2400
Epoch: 032, Loss: 1.4193, Train Acc: 0.2667, Val Acc: 0.2400
Epoch: 033, Loss: 1.3581, Train Acc: 0.2467, Val Acc: 0.2400
Epoch: 034, Loss: 1.3982, Train Acc: 0.2267, Val Acc: 0.2800
Epoch: 035, Loss: 1.3800, Train Acc: 0.2467, Val Acc: 0.1200
Epoch: 036, Loss: 1.3996, Train Acc: 0.2467, Val Acc: 0.2400
Epoch: 037, Loss: 1.3823, Train Acc: 0.2467, Val Acc: 0.2000
Epoch: 038, Loss: 1.3955, Train Acc: 0.2200, Val Acc: 0.2400
Epoch: 039, Loss: 1.4134, Train Acc: 0.2133, Val Acc: 0.2400
Epoch: 040, Loss: 1.3932, Train Acc: 0.2333, Val Acc: 0.1600
Epoch: 041, Loss: 1.3753, Train Acc: 0.2533, Val Acc: 0.2400
Epoch: 042, Loss: 1.4167, Train Acc: 0.2267, Val Acc: 0.2400
Epoch: 043, Loss: 1.3931, Train Acc: 0.2733, Val Acc: 0.1600
Epoch: 044, Loss: 1.3780, Train Acc: 0.2600, Val Acc: 0.2800
Epoch: 045, Loss: 1.3185, Train Acc: 0.2800, Val Acc: 0.2400
Epoch: 046, Loss: 1.3382, Train Acc: 0.2533, Val Acc: 0.2400
Epoch: 047, Loss: 1.3674, Train Acc: 0.2800, Val Acc: 0.2000
Epoch: 048, Loss: 1.3727, Train Acc: 0.2533, Val Acc: 0.0400
Epoch: 049, Loss: 1.4018, Train Acc: 0.2200, Val Acc: 0.1600
Epoch: 050, Loss: 1.4215, Train Acc: 0.2600, Val Acc: 0.0800
Epoch: 051, Loss: 1.4485, Train Acc: 0.2600, Val Acc: 0.1600
Epoch: 052, Loss: 1.3792, Train Acc: 0.2667, Val Acc: 0.2000
Epoch: 053, Loss: 1.3868, Train Acc: 0.2067, Val Acc: 0.2400
Epoch: 054, Loss: 1.3469, Train Acc: 0.2267, Val Acc: 0.2400
Epoch: 055, Loss: 1.4057, Train Acc: 0.2333, Val Acc: 0.2800
Epoch: 056, Loss: 1.3598, Train Acc: 0.2533, Val Acc: 0.2400
Epoch: 057, Loss: 1.3648, Train Acc: 0.2933, Val Acc: 0.2000
Epoch: 058, Loss: 1.3833, Train Acc: 0.2800, Val Acc: 0.2400
Epoch: 059, Loss: 1.3852, Train Acc: 0.2667, Val Acc: 0.2400
Epoch: 060, Loss: 1.3925, Train Acc: 0.2267, Val Acc: 0.1600
Epoch: 061, Loss: 1.4026, Train Acc: 0.2867, Val Acc: 0.2800
Epoch: 062, Loss: 1.3473, Train Acc: 0.2333, Val Acc: 0.2400
Epoch: 063, Loss: 1.4212, Train Acc: 0.2733, Val Acc: 0.2400
Epoch: 064, Loss: 1.3990, Train Acc: 0.2533, Val Acc: 0.2400
Epoch: 065, Loss: 1.4108, Train Acc: 0.2867, Val Acc: 0.2000
Epoch: 066, Loss: 1.3682, Train Acc: 0.2400, Val Acc: 0.1200
Epoch: 067, Loss: 1.4004, Train Acc: 0.2667, Val Acc: 0.2400
Epoch: 068, Loss: 1.3681, Train Acc: 0.2200, Val Acc: 0.1600
Epoch: 069, Loss: 1.4178, Train Acc: 0.2533, Val Acc: 0.3200
Epoch: 070, Loss: 1.3912, Train Acc: 0.2200, Val Acc: 0.0400
Epoch: 071, Loss: 1.4022, Train Acc: 0.2467, Val Acc: 0.2400
Epoch: 072, Loss: 1.4422, Train Acc: 0.2067, Val Acc: 0.2000
Epoch: 073, Loss: 1.3822, Train Acc: 0.2467, Val Acc: 0.2000
Epoch: 074, Loss: 1.3654, Train Acc: 0.2400, Val Acc: 0.2400
Epoch: 075, Loss: 1.4275, Train Acc: 0.2733, Val Acc: 0.2400
Epoch: 076, Loss: 1.4017, Train Acc: 0.2467, Val Acc: 0.2400
Epoch: 077, Loss: 1.3980, Train Acc: 0.2933, Val Acc: 0.0400
Epoch: 078, Loss: 1.4192, Train Acc: 0.2467, Val Acc: 0.2000
Epoch: 079, Loss: 1.3594, Train Acc: 0.2667, Val Acc: 0.1600
Epoch: 080, Loss: 1.4169, Train Acc: 0.2133, Val Acc: 0.1600
Epoch: 081, Loss: 1.3978, Train Acc: 0.3000, Val Acc: 0.2400
Epoch: 082, Loss: 1.3943, Train Acc: 0.2400, Val Acc: 0.1600
Epoch: 083, Loss: 1.4142, Train Acc: 0.2333, Val Acc: 0.1200
Epoch: 084, Loss: 0.2136, Train Acc: 0.2733, Val Acc: 0.1200
Epoch: 085, Loss: 1.3967, Train Acc: 0.2600, Val Acc: 0.1200
Epoch: 086, Loss: 1.3956, Train Acc: 0.2800, Val Acc: 0.2000
Epoch: 087, Loss: 1.4364, Train Acc: 0.2533, Val Acc: 0.2400
Epoch: 088, Loss: 1.3720, Train Acc: 0.2267, Val Acc: 0.2400
Epoch: 089, Loss: 1.3793, Train Acc: 0.2400, Val Acc: 0.2400
Epoch: 090, Loss: 1.4144, Train Acc: 0.2867, Val Acc: 0.2000
Epoch: 091, Loss: 1.3913, Train Acc: 0.2200, Val Acc: 0.2000
Epoch: 092, Loss: 1.4032, Train Acc: 0.2467, Val Acc: 0.2800
Epoch: 093, Loss: 1.4367, Train Acc: 0.2333, Val Acc: 0.3200
Epoch: 094, Loss: 1.4011, Train Acc: 0.2667, Val Acc: 0.1600
Epoch: 095, Loss: 1.3696, Train Acc: 0.2533, Val Acc: 0.0800
Epoch: 096, Loss: 1.4240, Train Acc: 0.2667, Val Acc: 0.2400
Epoch: 097, Loss: 1.4074, Train Acc: 0.2400, Val Acc: 0.2400
Epoch: 098, Loss: 1.4345, Train Acc: 0.2933, Val Acc: 0.2400
Epoch: 099, Loss: 1.3646, Train Acc: 0.2533, Val Acc: 0.2400
Epoch: 100, Loss: 1.3756, Train Acc: 0.2667, Val Acc: 0.0000
Epoch: 101, Loss: 1.3946, Train Acc: 0.3000, Val Acc: 0.0800
Epoch: 102, Loss: 1.3468, Train Acc: 0.2333, Val Acc: 0.1200
Epoch: 103, Loss: 1.3418, Train Acc: 0.2600, Val Acc: 0.1200
Epoch: 104, Loss: 1.3909, Train Acc: 0.2333, Val Acc: 0.1600
Epoch: 105, Loss: 1.3898, Train Acc: 0.2200, Val Acc: 0.2800
Epoch: 106, Loss: 1.4178, Train Acc: 0.2333, Val Acc: 0.1200
Epoch: 107, Loss: 1.4366, Train Acc: 0.2533, Val Acc: 0.2400
Epoch: 108, Loss: 1.3998, Train Acc: 0.2800, Val Acc: 0.3200
Epoch: 109, Loss: 1.4498, Train Acc: 0.2333, Val Acc: 0.3200
Epoch: 110, Loss: 1.4368, Train Acc: 0.2733, Val Acc: 0.1600
Epoch: 111, Loss: 1.3904, Train Acc: 0.2600, Val Acc: 0.2400
Epoch: 112, Loss: 1.4118, Train Acc: 0.2400, Val Acc: 0.2400
Epoch: 113, Loss: 1.4054, Train Acc: 0.3133, Val Acc: 0.0800
Epoch: 114, Loss: 1.3790, Train Acc: 0.2867, Val Acc: 0.1600
Epoch: 115, Loss: 1.3885, Train Acc: 0.2867, Val Acc: 0.2800
Epoch: 116, Loss: 1.3730, Train Acc: 0.2733, Val Acc: 0.2800
Epoch: 117, Loss: 1.3702, Train Acc: 0.2533, Val Acc: 0.3600
Epoch: 118, Loss: 1.4239, Train Acc: 0.2267, Val Acc: 0.0800
Epoch: 119, Loss: 1.4125, Train Acc: 0.2867, Val Acc: 0.2400
Epoch: 120, Loss: 1.3795, Train Acc: 0.2667, Val Acc: 0.3200
Epoch: 121, Loss: 1.3491, Train Acc: 0.2467, Val Acc: 0.2400
Epoch: 122, Loss: 1.3691, Train Acc: 0.2800, Val Acc: 0.2000
Epoch: 123, Loss: 1.3478, Train Acc: 0.3133, Val Acc: 0.2800
Epoch: 124, Loss: 1.4127, Train Acc: 0.2733, Val Acc: 0.2400
Epoch: 125, Loss: 1.3717, Train Acc: 0.2533, Val Acc: 0.2800
Epoch: 126, Loss: 1.4033, Train Acc: 0.2600, Val Acc: 0.2400
Epoch: 127, Loss: 1.3799, Train Acc: 0.2867, Val Acc: 0.3600
Epoch: 128, Loss: 1.3577, Train Acc: 0.2933, Val Acc: 0.2400
Epoch: 129, Loss: 1.3944, Train Acc: 0.2600, Val Acc: 0.1200
Epoch: 130, Loss: 1.4114, Train Acc: 0.2667, Val Acc: 0.0400
Epoch: 131, Loss: 1.1652, Train Acc: 0.2600, Val Acc: 0.1200
Epoch: 132, Loss: 1.0702, Train Acc: 0.2333, Val Acc: 0.0800
Epoch: 133, Loss: 1.4061, Train Acc: 0.2533, Val Acc: 0.0800
Epoch: 134, Loss: 1.4129, Train Acc: 0.3067, Val Acc: 0.1600
Epoch: 135, Loss: 1.3785, Train Acc: 0.3067, Val Acc: 0.1200
Epoch: 136, Loss: 1.4408, Train Acc: 0.2333, Val Acc: 0.1200
Epoch: 137, Loss: 1.3992, Train Acc: 0.2933, Val Acc: 0.2400
Epoch: 138, Loss: 1.4664, Train Acc: 0.2733, Val Acc: 0.0800
Epoch: 139, Loss: 1.4096, Train Acc: 0.2333, Val Acc: 0.2000
Epoch: 140, Loss: 1.3595, Train Acc: 0.2733, Val Acc: 0.2400
Epoch: 141, Loss: 1.3869, Train Acc: 0.2400, Val Acc: 0.2400
Epoch: 142, Loss: 1.4128, Train Acc: 0.2600, Val Acc: 0.1200
Epoch: 143, Loss: 1.4023, Train Acc: 0.3000, Val Acc: 0.2400
Epoch: 144, Loss: 1.3999, Train Acc: 0.3067, Val Acc: 0.0800
Epoch: 145, Loss: 1.4129, Train Acc: 0.2200, Val Acc: 0.1600
Epoch: 146, Loss: 1.3704, Train Acc: 0.2800, Val Acc: 0.1200
Epoch: 147, Loss: 1.4375, Train Acc: 0.2800, Val Acc: 0.2800
Epoch: 148, Loss: 1.3785, Train Acc: 0.3000, Val Acc: 0.3200
Epoch: 149, Loss: 1.3820, Train Acc: 0.2933, Val Acc: 0.2400
Epoch: 150, Loss: 1.4353, Train Acc: 0.2800, Val Acc: 0.2000
Epoch: 151, Loss: 1.4688, Train Acc: 0.2933, Val Acc: 0.4000
Epoch: 152, Loss: 1.3973, Train Acc: 0.2600, Val Acc: 0.1600
Epoch: 153, Loss: 1.3851, Train Acc: 0.2733, Val Acc: 0.2400
Epoch: 154, Loss: 1.3765, Train Acc: 0.2267, Val Acc: 0.1200
Epoch: 155, Loss: 1.4398, Train Acc: 0.2733, Val Acc: 0.2400
Epoch: 156, Loss: 1.3702, Train Acc: 0.2733, Val Acc: 0.2000
Epoch: 157, Loss: 1.4070, Train Acc: 0.2333, Val Acc: 0.0800
Epoch: 158, Loss: 1.3861, Train Acc: 0.2867, Val Acc: 0.2800
Epoch: 159, Loss: 1.4308, Train Acc: 0.3000, Val Acc: 0.2400
Epoch: 160, Loss: 1.0688, Train Acc: 0.2867, Val Acc: 0.2400
Epoch: 161, Loss: 1.3853, Train Acc: 0.2733, Val Acc: 0.2400
Epoch: 162, Loss: 1.3813, Train Acc: 0.2600, Val Acc: 0.2800
Epoch: 163, Loss: 1.4724, Train Acc: 0.2667, Val Acc: 0.3600
Epoch: 164, Loss: 1.3887, Train Acc: 0.2600, Val Acc: 0.2400
Epoch: 165, Loss: 1.3867, Train Acc: 0.2600, Val Acc: 0.2400
Epoch: 166, Loss: 1.4574, Train Acc: 0.2867, Val Acc: 0.2800
Epoch: 167, Loss: 1.4167, Train Acc: 0.2733, Val Acc: 0.2800
Epoch: 168, Loss: 1.3635, Train Acc: 0.2867, Val Acc: 0.3200
Epoch: 169, Loss: 1.3656, Train Acc: 0.3000, Val Acc: 0.1600
Epoch: 170, Loss: 1.3764, Train Acc: 0.3000, Val Acc: 0.0800
Epoch: 171, Loss: 1.4505, Train Acc: 0.2533, Val Acc: 0.3200
Epoch: 172, Loss: 1.3817, Train Acc: 0.3133, Val Acc: 0.2400
Epoch: 173, Loss: 1.4333, Train Acc: 0.2533, Val Acc: 0.2800
Epoch: 174, Loss: 1.4055, Train Acc: 0.2733, Val Acc: 0.3200
Epoch: 175, Loss: 1.3455, Train Acc: 0.2467, Val Acc: 0.2800
Epoch: 176, Loss: 1.3458, Train Acc: 0.2800, Val Acc: 0.2400
Epoch: 177, Loss: 1.3347, Train Acc: 0.2467, Val Acc: 0.2800
Epoch: 178, Loss: 1.3948, Train Acc: 0.3000, Val Acc: 0.3200
Epoch: 179, Loss: 1.4110, Train Acc: 0.2867, Val Acc: 0.2400
Epoch: 180, Loss: 1.4036, Train Acc: 0.2800, Val Acc: 0.0800
Epoch: 181, Loss: 1.3926, Train Acc: 0.2933, Val Acc: 0.1200
Epoch: 182, Loss: 1.4247, Train Acc: 0.2867, Val Acc: 0.1200
Epoch: 183, Loss: 1.3966, Train Acc: 0.3000, Val Acc: 0.2000
Epoch: 184, Loss: 1.3778, Train Acc: 0.2933, Val Acc: 0.3600
Epoch: 185, Loss: 1.3599, Train Acc: 0.2600, Val Acc: 0.1200
Epoch: 186, Loss: 1.4088, Train Acc: 0.2800, Val Acc: 0.1200
Epoch: 187, Loss: 1.3983, Train Acc: 0.3000, Val Acc: 0.2400
Epoch: 188, Loss: 1.4073, Train Acc: 0.3000, Val Acc: 0.2800
Epoch: 189, Loss: 1.4256, Train Acc: 0.2867, Val Acc: 0.2800
Epoch: 190, Loss: 1.3782, Train Acc: 0.2867, Val Acc: 0.2000
Epoch: 191, Loss: 1.4400, Train Acc: 0.3000, Val Acc: 0.2400
Epoch: 192, Loss: 1.4101, Train Acc: 0.2467, Val Acc: 0.2800
Epoch: 193, Loss: 1.3963, Train Acc: 0.3000, Val Acc: 0.2400
Epoch: 194, Loss: 1.4145, Train Acc: 0.2867, Val Acc: 0.2400
Epoch: 195, Loss: 1.3730, Train Acc: 0.2867, Val Acc: 0.1200
Epoch: 196, Loss: 1.3858, Train Acc: 0.2667, Val Acc: 0.2400
Epoch: 197, Loss: 1.3913, Train Acc: 0.2933, Val Acc: 0.2800
Epoch: 198, Loss: 1.4285, Train Acc: 0.2800, Val Acc: 0.2800
Epoch: 199, Loss: 1.3853, Train Acc: 0.2667, Val Acc: 0.2800
Split 1 evaluatation: Acc: 0.3200, Precision: 0.3200, Recall: 0.3200, F1 : 0.3200

Epoch: 000, Loss: 1.4142, Train Acc: 0.2000, Val Acc: 0.2400
Epoch: 001, Loss: 1.4239, Train Acc: 0.1733, Val Acc: 0.2400
Epoch: 002, Loss: 1.3694, Train Acc: 0.2533, Val Acc: 0.2400
Epoch: 003, Loss: 1.4201, Train Acc: 0.2333, Val Acc: 0.2800
Epoch: 004, Loss: 1.4140, Train Acc: 0.1933, Val Acc: 0.2400
Epoch: 005, Loss: 1.4075, Train Acc: 0.2333, Val Acc: 0.2400
Epoch: 006, Loss: 1.3959, Train Acc: 0.2267, Val Acc: 0.2400
Epoch: 007, Loss: 1.3923, Train Acc: 0.2000, Val Acc: 0.2400
Epoch: 008, Loss: 1.3976, Train Acc: 0.2200, Val Acc: 0.2400
Epoch: 009, Loss: 1.4140, Train Acc: 0.2467, Val Acc: 0.2800
Epoch: 010, Loss: 1.3984, Train Acc: 0.2467, Val Acc: 0.2400
Epoch: 011, Loss: 1.4245, Train Acc: 0.1733, Val Acc: 0.2400
Epoch: 012, Loss: 1.3780, Train Acc: 0.2267, Val Acc: 0.2000
Epoch: 013, Loss: 1.3734, Train Acc: 0.2267, Val Acc: 0.2800
Epoch: 014, Loss: 1.3529, Train Acc: 0.2200, Val Acc: 0.2400
Epoch: 015, Loss: 1.4161, Train Acc: 0.2667, Val Acc: 0.2400
Epoch: 016, Loss: 1.4234, Train Acc: 0.2200, Val Acc: 0.2400
Epoch: 017, Loss: 1.3595, Train Acc: 0.1867, Val Acc: 0.2400
Epoch: 018, Loss: 1.4015, Train Acc: 0.2200, Val Acc: 0.2400
Epoch: 019, Loss: 1.4073, Train Acc: 0.2067, Val Acc: 0.2400
Epoch: 020, Loss: 1.3866, Train Acc: 0.2333, Val Acc: 0.2400
Epoch: 021, Loss: 1.3875, Train Acc: 0.2600, Val Acc: 0.2400
Epoch: 022, Loss: 1.3919, Train Acc: 0.2533, Val Acc: 0.2000
Epoch: 023, Loss: 1.4043, Train Acc: 0.2133, Val Acc: 0.2800
Epoch: 024, Loss: 1.3733, Train Acc: 0.2333, Val Acc: 0.3200
Epoch: 025, Loss: 1.4159, Train Acc: 0.2267, Val Acc: 0.2400
Epoch: 026, Loss: 1.4188, Train Acc: 0.2133, Val Acc: 0.2400
Epoch: 027, Loss: 1.3770, Train Acc: 0.2133, Val Acc: 0.2400
Epoch: 028, Loss: 1.3291, Train Acc: 0.2200, Val Acc: 0.2000
Epoch: 029, Loss: 1.3690, Train Acc: 0.2267, Val Acc: 0.2800
Epoch: 030, Loss: 1.3764, Train Acc: 0.2467, Val Acc: 0.2000
Epoch: 031, Loss: 1.4025, Train Acc: 0.2533, Val Acc: 0.3200
Epoch: 032, Loss: 1.3977, Train Acc: 0.2733, Val Acc: 0.2400
Epoch: 033, Loss: 1.3988, Train Acc: 0.2333, Val Acc: 0.3200
Epoch: 034, Loss: 1.3770, Train Acc: 0.2400, Val Acc: 0.2000
Epoch: 035, Loss: 1.3947, Train Acc: 0.2067, Val Acc: 0.2800
Epoch: 036, Loss: 1.4255, Train Acc: 0.2467, Val Acc: 0.2400
Epoch: 037, Loss: 1.4083, Train Acc: 0.2067, Val Acc: 0.2400
Epoch: 038, Loss: 1.4213, Train Acc: 0.2200, Val Acc: 0.2400
Epoch: 039, Loss: 1.3888, Train Acc: 0.2467, Val Acc: 0.2800
Epoch: 040, Loss: 1.3545, Train Acc: 0.2533, Val Acc: 0.2800
Epoch: 041, Loss: 1.3776, Train Acc: 0.2200, Val Acc: 0.2400
Epoch: 042, Loss: 1.3626, Train Acc: 0.2533, Val Acc: 0.3200
Epoch: 043, Loss: 1.4203, Train Acc: 0.2533, Val Acc: 0.3200
Epoch: 044, Loss: 1.3854, Train Acc: 0.2600, Val Acc: 0.2400
Epoch: 045, Loss: 1.4067, Train Acc: 0.2600, Val Acc: 0.2400
Epoch: 046, Loss: 1.4049, Train Acc: 0.2467, Val Acc: 0.2000
Epoch: 047, Loss: 1.3730, Train Acc: 0.1800, Val Acc: 0.3600
Epoch: 048, Loss: 1.3787, Train Acc: 0.2133, Val Acc: 0.2000
Epoch: 049, Loss: 1.3951, Train Acc: 0.2867, Val Acc: 0.2400
Epoch: 050, Loss: 1.3624, Train Acc: 0.2467, Val Acc: 0.2800
Epoch: 051, Loss: 1.3703, Train Acc: 0.2133, Val Acc: 0.1600
Epoch: 052, Loss: 1.4395, Train Acc: 0.2533, Val Acc: 0.2400
Epoch: 053, Loss: 1.3329, Train Acc: 0.2467, Val Acc: 0.2400
Epoch: 054, Loss: 1.4559, Train Acc: 0.2667, Val Acc: 0.2800
Epoch: 055, Loss: 1.4455, Train Acc: 0.2267, Val Acc: 0.2400
Epoch: 056, Loss: 1.3649, Train Acc: 0.2333, Val Acc: 0.2000
Epoch: 057, Loss: 1.3251, Train Acc: 0.2333, Val Acc: 0.2400
Epoch: 058, Loss: 1.3673, Train Acc: 0.2333, Val Acc: 0.2800
Epoch: 059, Loss: 1.4048, Train Acc: 0.2467, Val Acc: 0.2400
Epoch: 060, Loss: 1.3591, Train Acc: 0.2533, Val Acc: 0.3200
Epoch: 061, Loss: 1.4207, Train Acc: 0.2467, Val Acc: 0.2400
Epoch: 062, Loss: 1.3618, Train Acc: 0.2267, Val Acc: 0.2400
Epoch: 063, Loss: 1.4550, Train Acc: 0.2733, Val Acc: 0.2000
Epoch: 064, Loss: 1.4131, Train Acc: 0.2467, Val Acc: 0.2800
Epoch: 065, Loss: 1.3728, Train Acc: 0.2400, Val Acc: 0.2400
Epoch: 066, Loss: 1.3608, Train Acc: 0.2600, Val Acc: 0.2400
Epoch: 067, Loss: 1.3983, Train Acc: 0.2667, Val Acc: 0.2400
Epoch: 068, Loss: 1.4215, Train Acc: 0.2467, Val Acc: 0.2000
Epoch: 069, Loss: 1.3788, Train Acc: 0.2533, Val Acc: 0.0800
Epoch: 070, Loss: 1.3905, Train Acc: 0.2133, Val Acc: 0.2400
Epoch: 071, Loss: 1.4149, Train Acc: 0.2533, Val Acc: 0.0400
Epoch: 072, Loss: 1.3468, Train Acc: 0.2133, Val Acc: 0.2000
Epoch: 073, Loss: 1.3784, Train Acc: 0.2333, Val Acc: 0.2000
Epoch: 074, Loss: 1.4040, Train Acc: 0.2267, Val Acc: 0.2400
Epoch: 075, Loss: 1.4148, Train Acc: 0.2800, Val Acc: 0.3200
Epoch: 076, Loss: 1.4116, Train Acc: 0.2533, Val Acc: 0.2400
Epoch: 077, Loss: 1.3798, Train Acc: 0.2133, Val Acc: 0.2800
Epoch: 078, Loss: 1.3742, Train Acc: 0.2533, Val Acc: 0.2400
Epoch: 079, Loss: 1.4169, Train Acc: 0.2400, Val Acc: 0.2400
Epoch: 080, Loss: 1.4582, Train Acc: 0.2133, Val Acc: 0.2400
Epoch: 081, Loss: 1.4111, Train Acc: 0.2467, Val Acc: 0.2800
Epoch: 082, Loss: 1.3673, Train Acc: 0.2667, Val Acc: 0.2400
Epoch: 083, Loss: 1.3035, Train Acc: 0.2667, Val Acc: 0.2400
Epoch: 084, Loss: 1.4185, Train Acc: 0.2400, Val Acc: 0.2400
Epoch: 085, Loss: 1.4432, Train Acc: 0.2667, Val Acc: 0.3200
Epoch: 086, Loss: 1.4214, Train Acc: 0.2533, Val Acc: 0.2400
Epoch: 087, Loss: 1.3909, Train Acc: 0.2533, Val Acc: 0.3200
Epoch: 088, Loss: 1.3755, Train Acc: 0.2533, Val Acc: 0.2800
Epoch: 089, Loss: 1.3986, Train Acc: 0.2733, Val Acc: 0.2400
Epoch: 090, Loss: 1.3825, Train Acc: 0.2533, Val Acc: 0.2400
Epoch: 091, Loss: 1.4063, Train Acc: 0.2400, Val Acc: 0.2400
Epoch: 092, Loss: 1.2444, Train Acc: 0.2800, Val Acc: 0.2400
Epoch: 093, Loss: 1.4166, Train Acc: 0.2600, Val Acc: 0.2800
Epoch: 094, Loss: 1.3749, Train Acc: 0.2733, Val Acc: 0.2800
Epoch: 095, Loss: 1.3617, Train Acc: 0.2667, Val Acc: 0.2800
Epoch: 096, Loss: 1.4317, Train Acc: 0.2467, Val Acc: 0.3200
Epoch: 097, Loss: 1.3907, Train Acc: 0.2533, Val Acc: 0.2400
Epoch: 098, Loss: 1.4000, Train Acc: 0.2600, Val Acc: 0.2000
Epoch: 099, Loss: 1.3890, Train Acc: 0.2933, Val Acc: 0.2400
Epoch: 100, Loss: 1.4097, Train Acc: 0.2600, Val Acc: 0.2000
Epoch: 101, Loss: 1.3667, Train Acc: 0.2600, Val Acc: 0.3200
Epoch: 102, Loss: 1.3535, Train Acc: 0.2867, Val Acc: 0.2400
Epoch: 103, Loss: 1.3510, Train Acc: 0.2600, Val Acc: 0.2800
Epoch: 104, Loss: 1.3677, Train Acc: 0.2667, Val Acc: 0.2400
Epoch: 105, Loss: 1.4244, Train Acc: 0.2733, Val Acc: 0.2800
Epoch: 106, Loss: 1.3668, Train Acc: 0.3200, Val Acc: 0.3200
Epoch: 107, Loss: 1.4276, Train Acc: 0.2533, Val Acc: 0.3200
Epoch: 108, Loss: 1.4017, Train Acc: 0.2467, Val Acc: 0.2400
Epoch: 109, Loss: 1.3930, Train Acc: 0.2733, Val Acc: 0.3200
Epoch: 110, Loss: 1.4111, Train Acc: 0.2733, Val Acc: 0.2800
Epoch: 111, Loss: 1.3793, Train Acc: 0.2733, Val Acc: 0.2400
Epoch: 112, Loss: 1.3921, Train Acc: 0.2467, Val Acc: 0.2400
Epoch: 113, Loss: 1.4221, Train Acc: 0.2333, Val Acc: 0.2800
Epoch: 114, Loss: 1.3942, Train Acc: 0.2933, Val Acc: 0.2800
Epoch: 115, Loss: 1.3412, Train Acc: 0.2600, Val Acc: 0.2400
Epoch: 116, Loss: 1.4218, Train Acc: 0.2600, Val Acc: 0.2800
Epoch: 117, Loss: 1.3996, Train Acc: 0.2867, Val Acc: 0.2800
Epoch: 118, Loss: 1.3626, Train Acc: 0.2600, Val Acc: 0.3200
Epoch: 119, Loss: 1.4043, Train Acc: 0.3000, Val Acc: 0.3200
Epoch: 120, Loss: 1.4179, Train Acc: 0.2600, Val Acc: 0.2800
Epoch: 121, Loss: 1.3724, Train Acc: 0.2800, Val Acc: 0.3200
Epoch: 122, Loss: 1.4400, Train Acc: 0.2600, Val Acc: 0.2800
Epoch: 123, Loss: 1.3756, Train Acc: 0.3000, Val Acc: 0.2400
Epoch: 124, Loss: 1.3921, Train Acc: 0.2800, Val Acc: 0.3200
Epoch: 125, Loss: 1.4375, Train Acc: 0.2800, Val Acc: 0.3200
Epoch: 126, Loss: 1.4104, Train Acc: 0.2533, Val Acc: 0.2400
Epoch: 127, Loss: 1.4134, Train Acc: 0.2733, Val Acc: 0.2000
Epoch: 128, Loss: 1.3386, Train Acc: 0.2200, Val Acc: 0.2800
Epoch: 129, Loss: 1.4507, Train Acc: 0.2933, Val Acc: 0.2800
Epoch: 130, Loss: 1.3980, Train Acc: 0.2467, Val Acc: 0.2800
Epoch: 131, Loss: 1.4109, Train Acc: 0.2800, Val Acc: 0.2800
Epoch: 132, Loss: 1.4142, Train Acc: 0.2400, Val Acc: 0.3200
Epoch: 133, Loss: 1.4224, Train Acc: 0.2600, Val Acc: 0.2800
Epoch: 134, Loss: 1.3591, Train Acc: 0.2667, Val Acc: 0.1600
Epoch: 135, Loss: 1.4064, Train Acc: 0.2867, Val Acc: 0.2400
Epoch: 136, Loss: 1.3539, Train Acc: 0.2933, Val Acc: 0.1600
Epoch: 137, Loss: 1.3963, Train Acc: 0.2467, Val Acc: 0.2400
Epoch: 138, Loss: 1.3359, Train Acc: 0.3067, Val Acc: 0.2400
Epoch: 139, Loss: 1.4410, Train Acc: 0.2533, Val Acc: 0.2400
Epoch: 140, Loss: 1.3961, Train Acc: 0.3333, Val Acc: 0.2000
Epoch: 141, Loss: 1.3826, Train Acc: 0.3067, Val Acc: 0.2800
Epoch: 142, Loss: 1.3611, Train Acc: 0.2733, Val Acc: 0.0800
Epoch: 143, Loss: 1.3934, Train Acc: 0.2533, Val Acc: 0.2800
Epoch: 144, Loss: 1.4339, Train Acc: 0.2667, Val Acc: 0.2800
Epoch: 145, Loss: 1.3493, Train Acc: 0.3133, Val Acc: 0.2800
Epoch: 146, Loss: 1.4117, Train Acc: 0.3067, Val Acc: 0.2400
Epoch: 147, Loss: 1.3677, Train Acc: 0.2467, Val Acc: 0.2400
Epoch: 148, Loss: 1.3980, Train Acc: 0.2667, Val Acc: 0.2400
Epoch: 149, Loss: 1.4181, Train Acc: 0.3000, Val Acc: 0.3200
Epoch: 150, Loss: 1.4540, Train Acc: 0.2867, Val Acc: 0.2400
Epoch: 151, Loss: 1.3357, Train Acc: 0.2800, Val Acc: 0.2400
Epoch: 152, Loss: 1.3265, Train Acc: 0.2867, Val Acc: 0.2800
Epoch: 153, Loss: 1.3997, Train Acc: 0.3067, Val Acc: 0.3200
Epoch: 154, Loss: 1.3953, Train Acc: 0.2933, Val Acc: 0.2400
Epoch: 155, Loss: 1.4071, Train Acc: 0.3267, Val Acc: 0.2400
Epoch: 156, Loss: 1.3215, Train Acc: 0.3133, Val Acc: 0.2000
Epoch: 157, Loss: 1.4247, Train Acc: 0.2867, Val Acc: 0.2400
Epoch: 158, Loss: 1.3551, Train Acc: 0.2867, Val Acc: 0.3200
Epoch: 159, Loss: 1.4064, Train Acc: 0.2400, Val Acc: 0.1600
Epoch: 160, Loss: 1.4073, Train Acc: 0.3067, Val Acc: 0.2400
Epoch: 161, Loss: 1.3826, Train Acc: 0.3133, Val Acc: 0.2400
Epoch: 162, Loss: 1.4304, Train Acc: 0.2533, Val Acc: 0.2400
Epoch: 163, Loss: 1.3856, Train Acc: 0.2800, Val Acc: 0.3200
Epoch: 164, Loss: 1.3890, Train Acc: 0.3267, Val Acc: 0.2400
Epoch: 165, Loss: 1.3961, Train Acc: 0.3200, Val Acc: 0.2800
Epoch: 166, Loss: 1.4298, Train Acc: 0.2800, Val Acc: 0.2000
Epoch: 167, Loss: 1.3543, Train Acc: 0.2733, Val Acc: 0.2400
Epoch: 168, Loss: 1.3837, Train Acc: 0.3133, Val Acc: 0.3200
Epoch: 169, Loss: 1.3982, Train Acc: 0.3000, Val Acc: 0.2800
Epoch: 170, Loss: 1.3936, Train Acc: 0.2400, Val Acc: 0.2400
Epoch: 171, Loss: 1.3876, Train Acc: 0.2800, Val Acc: 0.2400
Epoch: 172, Loss: 1.4394, Train Acc: 0.2800, Val Acc: 0.2400
Epoch: 173, Loss: 1.4436, Train Acc: 0.2733, Val Acc: 0.3200
Epoch: 174, Loss: 1.4129, Train Acc: 0.2933, Val Acc: 0.2400
Epoch: 175, Loss: 1.3746, Train Acc: 0.2933, Val Acc: 0.2400
Epoch: 176, Loss: 1.3457, Train Acc: 0.2800, Val Acc: 0.2000
Epoch: 177, Loss: 1.4343, Train Acc: 0.3267, Val Acc: 0.2800
Epoch: 178, Loss: 1.3370, Train Acc: 0.3000, Val Acc: 0.2000
Epoch: 179, Loss: 1.3881, Train Acc: 0.3000, Val Acc: 0.2400
Epoch: 180, Loss: 1.3294, Train Acc: 0.2933, Val Acc: 0.0800
Epoch: 181, Loss: 1.3715, Train Acc: 0.2600, Val Acc: 0.1200
Epoch: 182, Loss: 1.3904, Train Acc: 0.3000, Val Acc: 0.2800
Epoch: 183, Loss: 1.4024, Train Acc: 0.3733, Val Acc: 0.3200
Epoch: 184, Loss: 1.4954, Train Acc: 0.2867, Val Acc: 0.0800
Epoch: 185, Loss: 1.4069, Train Acc: 0.2600, Val Acc: 0.2400
Epoch: 186, Loss: 1.3597, Train Acc: 0.3600, Val Acc: 0.1200
Epoch: 187, Loss: 1.3909, Train Acc: 0.2933, Val Acc: 0.2400
Epoch: 188, Loss: 1.3801, Train Acc: 0.2667, Val Acc: 0.2400
Epoch: 189, Loss: 1.3841, Train Acc: 0.2867, Val Acc: 0.2400
Epoch: 190, Loss: 1.3806, Train Acc: 0.3000, Val Acc: 0.2400
Epoch: 191, Loss: 1.4235, Train Acc: 0.3067, Val Acc: 0.2400
Epoch: 192, Loss: 1.4034, Train Acc: 0.2733, Val Acc: 0.3200
Epoch: 193, Loss: 1.3752, Train Acc: 0.2400, Val Acc: 0.3200
Epoch: 194, Loss: 1.4081, Train Acc: 0.3000, Val Acc: 0.3200
Epoch: 195, Loss: 1.4273, Train Acc: 0.2800, Val Acc: 0.2400
Epoch: 196, Loss: 1.4130, Train Acc: 0.3067, Val Acc: 0.2400
Epoch: 197, Loss: 1.4256, Train Acc: 0.2533, Val Acc: 0.1200
Epoch: 198, Loss: 1.4267, Train Acc: 0.3400, Val Acc: 0.2400
Epoch: 199, Loss: 1.3789, Train Acc: 0.3067, Val Acc: 0.2000
Split 2 evaluatation: Acc: 0.3600, Precision: 0.3600, Recall: 0.3600, F1 : 0.3600

Epoch: 000, Loss: 1.4053, Train Acc: 0.1800, Val Acc: 0.2400
Epoch: 001, Loss: 1.3841, Train Acc: 0.2333, Val Acc: 0.2400
Epoch: 002, Loss: 1.4012, Train Acc: 0.1533, Val Acc: 0.2400
Epoch: 003, Loss: 1.3996, Train Acc: 0.2467, Val Acc: 0.2400
Epoch: 004, Loss: 1.4045, Train Acc: 0.1333, Val Acc: 0.2400
Epoch: 005, Loss: 1.4149, Train Acc: 0.1867, Val Acc: 0.2400
Epoch: 006, Loss: 1.4009, Train Acc: 0.2200, Val Acc: 0.2400
Epoch: 007, Loss: 1.3649, Train Acc: 0.2133, Val Acc: 0.2400
Epoch: 008, Loss: 1.4148, Train Acc: 0.2267, Val Acc: 0.2400
Epoch: 009, Loss: 1.4049, Train Acc: 0.2200, Val Acc: 0.2400
Epoch: 010, Loss: 1.3869, Train Acc: 0.2267, Val Acc: 0.2400
Epoch: 011, Loss: 1.4211, Train Acc: 0.2200, Val Acc: 0.2400
Epoch: 012, Loss: 1.3901, Train Acc: 0.2067, Val Acc: 0.2400
Epoch: 013, Loss: 1.3636, Train Acc: 0.2333, Val Acc: 0.2400
Epoch: 014, Loss: 1.4423, Train Acc: 0.2067, Val Acc: 0.2400
Epoch: 015, Loss: 1.4375, Train Acc: 0.2600, Val Acc: 0.2800
Epoch: 016, Loss: 1.3855, Train Acc: 0.2267, Val Acc: 0.2400
Epoch: 017, Loss: 1.4284, Train Acc: 0.1667, Val Acc: 0.2800
Epoch: 018, Loss: 1.4060, Train Acc: 0.2467, Val Acc: 0.2400
Epoch: 019, Loss: 1.4126, Train Acc: 0.1867, Val Acc: 0.2400
Epoch: 020, Loss: 1.3461, Train Acc: 0.2467, Val Acc: 0.2400
Epoch: 021, Loss: 1.3631, Train Acc: 0.2200, Val Acc: 0.2400
Epoch: 022, Loss: 1.3969, Train Acc: 0.2667, Val Acc: 0.2400
Epoch: 023, Loss: 1.3954, Train Acc: 0.2267, Val Acc: 0.2400
Epoch: 024, Loss: 1.4115, Train Acc: 0.2267, Val Acc: 0.2400
Epoch: 025, Loss: 1.3971, Train Acc: 0.2333, Val Acc: 0.2400
Epoch: 026, Loss: 1.3615, Train Acc: 0.2067, Val Acc: 0.2400
Epoch: 027, Loss: 1.3789, Train Acc: 0.2667, Val Acc: 0.2800
Epoch: 028, Loss: 1.4158, Train Acc: 0.2600, Val Acc: 0.2400
Epoch: 029, Loss: 1.4346, Train Acc: 0.2467, Val Acc: 0.2400
Epoch: 030, Loss: 1.3856, Train Acc: 0.2200, Val Acc: 0.2400
Epoch: 031, Loss: 1.3920, Train Acc: 0.2467, Val Acc: 0.2400
Epoch: 032, Loss: 1.3863, Train Acc: 0.2200, Val Acc: 0.2400
Epoch: 033, Loss: 1.3656, Train Acc: 0.2533, Val Acc: 0.2000
Epoch: 034, Loss: 1.4224, Train Acc: 0.2600, Val Acc: 0.2400
Epoch: 035, Loss: 1.3919, Train Acc: 0.2200, Val Acc: 0.2400
Epoch: 036, Loss: 1.4166, Train Acc: 0.2400, Val Acc: 0.2400
Epoch: 037, Loss: 1.4196, Train Acc: 0.2333, Val Acc: 0.2400
Epoch: 038, Loss: 1.3615, Train Acc: 0.2467, Val Acc: 0.3600
Epoch: 039, Loss: 1.3841, Train Acc: 0.2000, Val Acc: 0.2800
Epoch: 040, Loss: 1.4227, Train Acc: 0.2333, Val Acc: 0.2800
Epoch: 041, Loss: 1.3924, Train Acc: 0.2133, Val Acc: 0.2400
Epoch: 042, Loss: 1.4206, Train Acc: 0.1867, Val Acc: 0.2400
Epoch: 043, Loss: 1.3747, Train Acc: 0.2267, Val Acc: 0.2400
Epoch: 044, Loss: 1.3759, Train Acc: 0.2067, Val Acc: 0.2400
Epoch: 045, Loss: 1.3612, Train Acc: 0.2333, Val Acc: 0.2800
Epoch: 046, Loss: 1.3591, Train Acc: 0.2267, Val Acc: 0.2400
Epoch: 047, Loss: 1.3868, Train Acc: 0.2333, Val Acc: 0.2400
Epoch: 048, Loss: 1.3959, Train Acc: 0.2467, Val Acc: 0.2400
Epoch: 049, Loss: 1.4204, Train Acc: 0.2400, Val Acc: 0.2400
Epoch: 050, Loss: 1.3621, Train Acc: 0.2067, Val Acc: 0.3200
Epoch: 051, Loss: 1.4109, Train Acc: 0.2200, Val Acc: 0.2400
Epoch: 052, Loss: 1.4533, Train Acc: 0.2333, Val Acc: 0.2800
Epoch: 053, Loss: 1.4077, Train Acc: 0.2467, Val Acc: 0.2400
Epoch: 054, Loss: 1.4123, Train Acc: 0.2800, Val Acc: 0.2800
Epoch: 055, Loss: 1.3757, Train Acc: 0.2400, Val Acc: 0.2800
Epoch: 056, Loss: 1.3791, Train Acc: 0.2400, Val Acc: 0.3200
Epoch: 057, Loss: 1.4515, Train Acc: 0.2800, Val Acc: 0.2800
Epoch: 058, Loss: 1.3808, Train Acc: 0.2267, Val Acc: 0.2400
Epoch: 059, Loss: 1.3668, Train Acc: 0.2333, Val Acc: 0.2400
Epoch: 060, Loss: 1.4066, Train Acc: 0.2267, Val Acc: 0.2000
Epoch: 061, Loss: 1.3726, Train Acc: 0.2667, Val Acc: 0.2400
Epoch: 062, Loss: 1.3820, Train Acc: 0.2267, Val Acc: 0.2800
Epoch: 063, Loss: 1.3892, Train Acc: 0.1733, Val Acc: 0.2400
Epoch: 064, Loss: 1.3748, Train Acc: 0.2667, Val Acc: 0.2800
Epoch: 065, Loss: 1.3713, Train Acc: 0.2733, Val Acc: 0.2400
Epoch: 066, Loss: 1.3846, Train Acc: 0.2533, Val Acc: 0.2400
Epoch: 067, Loss: 1.4232, Train Acc: 0.2533, Val Acc: 0.2400
Epoch: 068, Loss: 1.4342, Train Acc: 0.2600, Val Acc: 0.2400
Epoch: 069, Loss: 1.3583, Train Acc: 0.2533, Val Acc: 0.2400
Epoch: 070, Loss: 1.3382, Train Acc: 0.2333, Val Acc: 0.2400
Epoch: 071, Loss: 1.4114, Train Acc: 0.2133, Val Acc: 0.2400
Epoch: 072, Loss: 1.3852, Train Acc: 0.2733, Val Acc: 0.2800
Epoch: 073, Loss: 1.3762, Train Acc: 0.2800, Val Acc: 0.2000
Epoch: 074, Loss: 1.4391, Train Acc: 0.2133, Val Acc: 0.2800
Epoch: 075, Loss: 1.3924, Train Acc: 0.2600, Val Acc: 0.3200
Epoch: 076, Loss: 1.4232, Train Acc: 0.2533, Val Acc: 0.2400
Epoch: 077, Loss: 1.4058, Train Acc: 0.2667, Val Acc: 0.2400
Epoch: 078, Loss: 1.3589, Train Acc: 0.2467, Val Acc: 0.2400
Epoch: 079, Loss: 1.3856, Train Acc: 0.2267, Val Acc: 0.2400
Epoch: 080, Loss: 1.3890, Train Acc: 0.2800, Val Acc: 0.2400
Epoch: 081, Loss: 1.4153, Train Acc: 0.2467, Val Acc: 0.2400
Epoch: 082, Loss: 1.3741, Train Acc: 0.2733, Val Acc: 0.2000
Epoch: 083, Loss: 1.4155, Train Acc: 0.2467, Val Acc: 0.2800
Epoch: 084, Loss: 1.4130, Train Acc: 0.2467, Val Acc: 0.1600
Epoch: 085, Loss: 1.3876, Train Acc: 0.2400, Val Acc: 0.2400
Epoch: 086, Loss: 1.3428, Train Acc: 0.2400, Val Acc: 0.2800
Epoch: 087, Loss: 1.4693, Train Acc: 0.2533, Val Acc: 0.2400
Epoch: 088, Loss: 1.3652, Train Acc: 0.2733, Val Acc: 0.2400
Epoch: 089, Loss: 1.3904, Train Acc: 0.2333, Val Acc: 0.2000
Epoch: 090, Loss: 1.4009, Train Acc: 0.2600, Val Acc: 0.2000
Epoch: 091, Loss: 1.3870, Train Acc: 0.1933, Val Acc: 0.2400
Epoch: 092, Loss: 0.3457, Train Acc: 0.2600, Val Acc: 0.2400
Epoch: 093, Loss: 1.3825, Train Acc: 0.2600, Val Acc: 0.1600
Epoch: 094, Loss: 1.4089, Train Acc: 0.2333, Val Acc: 0.2400
Epoch: 095, Loss: 1.4076, Train Acc: 0.2600, Val Acc: 0.3200
Epoch: 096, Loss: 1.3737, Train Acc: 0.2667, Val Acc: 0.2400
Epoch: 097, Loss: 1.4062, Train Acc: 0.2200, Val Acc: 0.2000
Epoch: 098, Loss: 1.4530, Train Acc: 0.2467, Val Acc: 0.2800
Epoch: 099, Loss: 1.3492, Train Acc: 0.2667, Val Acc: 0.2400
Epoch: 100, Loss: 1.4267, Train Acc: 0.2200, Val Acc: 0.2400
Epoch: 101, Loss: 1.4313, Train Acc: 0.2533, Val Acc: 0.2000
Epoch: 102, Loss: 1.3660, Train Acc: 0.2400, Val Acc: 0.2400
Epoch: 103, Loss: 1.4088, Train Acc: 0.2467, Val Acc: 0.2800
Epoch: 104, Loss: 1.4044, Train Acc: 0.2600, Val Acc: 0.1200
Epoch: 105, Loss: 1.3797, Train Acc: 0.2133, Val Acc: 0.1600
Epoch: 106, Loss: 1.3806, Train Acc: 0.2600, Val Acc: 0.2400
Epoch: 107, Loss: 1.3578, Train Acc: 0.2533, Val Acc: 0.2000
Epoch: 108, Loss: 1.3923, Train Acc: 0.2600, Val Acc: 0.2800
Epoch: 109, Loss: 1.4674, Train Acc: 0.2667, Val Acc: 0.2800
Epoch: 110, Loss: 1.3789, Train Acc: 0.2667, Val Acc: 0.3200
Epoch: 111, Loss: 1.4058, Train Acc: 0.2600, Val Acc: 0.2000
Epoch: 112, Loss: 1.3818, Train Acc: 0.2467, Val Acc: 0.2800
Epoch: 113, Loss: 1.3881, Train Acc: 0.2667, Val Acc: 0.2400
Epoch: 114, Loss: 1.5374, Train Acc: 0.2733, Val Acc: 0.2400
Epoch: 115, Loss: 1.3903, Train Acc: 0.2467, Val Acc: 0.2400
Epoch: 116, Loss: 1.3334, Train Acc: 0.2800, Val Acc: 0.2400
Epoch: 117, Loss: 1.3965, Train Acc: 0.2400, Val Acc: 0.2400
Epoch: 118, Loss: 1.3781, Train Acc: 0.2667, Val Acc: 0.2400
Epoch: 119, Loss: 1.3748, Train Acc: 0.3067, Val Acc: 0.3200
Epoch: 120, Loss: 1.4374, Train Acc: 0.2867, Val Acc: 0.3600
Epoch: 121, Loss: 1.4268, Train Acc: 0.2667, Val Acc: 0.2800
Epoch: 122, Loss: 1.4030, Train Acc: 0.2600, Val Acc: 0.2400
Epoch: 123, Loss: 1.3844, Train Acc: 0.2800, Val Acc: 0.2800
Epoch: 124, Loss: 1.4454, Train Acc: 0.2667, Val Acc: 0.2800
Epoch: 125, Loss: 1.4051, Train Acc: 0.3133, Val Acc: 0.3200
Epoch: 126, Loss: 1.3738, Train Acc: 0.2467, Val Acc: 0.2800
Epoch: 127, Loss: 1.3544, Train Acc: 0.2400, Val Acc: 0.2400
Epoch: 128, Loss: 1.3627, Train Acc: 0.2533, Val Acc: 0.3200
Epoch: 129, Loss: 1.4542, Train Acc: 0.2467, Val Acc: 0.2800
Epoch: 130, Loss: 1.3762, Train Acc: 0.2600, Val Acc: 0.2800
Epoch: 131, Loss: 1.4328, Train Acc: 0.2800, Val Acc: 0.2800
Epoch: 132, Loss: 1.4444, Train Acc: 0.2600, Val Acc: 0.2400
Epoch: 133, Loss: 1.4596, Train Acc: 0.2400, Val Acc: 0.2800
Epoch: 134, Loss: 1.4984, Train Acc: 0.2267, Val Acc: 0.2800
Epoch: 135, Loss: 1.3944, Train Acc: 0.2533, Val Acc: 0.2800
Epoch: 136, Loss: 1.4123, Train Acc: 0.2533, Val Acc: 0.1600
Epoch: 137, Loss: 1.2897, Train Acc: 0.2533, Val Acc: 0.2400
Epoch: 138, Loss: 1.3829, Train Acc: 0.2867, Val Acc: 0.2800
Epoch: 139, Loss: 1.3725, Train Acc: 0.3133, Val Acc: 0.2000
Epoch: 140, Loss: 1.4493, Train Acc: 0.2467, Val Acc: 0.3600
Epoch: 141, Loss: 1.3992, Train Acc: 0.2867, Val Acc: 0.2800
Epoch: 142, Loss: 1.3629, Train Acc: 0.2733, Val Acc: 0.2400
Epoch: 143, Loss: 1.3929, Train Acc: 0.2533, Val Acc: 0.2400
Epoch: 144, Loss: 1.4242, Train Acc: 0.2200, Val Acc: 0.2400
Epoch: 145, Loss: 1.3202, Train Acc: 0.2667, Val Acc: 0.2400
Epoch: 146, Loss: 1.4661, Train Acc: 0.2600, Val Acc: 0.2800
Epoch: 147, Loss: 1.4219, Train Acc: 0.2600, Val Acc: 0.2400
Epoch: 148, Loss: 1.3601, Train Acc: 0.2200, Val Acc: 0.2400
Epoch: 149, Loss: 1.4403, Train Acc: 0.2600, Val Acc: 0.2800
Epoch: 150, Loss: 1.3891, Train Acc: 0.2933, Val Acc: 0.2400
Epoch: 151, Loss: 1.4468, Train Acc: 0.2533, Val Acc: 0.2400
Epoch: 152, Loss: 1.4419, Train Acc: 0.2733, Val Acc: 0.2400
Epoch: 153, Loss: 1.3390, Train Acc: 0.2333, Val Acc: 0.2400
Epoch: 154, Loss: 1.3902, Train Acc: 0.3000, Val Acc: 0.2400
Epoch: 155, Loss: 1.3494, Train Acc: 0.2333, Val Acc: 0.3200
Epoch: 156, Loss: 1.4654, Train Acc: 0.2533, Val Acc: 0.2400
Epoch: 157, Loss: 1.3585, Train Acc: 0.3067, Val Acc: 0.2400
Epoch: 158, Loss: 1.3554, Train Acc: 0.2667, Val Acc: 0.2400
Epoch: 159, Loss: 1.3437, Train Acc: 0.3000, Val Acc: 0.2400
Epoch: 160, Loss: 1.3770, Train Acc: 0.2600, Val Acc: 0.2800
Epoch: 161, Loss: 1.4367, Train Acc: 0.2533, Val Acc: 0.2400
Epoch: 162, Loss: 1.3924, Train Acc: 0.2400, Val Acc: 0.2800
Epoch: 163, Loss: 1.4848, Train Acc: 0.2667, Val Acc: 0.1600
Epoch: 164, Loss: 1.3784, Train Acc: 0.3133, Val Acc: 0.2800
Epoch: 165, Loss: 1.3671, Train Acc: 0.2667, Val Acc: 0.2800
Epoch: 166, Loss: 1.4826, Train Acc: 0.2867, Val Acc: 0.2800
Epoch: 167, Loss: 1.3785, Train Acc: 0.2867, Val Acc: 0.2800
Epoch: 168, Loss: 1.3985, Train Acc: 0.2867, Val Acc: 0.1600
Epoch: 169, Loss: 1.3567, Train Acc: 0.3067, Val Acc: 0.3200
Epoch: 170, Loss: 1.3471, Train Acc: 0.2200, Val Acc: 0.2000
Epoch: 171, Loss: 1.3719, Train Acc: 0.3067, Val Acc: 0.1200
Epoch: 172, Loss: 1.3400, Train Acc: 0.3067, Val Acc: 0.2000
Epoch: 173, Loss: 1.3413, Train Acc: 0.2667, Val Acc: 0.2000
Epoch: 174, Loss: 1.4328, Train Acc: 0.2533, Val Acc: 0.3600
Epoch: 175, Loss: 1.3877, Train Acc: 0.2733, Val Acc: 0.2400
Epoch: 176, Loss: 1.3369, Train Acc: 0.2667, Val Acc: 0.2800
Epoch: 177, Loss: 1.3645, Train Acc: 0.2933, Val Acc: 0.3200
Epoch: 178, Loss: 1.4311, Train Acc: 0.3200, Val Acc: 0.1200
Epoch: 179, Loss: 1.3530, Train Acc: 0.2800, Val Acc: 0.1200
Epoch: 180, Loss: 1.3884, Train Acc: 0.2800, Val Acc: 0.2400
Epoch: 181, Loss: 1.3758, Train Acc: 0.2533, Val Acc: 0.2400
Epoch: 182, Loss: 1.4027, Train Acc: 0.3067, Val Acc: 0.2400
Epoch: 183, Loss: 1.3947, Train Acc: 0.3133, Val Acc: 0.2800
Epoch: 184, Loss: 1.3453, Train Acc: 0.2600, Val Acc: 0.2800
Epoch: 185, Loss: 1.3933, Train Acc: 0.2467, Val Acc: 0.2400
Epoch: 186, Loss: 1.3574, Train Acc: 0.2667, Val Acc: 0.2000
Epoch: 187, Loss: 1.2492, Train Acc: 0.2733, Val Acc: 0.2800
Epoch: 188, Loss: 1.4251, Train Acc: 0.2800, Val Acc: 0.2400
Epoch: 189, Loss: 1.4288, Train Acc: 0.2667, Val Acc: 0.2000
Epoch: 190, Loss: 1.3850, Train Acc: 0.2933, Val Acc: 0.2400
Epoch: 191, Loss: 1.4044, Train Acc: 0.2600, Val Acc: 0.2000
Epoch: 192, Loss: 1.4348, Train Acc: 0.3200, Val Acc: 0.2400
Epoch: 193, Loss: 1.3653, Train Acc: 0.2933, Val Acc: 0.3200
Epoch: 194, Loss: 1.4089, Train Acc: 0.2867, Val Acc: 0.2000
Epoch: 195, Loss: 1.3878, Train Acc: 0.2800, Val Acc: 0.2400
Epoch: 196, Loss: 1.4359, Train Acc: 0.3067, Val Acc: 0.2400
Epoch: 197, Loss: 1.3620, Train Acc: 0.2733, Val Acc: 0.2400
Epoch: 198, Loss: 1.3742, Train Acc: 0.3067, Val Acc: 0.1200
Epoch: 199, Loss: 1.3842, Train Acc: 0.2733, Val Acc: 0.2400
Split 3 evaluatation: Acc: 0.2800, Precision: 0.2800, Recall: 0.2800, F1 : 0.2800

Average Evaluation Metrics: Acc 0.3100, Precision: 0.3100, Recall: 0.3100, F1: 0.3100
