MOFED version '4.9-2.2.6' not available in this container.
No matching alternate version found.
GAT(
  (initial_gat): GATv2Conv(512, 256, heads=8)
  (gat1): GATv2Conv(2048, 256, heads=8)
  (gat2): GATv2Conv(2048, 256, heads=8)
  (gat3): GATv2Conv(2048, 256, heads=8)
  (gat4): GATv2Conv(2048, 256, heads=8)
  (gat5): GATv2Conv(2048, 256, heads=8)
  (gat6): GATv2Conv(2048, 256, heads=8)
  (out): Linear(512, 4, bias=True)
)
Number of parameters:  52488196

Epoch: 000, Loss: 1.4012, Train Acc: 0.1733, Val Acc: 0.2400
Epoch: 001, Loss: 1.4439, Train Acc: 0.2000, Val Acc: 0.2400
Epoch: 002, Loss: 1.3984, Train Acc: 0.2000, Val Acc: 0.2400
Epoch: 003, Loss: 1.4383, Train Acc: 0.2200, Val Acc: 0.2400
Epoch: 004, Loss: 1.4115, Train Acc: 0.1933, Val Acc: 0.2800
Epoch: 005, Loss: 1.3916, Train Acc: 0.2067, Val Acc: 0.2400
Epoch: 006, Loss: 1.4147, Train Acc: 0.2000, Val Acc: 0.2400
Epoch: 007, Loss: 1.4264, Train Acc: 0.2533, Val Acc: 0.2800
Epoch: 008, Loss: 1.3982, Train Acc: 0.2333, Val Acc: 0.2800
Epoch: 009, Loss: 1.4084, Train Acc: 0.2067, Val Acc: 0.2400
Epoch: 010, Loss: 1.4165, Train Acc: 0.2400, Val Acc: 0.2400
Epoch: 011, Loss: 1.3833, Train Acc: 0.2333, Val Acc: 0.3600
Epoch: 012, Loss: 1.4061, Train Acc: 0.1667, Val Acc: 0.2400
Epoch: 013, Loss: 1.3903, Train Acc: 0.2533, Val Acc: 0.2400
Epoch: 014, Loss: 1.4205, Train Acc: 0.2267, Val Acc: 0.2400
Epoch: 015, Loss: 1.3685, Train Acc: 0.2133, Val Acc: 0.2400
Epoch: 016, Loss: 1.4306, Train Acc: 0.2133, Val Acc: 0.2400
Epoch: 017, Loss: 1.4216, Train Acc: 0.2133, Val Acc: 0.2400
Epoch: 018, Loss: 1.3687, Train Acc: 0.2133, Val Acc: 0.2400
Epoch: 019, Loss: 1.3778, Train Acc: 0.2533, Val Acc: 0.2400
Epoch: 020, Loss: 1.3645, Train Acc: 0.2067, Val Acc: 0.2400
Epoch: 021, Loss: 1.3654, Train Acc: 0.2533, Val Acc: 0.2400
Epoch: 022, Loss: 1.3938, Train Acc: 0.2600, Val Acc: 0.2400
Epoch: 023, Loss: 1.4096, Train Acc: 0.2000, Val Acc: 0.2400
Epoch: 024, Loss: 1.4053, Train Acc: 0.2533, Val Acc: 0.2400
Epoch: 025, Loss: 1.4209, Train Acc: 0.2333, Val Acc: 0.2000
Epoch: 026, Loss: 1.4282, Train Acc: 0.2467, Val Acc: 0.2400
Epoch: 027, Loss: 1.3663, Train Acc: 0.2133, Val Acc: 0.2000
Epoch: 028, Loss: 1.3254, Train Acc: 0.2933, Val Acc: 0.2000
Epoch: 029, Loss: 1.4245, Train Acc: 0.2067, Val Acc: 0.2400
Epoch: 030, Loss: 1.4317, Train Acc: 0.2267, Val Acc: 0.2400
Epoch: 031, Loss: 1.4011, Train Acc: 0.2467, Val Acc: 0.3200
Epoch: 032, Loss: 1.4380, Train Acc: 0.2200, Val Acc: 0.2400
Epoch: 033, Loss: 1.4275, Train Acc: 0.2667, Val Acc: 0.2800
Epoch: 034, Loss: 1.3832, Train Acc: 0.2000, Val Acc: 0.1600
Epoch: 035, Loss: 1.4248, Train Acc: 0.1933, Val Acc: 0.2400
Epoch: 036, Loss: 1.3948, Train Acc: 0.2467, Val Acc: 0.2400
Epoch: 037, Loss: 1.3824, Train Acc: 0.2333, Val Acc: 0.2400
Epoch: 038, Loss: 1.3691, Train Acc: 0.2400, Val Acc: 0.2400
Epoch: 039, Loss: 1.4058, Train Acc: 0.2400, Val Acc: 0.2000
Epoch: 040, Loss: 1.3954, Train Acc: 0.2400, Val Acc: 0.2400
Epoch: 041, Loss: 1.3819, Train Acc: 0.2000, Val Acc: 0.1600
Epoch: 042, Loss: 1.3756, Train Acc: 0.2067, Val Acc: 0.2400
Epoch: 043, Loss: 1.4120, Train Acc: 0.2333, Val Acc: 0.2400
Epoch: 044, Loss: 1.3953, Train Acc: 0.2533, Val Acc: 0.2000
Epoch: 045, Loss: 1.3794, Train Acc: 0.2133, Val Acc: 0.2400
Epoch: 046, Loss: 1.4047, Train Acc: 0.2133, Val Acc: 0.2400
Epoch: 047, Loss: 1.3826, Train Acc: 0.2600, Val Acc: 0.2400
Epoch: 048, Loss: 1.4218, Train Acc: 0.2200, Val Acc: 0.2400
Epoch: 049, Loss: 1.3705, Train Acc: 0.2467, Val Acc: 0.2400
Epoch: 050, Loss: 1.3336, Train Acc: 0.2400, Val Acc: 0.2400
Epoch: 051, Loss: 1.3705, Train Acc: 0.2267, Val Acc: 0.2400
Epoch: 052, Loss: 1.3691, Train Acc: 0.2200, Val Acc: 0.2400
Epoch: 053, Loss: 1.3738, Train Acc: 0.2333, Val Acc: 0.2400
Epoch: 054, Loss: 1.4231, Train Acc: 0.2600, Val Acc: 0.2400
Epoch: 055, Loss: 1.3729, Train Acc: 0.2067, Val Acc: 0.2000
Epoch: 056, Loss: 1.4136, Train Acc: 0.2533, Val Acc: 0.2400
Epoch: 057, Loss: 1.4100, Train Acc: 0.2333, Val Acc: 0.2000
Epoch: 058, Loss: 1.4278, Train Acc: 0.2400, Val Acc: 0.2400
Epoch: 059, Loss: 1.3689, Train Acc: 0.1867, Val Acc: 0.2400
Epoch: 060, Loss: 1.4261, Train Acc: 0.2267, Val Acc: 0.2400
Epoch: 061, Loss: 1.4085, Train Acc: 0.2467, Val Acc: 0.2400
Epoch: 062, Loss: 1.3964, Train Acc: 0.2600, Val Acc: 0.2400
Epoch: 063, Loss: 1.4205, Train Acc: 0.3067, Val Acc: 0.2400
Epoch: 064, Loss: 1.3966, Train Acc: 0.2533, Val Acc: 0.2400
Epoch: 065, Loss: 1.3694, Train Acc: 0.2333, Val Acc: 0.2400
Epoch: 066, Loss: 1.3711, Train Acc: 0.2267, Val Acc: 0.3200
Epoch: 067, Loss: 1.3716, Train Acc: 0.2133, Val Acc: 0.2400
Epoch: 068, Loss: 1.4164, Train Acc: 0.2400, Val Acc: 0.2400
Epoch: 069, Loss: 1.3657, Train Acc: 0.2733, Val Acc: 0.2800
Epoch: 070, Loss: 1.4201, Train Acc: 0.2733, Val Acc: 0.2400
Epoch: 071, Loss: 1.4022, Train Acc: 0.2667, Val Acc: 0.2400
Epoch: 072, Loss: 1.4434, Train Acc: 0.2467, Val Acc: 0.2400
Epoch: 073, Loss: 1.4029, Train Acc: 0.2600, Val Acc: 0.2400
Epoch: 074, Loss: 1.4089, Train Acc: 0.2867, Val Acc: 0.2400
Epoch: 075, Loss: 1.4197, Train Acc: 0.2400, Val Acc: 0.2800
Epoch: 076, Loss: 1.4002, Train Acc: 0.2667, Val Acc: 0.2000
Epoch: 077, Loss: 1.4284, Train Acc: 0.2533, Val Acc: 0.2400
Epoch: 078, Loss: 1.3841, Train Acc: 0.2267, Val Acc: 0.2400
Epoch: 079, Loss: 1.4057, Train Acc: 0.2800, Val Acc: 0.2400
Epoch: 080, Loss: 1.3793, Train Acc: 0.2867, Val Acc: 0.2000
Epoch: 081, Loss: 1.4186, Train Acc: 0.2800, Val Acc: 0.2400
Epoch: 082, Loss: 1.4126, Train Acc: 0.2400, Val Acc: 0.2800
Epoch: 083, Loss: 1.4064, Train Acc: 0.2400, Val Acc: 0.2400
Epoch: 084, Loss: 1.4319, Train Acc: 0.2467, Val Acc: 0.2400
Epoch: 085, Loss: 1.4333, Train Acc: 0.2267, Val Acc: 0.2400
Epoch: 086, Loss: 1.3273, Train Acc: 0.2067, Val Acc: 0.2400
Epoch: 087, Loss: 1.3645, Train Acc: 0.2333, Val Acc: 0.2400
Epoch: 088, Loss: 1.4096, Train Acc: 0.2400, Val Acc: 0.2400
Epoch: 089, Loss: 1.4153, Train Acc: 0.2733, Val Acc: 0.3200
Epoch: 090, Loss: 1.4667, Train Acc: 0.2600, Val Acc: 0.2000
Epoch: 091, Loss: 1.4465, Train Acc: 0.2400, Val Acc: 0.3200
Epoch: 092, Loss: 1.3887, Train Acc: 0.2933, Val Acc: 0.2400
Epoch: 093, Loss: 1.1958, Train Acc: 0.1933, Val Acc: 0.2400
Epoch: 094, Loss: 1.3646, Train Acc: 0.2600, Val Acc: 0.3200
Epoch: 095, Loss: 1.4457, Train Acc: 0.2733, Val Acc: 0.2400
Epoch: 096, Loss: 1.4021, Train Acc: 0.2533, Val Acc: 0.2800
Epoch: 097, Loss: 0.2804, Train Acc: 0.2667, Val Acc: 0.2400
Epoch: 098, Loss: 1.3756, Train Acc: 0.2267, Val Acc: 0.2000
Epoch: 099, Loss: 1.3501, Train Acc: 0.3000, Val Acc: 0.2400
Epoch: 100, Loss: 1.4042, Train Acc: 0.2267, Val Acc: 0.2400
Epoch: 101, Loss: 1.3547, Train Acc: 0.2333, Val Acc: 0.2400
Epoch: 102, Loss: 1.3313, Train Acc: 0.2400, Val Acc: 0.2400
Epoch: 103, Loss: 1.3676, Train Acc: 0.2667, Val Acc: 0.3200
Epoch: 104, Loss: 1.3848, Train Acc: 0.2600, Val Acc: 0.2400
Epoch: 105, Loss: 1.4024, Train Acc: 0.2333, Val Acc: 0.2400
Epoch: 106, Loss: 1.3467, Train Acc: 0.2133, Val Acc: 0.2400
Epoch: 107, Loss: 1.4724, Train Acc: 0.2600, Val Acc: 0.2400
Epoch: 108, Loss: 1.3217, Train Acc: 0.2200, Val Acc: 0.2400
Epoch: 109, Loss: 1.3838, Train Acc: 0.2400, Val Acc: 0.2400
Epoch: 110, Loss: 1.4400, Train Acc: 0.2400, Val Acc: 0.2400
Epoch: 111, Loss: 1.4419, Train Acc: 0.2533, Val Acc: 0.2400
Epoch: 112, Loss: 1.3619, Train Acc: 0.2267, Val Acc: 0.3200
Epoch: 113, Loss: 1.3593, Train Acc: 0.2133, Val Acc: 0.2400
Epoch: 114, Loss: 1.4069, Train Acc: 0.2067, Val Acc: 0.2400
Epoch: 115, Loss: 1.4517, Train Acc: 0.2333, Val Acc: 0.2400
Epoch: 116, Loss: 1.3704, Train Acc: 0.2600, Val Acc: 0.2400
Epoch: 117, Loss: 1.2613, Train Acc: 0.2867, Val Acc: 0.2400
Epoch: 118, Loss: 1.4035, Train Acc: 0.2667, Val Acc: 0.2000
Epoch: 119, Loss: 1.4133, Train Acc: 0.2667, Val Acc: 0.2400
Epoch: 120, Loss: 1.4043, Train Acc: 0.2533, Val Acc: 0.2400
Epoch: 121, Loss: 1.3955, Train Acc: 0.2667, Val Acc: 0.2400
Epoch: 122, Loss: 1.2826, Train Acc: 0.2400, Val Acc: 0.1600
Epoch: 123, Loss: 1.3900, Train Acc: 0.2333, Val Acc: 0.2400
Epoch: 124, Loss: 1.3860, Train Acc: 0.2133, Val Acc: 0.2400
Epoch: 125, Loss: 1.4018, Train Acc: 0.2867, Val Acc: 0.2400
Epoch: 126, Loss: 1.3887, Train Acc: 0.2733, Val Acc: 0.1600
Epoch: 127, Loss: 1.4285, Train Acc: 0.2533, Val Acc: 0.2000
Epoch: 128, Loss: 1.3935, Train Acc: 0.2533, Val Acc: 0.1600
Epoch: 129, Loss: 1.3980, Train Acc: 0.2600, Val Acc: 0.2000
Epoch: 130, Loss: 1.3958, Train Acc: 0.2333, Val Acc: 0.2400
Epoch: 131, Loss: 1.4088, Train Acc: 0.2667, Val Acc: 0.2400
Epoch: 132, Loss: 1.3840, Train Acc: 0.2400, Val Acc: 0.2800
Epoch: 133, Loss: 1.3730, Train Acc: 0.2600, Val Acc: 0.2400
Epoch: 134, Loss: 1.3829, Train Acc: 0.3067, Val Acc: 0.2400
Epoch: 135, Loss: 1.4217, Train Acc: 0.2400, Val Acc: 0.2400
Epoch: 136, Loss: 1.3923, Train Acc: 0.3200, Val Acc: 0.2400
Epoch: 137, Loss: 1.4133, Train Acc: 0.3000, Val Acc: 0.2800
Epoch: 138, Loss: 1.2836, Train Acc: 0.2400, Val Acc: 0.2400
Epoch: 139, Loss: 1.1845, Train Acc: 0.2867, Val Acc: 0.2400
Epoch: 140, Loss: 1.3864, Train Acc: 0.2333, Val Acc: 0.2000
Epoch: 141, Loss: 1.4432, Train Acc: 0.2533, Val Acc: 0.3200
Epoch: 142, Loss: 1.4205, Train Acc: 0.2600, Val Acc: 0.2400
Epoch: 143, Loss: 1.4057, Train Acc: 0.2533, Val Acc: 0.2000
Epoch: 144, Loss: 1.3910, Train Acc: 0.2400, Val Acc: 0.2800
Epoch: 145, Loss: 1.3688, Train Acc: 0.2467, Val Acc: 0.2000
Epoch: 146, Loss: 1.4158, Train Acc: 0.2667, Val Acc: 0.2800
Epoch: 147, Loss: 1.2480, Train Acc: 0.2867, Val Acc: 0.2400
Epoch: 148, Loss: 1.3060, Train Acc: 0.2600, Val Acc: 0.2400
Epoch: 149, Loss: 1.3973, Train Acc: 0.3067, Val Acc: 0.1600
Epoch: 150, Loss: 1.3172, Train Acc: 0.2533, Val Acc: 0.2400
Epoch: 151, Loss: 1.4275, Train Acc: 0.2600, Val Acc: 0.2400
Epoch: 152, Loss: 1.4426, Train Acc: 0.2533, Val Acc: 0.2400
Epoch: 153, Loss: 1.4234, Train Acc: 0.2733, Val Acc: 0.2400
Epoch: 154, Loss: 1.3284, Train Acc: 0.2533, Val Acc: 0.2400
Epoch: 155, Loss: 1.3745, Train Acc: 0.2867, Val Acc: 0.2400
Epoch: 156, Loss: 1.4452, Train Acc: 0.2867, Val Acc: 0.2000
Epoch: 157, Loss: 1.3666, Train Acc: 0.2800, Val Acc: 0.2000
Epoch: 158, Loss: 1.3772, Train Acc: 0.2600, Val Acc: 0.2800
Epoch: 159, Loss: 1.3846, Train Acc: 0.2333, Val Acc: 0.2400
Epoch: 160, Loss: 1.3988, Train Acc: 0.2600, Val Acc: 0.2400
Epoch: 161, Loss: 1.3833, Train Acc: 0.3000, Val Acc: 0.2400
Epoch: 162, Loss: 1.3547, Train Acc: 0.2867, Val Acc: 0.2400
Epoch: 163, Loss: 1.3844, Train Acc: 0.2733, Val Acc: 0.2400
Epoch: 164, Loss: 1.3994, Train Acc: 0.2267, Val Acc: 0.2400
Epoch: 165, Loss: 1.4002, Train Acc: 0.2800, Val Acc: 0.2400
Epoch: 166, Loss: 1.4184, Train Acc: 0.3133, Val Acc: 0.2400
Epoch: 167, Loss: 1.3868, Train Acc: 0.2467, Val Acc: 0.2400
Epoch: 168, Loss: 1.3977, Train Acc: 0.2867, Val Acc: 0.2400
Epoch: 169, Loss: 1.4198, Train Acc: 0.2467, Val Acc: 0.2400
Epoch: 170, Loss: 1.3922, Train Acc: 0.2600, Val Acc: 0.2400
Epoch: 171, Loss: 1.4257, Train Acc: 0.2733, Val Acc: 0.2400
Epoch: 172, Loss: 1.3856, Train Acc: 0.2867, Val Acc: 0.2400
Epoch: 173, Loss: 1.4045, Train Acc: 0.2533, Val Acc: 0.2800
Epoch: 174, Loss: 1.4034, Train Acc: 0.2867, Val Acc: 0.1600
Epoch: 175, Loss: 1.3910, Train Acc: 0.2667, Val Acc: 0.2800
Epoch: 176, Loss: 1.4192, Train Acc: 0.2800, Val Acc: 0.2400
Epoch: 177, Loss: 1.3337, Train Acc: 0.2867, Val Acc: 0.2400
Epoch: 178, Loss: 1.4389, Train Acc: 0.2400, Val Acc: 0.2400
Epoch: 179, Loss: 1.4144, Train Acc: 0.2800, Val Acc: 0.2400
Epoch: 180, Loss: 1.4558, Train Acc: 0.3200, Val Acc: 0.2000
Epoch: 181, Loss: 1.4027, Train Acc: 0.2200, Val Acc: 0.2800
Epoch: 182, Loss: 1.4435, Train Acc: 0.3200, Val Acc: 0.2400
Epoch: 183, Loss: 1.3845, Train Acc: 0.2533, Val Acc: 0.2400
Epoch: 184, Loss: 1.3661, Train Acc: 0.2667, Val Acc: 0.2400
Epoch: 185, Loss: 1.3455, Train Acc: 0.2867, Val Acc: 0.3200
Epoch: 186, Loss: 1.1506, Train Acc: 0.2667, Val Acc: 0.2400
Epoch: 187, Loss: 1.3503, Train Acc: 0.2467, Val Acc: 0.2400
Epoch: 188, Loss: 1.4260, Train Acc: 0.2867, Val Acc: 0.2800
Epoch: 189, Loss: 1.3995, Train Acc: 0.2667, Val Acc: 0.2400
Epoch: 190, Loss: 1.4031, Train Acc: 0.2733, Val Acc: 0.2400
Epoch: 191, Loss: 1.2950, Train Acc: 0.2867, Val Acc: 0.2400
Epoch: 192, Loss: 1.3070, Train Acc: 0.2733, Val Acc: 0.2400
Epoch: 193, Loss: 1.3115, Train Acc: 0.2733, Val Acc: 0.2400
Epoch: 194, Loss: 1.4350, Train Acc: 0.3000, Val Acc: 0.2400
Epoch: 195, Loss: 1.3600, Train Acc: 0.2867, Val Acc: 0.2800
Epoch: 196, Loss: 1.3942, Train Acc: 0.2933, Val Acc: 0.2400
Epoch: 197, Loss: 1.4483, Train Acc: 0.3133, Val Acc: 0.2400
Epoch: 198, Loss: 1.4154, Train Acc: 0.2533, Val Acc: 0.2400
Epoch: 199, Loss: 1.4008, Train Acc: 0.2733, Val Acc: 0.2800
Split 0 evaluatation: Acc: 0.2800, Precision: 0.2800, Recall: 0.2800, F1 : 0.2800

Epoch: 000, Loss: 1.3946, Train Acc: 0.1933, Val Acc: 0.2400
Epoch: 001, Loss: 1.4386, Train Acc: 0.1667, Val Acc: 0.2400
Epoch: 002, Loss: 1.4281, Train Acc: 0.2267, Val Acc: 0.2400
Epoch: 003, Loss: 1.3755, Train Acc: 0.2000, Val Acc: 0.2400
Epoch: 004, Loss: 1.4079, Train Acc: 0.2333, Val Acc: 0.2400
Epoch: 005, Loss: 1.4007, Train Acc: 0.2533, Val Acc: 0.2400
Epoch: 006, Loss: 1.3581, Train Acc: 0.1600, Val Acc: 0.2400
Epoch: 007, Loss: 1.3810, Train Acc: 0.2333, Val Acc: 0.2000
Epoch: 008, Loss: 1.4202, Train Acc: 0.1867, Val Acc: 0.2400
Epoch: 009, Loss: 1.4050, Train Acc: 0.2467, Val Acc: 0.2400
Epoch: 010, Loss: 1.4389, Train Acc: 0.2067, Val Acc: 0.2400
Epoch: 011, Loss: 1.3748, Train Acc: 0.2000, Val Acc: 0.2400
Epoch: 012, Loss: 1.4184, Train Acc: 0.2067, Val Acc: 0.4000
Epoch: 013, Loss: 1.4227, Train Acc: 0.2333, Val Acc: 0.2400
Epoch: 014, Loss: 1.3730, Train Acc: 0.2133, Val Acc: 0.2400
Epoch: 015, Loss: 1.4396, Train Acc: 0.2000, Val Acc: 0.2400
Epoch: 016, Loss: 1.3629, Train Acc: 0.2400, Val Acc: 0.2400
Epoch: 017, Loss: 1.3904, Train Acc: 0.2267, Val Acc: 0.1600
Epoch: 018, Loss: 1.3621, Train Acc: 0.2133, Val Acc: 0.2400
Epoch: 019, Loss: 1.4105, Train Acc: 0.2133, Val Acc: 0.2400
Epoch: 020, Loss: 1.3768, Train Acc: 0.2333, Val Acc: 0.2400
Epoch: 021, Loss: 1.3707, Train Acc: 0.2467, Val Acc: 0.2400
Epoch: 022, Loss: 1.4304, Train Acc: 0.2733, Val Acc: 0.2400
Epoch: 023, Loss: 1.3619, Train Acc: 0.2400, Val Acc: 0.1200
Epoch: 024, Loss: 1.3183, Train Acc: 0.2333, Val Acc: 0.2000
Epoch: 025, Loss: 1.4328, Train Acc: 0.1933, Val Acc: 0.1600
Epoch: 026, Loss: 1.4169, Train Acc: 0.2600, Val Acc: 0.2400
Epoch: 027, Loss: 1.4033, Train Acc: 0.2067, Val Acc: 0.2400
Epoch: 028, Loss: 1.3468, Train Acc: 0.2067, Val Acc: 0.2400
Epoch: 029, Loss: 1.3841, Train Acc: 0.2533, Val Acc: 0.2400
Epoch: 030, Loss: 1.4219, Train Acc: 0.2533, Val Acc: 0.0800
Epoch: 031, Loss: 1.4255, Train Acc: 0.2200, Val Acc: 0.2000
Epoch: 032, Loss: 1.4332, Train Acc: 0.2400, Val Acc: 0.2800
Epoch: 033, Loss: 1.4077, Train Acc: 0.2400, Val Acc: 0.2400
Epoch: 034, Loss: 1.3768, Train Acc: 0.2600, Val Acc: 0.2400
Epoch: 035, Loss: 1.3623, Train Acc: 0.2267, Val Acc: 0.2400
Epoch: 036, Loss: 1.3572, Train Acc: 0.2667, Val Acc: 0.2400
Epoch: 037, Loss: 1.3822, Train Acc: 0.2133, Val Acc: 0.2400
Epoch: 038, Loss: 1.4260, Train Acc: 0.2467, Val Acc: 0.2400
Epoch: 039, Loss: 1.4089, Train Acc: 0.2867, Val Acc: 0.1200
Epoch: 040, Loss: 1.3850, Train Acc: 0.2667, Val Acc: 0.1600
Epoch: 041, Loss: 1.3953, Train Acc: 0.2400, Val Acc: 0.2000
Epoch: 042, Loss: 1.3792, Train Acc: 0.2200, Val Acc: 0.2400
Epoch: 043, Loss: 1.3772, Train Acc: 0.2800, Val Acc: 0.2400
Epoch: 044, Loss: 1.3820, Train Acc: 0.2667, Val Acc: 0.2400
Epoch: 045, Loss: 1.4550, Train Acc: 0.2667, Val Acc: 0.2000
Epoch: 046, Loss: 1.4183, Train Acc: 0.2400, Val Acc: 0.2400
Epoch: 047, Loss: 1.4044, Train Acc: 0.2267, Val Acc: 0.2400
Epoch: 048, Loss: 1.4131, Train Acc: 0.2533, Val Acc: 0.2400
Epoch: 049, Loss: 1.4378, Train Acc: 0.2267, Val Acc: 0.2400
Epoch: 050, Loss: 1.4213, Train Acc: 0.2467, Val Acc: 0.2400
Epoch: 051, Loss: 1.4175, Train Acc: 0.2667, Val Acc: 0.2400
Epoch: 052, Loss: 1.3273, Train Acc: 0.2800, Val Acc: 0.2400
Epoch: 053, Loss: 1.4297, Train Acc: 0.2133, Val Acc: 0.2000
Epoch: 054, Loss: 1.4116, Train Acc: 0.2400, Val Acc: 0.2400
Epoch: 055, Loss: 1.4374, Train Acc: 0.2800, Val Acc: 0.1200
Epoch: 056, Loss: 1.4112, Train Acc: 0.2533, Val Acc: 0.1200
Epoch: 057, Loss: 1.3613, Train Acc: 0.2067, Val Acc: 0.3200
Epoch: 058, Loss: 1.4051, Train Acc: 0.2200, Val Acc: 0.2400
Epoch: 059, Loss: 1.4202, Train Acc: 0.2400, Val Acc: 0.3200
Epoch: 060, Loss: 1.3963, Train Acc: 0.2533, Val Acc: 0.2800
Epoch: 061, Loss: 1.2952, Train Acc: 0.2667, Val Acc: 0.1200
Epoch: 062, Loss: 1.3851, Train Acc: 0.2400, Val Acc: 0.2400
Epoch: 063, Loss: 1.3975, Train Acc: 0.2467, Val Acc: 0.2400
Epoch: 064, Loss: 1.3696, Train Acc: 0.2600, Val Acc: 0.2800
Epoch: 065, Loss: 1.3941, Train Acc: 0.2133, Val Acc: 0.1200
Epoch: 066, Loss: 1.4076, Train Acc: 0.3133, Val Acc: 0.2400
Epoch: 067, Loss: 1.3632, Train Acc: 0.2267, Val Acc: 0.3200
Epoch: 068, Loss: 1.4006, Train Acc: 0.2667, Val Acc: 0.2400
Epoch: 069, Loss: 1.3722, Train Acc: 0.2467, Val Acc: 0.2800
Epoch: 070, Loss: 1.3403, Train Acc: 0.2600, Val Acc: 0.2400
Epoch: 071, Loss: 1.3648, Train Acc: 0.2400, Val Acc: 0.1200
Epoch: 072, Loss: 1.3901, Train Acc: 0.2600, Val Acc: 0.1600
Epoch: 073, Loss: 1.4035, Train Acc: 0.2467, Val Acc: 0.1600
Epoch: 074, Loss: 1.4191, Train Acc: 0.2467, Val Acc: 0.1600
Epoch: 075, Loss: 1.3650, Train Acc: 0.2267, Val Acc: 0.1200
Epoch: 076, Loss: 1.3883, Train Acc: 0.2467, Val Acc: 0.1200
Epoch: 077, Loss: 1.3941, Train Acc: 0.2467, Val Acc: 0.2400
Epoch: 078, Loss: 1.3883, Train Acc: 0.2533, Val Acc: 0.0800
Epoch: 079, Loss: 1.4164, Train Acc: 0.2800, Val Acc: 0.2800
Epoch: 080, Loss: 1.4864, Train Acc: 0.2467, Val Acc: 0.1200
Epoch: 081, Loss: 1.2896, Train Acc: 0.2667, Val Acc: 0.2000
Epoch: 082, Loss: 1.3552, Train Acc: 0.2533, Val Acc: 0.2400
Epoch: 083, Loss: 1.4134, Train Acc: 0.2667, Val Acc: 0.1600
Epoch: 084, Loss: 1.4639, Train Acc: 0.2400, Val Acc: 0.2400
Epoch: 085, Loss: 1.3723, Train Acc: 0.2867, Val Acc: 0.2000
Epoch: 086, Loss: 1.4271, Train Acc: 0.2733, Val Acc: 0.3200
Epoch: 087, Loss: 1.3382, Train Acc: 0.2733, Val Acc: 0.2800
Epoch: 088, Loss: 1.4679, Train Acc: 0.2667, Val Acc: 0.2800
Epoch: 089, Loss: 1.3911, Train Acc: 0.2667, Val Acc: 0.2000
Epoch: 090, Loss: 1.3392, Train Acc: 0.2333, Val Acc: 0.1200
Epoch: 091, Loss: 1.3808, Train Acc: 0.2600, Val Acc: 0.2400
Epoch: 092, Loss: 1.3652, Train Acc: 0.2933, Val Acc: 0.2800
Epoch: 093, Loss: 1.4236, Train Acc: 0.2467, Val Acc: 0.2400
Epoch: 094, Loss: 1.3627, Train Acc: 0.2533, Val Acc: 0.2400
Epoch: 095, Loss: 1.4067, Train Acc: 0.2600, Val Acc: 0.2400
Epoch: 096, Loss: 1.3992, Train Acc: 0.2667, Val Acc: 0.0400
Epoch: 097, Loss: 1.4341, Train Acc: 0.2733, Val Acc: 0.1200
Epoch: 098, Loss: 1.3868, Train Acc: 0.3000, Val Acc: 0.1200
Epoch: 099, Loss: 1.2774, Train Acc: 0.2867, Val Acc: 0.1600
Epoch: 100, Loss: 1.3952, Train Acc: 0.2267, Val Acc: 0.1600
Epoch: 101, Loss: 1.3814, Train Acc: 0.2400, Val Acc: 0.3200
Epoch: 102, Loss: 1.4992, Train Acc: 0.2867, Val Acc: 0.2800
Epoch: 103, Loss: 1.3514, Train Acc: 0.2400, Val Acc: 0.2400
Epoch: 104, Loss: 1.4434, Train Acc: 0.2467, Val Acc: 0.1200
Epoch: 105, Loss: 1.4414, Train Acc: 0.2267, Val Acc: 0.2400
Epoch: 106, Loss: 1.3930, Train Acc: 0.2800, Val Acc: 0.2400
Epoch: 107, Loss: 1.4359, Train Acc: 0.2533, Val Acc: 0.2400
Epoch: 108, Loss: 1.3819, Train Acc: 0.2867, Val Acc: 0.2400
Epoch: 109, Loss: 1.3830, Train Acc: 0.2733, Val Acc: 0.1200
Epoch: 110, Loss: 1.3940, Train Acc: 0.2667, Val Acc: 0.2000
Epoch: 111, Loss: 1.4214, Train Acc: 0.2533, Val Acc: 0.1600
Epoch: 112, Loss: 1.4242, Train Acc: 0.2733, Val Acc: 0.2400
Epoch: 113, Loss: 1.3493, Train Acc: 0.2200, Val Acc: 0.3200
Epoch: 114, Loss: 1.4194, Train Acc: 0.2867, Val Acc: 0.3200
Epoch: 115, Loss: 1.3699, Train Acc: 0.2667, Val Acc: 0.1600
Epoch: 116, Loss: 1.3512, Train Acc: 0.2800, Val Acc: 0.0400
Epoch: 117, Loss: 1.2228, Train Acc: 0.3000, Val Acc: 0.1200
Epoch: 118, Loss: 1.4109, Train Acc: 0.2733, Val Acc: 0.1600
Epoch: 119, Loss: 1.2820, Train Acc: 0.2667, Val Acc: 0.2400
Epoch: 120, Loss: 1.3721, Train Acc: 0.2533, Val Acc: 0.2400
Epoch: 121, Loss: 1.3973, Train Acc: 0.2867, Val Acc: 0.2000
Epoch: 122, Loss: 1.3901, Train Acc: 0.2667, Val Acc: 0.1600
Epoch: 123, Loss: 1.3366, Train Acc: 0.3333, Val Acc: 0.2400
Epoch: 124, Loss: 1.3689, Train Acc: 0.2800, Val Acc: 0.4000
Epoch: 125, Loss: 1.3798, Train Acc: 0.2533, Val Acc: 0.1600
Epoch: 126, Loss: 1.3486, Train Acc: 0.2733, Val Acc: 0.2000
Epoch: 127, Loss: 1.3692, Train Acc: 0.2267, Val Acc: 0.1200
Epoch: 128, Loss: 1.3514, Train Acc: 0.2333, Val Acc: 0.2800
Epoch: 129, Loss: 1.4290, Train Acc: 0.2867, Val Acc: 0.2400
Epoch: 130, Loss: 1.3851, Train Acc: 0.2867, Val Acc: 0.2400
Epoch: 131, Loss: 1.3668, Train Acc: 0.2467, Val Acc: 0.2000
Epoch: 132, Loss: 1.3570, Train Acc: 0.3133, Val Acc: 0.2800
Epoch: 133, Loss: 1.4060, Train Acc: 0.3133, Val Acc: 0.2400
Epoch: 134, Loss: 1.4279, Train Acc: 0.2667, Val Acc: 0.3200
Epoch: 135, Loss: 1.3873, Train Acc: 0.2800, Val Acc: 0.1600
Epoch: 136, Loss: 1.3403, Train Acc: 0.2600, Val Acc: 0.2800
Epoch: 137, Loss: 1.4205, Train Acc: 0.2867, Val Acc: 0.2400
Epoch: 138, Loss: 1.3901, Train Acc: 0.2933, Val Acc: 0.1200
Epoch: 139, Loss: 1.3943, Train Acc: 0.2533, Val Acc: 0.2400
Epoch: 140, Loss: 1.3748, Train Acc: 0.2667, Val Acc: 0.2400
Epoch: 141, Loss: 1.4542, Train Acc: 0.3000, Val Acc: 0.2800
Epoch: 142, Loss: 1.3883, Train Acc: 0.2600, Val Acc: 0.2800
Epoch: 143, Loss: 1.3839, Train Acc: 0.3133, Val Acc: 0.2000
Epoch: 144, Loss: 1.3177, Train Acc: 0.2667, Val Acc: 0.2400
Epoch: 145, Loss: 1.3708, Train Acc: 0.2867, Val Acc: 0.2800
Epoch: 146, Loss: 1.4162, Train Acc: 0.2800, Val Acc: 0.2400
Epoch: 147, Loss: 1.1825, Train Acc: 0.2400, Val Acc: 0.2400
Epoch: 148, Loss: 1.3666, Train Acc: 0.2667, Val Acc: 0.3200
Epoch: 149, Loss: 1.3743, Train Acc: 0.2600, Val Acc: 0.2400
Epoch: 150, Loss: 1.2787, Train Acc: 0.2800, Val Acc: 0.1600
Epoch: 151, Loss: 1.4210, Train Acc: 0.2667, Val Acc: 0.1200
Epoch: 152, Loss: 1.3763, Train Acc: 0.2800, Val Acc: 0.2000
Epoch: 153, Loss: 1.3790, Train Acc: 0.3000, Val Acc: 0.1200
Epoch: 154, Loss: 1.3762, Train Acc: 0.2467, Val Acc: 0.2400
Epoch: 155, Loss: 1.4030, Train Acc: 0.2800, Val Acc: 0.2400
Epoch: 156, Loss: 1.4038, Train Acc: 0.2800, Val Acc: 0.2000
Epoch: 157, Loss: 1.4092, Train Acc: 0.2467, Val Acc: 0.2000
Epoch: 158, Loss: 1.3706, Train Acc: 0.2333, Val Acc: 0.2400
Epoch: 159, Loss: 1.3689, Train Acc: 0.3200, Val Acc: 0.2400
Epoch: 160, Loss: 1.3496, Train Acc: 0.3000, Val Acc: 0.0800
Epoch: 161, Loss: 1.4019, Train Acc: 0.2867, Val Acc: 0.1200
Epoch: 162, Loss: 1.3491, Train Acc: 0.2933, Val Acc: 0.2400
Epoch: 163, Loss: 1.4104, Train Acc: 0.2733, Val Acc: 0.0800
Epoch: 164, Loss: 1.3915, Train Acc: 0.2667, Val Acc: 0.1200
Epoch: 165, Loss: 1.4347, Train Acc: 0.3067, Val Acc: 0.2400
Epoch: 166, Loss: 1.3610, Train Acc: 0.3000, Val Acc: 0.1200
Epoch: 167, Loss: 1.4399, Train Acc: 0.2733, Val Acc: 0.3200
Epoch: 168, Loss: 1.3694, Train Acc: 0.3067, Val Acc: 0.1600
Epoch: 169, Loss: 1.3954, Train Acc: 0.2600, Val Acc: 0.2000
Epoch: 170, Loss: 1.3483, Train Acc: 0.2533, Val Acc: 0.2000
Epoch: 171, Loss: 1.4061, Train Acc: 0.3200, Val Acc: 0.3200
Epoch: 172, Loss: 1.4201, Train Acc: 0.2533, Val Acc: 0.3200
Epoch: 173, Loss: 1.4273, Train Acc: 0.3133, Val Acc: 0.2800
Epoch: 174, Loss: 1.3791, Train Acc: 0.3200, Val Acc: 0.2400
Epoch: 175, Loss: 1.3587, Train Acc: 0.3200, Val Acc: 0.0800
Epoch: 176, Loss: 1.4641, Train Acc: 0.2733, Val Acc: 0.2400
Epoch: 177, Loss: 1.3397, Train Acc: 0.3400, Val Acc: 0.2800
Epoch: 178, Loss: 1.4545, Train Acc: 0.2733, Val Acc: 0.2400
Epoch: 179, Loss: 1.4399, Train Acc: 0.2933, Val Acc: 0.2800
Epoch: 180, Loss: 1.3271, Train Acc: 0.3000, Val Acc: 0.2400
Epoch: 181, Loss: 1.3807, Train Acc: 0.2867, Val Acc: 0.2400
Epoch: 182, Loss: 1.4370, Train Acc: 0.3467, Val Acc: 0.2400
Epoch: 183, Loss: 1.4110, Train Acc: 0.3267, Val Acc: 0.2400
Epoch: 184, Loss: 1.3792, Train Acc: 0.2933, Val Acc: 0.2800
Epoch: 185, Loss: 1.3483, Train Acc: 0.3533, Val Acc: 0.2400
Epoch: 186, Loss: 1.4004, Train Acc: 0.2800, Val Acc: 0.0800
Epoch: 187, Loss: 1.3508, Train Acc: 0.3333, Val Acc: 0.1200
Epoch: 188, Loss: 1.4252, Train Acc: 0.2800, Val Acc: 0.2400
Epoch: 189, Loss: 1.4067, Train Acc: 0.2800, Val Acc: 0.2400
Epoch: 190, Loss: 1.3889, Train Acc: 0.2667, Val Acc: 0.2400
Epoch: 191, Loss: 1.4436, Train Acc: 0.2600, Val Acc: 0.2400
Epoch: 192, Loss: 1.4228, Train Acc: 0.2800, Val Acc: 0.2000
Epoch: 193, Loss: 1.3504, Train Acc: 0.2667, Val Acc: 0.0800
Epoch: 194, Loss: 1.4092, Train Acc: 0.2867, Val Acc: 0.1200
Epoch: 195, Loss: 1.3855, Train Acc: 0.2667, Val Acc: 0.2800
Epoch: 196, Loss: 1.3971, Train Acc: 0.3200, Val Acc: 0.1600
Epoch: 197, Loss: 1.2264, Train Acc: 0.2733, Val Acc: 0.2400
Epoch: 198, Loss: 1.3696, Train Acc: 0.2867, Val Acc: 0.2800
Epoch: 199, Loss: 1.3718, Train Acc: 0.2867, Val Acc: 0.2800
Split 1 evaluatation: Acc: 0.3200, Precision: 0.3200, Recall: 0.3200, F1 : 0.3200

Epoch: 000, Loss: 1.4258, Train Acc: 0.2000, Val Acc: 0.2400
Epoch: 001, Loss: 1.4258, Train Acc: 0.2333, Val Acc: 0.2400
Epoch: 002, Loss: 1.4080, Train Acc: 0.2133, Val Acc: 0.2400
Epoch: 003, Loss: 1.3966, Train Acc: 0.2333, Val Acc: 0.2400
Epoch: 004, Loss: 1.4400, Train Acc: 0.1467, Val Acc: 0.2800
Epoch: 005, Loss: 1.3982, Train Acc: 0.2067, Val Acc: 0.2400
Epoch: 006, Loss: 1.4131, Train Acc: 0.2133, Val Acc: 0.2800
Epoch: 007, Loss: 1.3920, Train Acc: 0.2133, Val Acc: 0.2400
Epoch: 008, Loss: 1.3907, Train Acc: 0.2000, Val Acc: 0.2400
Epoch: 009, Loss: 1.3795, Train Acc: 0.2000, Val Acc: 0.2400
Epoch: 010, Loss: 1.3722, Train Acc: 0.2267, Val Acc: 0.2800
Epoch: 011, Loss: 1.4391, Train Acc: 0.1933, Val Acc: 0.2400
Epoch: 012, Loss: 1.4197, Train Acc: 0.2533, Val Acc: 0.2000
Epoch: 013, Loss: 1.3548, Train Acc: 0.2467, Val Acc: 0.2400
Epoch: 014, Loss: 1.3800, Train Acc: 0.2333, Val Acc: 0.2400
Epoch: 015, Loss: 1.4082, Train Acc: 0.2200, Val Acc: 0.2400
Epoch: 016, Loss: 1.4104, Train Acc: 0.2267, Val Acc: 0.2400
Epoch: 017, Loss: 1.4318, Train Acc: 0.2000, Val Acc: 0.2800
Epoch: 018, Loss: 1.3882, Train Acc: 0.2533, Val Acc: 0.2400
Epoch: 019, Loss: 1.3830, Train Acc: 0.2267, Val Acc: 0.2400
Epoch: 020, Loss: 1.3831, Train Acc: 0.2333, Val Acc: 0.3200
Epoch: 021, Loss: 1.3823, Train Acc: 0.2600, Val Acc: 0.2400
Epoch: 022, Loss: 1.3694, Train Acc: 0.2333, Val Acc: 0.2400
Epoch: 023, Loss: 1.4179, Train Acc: 0.2467, Val Acc: 0.2400
Epoch: 024, Loss: 1.4240, Train Acc: 0.2067, Val Acc: 0.2400
Epoch: 025, Loss: 1.3803, Train Acc: 0.2333, Val Acc: 0.3200
Epoch: 026, Loss: 1.3719, Train Acc: 0.2400, Val Acc: 0.2400
Epoch: 027, Loss: 1.3747, Train Acc: 0.2400, Val Acc: 0.2400
Epoch: 028, Loss: 1.3858, Train Acc: 0.2067, Val Acc: 0.3200
Epoch: 029, Loss: 1.4006, Train Acc: 0.2800, Val Acc: 0.2800
Epoch: 030, Loss: 1.3833, Train Acc: 0.2133, Val Acc: 0.2800
Epoch: 031, Loss: 1.3865, Train Acc: 0.2467, Val Acc: 0.2400
Epoch: 032, Loss: 1.4328, Train Acc: 0.2467, Val Acc: 0.2400
Epoch: 033, Loss: 1.3710, Train Acc: 0.2333, Val Acc: 0.3200
Epoch: 034, Loss: 1.4106, Train Acc: 0.2533, Val Acc: 0.2400
Epoch: 035, Loss: 1.4347, Train Acc: 0.2467, Val Acc: 0.2400
Epoch: 036, Loss: 1.3536, Train Acc: 0.2200, Val Acc: 0.2400
Epoch: 037, Loss: 1.3811, Train Acc: 0.2267, Val Acc: 0.2400
Epoch: 038, Loss: 1.3907, Train Acc: 0.2333, Val Acc: 0.2000
Epoch: 039, Loss: 1.3602, Train Acc: 0.2067, Val Acc: 0.2400
Epoch: 040, Loss: 1.4008, Train Acc: 0.2200, Val Acc: 0.2400
Epoch: 041, Loss: 1.3646, Train Acc: 0.2667, Val Acc: 0.2400
Epoch: 042, Loss: 1.3885, Train Acc: 0.2400, Val Acc: 0.2400
Epoch: 043, Loss: 1.3972, Train Acc: 0.2467, Val Acc: 0.2400
Epoch: 044, Loss: 1.4076, Train Acc: 0.2133, Val Acc: 0.2400
Epoch: 045, Loss: 1.4070, Train Acc: 0.2467, Val Acc: 0.2400
Epoch: 046, Loss: 1.3930, Train Acc: 0.2467, Val Acc: 0.2400
Epoch: 047, Loss: 1.4014, Train Acc: 0.2333, Val Acc: 0.2400
Epoch: 048, Loss: 1.3791, Train Acc: 0.2267, Val Acc: 0.2400
Epoch: 049, Loss: 1.3697, Train Acc: 0.2000, Val Acc: 0.3200
Epoch: 050, Loss: 1.4103, Train Acc: 0.2133, Val Acc: 0.2800
Epoch: 051, Loss: 1.3843, Train Acc: 0.2267, Val Acc: 0.2400
Epoch: 052, Loss: 1.4189, Train Acc: 0.2733, Val Acc: 0.3200
Epoch: 053, Loss: 1.3938, Train Acc: 0.2467, Val Acc: 0.2400
Epoch: 054, Loss: 1.3660, Train Acc: 0.2667, Val Acc: 0.3200
Epoch: 055, Loss: 1.3607, Train Acc: 0.2467, Val Acc: 0.3200
Epoch: 056, Loss: 1.3826, Train Acc: 0.2200, Val Acc: 0.2800
Epoch: 057, Loss: 1.3770, Train Acc: 0.2600, Val Acc: 0.2400
Epoch: 058, Loss: 1.4044, Train Acc: 0.2533, Val Acc: 0.2800
Epoch: 059, Loss: 1.3764, Train Acc: 0.2467, Val Acc: 0.2800
Epoch: 060, Loss: 1.3569, Train Acc: 0.2467, Val Acc: 0.3200
Epoch: 061, Loss: 1.3931, Train Acc: 0.2600, Val Acc: 0.2400
Epoch: 062, Loss: 1.4075, Train Acc: 0.2400, Val Acc: 0.2800
Epoch: 063, Loss: 1.2311, Train Acc: 0.2600, Val Acc: 0.2400
Epoch: 064, Loss: 1.4192, Train Acc: 0.2533, Val Acc: 0.2400
Epoch: 065, Loss: 1.4110, Train Acc: 0.2000, Val Acc: 0.2400
Epoch: 066, Loss: 1.3972, Train Acc: 0.2400, Val Acc: 0.2400
Epoch: 067, Loss: 1.4255, Train Acc: 0.2333, Val Acc: 0.2400
Epoch: 068, Loss: 1.3932, Train Acc: 0.2067, Val Acc: 0.2400
Epoch: 069, Loss: 1.3805, Train Acc: 0.2600, Val Acc: 0.3200
Epoch: 070, Loss: 1.3440, Train Acc: 0.2800, Val Acc: 0.2800
Epoch: 071, Loss: 1.3967, Train Acc: 0.2333, Val Acc: 0.2000
Epoch: 072, Loss: 1.3712, Train Acc: 0.2667, Val Acc: 0.2400
Epoch: 073, Loss: 1.3974, Train Acc: 0.2600, Val Acc: 0.3200
Epoch: 074, Loss: 1.3889, Train Acc: 0.2400, Val Acc: 0.3200
Epoch: 075, Loss: 1.4229, Train Acc: 0.2400, Val Acc: 0.1600
Epoch: 076, Loss: 1.3807, Train Acc: 0.2667, Val Acc: 0.2800
Epoch: 077, Loss: 1.3595, Train Acc: 0.2533, Val Acc: 0.2400
Epoch: 078, Loss: 1.4226, Train Acc: 0.2667, Val Acc: 0.2400
Epoch: 079, Loss: 1.3370, Train Acc: 0.2533, Val Acc: 0.2800
Epoch: 080, Loss: 1.4403, Train Acc: 0.2267, Val Acc: 0.3200
Epoch: 081, Loss: 1.3511, Train Acc: 0.2400, Val Acc: 0.2800
Epoch: 082, Loss: 1.4014, Train Acc: 0.2667, Val Acc: 0.2400
Epoch: 083, Loss: 1.3889, Train Acc: 0.2400, Val Acc: 0.2400
Epoch: 084, Loss: 1.3844, Train Acc: 0.2533, Val Acc: 0.2000
Epoch: 085, Loss: 1.3840, Train Acc: 0.2733, Val Acc: 0.2400
Epoch: 086, Loss: 1.3832, Train Acc: 0.2400, Val Acc: 0.2400
Epoch: 087, Loss: 1.4210, Train Acc: 0.2400, Val Acc: 0.3200
Epoch: 088, Loss: 1.3861, Train Acc: 0.2400, Val Acc: 0.2800
Epoch: 089, Loss: 1.3709, Train Acc: 0.2600, Val Acc: 0.3200
Epoch: 090, Loss: 1.3505, Train Acc: 0.2867, Val Acc: 0.2400
Epoch: 091, Loss: 1.4108, Train Acc: 0.2600, Val Acc: 0.2800
Epoch: 092, Loss: 1.3637, Train Acc: 0.2600, Val Acc: 0.2800
Epoch: 093, Loss: 1.4241, Train Acc: 0.2533, Val Acc: 0.3200
Epoch: 094, Loss: 1.3866, Train Acc: 0.2867, Val Acc: 0.2400
Epoch: 095, Loss: 1.4062, Train Acc: 0.2400, Val Acc: 0.2400
Epoch: 096, Loss: 1.3846, Train Acc: 0.2267, Val Acc: 0.3200
Epoch: 097, Loss: 1.4330, Train Acc: 0.2467, Val Acc: 0.3200
Epoch: 098, Loss: 1.4219, Train Acc: 0.2533, Val Acc: 0.2800
Epoch: 099, Loss: 1.3689, Train Acc: 0.2733, Val Acc: 0.3200
Epoch: 100, Loss: 1.3485, Train Acc: 0.2267, Val Acc: 0.2400
Epoch: 101, Loss: 1.3931, Train Acc: 0.2600, Val Acc: 0.2000
Epoch: 102, Loss: 1.4208, Train Acc: 0.2467, Val Acc: 0.2400
Epoch: 103, Loss: 1.4017, Train Acc: 0.2600, Val Acc: 0.2400
Epoch: 104, Loss: 1.4137, Train Acc: 0.2400, Val Acc: 0.2800
Epoch: 105, Loss: 1.4036, Train Acc: 0.2867, Val Acc: 0.2400
Epoch: 106, Loss: 1.4172, Train Acc: 0.2667, Val Acc: 0.3200
Epoch: 107, Loss: 1.3783, Train Acc: 0.2733, Val Acc: 0.2400
Epoch: 108, Loss: 1.4281, Train Acc: 0.2333, Val Acc: 0.2400
Epoch: 109, Loss: 1.4212, Train Acc: 0.2600, Val Acc: 0.2400
Epoch: 110, Loss: 1.1536, Train Acc: 0.2800, Val Acc: 0.2400
Epoch: 111, Loss: 1.4184, Train Acc: 0.2533, Val Acc: 0.2400
Epoch: 112, Loss: 1.4052, Train Acc: 0.2667, Val Acc: 0.2800
Epoch: 113, Loss: 1.3702, Train Acc: 0.2667, Val Acc: 0.2800
Epoch: 114, Loss: 1.3724, Train Acc: 0.2933, Val Acc: 0.2400
Epoch: 115, Loss: 1.4223, Train Acc: 0.2467, Val Acc: 0.2400
Epoch: 116, Loss: 1.3850, Train Acc: 0.2933, Val Acc: 0.2400
Epoch: 117, Loss: 1.3506, Train Acc: 0.2533, Val Acc: 0.2000
Epoch: 118, Loss: 1.3919, Train Acc: 0.2800, Val Acc: 0.2000
Epoch: 119, Loss: 1.3160, Train Acc: 0.2600, Val Acc: 0.2400
Epoch: 120, Loss: 1.3765, Train Acc: 0.2600, Val Acc: 0.1200
Epoch: 121, Loss: 1.3778, Train Acc: 0.3200, Val Acc: 0.2400
Epoch: 122, Loss: 1.3890, Train Acc: 0.2800, Val Acc: 0.3200
Epoch: 123, Loss: 1.3915, Train Acc: 0.2533, Val Acc: 0.1600
Epoch: 124, Loss: 1.4089, Train Acc: 0.2667, Val Acc: 0.2800
Epoch: 125, Loss: 1.3879, Train Acc: 0.2867, Val Acc: 0.3200
Epoch: 126, Loss: 1.3595, Train Acc: 0.2933, Val Acc: 0.2400
Epoch: 127, Loss: 1.3958, Train Acc: 0.2733, Val Acc: 0.2000
Epoch: 128, Loss: 1.3805, Train Acc: 0.2600, Val Acc: 0.3200
Epoch: 129, Loss: 1.3883, Train Acc: 0.3133, Val Acc: 0.3200
Epoch: 130, Loss: 1.3773, Train Acc: 0.2800, Val Acc: 0.2800
Epoch: 131, Loss: 1.3781, Train Acc: 0.2867, Val Acc: 0.2000
Epoch: 132, Loss: 1.3646, Train Acc: 0.2733, Val Acc: 0.2800
Epoch: 133, Loss: 1.4306, Train Acc: 0.2733, Val Acc: 0.2400
Epoch: 134, Loss: 1.3838, Train Acc: 0.2933, Val Acc: 0.2800
Epoch: 135, Loss: 1.3908, Train Acc: 0.3200, Val Acc: 0.2800
Epoch: 136, Loss: 1.3449, Train Acc: 0.2533, Val Acc: 0.2800
Epoch: 137, Loss: 1.4172, Train Acc: 0.2400, Val Acc: 0.2400
Epoch: 138, Loss: 1.1951, Train Acc: 0.2800, Val Acc: 0.2800
Epoch: 139, Loss: 1.3926, Train Acc: 0.2533, Val Acc: 0.2800
Epoch: 140, Loss: 1.3500, Train Acc: 0.2533, Val Acc: 0.3200
Epoch: 141, Loss: 1.3975, Train Acc: 0.2600, Val Acc: 0.3200
Epoch: 142, Loss: 1.4171, Train Acc: 0.2867, Val Acc: 0.3600
Epoch: 143, Loss: 1.3765, Train Acc: 0.2533, Val Acc: 0.2400
Epoch: 144, Loss: 1.4152, Train Acc: 0.3067, Val Acc: 0.2800
Epoch: 145, Loss: 1.3165, Train Acc: 0.2467, Val Acc: 0.3200
Epoch: 146, Loss: 1.4403, Train Acc: 0.2933, Val Acc: 0.3200
Epoch: 147, Loss: 1.3641, Train Acc: 0.2867, Val Acc: 0.3600
Epoch: 148, Loss: 1.3747, Train Acc: 0.2467, Val Acc: 0.2800
Epoch: 149, Loss: 1.4096, Train Acc: 0.3267, Val Acc: 0.2800
Epoch: 150, Loss: 1.4144, Train Acc: 0.2933, Val Acc: 0.2800
Epoch: 151, Loss: 1.3573, Train Acc: 0.2533, Val Acc: 0.2800
Epoch: 152, Loss: 1.4257, Train Acc: 0.3067, Val Acc: 0.2400
Epoch: 153, Loss: 1.4055, Train Acc: 0.2867, Val Acc: 0.2800
Epoch: 154, Loss: 1.4433, Train Acc: 0.3267, Val Acc: 0.3200
Epoch: 155, Loss: 1.3993, Train Acc: 0.2867, Val Acc: 0.2400
Epoch: 156, Loss: 1.3447, Train Acc: 0.2800, Val Acc: 0.2400
Epoch: 157, Loss: 1.4466, Train Acc: 0.2800, Val Acc: 0.3200
Epoch: 158, Loss: 1.3803, Train Acc: 0.2800, Val Acc: 0.1600
Epoch: 159, Loss: 1.4223, Train Acc: 0.3133, Val Acc: 0.3200
Epoch: 160, Loss: 1.3666, Train Acc: 0.2400, Val Acc: 0.1600
Epoch: 161, Loss: 1.4137, Train Acc: 0.3067, Val Acc: 0.2400
Epoch: 162, Loss: 1.0751, Train Acc: 0.2533, Val Acc: 0.2400
Epoch: 163, Loss: 1.4401, Train Acc: 0.3067, Val Acc: 0.2400
Epoch: 164, Loss: 1.3693, Train Acc: 0.3133, Val Acc: 0.4000
Epoch: 165, Loss: 1.4614, Train Acc: 0.2867, Val Acc: 0.2000
Epoch: 166, Loss: 1.3949, Train Acc: 0.2600, Val Acc: 0.2800
Epoch: 167, Loss: 1.3837, Train Acc: 0.2933, Val Acc: 0.2400
Epoch: 168, Loss: 1.4070, Train Acc: 0.2867, Val Acc: 0.2000
Epoch: 169, Loss: 1.3998, Train Acc: 0.2400, Val Acc: 0.2400
Epoch: 170, Loss: 1.3861, Train Acc: 0.3067, Val Acc: 0.2000
Epoch: 171, Loss: 1.3731, Train Acc: 0.2667, Val Acc: 0.2800
Epoch: 172, Loss: 1.4267, Train Acc: 0.2600, Val Acc: 0.3200
Epoch: 173, Loss: 1.4059, Train Acc: 0.3067, Val Acc: 0.2800
Epoch: 174, Loss: 1.4249, Train Acc: 0.3200, Val Acc: 0.2400
Epoch: 175, Loss: 1.4011, Train Acc: 0.3067, Val Acc: 0.2800
Epoch: 176, Loss: 1.4170, Train Acc: 0.2733, Val Acc: 0.0800
Epoch: 177, Loss: 1.3753, Train Acc: 0.3133, Val Acc: 0.1600
Epoch: 178, Loss: 1.3812, Train Acc: 0.3133, Val Acc: 0.0800
Epoch: 179, Loss: 1.3984, Train Acc: 0.2733, Val Acc: 0.2400
Epoch: 180, Loss: 1.3395, Train Acc: 0.2533, Val Acc: 0.2400
Epoch: 181, Loss: 1.3575, Train Acc: 0.3000, Val Acc: 0.3600
Epoch: 182, Loss: 1.4024, Train Acc: 0.2867, Val Acc: 0.3200
Epoch: 183, Loss: 1.4198, Train Acc: 0.3067, Val Acc: 0.2800
Epoch: 184, Loss: 1.3665, Train Acc: 0.2667, Val Acc: 0.2400
Epoch: 185, Loss: 1.3641, Train Acc: 0.3133, Val Acc: 0.2800
Epoch: 186, Loss: 1.3441, Train Acc: 0.3067, Val Acc: 0.3600
Epoch: 187, Loss: 1.3920, Train Acc: 0.2867, Val Acc: 0.2400
Epoch: 188, Loss: 1.4302, Train Acc: 0.2933, Val Acc: 0.2000
Epoch: 189, Loss: 1.4128, Train Acc: 0.2600, Val Acc: 0.2400
Epoch: 190, Loss: 1.3613, Train Acc: 0.2933, Val Acc: 0.3200
Epoch: 191, Loss: 1.4310, Train Acc: 0.3200, Val Acc: 0.2400
Epoch: 192, Loss: 1.4123, Train Acc: 0.3067, Val Acc: 0.2000
Epoch: 193, Loss: 1.2904, Train Acc: 0.2800, Val Acc: 0.2000
Epoch: 194, Loss: 1.3711, Train Acc: 0.3133, Val Acc: 0.2400
Epoch: 195, Loss: 1.3477, Train Acc: 0.3067, Val Acc: 0.2000
Epoch: 196, Loss: 1.4379, Train Acc: 0.2733, Val Acc: 0.2400
Epoch: 197, Loss: 1.3235, Train Acc: 0.2800, Val Acc: 0.2400
Epoch: 198, Loss: 1.3941, Train Acc: 0.3000, Val Acc: 0.2400
Epoch: 199, Loss: 1.2182, Train Acc: 0.2867, Val Acc: 0.2800
Split 2 evaluatation: Acc: 0.3200, Precision: 0.3200, Recall: 0.3200, F1 : 0.3200

Epoch: 000, Loss: 1.3729, Train Acc: 0.2400, Val Acc: 0.2400
Epoch: 001, Loss: 1.3609, Train Acc: 0.1733, Val Acc: 0.2400
Epoch: 002, Loss: 1.4073, Train Acc: 0.2000, Val Acc: 0.2800
Epoch: 003, Loss: 1.4187, Train Acc: 0.2400, Val Acc: 0.2400
Epoch: 004, Loss: 1.4106, Train Acc: 0.2000, Val Acc: 0.2400
Epoch: 005, Loss: 1.4211, Train Acc: 0.2333, Val Acc: 0.2400
Epoch: 006, Loss: 1.4013, Train Acc: 0.2467, Val Acc: 0.2400
Epoch: 007, Loss: 1.4008, Train Acc: 0.2133, Val Acc: 0.2800
Epoch: 008, Loss: 1.4545, Train Acc: 0.2000, Val Acc: 0.2400
Epoch: 009, Loss: 1.4014, Train Acc: 0.2267, Val Acc: 0.2800
Epoch: 010, Loss: 1.4332, Train Acc: 0.2467, Val Acc: 0.4400
Epoch: 011, Loss: 1.4089, Train Acc: 0.2400, Val Acc: 0.2400
Epoch: 012, Loss: 1.3872, Train Acc: 0.2133, Val Acc: 0.2400
Epoch: 013, Loss: 1.4435, Train Acc: 0.1933, Val Acc: 0.2400
Epoch: 014, Loss: 1.3500, Train Acc: 0.2200, Val Acc: 0.2400
Epoch: 015, Loss: 1.3734, Train Acc: 0.2467, Val Acc: 0.2400
Epoch: 016, Loss: 1.3487, Train Acc: 0.2267, Val Acc: 0.2400
Epoch: 017, Loss: 1.4425, Train Acc: 0.2133, Val Acc: 0.2800
Epoch: 018, Loss: 1.4178, Train Acc: 0.2267, Val Acc: 0.2400
Epoch: 019, Loss: 1.3911, Train Acc: 0.2267, Val Acc: 0.2400
Epoch: 020, Loss: 1.3881, Train Acc: 0.2200, Val Acc: 0.2400
Epoch: 021, Loss: 1.4084, Train Acc: 0.1733, Val Acc: 0.2400
Epoch: 022, Loss: 1.4710, Train Acc: 0.2600, Val Acc: 0.2400
Epoch: 023, Loss: 1.4171, Train Acc: 0.2133, Val Acc: 0.2400
Epoch: 024, Loss: 1.3663, Train Acc: 0.2467, Val Acc: 0.2800
Epoch: 025, Loss: 1.4134, Train Acc: 0.2267, Val Acc: 0.2400
Epoch: 026, Loss: 1.3630, Train Acc: 0.2133, Val Acc: 0.2400
Epoch: 027, Loss: 1.3578, Train Acc: 0.2467, Val Acc: 0.2400
Epoch: 028, Loss: 1.3882, Train Acc: 0.2333, Val Acc: 0.2400
Epoch: 029, Loss: 1.3807, Train Acc: 0.1800, Val Acc: 0.2400
Epoch: 030, Loss: 1.3836, Train Acc: 0.2267, Val Acc: 0.2400
Epoch: 031, Loss: 1.3474, Train Acc: 0.2133, Val Acc: 0.2800
Epoch: 032, Loss: 1.4034, Train Acc: 0.2533, Val Acc: 0.2400
Epoch: 033, Loss: 1.3243, Train Acc: 0.2333, Val Acc: 0.2400
Epoch: 034, Loss: 1.4254, Train Acc: 0.2467, Val Acc: 0.2400
Epoch: 035, Loss: 1.4086, Train Acc: 0.2600, Val Acc: 0.2400
Epoch: 036, Loss: 1.3932, Train Acc: 0.2533, Val Acc: 0.2400
Epoch: 037, Loss: 1.3919, Train Acc: 0.2400, Val Acc: 0.2400
Epoch: 038, Loss: 1.4297, Train Acc: 0.2267, Val Acc: 0.2400
Epoch: 039, Loss: 1.3802, Train Acc: 0.2333, Val Acc: 0.1200
Epoch: 040, Loss: 1.4033, Train Acc: 0.2600, Val Acc: 0.2400
Epoch: 041, Loss: 1.4134, Train Acc: 0.2667, Val Acc: 0.2800
Epoch: 042, Loss: 1.3971, Train Acc: 0.2533, Val Acc: 0.2400
Epoch: 043, Loss: 1.4001, Train Acc: 0.2400, Val Acc: 0.1600
Epoch: 044, Loss: 1.4015, Train Acc: 0.2667, Val Acc: 0.2400
Epoch: 045, Loss: 1.4007, Train Acc: 0.2400, Val Acc: 0.2400
Epoch: 046, Loss: 1.3976, Train Acc: 0.2267, Val Acc: 0.2800
Epoch: 047, Loss: 1.3769, Train Acc: 0.2200, Val Acc: 0.2400
Epoch: 048, Loss: 1.3893, Train Acc: 0.2133, Val Acc: 0.2000
Epoch: 049, Loss: 1.4104, Train Acc: 0.2133, Val Acc: 0.2400
Epoch: 050, Loss: 1.3419, Train Acc: 0.2800, Val Acc: 0.2400
Epoch: 051, Loss: 1.4398, Train Acc: 0.2000, Val Acc: 0.2400
Epoch: 052, Loss: 1.4594, Train Acc: 0.2533, Val Acc: 0.2400
Epoch: 053, Loss: 1.3725, Train Acc: 0.2067, Val Acc: 0.2400
Epoch: 054, Loss: 1.3615, Train Acc: 0.2067, Val Acc: 0.2400
Epoch: 055, Loss: 1.3905, Train Acc: 0.2333, Val Acc: 0.2800
Epoch: 056, Loss: 1.3717, Train Acc: 0.2533, Val Acc: 0.2000
Epoch: 057, Loss: 1.3909, Train Acc: 0.2267, Val Acc: 0.2000
Epoch: 058, Loss: 1.4102, Train Acc: 0.2667, Val Acc: 0.2400
Epoch: 059, Loss: 1.4116, Train Acc: 0.2667, Val Acc: 0.2400
Epoch: 060, Loss: 1.4280, Train Acc: 0.2400, Val Acc: 0.2400
Epoch: 061, Loss: 1.4154, Train Acc: 0.2400, Val Acc: 0.2400
Epoch: 062, Loss: 1.4160, Train Acc: 0.2267, Val Acc: 0.2400
Epoch: 063, Loss: 1.4165, Train Acc: 0.2200, Val Acc: 0.3200
Epoch: 064, Loss: 1.4134, Train Acc: 0.2333, Val Acc: 0.3600
Epoch: 065, Loss: 1.3860, Train Acc: 0.2533, Val Acc: 0.2800
Epoch: 066, Loss: 1.3963, Train Acc: 0.2600, Val Acc: 0.2400
Epoch: 067, Loss: 1.4093, Train Acc: 0.2267, Val Acc: 0.2400
Epoch: 068, Loss: 1.3957, Train Acc: 0.2867, Val Acc: 0.2800
Epoch: 069, Loss: 1.3514, Train Acc: 0.2600, Val Acc: 0.2000
Epoch: 070, Loss: 1.4221, Train Acc: 0.2600, Val Acc: 0.2000
Epoch: 071, Loss: 1.4492, Train Acc: 0.2133, Val Acc: 0.4000
Epoch: 072, Loss: 1.4167, Train Acc: 0.2333, Val Acc: 0.2400
Epoch: 073, Loss: 1.4357, Train Acc: 0.2667, Val Acc: 0.2000
Epoch: 074, Loss: 1.3890, Train Acc: 0.2800, Val Acc: 0.1200
Epoch: 075, Loss: 1.4336, Train Acc: 0.2133, Val Acc: 0.4400
Epoch: 076, Loss: 1.3906, Train Acc: 0.2667, Val Acc: 0.2400
Epoch: 077, Loss: 1.3849, Train Acc: 0.2000, Val Acc: 0.1600
Epoch: 078, Loss: 1.4426, Train Acc: 0.2400, Val Acc: 0.2400
Epoch: 079, Loss: 1.4364, Train Acc: 0.2533, Val Acc: 0.2400
Epoch: 080, Loss: 1.4465, Train Acc: 0.2400, Val Acc: 0.2400
Epoch: 081, Loss: 1.3744, Train Acc: 0.2400, Val Acc: 0.2800
Epoch: 082, Loss: 1.3889, Train Acc: 0.2667, Val Acc: 0.2400
Epoch: 083, Loss: 1.3979, Train Acc: 0.2467, Val Acc: 0.1200
Epoch: 084, Loss: 1.3954, Train Acc: 0.2400, Val Acc: 0.2400
Epoch: 085, Loss: 1.3575, Train Acc: 0.2133, Val Acc: 0.2400
Epoch: 086, Loss: 1.3952, Train Acc: 0.2400, Val Acc: 0.2400
Epoch: 087, Loss: 1.3731, Train Acc: 0.2400, Val Acc: 0.2400
Epoch: 088, Loss: 1.4005, Train Acc: 0.2333, Val Acc: 0.2000
Epoch: 089, Loss: 1.4025, Train Acc: 0.2800, Val Acc: 0.2400
Epoch: 090, Loss: 1.4081, Train Acc: 0.2733, Val Acc: 0.2800
Epoch: 091, Loss: 1.3999, Train Acc: 0.2600, Val Acc: 0.2000
Epoch: 092, Loss: 1.4030, Train Acc: 0.2400, Val Acc: 0.2800
Epoch: 093, Loss: 1.3396, Train Acc: 0.2000, Val Acc: 0.2800
Epoch: 094, Loss: 1.4129, Train Acc: 0.2733, Val Acc: 0.2400
Epoch: 095, Loss: 1.3478, Train Acc: 0.2867, Val Acc: 0.2400
Epoch: 096, Loss: 1.3764, Train Acc: 0.2733, Val Acc: 0.2800
Epoch: 097, Loss: 1.4307, Train Acc: 0.2867, Val Acc: 0.2800
Epoch: 098, Loss: 1.3649, Train Acc: 0.2467, Val Acc: 0.2800
Epoch: 099, Loss: 1.4122, Train Acc: 0.2600, Val Acc: 0.2400
Epoch: 100, Loss: 1.3643, Train Acc: 0.2333, Val Acc: 0.2400
Epoch: 101, Loss: 1.3792, Train Acc: 0.2400, Val Acc: 0.2800
Epoch: 102, Loss: 1.4321, Train Acc: 0.2933, Val Acc: 0.2400
Epoch: 103, Loss: 1.3776, Train Acc: 0.2533, Val Acc: 0.2000
Epoch: 104, Loss: 1.3805, Train Acc: 0.2467, Val Acc: 0.2000
Epoch: 105, Loss: 1.4127, Train Acc: 0.2667, Val Acc: 0.2800
Epoch: 106, Loss: 1.3593, Train Acc: 0.2400, Val Acc: 0.2000
Epoch: 107, Loss: 1.4522, Train Acc: 0.2733, Val Acc: 0.2400
Epoch: 108, Loss: 1.3439, Train Acc: 0.2867, Val Acc: 0.2400
Epoch: 109, Loss: 1.3818, Train Acc: 0.2333, Val Acc: 0.1200
Epoch: 110, Loss: 1.4321, Train Acc: 0.2533, Val Acc: 0.2400
Epoch: 111, Loss: 1.4496, Train Acc: 0.2400, Val Acc: 0.2400
Epoch: 112, Loss: 1.3696, Train Acc: 0.2600, Val Acc: 0.2400
Epoch: 113, Loss: 1.3813, Train Acc: 0.2667, Val Acc: 0.2800
Epoch: 114, Loss: 1.3808, Train Acc: 0.2733, Val Acc: 0.2400
Epoch: 115, Loss: 1.3735, Train Acc: 0.2533, Val Acc: 0.2800
Epoch: 116, Loss: 1.4215, Train Acc: 0.2333, Val Acc: 0.2400
Epoch: 117, Loss: 1.3508, Train Acc: 0.2533, Val Acc: 0.2800
Epoch: 118, Loss: 1.4156, Train Acc: 0.2667, Val Acc: 0.2800
Epoch: 119, Loss: 1.4388, Train Acc: 0.2400, Val Acc: 0.2800
Epoch: 120, Loss: 1.3566, Train Acc: 0.2867, Val Acc: 0.2400
Epoch: 121, Loss: 1.3677, Train Acc: 0.2600, Val Acc: 0.2400
Epoch: 122, Loss: 1.3622, Train Acc: 0.2867, Val Acc: 0.2000
Epoch: 123, Loss: 1.3869, Train Acc: 0.2533, Val Acc: 0.2000
Epoch: 124, Loss: 1.3699, Train Acc: 0.2733, Val Acc: 0.2800
Epoch: 125, Loss: 1.3523, Train Acc: 0.2933, Val Acc: 0.2800
Epoch: 126, Loss: 1.3885, Train Acc: 0.2733, Val Acc: 0.3200
Epoch: 127, Loss: 1.4171, Train Acc: 0.2333, Val Acc: 0.3600
Epoch: 128, Loss: 1.3557, Train Acc: 0.2667, Val Acc: 0.2400
Epoch: 129, Loss: 1.3717, Train Acc: 0.3200, Val Acc: 0.1200
Epoch: 130, Loss: 1.3846, Train Acc: 0.2267, Val Acc: 0.2800
Epoch: 131, Loss: 1.4530, Train Acc: 0.2733, Val Acc: 0.2800
Epoch: 132, Loss: 1.3832, Train Acc: 0.2733, Val Acc: 0.2400
Epoch: 133, Loss: 1.3301, Train Acc: 0.2733, Val Acc: 0.2400
Epoch: 134, Loss: 1.3161, Train Acc: 0.2467, Val Acc: 0.2800
Epoch: 135, Loss: 1.4758, Train Acc: 0.2333, Val Acc: 0.2800
Epoch: 136, Loss: 1.4064, Train Acc: 0.2600, Val Acc: 0.2800
Epoch: 137, Loss: 1.4305, Train Acc: 0.2800, Val Acc: 0.2800
Epoch: 138, Loss: 0.2069, Train Acc: 0.2533, Val Acc: 0.3200
Epoch: 139, Loss: 1.3862, Train Acc: 0.2733, Val Acc: 0.2000
Epoch: 140, Loss: 1.3473, Train Acc: 0.2667, Val Acc: 0.2000
Epoch: 141, Loss: 1.4282, Train Acc: 0.2600, Val Acc: 0.1600
Epoch: 142, Loss: 1.3711, Train Acc: 0.2667, Val Acc: 0.2400
Epoch: 143, Loss: 1.4845, Train Acc: 0.3200, Val Acc: 0.2400
Epoch: 144, Loss: 1.3495, Train Acc: 0.2867, Val Acc: 0.2000
Epoch: 145, Loss: 1.4048, Train Acc: 0.2400, Val Acc: 0.2000
Epoch: 146, Loss: 1.3951, Train Acc: 0.2800, Val Acc: 0.2000
Epoch: 147, Loss: 1.3403, Train Acc: 0.2600, Val Acc: 0.2400
Epoch: 148, Loss: 1.4285, Train Acc: 0.2467, Val Acc: 0.3600
Epoch: 149, Loss: 1.3921, Train Acc: 0.2733, Val Acc: 0.2400
Epoch: 150, Loss: 1.3477, Train Acc: 0.2533, Val Acc: 0.3600
Epoch: 151, Loss: 1.3586, Train Acc: 0.2600, Val Acc: 0.2000
Epoch: 152, Loss: 1.4611, Train Acc: 0.2333, Val Acc: 0.2800
Epoch: 153, Loss: 1.3743, Train Acc: 0.2800, Val Acc: 0.2800
Epoch: 154, Loss: 1.3686, Train Acc: 0.2600, Val Acc: 0.2400
Epoch: 155, Loss: 1.3746, Train Acc: 0.2867, Val Acc: 0.2800
Epoch: 156, Loss: 1.4993, Train Acc: 0.2933, Val Acc: 0.2000
Epoch: 157, Loss: 1.3576, Train Acc: 0.2800, Val Acc: 0.1600
Epoch: 158, Loss: 1.3619, Train Acc: 0.2733, Val Acc: 0.2000
Epoch: 159, Loss: 1.3432, Train Acc: 0.2733, Val Acc: 0.1600
Epoch: 160, Loss: 1.3862, Train Acc: 0.2267, Val Acc: 0.2800
Epoch: 161, Loss: 1.2830, Train Acc: 0.2933, Val Acc: 0.2000
Epoch: 162, Loss: 1.4960, Train Acc: 0.2733, Val Acc: 0.2800
Epoch: 163, Loss: 1.3488, Train Acc: 0.3067, Val Acc: 0.2400
Epoch: 164, Loss: 1.3935, Train Acc: 0.2800, Val Acc: 0.2800
Epoch: 165, Loss: 1.3526, Train Acc: 0.2667, Val Acc: 0.2400
Epoch: 166, Loss: 1.4001, Train Acc: 0.2067, Val Acc: 0.2800
Epoch: 167, Loss: 1.3749, Train Acc: 0.2800, Val Acc: 0.2000
Epoch: 168, Loss: 1.3964, Train Acc: 0.2867, Val Acc: 0.1600
Epoch: 169, Loss: 1.4404, Train Acc: 0.2667, Val Acc: 0.2800
Epoch: 170, Loss: 1.3989, Train Acc: 0.2867, Val Acc: 0.1600
Epoch: 171, Loss: 1.3659, Train Acc: 0.2733, Val Acc: 0.2800
Epoch: 172, Loss: 1.3942, Train Acc: 0.2667, Val Acc: 0.2000
Epoch: 173, Loss: 1.2411, Train Acc: 0.3067, Val Acc: 0.2800
Epoch: 174, Loss: 1.3923, Train Acc: 0.2667, Val Acc: 0.2800
Epoch: 175, Loss: 1.4078, Train Acc: 0.3000, Val Acc: 0.2400
Epoch: 176, Loss: 1.3208, Train Acc: 0.2400, Val Acc: 0.2400
Epoch: 177, Loss: 1.4062, Train Acc: 0.2800, Val Acc: 0.2000
Epoch: 178, Loss: 1.2842, Train Acc: 0.3000, Val Acc: 0.4000
Epoch: 179, Loss: 1.4127, Train Acc: 0.2667, Val Acc: 0.3600
Epoch: 180, Loss: 1.4328, Train Acc: 0.2733, Val Acc: 0.2800
Epoch: 181, Loss: 1.3600, Train Acc: 0.2467, Val Acc: 0.4000
Epoch: 182, Loss: 1.4519, Train Acc: 0.2600, Val Acc: 0.2800
Epoch: 183, Loss: 1.3957, Train Acc: 0.2467, Val Acc: 0.2400
Epoch: 184, Loss: 1.3357, Train Acc: 0.2800, Val Acc: 0.2800
Epoch: 185, Loss: 1.3540, Train Acc: 0.2667, Val Acc: 0.2400
Epoch: 186, Loss: 1.3475, Train Acc: 0.2533, Val Acc: 0.2800
Epoch: 187, Loss: 1.3878, Train Acc: 0.2600, Val Acc: 0.2800
Epoch: 188, Loss: 1.3631, Train Acc: 0.2733, Val Acc: 0.2000
Epoch: 189, Loss: 1.4425, Train Acc: 0.2800, Val Acc: 0.2800
Epoch: 190, Loss: 1.3150, Train Acc: 0.3000, Val Acc: 0.2800
Epoch: 191, Loss: 1.4194, Train Acc: 0.2667, Val Acc: 0.2800
Epoch: 192, Loss: 1.3728, Train Acc: 0.2733, Val Acc: 0.2400
Epoch: 193, Loss: 1.3451, Train Acc: 0.2867, Val Acc: 0.2800
Epoch: 194, Loss: 1.3901, Train Acc: 0.2467, Val Acc: 0.2000
Epoch: 195, Loss: 1.3760, Train Acc: 0.3200, Val Acc: 0.1600
Epoch: 196, Loss: 1.4182, Train Acc: 0.2533, Val Acc: 0.2800
Epoch: 197, Loss: 1.3871, Train Acc: 0.3000, Val Acc: 0.2400
Epoch: 198, Loss: 1.4016, Train Acc: 0.2333, Val Acc: 0.2400
Epoch: 199, Loss: 1.2260, Train Acc: 0.2733, Val Acc: 0.2400
Split 3 evaluatation: Acc: 0.3600, Precision: 0.3600, Recall: 0.3600, F1 : 0.3600

Average Evaluation Metrics: Acc 0.3200, Precision: 0.3200, Recall: 0.3200, F1: 0.3200
