MOFED version '4.9-2.2.6' not available in this container.
No matching alternate version found.
STGCN(
  (initial_stconv): st_gcn(
    (gcn): GCNConv(512, 512)
    (tcn): Sequential(
      (0): BatchNorm1d(128, eps=1e-05, momentum=0.1, affine=True, track_running_stats=True)
      (1): ReLU(inplace=True)
      (2): Conv1d(128, 128, kernel_size=(5,), stride=(1,), padding=(2,))
      (3): BatchNorm1d(128, eps=1e-05, momentum=0.1, affine=True, track_running_stats=True)
      (4): Dropout(p=0, inplace=True)
    )
    (relu): ReLU(inplace=True)
  )
  (stconv1): st_gcn(
    (gcn): GCNConv(512, 512)
    (tcn): Sequential(
      (0): BatchNorm1d(128, eps=1e-05, momentum=0.1, affine=True, track_running_stats=True)
      (1): ReLU(inplace=True)
      (2): Conv1d(128, 128, kernel_size=(5,), stride=(1,), padding=(2,))
      (3): BatchNorm1d(128, eps=1e-05, momentum=0.1, affine=True, track_running_stats=True)
      (4): Dropout(p=0, inplace=True)
    )
    (relu): ReLU(inplace=True)
  )
  (stconv2): st_gcn(
    (gcn): GCNConv(512, 512)
    (tcn): Sequential(
      (0): BatchNorm1d(128, eps=1e-05, momentum=0.1, affine=True, track_running_stats=True)
      (1): ReLU(inplace=True)
      (2): Conv1d(128, 128, kernel_size=(5,), stride=(1,), padding=(2,))
      (3): BatchNorm1d(128, eps=1e-05, momentum=0.1, affine=True, track_running_stats=True)
      (4): Dropout(p=0, inplace=True)
    )
    (relu): ReLU(inplace=True)
  )
  (stconv3): st_gcn(
    (gcn): GCNConv(512, 512)
    (tcn): Sequential(
      (0): BatchNorm1d(128, eps=1e-05, momentum=0.1, affine=True, track_running_stats=True)
      (1): ReLU(inplace=True)
      (2): Conv1d(128, 128, kernel_size=(5,), stride=(1,), padding=(2,))
      (3): BatchNorm1d(128, eps=1e-05, momentum=0.1, affine=True, track_running_stats=True)
      (4): Dropout(p=0, inplace=True)
    )
    (relu): ReLU(inplace=True)
  )
  (stconv4): st_gcn(
    (gcn): GCNConv(512, 512)
    (tcn): Sequential(
      (0): BatchNorm1d(128, eps=1e-05, momentum=0.1, affine=True, track_running_stats=True)
      (1): ReLU(inplace=True)
      (2): Conv1d(128, 128, kernel_size=(5,), stride=(1,), padding=(2,))
      (3): BatchNorm1d(128, eps=1e-05, momentum=0.1, affine=True, track_running_stats=True)
      (4): Dropout(p=0, inplace=True)
    )
    (relu): ReLU(inplace=True)
  )
  (stconv5): st_gcn(
    (gcn): GCNConv(512, 512)
    (tcn): Sequential(
      (0): BatchNorm1d(128, eps=1e-05, momentum=0.1, affine=True, track_running_stats=True)
      (1): ReLU(inplace=True)
      (2): Conv1d(128, 128, kernel_size=(5,), stride=(1,), padding=(2,))
      (3): BatchNorm1d(128, eps=1e-05, momentum=0.1, affine=True, track_running_stats=True)
      (4): Dropout(p=0, inplace=True)
    )
    (relu): ReLU(inplace=True)
  )
  (stconv6): st_gcn(
    (gcn): GCNConv(512, 512)
    (tcn): Sequential(
      (0): BatchNorm1d(128, eps=1e-05, momentum=0.1, affine=True, track_running_stats=True)
      (1): ReLU(inplace=True)
      (2): Conv1d(128, 128, kernel_size=(5,), stride=(1,), padding=(2,))
      (3): BatchNorm1d(128, eps=1e-05, momentum=0.1, affine=True, track_running_stats=True)
      (4): Dropout(p=0, inplace=True)
    )
    (relu): ReLU(inplace=True)
  )
  (out): Linear(512, 4, bias=True)
)
Number of parameters:  2418564

Epoch: 000, Loss: 1.4305, Train Acc: 0.2133, Val Acc: 0.2400
Epoch: 001, Loss: 1.3978, Train Acc: 0.2200, Val Acc: 0.2400
Epoch: 002, Loss: 1.3752, Train Acc: 0.2133, Val Acc: 0.2400
Epoch: 003, Loss: 1.3514, Train Acc: 0.2333, Val Acc: 0.2400
Epoch: 004, Loss: 1.4182, Train Acc: 0.1867, Val Acc: 0.2400
Epoch: 005, Loss: 1.3820, Train Acc: 0.2200, Val Acc: 0.2400
Epoch: 006, Loss: 1.4107, Train Acc: 0.2400, Val Acc: 0.2400
Epoch: 007, Loss: 1.3876, Train Acc: 0.1933, Val Acc: 0.2400
Epoch: 008, Loss: 1.3681, Train Acc: 0.2667, Val Acc: 0.2400
Epoch: 009, Loss: 1.3993, Train Acc: 0.2467, Val Acc: 0.1600
Epoch: 010, Loss: 1.4035, Train Acc: 0.2133, Val Acc: 0.2400
Epoch: 011, Loss: 1.4219, Train Acc: 0.2667, Val Acc: 0.2400
Epoch: 012, Loss: 1.3869, Train Acc: 0.2467, Val Acc: 0.2400
Epoch: 013, Loss: 1.4244, Train Acc: 0.2267, Val Acc: 0.2800
Epoch: 014, Loss: 1.4360, Train Acc: 0.2400, Val Acc: 0.2800
Epoch: 015, Loss: 1.4154, Train Acc: 0.2267, Val Acc: 0.2400
Epoch: 016, Loss: 1.3747, Train Acc: 0.2467, Val Acc: 0.2400
Epoch: 017, Loss: 1.4117, Train Acc: 0.2333, Val Acc: 0.2400
Epoch: 018, Loss: 1.4588, Train Acc: 0.2067, Val Acc: 0.2400
Epoch: 019, Loss: 1.4184, Train Acc: 0.2067, Val Acc: 0.2400
Epoch: 020, Loss: 1.3939, Train Acc: 0.2400, Val Acc: 0.2400
Epoch: 021, Loss: 1.3434, Train Acc: 0.2267, Val Acc: 0.2400
Epoch: 022, Loss: 1.3900, Train Acc: 0.2067, Val Acc: 0.3200
Epoch: 023, Loss: 1.3911, Train Acc: 0.2200, Val Acc: 0.2400
Epoch: 024, Loss: 1.4006, Train Acc: 0.1867, Val Acc: 0.2400
Epoch: 025, Loss: 1.3419, Train Acc: 0.2333, Val Acc: 0.2400
Epoch: 026, Loss: 1.4224, Train Acc: 0.2467, Val Acc: 0.2400
Epoch: 027, Loss: 1.3863, Train Acc: 0.2133, Val Acc: 0.2400
Epoch: 028, Loss: 1.3833, Train Acc: 0.2067, Val Acc: 0.2400
Epoch: 029, Loss: 1.3631, Train Acc: 0.2400, Val Acc: 0.2400
Epoch: 030, Loss: 1.4178, Train Acc: 0.2667, Val Acc: 0.2000
Epoch: 031, Loss: 1.3656, Train Acc: 0.2267, Val Acc: 0.2400
Epoch: 032, Loss: 1.3938, Train Acc: 0.2467, Val Acc: 0.2400
Epoch: 033, Loss: 1.3875, Train Acc: 0.2467, Val Acc: 0.2000
Epoch: 034, Loss: 1.3740, Train Acc: 0.2333, Val Acc: 0.2000
Epoch: 035, Loss: 1.3976, Train Acc: 0.2533, Val Acc: 0.2400
Epoch: 036, Loss: 1.4415, Train Acc: 0.2267, Val Acc: 0.2400
Epoch: 037, Loss: 1.4067, Train Acc: 0.2600, Val Acc: 0.2400
Epoch: 038, Loss: 1.4157, Train Acc: 0.2667, Val Acc: 0.2400
Epoch: 039, Loss: 1.3786, Train Acc: 0.2000, Val Acc: 0.2400
Epoch: 040, Loss: 1.4165, Train Acc: 0.2733, Val Acc: 0.2800
Epoch: 041, Loss: 1.3338, Train Acc: 0.2333, Val Acc: 0.2400
Epoch: 042, Loss: 1.3851, Train Acc: 0.2533, Val Acc: 0.2400
Epoch: 043, Loss: 1.3599, Train Acc: 0.2667, Val Acc: 0.2400
Epoch: 044, Loss: 1.4027, Train Acc: 0.2000, Val Acc: 0.2800
Epoch: 045, Loss: 1.4113, Train Acc: 0.2133, Val Acc: 0.2400
Epoch: 046, Loss: 1.3896, Train Acc: 0.2200, Val Acc: 0.2400
Epoch: 047, Loss: 1.3883, Train Acc: 0.2200, Val Acc: 0.2800
Epoch: 048, Loss: 1.4106, Train Acc: 0.2400, Val Acc: 0.2400
Epoch: 049, Loss: 1.4028, Train Acc: 0.1867, Val Acc: 0.2400
Epoch: 050, Loss: 1.2995, Train Acc: 0.2733, Val Acc: 0.2400
Epoch: 051, Loss: 1.3951, Train Acc: 0.2133, Val Acc: 0.2000
Epoch: 052, Loss: 1.3509, Train Acc: 0.2667, Val Acc: 0.2400
Epoch: 053, Loss: 1.3564, Train Acc: 0.2200, Val Acc: 0.2400
Epoch: 054, Loss: 1.3531, Train Acc: 0.1867, Val Acc: 0.2400
Epoch: 055, Loss: 1.3883, Train Acc: 0.2267, Val Acc: 0.2400
Epoch: 056, Loss: 1.2821, Train Acc: 0.2400, Val Acc: 0.2400
Epoch: 057, Loss: 1.3758, Train Acc: 0.2533, Val Acc: 0.2400
Epoch: 058, Loss: 1.4025, Train Acc: 0.2267, Val Acc: 0.2400
Epoch: 059, Loss: 1.3591, Train Acc: 0.2400, Val Acc: 0.2400
Epoch: 060, Loss: 1.4151, Train Acc: 0.2667, Val Acc: 0.2000
Epoch: 061, Loss: 1.4198, Train Acc: 0.2267, Val Acc: 0.2400
Epoch: 062, Loss: 1.4234, Train Acc: 0.2333, Val Acc: 0.2400
Epoch: 063, Loss: 0.4684, Train Acc: 0.2733, Val Acc: 0.2400
Epoch: 064, Loss: 1.4428, Train Acc: 0.3067, Val Acc: 0.2400
Epoch: 065, Loss: 1.4201, Train Acc: 0.2333, Val Acc: 0.2400
Epoch: 066, Loss: 1.3503, Train Acc: 0.2133, Val Acc: 0.2400
Epoch: 067, Loss: 1.4078, Train Acc: 0.2333, Val Acc: 0.2400
Epoch: 068, Loss: 1.3945, Train Acc: 0.2333, Val Acc: 0.2400
Epoch: 069, Loss: 1.3517, Train Acc: 0.2533, Val Acc: 0.2400
Epoch: 070, Loss: 1.3834, Train Acc: 0.2533, Val Acc: 0.2400
Epoch: 071, Loss: 1.4015, Train Acc: 0.2867, Val Acc: 0.2400
Epoch: 072, Loss: 1.3457, Train Acc: 0.2200, Val Acc: 0.2400
Epoch: 073, Loss: 1.4194, Train Acc: 0.2267, Val Acc: 0.2000
Epoch: 074, Loss: 1.3790, Train Acc: 0.2133, Val Acc: 0.2400
Epoch: 075, Loss: 1.3286, Train Acc: 0.2267, Val Acc: 0.2400
Epoch: 076, Loss: 1.4007, Train Acc: 0.2400, Val Acc: 0.2400
Epoch: 077, Loss: 1.3933, Train Acc: 0.2667, Val Acc: 0.2400
Epoch: 078, Loss: 1.4062, Train Acc: 0.2533, Val Acc: 0.2400
Epoch: 079, Loss: 1.4229, Train Acc: 0.2400, Val Acc: 0.2400
Epoch: 080, Loss: 1.4092, Train Acc: 0.2867, Val Acc: 0.2400
Epoch: 081, Loss: 1.4078, Train Acc: 0.2333, Val Acc: 0.1600
Epoch: 082, Loss: 1.4350, Train Acc: 0.2267, Val Acc: 0.2800
Epoch: 083, Loss: 1.4683, Train Acc: 0.2200, Val Acc: 0.3200
Epoch: 084, Loss: 1.3837, Train Acc: 0.2733, Val Acc: 0.3200
Epoch: 085, Loss: 1.3515, Train Acc: 0.2200, Val Acc: 0.2800
Epoch: 086, Loss: 1.3759, Train Acc: 0.2667, Val Acc: 0.2800
Epoch: 087, Loss: 1.3731, Train Acc: 0.2400, Val Acc: 0.1600
Epoch: 088, Loss: 1.3680, Train Acc: 0.2333, Val Acc: 0.1200
Epoch: 089, Loss: 1.3879, Train Acc: 0.2533, Val Acc: 0.2400
Epoch: 090, Loss: 1.4157, Train Acc: 0.2733, Val Acc: 0.2400
Epoch: 091, Loss: 1.4229, Train Acc: 0.2200, Val Acc: 0.2400
Epoch: 092, Loss: 1.4377, Train Acc: 0.2533, Val Acc: 0.2000
Epoch: 093, Loss: 1.4206, Train Acc: 0.2600, Val Acc: 0.2400
Epoch: 094, Loss: 1.3825, Train Acc: 0.2467, Val Acc: 0.2400
Epoch: 095, Loss: 1.3732, Train Acc: 0.2200, Val Acc: 0.2000
Epoch: 096, Loss: 1.4046, Train Acc: 0.2200, Val Acc: 0.2400
Epoch: 097, Loss: 1.3843, Train Acc: 0.2667, Val Acc: 0.2400
Epoch: 098, Loss: 1.3154, Train Acc: 0.2667, Val Acc: 0.2400
Epoch: 099, Loss: 1.4407, Train Acc: 0.2933, Val Acc: 0.2400
Epoch: 100, Loss: 1.4021, Train Acc: 0.2267, Val Acc: 0.2800
Epoch: 101, Loss: 1.3971, Train Acc: 0.2267, Val Acc: 0.3200
Epoch: 102, Loss: 1.3999, Train Acc: 0.2533, Val Acc: 0.2400
Epoch: 103, Loss: 1.4238, Train Acc: 0.2067, Val Acc: 0.2400
Epoch: 104, Loss: 1.3592, Train Acc: 0.2800, Val Acc: 0.2400
Epoch: 105, Loss: 1.4424, Train Acc: 0.2867, Val Acc: 0.2000
Epoch: 106, Loss: 1.3182, Train Acc: 0.3000, Val Acc: 0.2400
Epoch: 107, Loss: 1.4138, Train Acc: 0.2400, Val Acc: 0.2400
Epoch: 108, Loss: 1.3736, Train Acc: 0.2533, Val Acc: 0.2400
Epoch: 109, Loss: 1.4405, Train Acc: 0.2400, Val Acc: 0.2400
Epoch: 110, Loss: 1.3704, Train Acc: 0.2467, Val Acc: 0.2800
Epoch: 111, Loss: 1.3952, Train Acc: 0.2667, Val Acc: 0.2400
Epoch: 112, Loss: 1.4210, Train Acc: 0.2667, Val Acc: 0.2400
Epoch: 113, Loss: 1.4222, Train Acc: 0.2933, Val Acc: 0.2400
Epoch: 114, Loss: 1.4022, Train Acc: 0.2533, Val Acc: 0.3200
Epoch: 115, Loss: 1.3175, Train Acc: 0.2800, Val Acc: 0.2400
Epoch: 116, Loss: 1.4144, Train Acc: 0.2200, Val Acc: 0.2400
Epoch: 117, Loss: 1.3880, Train Acc: 0.2667, Val Acc: 0.2400
Epoch: 118, Loss: 1.4011, Train Acc: 0.1933, Val Acc: 0.2400
Epoch: 119, Loss: 1.3816, Train Acc: 0.2267, Val Acc: 0.2400
Epoch: 120, Loss: 1.4164, Train Acc: 0.2733, Val Acc: 0.2800
Epoch: 121, Loss: 1.4133, Train Acc: 0.2667, Val Acc: 0.2400
Epoch: 122, Loss: 1.3194, Train Acc: 0.2667, Val Acc: 0.2400
Epoch: 123, Loss: 1.4011, Train Acc: 0.2867, Val Acc: 0.3200
Epoch: 124, Loss: 1.3933, Train Acc: 0.2400, Val Acc: 0.2800
Epoch: 125, Loss: 1.3806, Train Acc: 0.2600, Val Acc: 0.2800
Epoch: 126, Loss: 1.4403, Train Acc: 0.2733, Val Acc: 0.2400
Epoch: 127, Loss: 1.3840, Train Acc: 0.1733, Val Acc: 0.3200
Epoch: 128, Loss: 1.3880, Train Acc: 0.2333, Val Acc: 0.1600
Epoch: 129, Loss: 1.4214, Train Acc: 0.2400, Val Acc: 0.2800
Epoch: 130, Loss: 1.4167, Train Acc: 0.2467, Val Acc: 0.2000
Epoch: 131, Loss: 1.3374, Train Acc: 0.2200, Val Acc: 0.2400
Epoch: 132, Loss: 1.3666, Train Acc: 0.2867, Val Acc: 0.2400
Epoch: 133, Loss: 1.3699, Train Acc: 0.2200, Val Acc: 0.2800
Epoch: 134, Loss: 1.3359, Train Acc: 0.2800, Val Acc: 0.2400
Epoch: 135, Loss: 1.4319, Train Acc: 0.2733, Val Acc: 0.2400
Epoch: 136, Loss: 1.3688, Train Acc: 0.2867, Val Acc: 0.2800
Epoch: 137, Loss: 1.3032, Train Acc: 0.2733, Val Acc: 0.2400
Epoch: 138, Loss: 1.3955, Train Acc: 0.2467, Val Acc: 0.2400
Epoch: 139, Loss: 1.3737, Train Acc: 0.2467, Val Acc: 0.2400
Epoch: 140, Loss: 1.4721, Train Acc: 0.2600, Val Acc: 0.2000
Epoch: 141, Loss: 1.3392, Train Acc: 0.3067, Val Acc: 0.2400
Epoch: 142, Loss: 1.4104, Train Acc: 0.2667, Val Acc: 0.2400
Epoch: 143, Loss: 1.3463, Train Acc: 0.3000, Val Acc: 0.2000
Epoch: 144, Loss: 1.3577, Train Acc: 0.2333, Val Acc: 0.2400
Epoch: 145, Loss: 1.4350, Train Acc: 0.2733, Val Acc: 0.2800
Epoch: 146, Loss: 1.4307, Train Acc: 0.2533, Val Acc: 0.2400
Epoch: 147, Loss: 1.4015, Train Acc: 0.2333, Val Acc: 0.2400
Epoch: 148, Loss: 1.3973, Train Acc: 0.2533, Val Acc: 0.2400
Epoch: 149, Loss: 1.4131, Train Acc: 0.2400, Val Acc: 0.2400
Epoch: 150, Loss: 1.4308, Train Acc: 0.2467, Val Acc: 0.2400
Epoch: 151, Loss: 1.3054, Train Acc: 0.3067, Val Acc: 0.2400
Epoch: 152, Loss: 1.3940, Train Acc: 0.2867, Val Acc: 0.2400
Epoch: 153, Loss: 1.1371, Train Acc: 0.2133, Val Acc: 0.2400
Epoch: 154, Loss: 1.2996, Train Acc: 0.3333, Val Acc: 0.2400
Epoch: 155, Loss: 1.3947, Train Acc: 0.2800, Val Acc: 0.2400
Epoch: 156, Loss: 1.4377, Train Acc: 0.2667, Val Acc: 0.2400
Epoch: 157, Loss: 1.3850, Train Acc: 0.2933, Val Acc: 0.2400
Epoch: 158, Loss: 1.3830, Train Acc: 0.2800, Val Acc: 0.2000
Epoch: 159, Loss: 1.3673, Train Acc: 0.3067, Val Acc: 0.2400
Epoch: 160, Loss: 1.3931, Train Acc: 0.2867, Val Acc: 0.2800
Epoch: 161, Loss: 1.3715, Train Acc: 0.2600, Val Acc: 0.2800
Epoch: 162, Loss: 1.3853, Train Acc: 0.2733, Val Acc: 0.2400
Epoch: 163, Loss: 1.3885, Train Acc: 0.2533, Val Acc: 0.2400
Epoch: 164, Loss: 1.4148, Train Acc: 0.2667, Val Acc: 0.2400
Epoch: 165, Loss: 1.3798, Train Acc: 0.2600, Val Acc: 0.2400
Epoch: 166, Loss: 1.3454, Train Acc: 0.2933, Val Acc: 0.2400
Epoch: 167, Loss: 1.4569, Train Acc: 0.2933, Val Acc: 0.3200
Epoch: 168, Loss: 1.3804, Train Acc: 0.2667, Val Acc: 0.2800
Epoch: 169, Loss: 1.4302, Train Acc: 0.3200, Val Acc: 0.2400
Epoch: 170, Loss: 1.1772, Train Acc: 0.2533, Val Acc: 0.2400
Epoch: 171, Loss: 1.3577, Train Acc: 0.2933, Val Acc: 0.3200
Epoch: 172, Loss: 1.4193, Train Acc: 0.2800, Val Acc: 0.2400
Epoch: 173, Loss: 1.3778, Train Acc: 0.2800, Val Acc: 0.3200
Epoch: 174, Loss: 1.4128, Train Acc: 0.2400, Val Acc: 0.2000
Epoch: 175, Loss: 1.3732, Train Acc: 0.2867, Val Acc: 0.2400
Epoch: 176, Loss: 1.3731, Train Acc: 0.3333, Val Acc: 0.2400
Epoch: 177, Loss: 1.3345, Train Acc: 0.2267, Val Acc: 0.3200
Epoch: 178, Loss: 1.4197, Train Acc: 0.2733, Val Acc: 0.2400
Epoch: 179, Loss: 1.3648, Train Acc: 0.3067, Val Acc: 0.2400
Epoch: 180, Loss: 1.4181, Train Acc: 0.2800, Val Acc: 0.2400
Epoch: 181, Loss: 1.3618, Train Acc: 0.2600, Val Acc: 0.2400
Epoch: 182, Loss: 1.3832, Train Acc: 0.2667, Val Acc: 0.2800
Epoch: 183, Loss: 1.3672, Train Acc: 0.2800, Val Acc: 0.2400
Epoch: 184, Loss: 1.3944, Train Acc: 0.2400, Val Acc: 0.2400
Epoch: 185, Loss: 1.3534, Train Acc: 0.3000, Val Acc: 0.2800
Epoch: 186, Loss: 1.3822, Train Acc: 0.2667, Val Acc: 0.1600
Epoch: 187, Loss: 1.4146, Train Acc: 0.2667, Val Acc: 0.2400
Epoch: 188, Loss: 1.4165, Train Acc: 0.3067, Val Acc: 0.2400
Epoch: 189, Loss: 1.3570, Train Acc: 0.2933, Val Acc: 0.1600
Epoch: 190, Loss: 1.4054, Train Acc: 0.2933, Val Acc: 0.2400
Epoch: 191, Loss: 1.4397, Train Acc: 0.2600, Val Acc: 0.2400
Epoch: 192, Loss: 1.1606, Train Acc: 0.3067, Val Acc: 0.2400
Epoch: 193, Loss: 1.4075, Train Acc: 0.2467, Val Acc: 0.2400
Epoch: 194, Loss: 1.4690, Train Acc: 0.3067, Val Acc: 0.2400
Epoch: 195, Loss: 1.3856, Train Acc: 0.3000, Val Acc: 0.2000
Epoch: 196, Loss: 1.4033, Train Acc: 0.2867, Val Acc: 0.2000
Epoch: 197, Loss: 1.4121, Train Acc: 0.2733, Val Acc: 0.2400
Epoch: 198, Loss: 1.4201, Train Acc: 0.3133, Val Acc: 0.2400
Epoch: 199, Loss: 1.4109, Train Acc: 0.2800, Val Acc: 0.2400
Split 0 evaluatation: Acc: 0.3600, Precision: 0.3600, Recall: 0.3600, F1 : 0.3600

Epoch: 000, Loss: 1.4144, Train Acc: 0.1933, Val Acc: 0.2400
Epoch: 001, Loss: 1.4090, Train Acc: 0.1667, Val Acc: 0.2400
Epoch: 002, Loss: 1.3877, Train Acc: 0.2467, Val Acc: 0.2400
Epoch: 003, Loss: 1.4064, Train Acc: 0.1733, Val Acc: 0.2800
Epoch: 004, Loss: 1.3806, Train Acc: 0.1800, Val Acc: 0.2800
Epoch: 005, Loss: 1.3905, Train Acc: 0.2133, Val Acc: 0.2400
Epoch: 006, Loss: 1.3725, Train Acc: 0.1667, Val Acc: 0.2000
Epoch: 007, Loss: 1.3569, Train Acc: 0.2400, Val Acc: 0.2400
Epoch: 008, Loss: 1.3945, Train Acc: 0.1933, Val Acc: 0.2400
Epoch: 009, Loss: 1.3238, Train Acc: 0.1867, Val Acc: 0.2400
Epoch: 010, Loss: 1.4276, Train Acc: 0.2667, Val Acc: 0.2400
Epoch: 011, Loss: 1.4118, Train Acc: 0.2200, Val Acc: 0.4000
Epoch: 012, Loss: 1.3652, Train Acc: 0.2267, Val Acc: 0.2800
Epoch: 013, Loss: 1.4088, Train Acc: 0.2400, Val Acc: 0.2400
Epoch: 014, Loss: 1.3524, Train Acc: 0.1800, Val Acc: 0.2400
Epoch: 015, Loss: 1.3773, Train Acc: 0.2400, Val Acc: 0.1600
Epoch: 016, Loss: 1.4142, Train Acc: 0.2400, Val Acc: 0.2400
Epoch: 017, Loss: 1.4067, Train Acc: 0.2400, Val Acc: 0.2400
Epoch: 018, Loss: 1.4591, Train Acc: 0.2133, Val Acc: 0.2400
Epoch: 019, Loss: 1.3965, Train Acc: 0.2400, Val Acc: 0.2400
Epoch: 020, Loss: 1.4359, Train Acc: 0.1800, Val Acc: 0.2400
Epoch: 021, Loss: 1.3582, Train Acc: 0.2267, Val Acc: 0.2400
Epoch: 022, Loss: 1.4314, Train Acc: 0.1867, Val Acc: 0.2400
Epoch: 023, Loss: 1.3589, Train Acc: 0.2400, Val Acc: 0.1200
Epoch: 024, Loss: 1.4539, Train Acc: 0.2533, Val Acc: 0.2400
Epoch: 025, Loss: 1.3462, Train Acc: 0.2067, Val Acc: 0.2400
Epoch: 026, Loss: 1.4166, Train Acc: 0.2667, Val Acc: 0.2400
Epoch: 027, Loss: 1.3907, Train Acc: 0.2533, Val Acc: 0.1600
Epoch: 028, Loss: 1.3848, Train Acc: 0.2000, Val Acc: 0.2800
Epoch: 029, Loss: 1.3998, Train Acc: 0.2667, Val Acc: 0.2000
Epoch: 030, Loss: 1.3826, Train Acc: 0.2200, Val Acc: 0.2400
Epoch: 031, Loss: 1.4081, Train Acc: 0.2067, Val Acc: 0.2400
Epoch: 032, Loss: 1.3679, Train Acc: 0.2333, Val Acc: 0.2800
Epoch: 033, Loss: 1.4432, Train Acc: 0.2267, Val Acc: 0.2400
Epoch: 034, Loss: 1.4021, Train Acc: 0.2400, Val Acc: 0.2400
Epoch: 035, Loss: 1.4408, Train Acc: 0.2333, Val Acc: 0.2400
Epoch: 036, Loss: 1.3755, Train Acc: 0.2400, Val Acc: 0.1600
Epoch: 037, Loss: 1.3885, Train Acc: 0.2400, Val Acc: 0.1600
Epoch: 038, Loss: 1.4170, Train Acc: 0.2467, Val Acc: 0.2400
Epoch: 039, Loss: 1.4055, Train Acc: 0.2667, Val Acc: 0.2400
Epoch: 040, Loss: 1.4054, Train Acc: 0.2467, Val Acc: 0.2400
Epoch: 041, Loss: 1.4264, Train Acc: 0.2467, Val Acc: 0.2400
Epoch: 042, Loss: 1.3819, Train Acc: 0.2467, Val Acc: 0.2400
Epoch: 043, Loss: 1.3110, Train Acc: 0.2533, Val Acc: 0.2400
Epoch: 044, Loss: 1.4472, Train Acc: 0.2467, Val Acc: 0.2400
Epoch: 045, Loss: 1.3972, Train Acc: 0.2600, Val Acc: 0.1600
Epoch: 046, Loss: 1.4078, Train Acc: 0.2133, Val Acc: 0.2400
Epoch: 047, Loss: 1.4532, Train Acc: 0.2467, Val Acc: 0.2400
Epoch: 048, Loss: 1.3801, Train Acc: 0.3000, Val Acc: 0.2400
Epoch: 049, Loss: 1.4298, Train Acc: 0.2333, Val Acc: 0.2400
Epoch: 050, Loss: 1.2955, Train Acc: 0.2533, Val Acc: 0.2400
Epoch: 051, Loss: 1.4240, Train Acc: 0.2600, Val Acc: 0.1600
Epoch: 052, Loss: 1.3828, Train Acc: 0.2600, Val Acc: 0.1200
Epoch: 053, Loss: 1.3914, Train Acc: 0.2200, Val Acc: 0.2400
Epoch: 054, Loss: 1.4380, Train Acc: 0.2467, Val Acc: 0.2800
Epoch: 055, Loss: 1.3709, Train Acc: 0.2000, Val Acc: 0.2400
Epoch: 056, Loss: 1.3676, Train Acc: 0.2800, Val Acc: 0.2800
Epoch: 057, Loss: 1.4008, Train Acc: 0.2733, Val Acc: 0.2400
Epoch: 058, Loss: 1.4161, Train Acc: 0.2200, Val Acc: 0.2400
Epoch: 059, Loss: 1.3893, Train Acc: 0.2200, Val Acc: 0.2400
Epoch: 060, Loss: 1.4187, Train Acc: 0.2533, Val Acc: 0.2400
Epoch: 061, Loss: 1.3610, Train Acc: 0.2667, Val Acc: 0.3200
Epoch: 062, Loss: 1.4004, Train Acc: 0.2333, Val Acc: 0.1600
Epoch: 063, Loss: 1.4270, Train Acc: 0.2733, Val Acc: 0.1200
Epoch: 064, Loss: 1.4051, Train Acc: 0.2667, Val Acc: 0.1200
Epoch: 065, Loss: 1.4437, Train Acc: 0.2400, Val Acc: 0.2800
Epoch: 066, Loss: 1.3856, Train Acc: 0.2800, Val Acc: 0.1600
Epoch: 067, Loss: 1.4126, Train Acc: 0.2533, Val Acc: 0.2400
Epoch: 068, Loss: 1.4187, Train Acc: 0.2600, Val Acc: 0.1200
Epoch: 069, Loss: 1.4055, Train Acc: 0.2400, Val Acc: 0.3200
Epoch: 070, Loss: 1.3700, Train Acc: 0.3000, Val Acc: 0.1200
Epoch: 071, Loss: 1.4306, Train Acc: 0.2267, Val Acc: 0.2400
Epoch: 072, Loss: 1.4009, Train Acc: 0.2467, Val Acc: 0.2000
Epoch: 073, Loss: 1.4126, Train Acc: 0.2533, Val Acc: 0.2000
Epoch: 074, Loss: 1.3422, Train Acc: 0.2400, Val Acc: 0.2400
Epoch: 075, Loss: 1.3237, Train Acc: 0.2867, Val Acc: 0.2400
Epoch: 076, Loss: 1.4230, Train Acc: 0.2600, Val Acc: 0.2400
Epoch: 077, Loss: 1.3574, Train Acc: 0.2667, Val Acc: 0.2000
Epoch: 078, Loss: 1.4156, Train Acc: 0.2533, Val Acc: 0.1200
Epoch: 079, Loss: 1.3449, Train Acc: 0.2400, Val Acc: 0.2400
Epoch: 080, Loss: 1.2661, Train Acc: 0.2467, Val Acc: 0.2000
Epoch: 081, Loss: 1.3452, Train Acc: 0.2600, Val Acc: 0.2400
Epoch: 082, Loss: 1.4053, Train Acc: 0.2867, Val Acc: 0.1600
Epoch: 083, Loss: 1.3943, Train Acc: 0.2400, Val Acc: 0.0400
Epoch: 084, Loss: 1.2477, Train Acc: 0.2533, Val Acc: 0.2400
Epoch: 085, Loss: 1.3492, Train Acc: 0.2800, Val Acc: 0.2800
Epoch: 086, Loss: 1.4090, Train Acc: 0.2600, Val Acc: 0.2400
Epoch: 087, Loss: 1.3480, Train Acc: 0.1867, Val Acc: 0.2400
Epoch: 088, Loss: 1.4358, Train Acc: 0.2400, Val Acc: 0.2800
Epoch: 089, Loss: 1.3802, Train Acc: 0.3000, Val Acc: 0.0400
Epoch: 090, Loss: 1.3915, Train Acc: 0.3000, Val Acc: 0.0800
Epoch: 091, Loss: 1.4112, Train Acc: 0.2533, Val Acc: 0.1200
Epoch: 092, Loss: 1.4178, Train Acc: 0.2333, Val Acc: 0.0800
Epoch: 093, Loss: 1.3256, Train Acc: 0.2733, Val Acc: 0.2400
Epoch: 094, Loss: 1.3766, Train Acc: 0.2667, Val Acc: 0.2000
Epoch: 095, Loss: 1.3799, Train Acc: 0.2067, Val Acc: 0.0800
Epoch: 096, Loss: 1.4187, Train Acc: 0.2533, Val Acc: 0.2400
Epoch: 097, Loss: 1.3884, Train Acc: 0.2667, Val Acc: 0.2400
Epoch: 098, Loss: 1.4190, Train Acc: 0.2933, Val Acc: 0.2400
Epoch: 099, Loss: 1.3912, Train Acc: 0.2667, Val Acc: 0.2000
Epoch: 100, Loss: 1.4383, Train Acc: 0.3000, Val Acc: 0.2800
Epoch: 101, Loss: 1.4411, Train Acc: 0.2333, Val Acc: 0.1600
Epoch: 102, Loss: 1.3985, Train Acc: 0.2800, Val Acc: 0.2000
Epoch: 103, Loss: 1.3987, Train Acc: 0.2333, Val Acc: 0.1200
Epoch: 104, Loss: 1.4151, Train Acc: 0.2867, Val Acc: 0.1600
Epoch: 105, Loss: 1.3823, Train Acc: 0.2867, Val Acc: 0.1600
Epoch: 106, Loss: 1.4267, Train Acc: 0.2933, Val Acc: 0.1600
Epoch: 107, Loss: 1.4321, Train Acc: 0.2333, Val Acc: 0.2400
Epoch: 108, Loss: 1.3783, Train Acc: 0.2533, Val Acc: 0.1200
Epoch: 109, Loss: 1.3462, Train Acc: 0.2400, Val Acc: 0.1200
Epoch: 110, Loss: 1.4032, Train Acc: 0.2933, Val Acc: 0.2400
Epoch: 111, Loss: 1.3890, Train Acc: 0.2733, Val Acc: 0.2000
Epoch: 112, Loss: 1.3940, Train Acc: 0.2333, Val Acc: 0.1200
Epoch: 113, Loss: 1.3826, Train Acc: 0.2533, Val Acc: 0.0400
Epoch: 114, Loss: 1.3898, Train Acc: 0.2600, Val Acc: 0.2400
Epoch: 115, Loss: 1.3273, Train Acc: 0.3467, Val Acc: 0.2400
Epoch: 116, Loss: 1.3761, Train Acc: 0.2733, Val Acc: 0.2400
Epoch: 117, Loss: 1.3655, Train Acc: 0.2933, Val Acc: 0.1200
Epoch: 118, Loss: 1.3602, Train Acc: 0.2400, Val Acc: 0.2000
Epoch: 119, Loss: 1.4355, Train Acc: 0.2467, Val Acc: 0.1200
Epoch: 120, Loss: 1.3677, Train Acc: 0.2733, Val Acc: 0.1200
Epoch: 121, Loss: 1.3455, Train Acc: 0.2733, Val Acc: 0.2400
Epoch: 122, Loss: 1.3714, Train Acc: 0.2600, Val Acc: 0.1200
Epoch: 123, Loss: 1.4087, Train Acc: 0.2933, Val Acc: 0.2400
Epoch: 124, Loss: 1.3287, Train Acc: 0.2467, Val Acc: 0.2400
Epoch: 125, Loss: 1.4138, Train Acc: 0.2933, Val Acc: 0.3200
Epoch: 126, Loss: 1.4080, Train Acc: 0.2667, Val Acc: 0.0800
Epoch: 127, Loss: 1.3907, Train Acc: 0.2467, Val Acc: 0.0800
Epoch: 128, Loss: 1.3806, Train Acc: 0.2733, Val Acc: 0.2400
Epoch: 129, Loss: 0.1029, Train Acc: 0.2933, Val Acc: 0.2800
Epoch: 130, Loss: 1.3903, Train Acc: 0.2467, Val Acc: 0.2400
Epoch: 131, Loss: 1.4091, Train Acc: 0.2667, Val Acc: 0.2400
Epoch: 132, Loss: 1.3386, Train Acc: 0.3333, Val Acc: 0.2400
Epoch: 133, Loss: 1.3656, Train Acc: 0.2667, Val Acc: 0.2800
Epoch: 134, Loss: 1.3643, Train Acc: 0.3000, Val Acc: 0.2400
Epoch: 135, Loss: 1.4190, Train Acc: 0.2800, Val Acc: 0.1200
Epoch: 136, Loss: 1.3437, Train Acc: 0.2733, Val Acc: 0.2400
Epoch: 137, Loss: 1.3771, Train Acc: 0.2600, Val Acc: 0.2000
Epoch: 138, Loss: 1.4029, Train Acc: 0.2867, Val Acc: 0.2400
Epoch: 139, Loss: 1.3512, Train Acc: 0.2667, Val Acc: 0.2400
Epoch: 140, Loss: 1.3615, Train Acc: 0.2400, Val Acc: 0.1600
Epoch: 141, Loss: 1.3599, Train Acc: 0.2733, Val Acc: 0.1600
Epoch: 142, Loss: 1.3776, Train Acc: 0.2733, Val Acc: 0.1200
Epoch: 143, Loss: 1.3847, Train Acc: 0.2000, Val Acc: 0.2400
Epoch: 144, Loss: 1.4731, Train Acc: 0.2733, Val Acc: 0.2000
Epoch: 145, Loss: 0.0848, Train Acc: 0.2800, Val Acc: 0.2800
Epoch: 146, Loss: 1.4241, Train Acc: 0.3133, Val Acc: 0.1600
Epoch: 147, Loss: 1.3778, Train Acc: 0.2600, Val Acc: 0.1200
Epoch: 148, Loss: 1.3904, Train Acc: 0.2667, Val Acc: 0.2800
Epoch: 149, Loss: 1.3454, Train Acc: 0.2333, Val Acc: 0.2400
Epoch: 150, Loss: 1.4223, Train Acc: 0.3200, Val Acc: 0.2400
Epoch: 151, Loss: 1.3776, Train Acc: 0.2600, Val Acc: 0.2800
Epoch: 152, Loss: 1.3911, Train Acc: 0.3000, Val Acc: 0.1600
Epoch: 153, Loss: 1.3762, Train Acc: 0.3067, Val Acc: 0.0800
Epoch: 154, Loss: 1.3649, Train Acc: 0.2733, Val Acc: 0.1200
Epoch: 155, Loss: 1.3983, Train Acc: 0.2933, Val Acc: 0.1200
Epoch: 156, Loss: 1.4135, Train Acc: 0.2667, Val Acc: 0.0800
Epoch: 157, Loss: 1.3987, Train Acc: 0.2933, Val Acc: 0.2000
Epoch: 158, Loss: 1.3644, Train Acc: 0.2533, Val Acc: 0.0400
Epoch: 159, Loss: 1.4050, Train Acc: 0.2867, Val Acc: 0.2400
Epoch: 160, Loss: 1.3940, Train Acc: 0.2467, Val Acc: 0.2400
Epoch: 161, Loss: 1.3637, Train Acc: 0.2933, Val Acc: 0.2400
Epoch: 162, Loss: 1.3658, Train Acc: 0.2133, Val Acc: 0.2800
Epoch: 163, Loss: 1.4193, Train Acc: 0.2667, Val Acc: 0.2800
Epoch: 164, Loss: 1.4029, Train Acc: 0.2733, Val Acc: 0.2400
Epoch: 165, Loss: 1.3631, Train Acc: 0.2800, Val Acc: 0.2800
Epoch: 166, Loss: 1.3756, Train Acc: 0.2400, Val Acc: 0.2800
Epoch: 167, Loss: 1.3836, Train Acc: 0.2600, Val Acc: 0.2800
Epoch: 168, Loss: 1.3974, Train Acc: 0.2667, Val Acc: 0.2800
Epoch: 169, Loss: 1.3637, Train Acc: 0.2933, Val Acc: 0.2400
Epoch: 170, Loss: 1.3988, Train Acc: 0.2800, Val Acc: 0.2400
Epoch: 171, Loss: 1.4292, Train Acc: 0.2733, Val Acc: 0.2800
Epoch: 172, Loss: 1.3727, Train Acc: 0.2667, Val Acc: 0.2400
Epoch: 173, Loss: 1.4323, Train Acc: 0.2867, Val Acc: 0.2800
Epoch: 174, Loss: 1.4118, Train Acc: 0.2667, Val Acc: 0.4000
Epoch: 175, Loss: 1.4160, Train Acc: 0.3067, Val Acc: 0.2400
Epoch: 176, Loss: 1.3690, Train Acc: 0.2000, Val Acc: 0.2000
Epoch: 177, Loss: 1.3691, Train Acc: 0.3067, Val Acc: 0.0400
Epoch: 178, Loss: 1.3880, Train Acc: 0.3000, Val Acc: 0.3200
Epoch: 179, Loss: 1.4245, Train Acc: 0.2533, Val Acc: 0.0800
Epoch: 180, Loss: 1.4237, Train Acc: 0.2667, Val Acc: 0.2000
Epoch: 181, Loss: 1.3477, Train Acc: 0.2533, Val Acc: 0.2400
Epoch: 182, Loss: 1.3530, Train Acc: 0.3267, Val Acc: 0.2000
Epoch: 183, Loss: 1.3612, Train Acc: 0.2667, Val Acc: 0.0800
Epoch: 184, Loss: 1.3574, Train Acc: 0.3200, Val Acc: 0.2800
Epoch: 185, Loss: 1.4071, Train Acc: 0.2933, Val Acc: 0.2800
Epoch: 186, Loss: 1.4200, Train Acc: 0.2800, Val Acc: 0.2400
Epoch: 187, Loss: 1.3955, Train Acc: 0.2667, Val Acc: 0.1200
Epoch: 188, Loss: 1.3628, Train Acc: 0.2733, Val Acc: 0.2400
Epoch: 189, Loss: 1.3463, Train Acc: 0.3067, Val Acc: 0.0400
Epoch: 190, Loss: 1.4072, Train Acc: 0.2533, Val Acc: 0.1600
Epoch: 191, Loss: 1.4099, Train Acc: 0.2800, Val Acc: 0.1200
Epoch: 192, Loss: 1.3277, Train Acc: 0.3000, Val Acc: 0.2400
Epoch: 193, Loss: 0.0513, Train Acc: 0.3400, Val Acc: 0.2800
Epoch: 194, Loss: 1.4009, Train Acc: 0.2600, Val Acc: 0.2800
Epoch: 195, Loss: 1.3367, Train Acc: 0.2867, Val Acc: 0.2800
Epoch: 196, Loss: 1.3355, Train Acc: 0.3333, Val Acc: 0.1600
Epoch: 197, Loss: 1.4197, Train Acc: 0.2867, Val Acc: 0.3200
Epoch: 198, Loss: 1.3991, Train Acc: 0.2000, Val Acc: 0.3600
Epoch: 199, Loss: 1.3879, Train Acc: 0.2867, Val Acc: 0.3200
Split 1 evaluatation: Acc: 0.3200, Precision: 0.3200, Recall: 0.3200, F1 : 0.3200

Epoch: 000, Loss: 1.3702, Train Acc: 0.2333, Val Acc: 0.2400
Epoch: 001, Loss: 1.3811, Train Acc: 0.2200, Val Acc: 0.2400
Epoch: 002, Loss: 1.3826, Train Acc: 0.1733, Val Acc: 0.2400
Epoch: 003, Loss: 1.3691, Train Acc: 0.2333, Val Acc: 0.2400
Epoch: 004, Loss: 1.3926, Train Acc: 0.2467, Val Acc: 0.2400
Epoch: 005, Loss: 1.4091, Train Acc: 0.2333, Val Acc: 0.2400
Epoch: 006, Loss: 1.3743, Train Acc: 0.2200, Val Acc: 0.2400
Epoch: 007, Loss: 1.3569, Train Acc: 0.1867, Val Acc: 0.2400
Epoch: 008, Loss: 1.4218, Train Acc: 0.2400, Val Acc: 0.2400
Epoch: 009, Loss: 1.4422, Train Acc: 0.2000, Val Acc: 0.2400
Epoch: 010, Loss: 1.3879, Train Acc: 0.2000, Val Acc: 0.2400
Epoch: 011, Loss: 1.4275, Train Acc: 0.2067, Val Acc: 0.2400
Epoch: 012, Loss: 1.3759, Train Acc: 0.2133, Val Acc: 0.2400
Epoch: 013, Loss: 1.4094, Train Acc: 0.2200, Val Acc: 0.2400
Epoch: 014, Loss: 1.3539, Train Acc: 0.2200, Val Acc: 0.2400
Epoch: 015, Loss: 1.4247, Train Acc: 0.1933, Val Acc: 0.2000
Epoch: 016, Loss: 1.4335, Train Acc: 0.2267, Val Acc: 0.2400
Epoch: 017, Loss: 1.4011, Train Acc: 0.1867, Val Acc: 0.2800
Epoch: 018, Loss: 1.4256, Train Acc: 0.2400, Val Acc: 0.2400
Epoch: 019, Loss: 1.3792, Train Acc: 0.1800, Val Acc: 0.2400
Epoch: 020, Loss: 1.3765, Train Acc: 0.2467, Val Acc: 0.3200
Epoch: 021, Loss: 1.3681, Train Acc: 0.2133, Val Acc: 0.2800
Epoch: 022, Loss: 1.3730, Train Acc: 0.2400, Val Acc: 0.2800
Epoch: 023, Loss: 1.4240, Train Acc: 0.2333, Val Acc: 0.2400
Epoch: 024, Loss: 1.3815, Train Acc: 0.1933, Val Acc: 0.2400
Epoch: 025, Loss: 1.3938, Train Acc: 0.2000, Val Acc: 0.2000
Epoch: 026, Loss: 1.3913, Train Acc: 0.2400, Val Acc: 0.2400
Epoch: 027, Loss: 1.4205, Train Acc: 0.2467, Val Acc: 0.2400
Epoch: 028, Loss: 1.3469, Train Acc: 0.2400, Val Acc: 0.2400
Epoch: 029, Loss: 1.3637, Train Acc: 0.2533, Val Acc: 0.2400
Epoch: 030, Loss: 1.3750, Train Acc: 0.2067, Val Acc: 0.2400
Epoch: 031, Loss: 1.4039, Train Acc: 0.2133, Val Acc: 0.2000
Epoch: 032, Loss: 1.4114, Train Acc: 0.2533, Val Acc: 0.2400
Epoch: 033, Loss: 1.3676, Train Acc: 0.2267, Val Acc: 0.2800
Epoch: 034, Loss: 1.4515, Train Acc: 0.2467, Val Acc: 0.2400
Epoch: 035, Loss: 1.4060, Train Acc: 0.2333, Val Acc: 0.2400
Epoch: 036, Loss: 1.3460, Train Acc: 0.2467, Val Acc: 0.4000
Epoch: 037, Loss: 1.4158, Train Acc: 0.2333, Val Acc: 0.2000
Epoch: 038, Loss: 1.3816, Train Acc: 0.2533, Val Acc: 0.2800
Epoch: 039, Loss: 1.3917, Train Acc: 0.2600, Val Acc: 0.2400
Epoch: 040, Loss: 1.3942, Train Acc: 0.2533, Val Acc: 0.2800
Epoch: 041, Loss: 1.3878, Train Acc: 0.2267, Val Acc: 0.2800
Epoch: 042, Loss: 1.3635, Train Acc: 0.2533, Val Acc: 0.2400
Epoch: 043, Loss: 1.3461, Train Acc: 0.2200, Val Acc: 0.2800
Epoch: 044, Loss: 1.3708, Train Acc: 0.2533, Val Acc: 0.2400
Epoch: 045, Loss: 1.3512, Train Acc: 0.2800, Val Acc: 0.2400
Epoch: 046, Loss: 1.3926, Train Acc: 0.2067, Val Acc: 0.2400
Epoch: 047, Loss: 1.4422, Train Acc: 0.2200, Val Acc: 0.2000
Epoch: 048, Loss: 1.4096, Train Acc: 0.2200, Val Acc: 0.2400
Epoch: 049, Loss: 1.4300, Train Acc: 0.2067, Val Acc: 0.3200
Epoch: 050, Loss: 1.3649, Train Acc: 0.2400, Val Acc: 0.2400
Epoch: 051, Loss: 1.4181, Train Acc: 0.2133, Val Acc: 0.2400
Epoch: 052, Loss: 1.3772, Train Acc: 0.2467, Val Acc: 0.2800
Epoch: 053, Loss: 1.3913, Train Acc: 0.2733, Val Acc: 0.2400
Epoch: 054, Loss: 1.4054, Train Acc: 0.2667, Val Acc: 0.2800
Epoch: 055, Loss: 1.3437, Train Acc: 0.2200, Val Acc: 0.3200
Epoch: 056, Loss: 1.4278, Train Acc: 0.2600, Val Acc: 0.2400
Epoch: 057, Loss: 1.3713, Train Acc: 0.2400, Val Acc: 0.3600
Epoch: 058, Loss: 1.4002, Train Acc: 0.2333, Val Acc: 0.2800
Epoch: 059, Loss: 1.3683, Train Acc: 0.2467, Val Acc: 0.2400
Epoch: 060, Loss: 1.4231, Train Acc: 0.2133, Val Acc: 0.2400
Epoch: 061, Loss: 1.3577, Train Acc: 0.2267, Val Acc: 0.2400
Epoch: 062, Loss: 1.3829, Train Acc: 0.2333, Val Acc: 0.2800
Epoch: 063, Loss: 1.4386, Train Acc: 0.2533, Val Acc: 0.2400
Epoch: 064, Loss: 1.4025, Train Acc: 0.2533, Val Acc: 0.2400
Epoch: 065, Loss: 1.4171, Train Acc: 0.2267, Val Acc: 0.2400
Epoch: 066, Loss: 1.3926, Train Acc: 0.2400, Val Acc: 0.2800
Epoch: 067, Loss: 1.4087, Train Acc: 0.2533, Val Acc: 0.2000
Epoch: 068, Loss: 1.4432, Train Acc: 0.2267, Val Acc: 0.2400
Epoch: 069, Loss: 1.3665, Train Acc: 0.2467, Val Acc: 0.2400
Epoch: 070, Loss: 1.3999, Train Acc: 0.2533, Val Acc: 0.3600
Epoch: 071, Loss: 1.3946, Train Acc: 0.2267, Val Acc: 0.2800
Epoch: 072, Loss: 1.3723, Train Acc: 0.2667, Val Acc: 0.2400
Epoch: 073, Loss: 1.3556, Train Acc: 0.2467, Val Acc: 0.2800
Epoch: 074, Loss: 1.3951, Train Acc: 0.2667, Val Acc: 0.3200
Epoch: 075, Loss: 1.4040, Train Acc: 0.2600, Val Acc: 0.2400
Epoch: 076, Loss: 1.3860, Train Acc: 0.2600, Val Acc: 0.2400
Epoch: 077, Loss: 1.4244, Train Acc: 0.2733, Val Acc: 0.2400
Epoch: 078, Loss: 1.3514, Train Acc: 0.2467, Val Acc: 0.2400
Epoch: 079, Loss: 1.3691, Train Acc: 0.2600, Val Acc: 0.3200
Epoch: 080, Loss: 1.4014, Train Acc: 0.2800, Val Acc: 0.2800
Epoch: 081, Loss: 1.4258, Train Acc: 0.2867, Val Acc: 0.3200
Epoch: 082, Loss: 1.3714, Train Acc: 0.2600, Val Acc: 0.2800
Epoch: 083, Loss: 1.3548, Train Acc: 0.2267, Val Acc: 0.2800
Epoch: 084, Loss: 1.3981, Train Acc: 0.2133, Val Acc: 0.2000
Epoch: 085, Loss: 1.3874, Train Acc: 0.2733, Val Acc: 0.3200
Epoch: 086, Loss: 1.3996, Train Acc: 0.2467, Val Acc: 0.2400
Epoch: 087, Loss: 1.3877, Train Acc: 0.2733, Val Acc: 0.2800
Epoch: 088, Loss: 1.4364, Train Acc: 0.2667, Val Acc: 0.3200
Epoch: 089, Loss: 1.3938, Train Acc: 0.2400, Val Acc: 0.3200
Epoch: 090, Loss: 1.3913, Train Acc: 0.2133, Val Acc: 0.2800
Epoch: 091, Loss: 1.4015, Train Acc: 0.2667, Val Acc: 0.2400
Epoch: 092, Loss: 1.4348, Train Acc: 0.2600, Val Acc: 0.3200
Epoch: 093, Loss: 1.3421, Train Acc: 0.3067, Val Acc: 0.2400
Epoch: 094, Loss: 1.3479, Train Acc: 0.2867, Val Acc: 0.2400
Epoch: 095, Loss: 1.4039, Train Acc: 0.2467, Val Acc: 0.2400
Epoch: 096, Loss: 1.3286, Train Acc: 0.2533, Val Acc: 0.3200
Epoch: 097, Loss: 1.4280, Train Acc: 0.3133, Val Acc: 0.2400
Epoch: 098, Loss: 1.2248, Train Acc: 0.2733, Val Acc: 0.2800
Epoch: 099, Loss: 1.3863, Train Acc: 0.3267, Val Acc: 0.2400
Epoch: 100, Loss: 1.4085, Train Acc: 0.2533, Val Acc: 0.2400
Epoch: 101, Loss: 1.3904, Train Acc: 0.2267, Val Acc: 0.2400
Epoch: 102, Loss: 1.4043, Train Acc: 0.2067, Val Acc: 0.2400
Epoch: 103, Loss: 1.4251, Train Acc: 0.3133, Val Acc: 0.3200
Epoch: 104, Loss: 1.4325, Train Acc: 0.2800, Val Acc: 0.3200
Epoch: 105, Loss: 1.4392, Train Acc: 0.2933, Val Acc: 0.2800
Epoch: 106, Loss: 1.3649, Train Acc: 0.2733, Val Acc: 0.2400
Epoch: 107, Loss: 1.3945, Train Acc: 0.2600, Val Acc: 0.2400
Epoch: 108, Loss: 1.4146, Train Acc: 0.2600, Val Acc: 0.2400
Epoch: 109, Loss: 1.4149, Train Acc: 0.2600, Val Acc: 0.0400
Epoch: 110, Loss: 1.4127, Train Acc: 0.2600, Val Acc: 0.2800
Epoch: 111, Loss: 1.4019, Train Acc: 0.3000, Val Acc: 0.2400
Epoch: 112, Loss: 1.3930, Train Acc: 0.2800, Val Acc: 0.2800
Epoch: 113, Loss: 1.3949, Train Acc: 0.2800, Val Acc: 0.3200
Epoch: 114, Loss: 1.4017, Train Acc: 0.2467, Val Acc: 0.2800
Epoch: 115, Loss: 1.4513, Train Acc: 0.2800, Val Acc: 0.2400
Epoch: 116, Loss: 1.4367, Train Acc: 0.2667, Val Acc: 0.3200
Epoch: 117, Loss: 1.4066, Train Acc: 0.3067, Val Acc: 0.2800
Epoch: 118, Loss: 1.4010, Train Acc: 0.2333, Val Acc: 0.2800
Epoch: 119, Loss: 1.3964, Train Acc: 0.2667, Val Acc: 0.2400
Epoch: 120, Loss: 1.3633, Train Acc: 0.2467, Val Acc: 0.2400
Epoch: 121, Loss: 1.4029, Train Acc: 0.2600, Val Acc: 0.3200
Epoch: 122, Loss: 1.4165, Train Acc: 0.2467, Val Acc: 0.3200
Epoch: 123, Loss: 1.3864, Train Acc: 0.2333, Val Acc: 0.3200
Epoch: 124, Loss: 1.4314, Train Acc: 0.3000, Val Acc: 0.3200
Epoch: 125, Loss: 1.3991, Train Acc: 0.3200, Val Acc: 0.3200
Epoch: 126, Loss: 1.4090, Train Acc: 0.2733, Val Acc: 0.2400
Epoch: 127, Loss: 1.4068, Train Acc: 0.2667, Val Acc: 0.2400
Epoch: 128, Loss: 1.4040, Train Acc: 0.2800, Val Acc: 0.2400
Epoch: 129, Loss: 1.4368, Train Acc: 0.2533, Val Acc: 0.2400
Epoch: 130, Loss: 1.4970, Train Acc: 0.2800, Val Acc: 0.2800
Epoch: 131, Loss: 1.4137, Train Acc: 0.2867, Val Acc: 0.2000
Epoch: 132, Loss: 1.3167, Train Acc: 0.2867, Val Acc: 0.2400
Epoch: 133, Loss: 1.3465, Train Acc: 0.2800, Val Acc: 0.2400
Epoch: 134, Loss: 1.3378, Train Acc: 0.2867, Val Acc: 0.2800
Epoch: 135, Loss: 1.4103, Train Acc: 0.2667, Val Acc: 0.2800
Epoch: 136, Loss: 1.3840, Train Acc: 0.3000, Val Acc: 0.3200
Epoch: 137, Loss: 1.2139, Train Acc: 0.3267, Val Acc: 0.2800
Epoch: 138, Loss: 1.4389, Train Acc: 0.2533, Val Acc: 0.2800
Epoch: 139, Loss: 1.3634, Train Acc: 0.3000, Val Acc: 0.3200
Epoch: 140, Loss: 1.4065, Train Acc: 0.2933, Val Acc: 0.2400
Epoch: 141, Loss: 1.4148, Train Acc: 0.3000, Val Acc: 0.2400
Epoch: 142, Loss: 1.3681, Train Acc: 0.2933, Val Acc: 0.2800
Epoch: 143, Loss: 1.3665, Train Acc: 0.2867, Val Acc: 0.2000
Epoch: 144, Loss: 1.4430, Train Acc: 0.2933, Val Acc: 0.2400
Epoch: 145, Loss: 1.3623, Train Acc: 0.2600, Val Acc: 0.3200
Epoch: 146, Loss: 1.3371, Train Acc: 0.2667, Val Acc: 0.2400
Epoch: 147, Loss: 1.3754, Train Acc: 0.2733, Val Acc: 0.2400
Epoch: 148, Loss: 1.3887, Train Acc: 0.2733, Val Acc: 0.2000
Epoch: 149, Loss: 1.3544, Train Acc: 0.2667, Val Acc: 0.2400
Epoch: 150, Loss: 1.4133, Train Acc: 0.2733, Val Acc: 0.2800
Epoch: 151, Loss: 1.4276, Train Acc: 0.2667, Val Acc: 0.2800
Epoch: 152, Loss: 1.4101, Train Acc: 0.3000, Val Acc: 0.2800
Epoch: 153, Loss: 1.3866, Train Acc: 0.3200, Val Acc: 0.3200
Epoch: 154, Loss: 1.1673, Train Acc: 0.2867, Val Acc: 0.0000
Epoch: 155, Loss: 1.4275, Train Acc: 0.2867, Val Acc: 0.2000
Epoch: 156, Loss: 1.3835, Train Acc: 0.2667, Val Acc: 0.1200
Epoch: 157, Loss: 1.3600, Train Acc: 0.2667, Val Acc: 0.2800
Epoch: 158, Loss: 1.3459, Train Acc: 0.2533, Val Acc: 0.2400
Epoch: 159, Loss: 1.4263, Train Acc: 0.3200, Val Acc: 0.3600
Epoch: 160, Loss: 1.4077, Train Acc: 0.2600, Val Acc: 0.2400
Epoch: 161, Loss: 1.3725, Train Acc: 0.2867, Val Acc: 0.3200
Epoch: 162, Loss: 1.3833, Train Acc: 0.3333, Val Acc: 0.2400
Epoch: 163, Loss: 1.4407, Train Acc: 0.2933, Val Acc: 0.2800
Epoch: 164, Loss: 1.4102, Train Acc: 0.2667, Val Acc: 0.0800
Epoch: 165, Loss: 1.3157, Train Acc: 0.3267, Val Acc: 0.2400
Epoch: 166, Loss: 1.3814, Train Acc: 0.3133, Val Acc: 0.3600
Epoch: 167, Loss: 1.4091, Train Acc: 0.2733, Val Acc: 0.2400
Epoch: 168, Loss: 1.3545, Train Acc: 0.2800, Val Acc: 0.2400
Epoch: 169, Loss: 1.4579, Train Acc: 0.2867, Val Acc: 0.2400
Epoch: 170, Loss: 1.3886, Train Acc: 0.2933, Val Acc: 0.2000
Epoch: 171, Loss: 1.4214, Train Acc: 0.3400, Val Acc: 0.2000
Epoch: 172, Loss: 1.4134, Train Acc: 0.2733, Val Acc: 0.2400
Epoch: 173, Loss: 1.4234, Train Acc: 0.2533, Val Acc: 0.2400
Epoch: 174, Loss: 1.3979, Train Acc: 0.2600, Val Acc: 0.1200
Epoch: 175, Loss: 1.4134, Train Acc: 0.2867, Val Acc: 0.3200
Epoch: 176, Loss: 1.3534, Train Acc: 0.2533, Val Acc: 0.2800
Epoch: 177, Loss: 1.3024, Train Acc: 0.3000, Val Acc: 0.2800
Epoch: 178, Loss: 1.4046, Train Acc: 0.2667, Val Acc: 0.2400
Epoch: 179, Loss: 1.3703, Train Acc: 0.2600, Val Acc: 0.2400
Epoch: 180, Loss: 1.3852, Train Acc: 0.2667, Val Acc: 0.2400
Epoch: 181, Loss: 1.4330, Train Acc: 0.2800, Val Acc: 0.2400
Epoch: 182, Loss: 1.3472, Train Acc: 0.2667, Val Acc: 0.2400
Epoch: 183, Loss: 1.4319, Train Acc: 0.3067, Val Acc: 0.2000
Epoch: 184, Loss: 1.4067, Train Acc: 0.3133, Val Acc: 0.3200
Epoch: 185, Loss: 1.3778, Train Acc: 0.2667, Val Acc: 0.2800
Epoch: 186, Loss: 1.4055, Train Acc: 0.3133, Val Acc: 0.2000
Epoch: 187, Loss: 1.4075, Train Acc: 0.2800, Val Acc: 0.2400
Epoch: 188, Loss: 1.3891, Train Acc: 0.3000, Val Acc: 0.1600
Epoch: 189, Loss: 1.2630, Train Acc: 0.3133, Val Acc: 0.2400
Epoch: 190, Loss: 1.2410, Train Acc: 0.2933, Val Acc: 0.3600
Epoch: 191, Loss: 1.3758, Train Acc: 0.2733, Val Acc: 0.2400
Epoch: 192, Loss: 1.4050, Train Acc: 0.2933, Val Acc: 0.3200
Epoch: 193, Loss: 1.4267, Train Acc: 0.3067, Val Acc: 0.3200
Epoch: 194, Loss: 1.4364, Train Acc: 0.3267, Val Acc: 0.2800
Epoch: 195, Loss: 1.3546, Train Acc: 0.3133, Val Acc: 0.2400
Epoch: 196, Loss: 1.3637, Train Acc: 0.3467, Val Acc: 0.2800
Epoch: 197, Loss: 1.4058, Train Acc: 0.2800, Val Acc: 0.3200
Epoch: 198, Loss: 1.4324, Train Acc: 0.2733, Val Acc: 0.2400
Epoch: 199, Loss: 1.4034, Train Acc: 0.2867, Val Acc: 0.2400
Split 2 evaluatation: Acc: 0.2400, Precision: 0.2400, Recall: 0.2400, F1 : 0.2400

Epoch: 000, Loss: 1.3565, Train Acc: 0.2333, Val Acc: 0.2800
Epoch: 001, Loss: 1.3343, Train Acc: 0.1933, Val Acc: 0.2400
Epoch: 002, Loss: 1.3861, Train Acc: 0.2000, Val Acc: 0.2400
Epoch: 003, Loss: 1.4058, Train Acc: 0.2333, Val Acc: 0.2400
Epoch: 004, Loss: 1.3823, Train Acc: 0.2133, Val Acc: 0.2400
Epoch: 005, Loss: 1.3693, Train Acc: 0.1933, Val Acc: 0.2400
Epoch: 006, Loss: 1.4074, Train Acc: 0.2200, Val Acc: 0.2400
Epoch: 007, Loss: 1.4301, Train Acc: 0.2133, Val Acc: 0.2400
Epoch: 008, Loss: 1.3823, Train Acc: 0.1800, Val Acc: 0.2400
Epoch: 009, Loss: 1.3608, Train Acc: 0.2200, Val Acc: 0.2400
Epoch: 010, Loss: 1.4644, Train Acc: 0.2333, Val Acc: 0.2400
Epoch: 011, Loss: 1.3643, Train Acc: 0.2267, Val Acc: 0.2800
Epoch: 012, Loss: 1.4263, Train Acc: 0.2467, Val Acc: 0.2400
Epoch: 013, Loss: 1.4211, Train Acc: 0.2400, Val Acc: 0.2400
Epoch: 014, Loss: 1.4192, Train Acc: 0.1800, Val Acc: 0.2400
Epoch: 015, Loss: 1.3951, Train Acc: 0.2133, Val Acc: 0.2400
Epoch: 016, Loss: 1.3657, Train Acc: 0.1800, Val Acc: 0.2400
Epoch: 017, Loss: 1.3588, Train Acc: 0.2067, Val Acc: 0.2400
Epoch: 018, Loss: 1.3868, Train Acc: 0.2333, Val Acc: 0.2400
Epoch: 019, Loss: 1.3862, Train Acc: 0.2133, Val Acc: 0.2400
Epoch: 020, Loss: 1.3783, Train Acc: 0.2067, Val Acc: 0.2400
Epoch: 021, Loss: 1.3838, Train Acc: 0.2400, Val Acc: 0.2400
Epoch: 022, Loss: 1.3819, Train Acc: 0.2400, Val Acc: 0.1600
Epoch: 023, Loss: 1.3729, Train Acc: 0.2333, Val Acc: 0.2800
Epoch: 024, Loss: 1.3814, Train Acc: 0.1933, Val Acc: 0.2400
Epoch: 025, Loss: 1.3950, Train Acc: 0.2200, Val Acc: 0.2400
Epoch: 026, Loss: 1.4033, Train Acc: 0.2400, Val Acc: 0.2800
Epoch: 027, Loss: 1.3965, Train Acc: 0.1867, Val Acc: 0.2400
Epoch: 028, Loss: 1.4178, Train Acc: 0.1600, Val Acc: 0.2400
Epoch: 029, Loss: 1.3889, Train Acc: 0.2333, Val Acc: 0.2400
Epoch: 030, Loss: 1.4176, Train Acc: 0.2200, Val Acc: 0.2400
Epoch: 031, Loss: 1.3782, Train Acc: 0.2600, Val Acc: 0.2400
Epoch: 032, Loss: 1.3951, Train Acc: 0.2067, Val Acc: 0.2400
Epoch: 033, Loss: 1.4062, Train Acc: 0.2333, Val Acc: 0.2400
Epoch: 034, Loss: 1.3810, Train Acc: 0.2467, Val Acc: 0.2400
Epoch: 035, Loss: 1.3955, Train Acc: 0.2467, Val Acc: 0.2400
Epoch: 036, Loss: 1.3962, Train Acc: 0.1933, Val Acc: 0.2400
Epoch: 037, Loss: 1.4046, Train Acc: 0.2200, Val Acc: 0.2400
Epoch: 038, Loss: 1.4034, Train Acc: 0.2400, Val Acc: 0.2400
Epoch: 039, Loss: 1.4361, Train Acc: 0.1800, Val Acc: 0.2800
Epoch: 040, Loss: 1.4154, Train Acc: 0.2200, Val Acc: 0.1600
Epoch: 041, Loss: 1.3692, Train Acc: 0.2467, Val Acc: 0.2800
Epoch: 042, Loss: 1.4365, Train Acc: 0.2800, Val Acc: 0.2400
Epoch: 043, Loss: 1.3726, Train Acc: 0.2333, Val Acc: 0.2400
Epoch: 044, Loss: 1.3956, Train Acc: 0.2267, Val Acc: 0.2400
Epoch: 045, Loss: 1.3710, Train Acc: 0.2200, Val Acc: 0.2400
Epoch: 046, Loss: 1.3675, Train Acc: 0.2400, Val Acc: 0.1600
Epoch: 047, Loss: 1.4381, Train Acc: 0.2333, Val Acc: 0.2400
Epoch: 048, Loss: 1.4504, Train Acc: 0.2400, Val Acc: 0.2400
Epoch: 049, Loss: 1.3672, Train Acc: 0.2267, Val Acc: 0.2800
Epoch: 050, Loss: 1.3858, Train Acc: 0.2400, Val Acc: 0.2400
Epoch: 051, Loss: 1.3509, Train Acc: 0.2533, Val Acc: 0.2800
Epoch: 052, Loss: 1.3697, Train Acc: 0.2000, Val Acc: 0.2400
Epoch: 053, Loss: 1.4064, Train Acc: 0.2733, Val Acc: 0.3200
Epoch: 054, Loss: 1.3855, Train Acc: 0.2600, Val Acc: 0.3200
Epoch: 055, Loss: 1.3879, Train Acc: 0.2400, Val Acc: 0.2400
Epoch: 056, Loss: 1.3483, Train Acc: 0.1800, Val Acc: 0.2400
Epoch: 057, Loss: 1.3838, Train Acc: 0.2467, Val Acc: 0.3200
Epoch: 058, Loss: 1.4186, Train Acc: 0.2133, Val Acc: 0.2800
Epoch: 059, Loss: 1.4019, Train Acc: 0.2600, Val Acc: 0.2800
Epoch: 060, Loss: 1.3649, Train Acc: 0.2600, Val Acc: 0.2400
Epoch: 061, Loss: 1.3291, Train Acc: 0.2133, Val Acc: 0.2800
Epoch: 062, Loss: 1.4190, Train Acc: 0.2600, Val Acc: 0.2000
Epoch: 063, Loss: 1.4202, Train Acc: 0.2133, Val Acc: 0.2400
Epoch: 064, Loss: 1.4066, Train Acc: 0.2467, Val Acc: 0.2400
Epoch: 065, Loss: 1.4466, Train Acc: 0.2933, Val Acc: 0.2400
Epoch: 066, Loss: 1.4268, Train Acc: 0.2267, Val Acc: 0.2000
Epoch: 067, Loss: 1.3371, Train Acc: 0.1933, Val Acc: 0.2400
Epoch: 068, Loss: 1.4238, Train Acc: 0.2467, Val Acc: 0.2400
Epoch: 069, Loss: 1.4238, Train Acc: 0.2333, Val Acc: 0.2800
Epoch: 070, Loss: 1.3896, Train Acc: 0.2467, Val Acc: 0.2000
Epoch: 071, Loss: 1.4420, Train Acc: 0.2533, Val Acc: 0.2400
Epoch: 072, Loss: 1.3731, Train Acc: 0.2200, Val Acc: 0.1600
Epoch: 073, Loss: 1.4802, Train Acc: 0.2533, Val Acc: 0.2400
Epoch: 074, Loss: 1.3604, Train Acc: 0.2533, Val Acc: 0.3200
Epoch: 075, Loss: 1.3512, Train Acc: 0.2400, Val Acc: 0.2800
Epoch: 076, Loss: 1.4181, Train Acc: 0.2333, Val Acc: 0.2800
Epoch: 077, Loss: 1.4053, Train Acc: 0.2400, Val Acc: 0.2400
Epoch: 078, Loss: 1.3577, Train Acc: 0.2800, Val Acc: 0.2800
Epoch: 079, Loss: 1.3716, Train Acc: 0.2733, Val Acc: 0.2800
Epoch: 080, Loss: 1.4342, Train Acc: 0.2333, Val Acc: 0.2400
Epoch: 081, Loss: 1.3971, Train Acc: 0.2133, Val Acc: 0.2400
Epoch: 082, Loss: 1.3983, Train Acc: 0.2800, Val Acc: 0.2400
Epoch: 083, Loss: 1.3992, Train Acc: 0.2600, Val Acc: 0.2400
Epoch: 084, Loss: 1.4264, Train Acc: 0.2533, Val Acc: 0.3200
Epoch: 085, Loss: 1.3737, Train Acc: 0.2333, Val Acc: 0.2800
Epoch: 086, Loss: 1.3981, Train Acc: 0.2533, Val Acc: 0.2000
Epoch: 087, Loss: 1.4266, Train Acc: 0.2333, Val Acc: 0.2400
Epoch: 088, Loss: 1.3670, Train Acc: 0.2067, Val Acc: 0.2400
Epoch: 089, Loss: 1.4260, Train Acc: 0.2467, Val Acc: 0.2400
Epoch: 090, Loss: 1.3983, Train Acc: 0.2600, Val Acc: 0.1600
Epoch: 091, Loss: 1.4202, Train Acc: 0.2200, Val Acc: 0.2400
Epoch: 092, Loss: 1.3494, Train Acc: 0.2000, Val Acc: 0.2400
Epoch: 093, Loss: 1.4013, Train Acc: 0.2533, Val Acc: 0.2800
Epoch: 094, Loss: 1.3620, Train Acc: 0.2600, Val Acc: 0.2400
Epoch: 095, Loss: 1.4528, Train Acc: 0.2867, Val Acc: 0.2400
Epoch: 096, Loss: 1.4566, Train Acc: 0.2533, Val Acc: 0.2400
Epoch: 097, Loss: 1.3636, Train Acc: 0.2600, Val Acc: 0.2800
Epoch: 098, Loss: 0.2950, Train Acc: 0.2667, Val Acc: 0.2400
Epoch: 099, Loss: 1.4292, Train Acc: 0.2600, Val Acc: 0.2400
Epoch: 100, Loss: 1.4131, Train Acc: 0.2733, Val Acc: 0.2400
Epoch: 101, Loss: 1.3521, Train Acc: 0.2933, Val Acc: 0.2000
Epoch: 102, Loss: 1.3657, Train Acc: 0.2200, Val Acc: 0.2400
Epoch: 103, Loss: 1.4040, Train Acc: 0.2533, Val Acc: 0.2400
Epoch: 104, Loss: 1.3918, Train Acc: 0.2667, Val Acc: 0.2400
Epoch: 105, Loss: 1.4476, Train Acc: 0.2733, Val Acc: 0.2400
Epoch: 106, Loss: 1.4039, Train Acc: 0.2600, Val Acc: 0.3200
Epoch: 107, Loss: 1.3752, Train Acc: 0.2533, Val Acc: 0.2400
Epoch: 108, Loss: 1.3867, Train Acc: 0.2600, Val Acc: 0.2000
Epoch: 109, Loss: 1.3962, Train Acc: 0.2333, Val Acc: 0.2000
Epoch: 110, Loss: 1.2553, Train Acc: 0.2867, Val Acc: 0.2400
Epoch: 111, Loss: 1.4553, Train Acc: 0.2600, Val Acc: 0.2800
Epoch: 112, Loss: 1.4063, Train Acc: 0.2333, Val Acc: 0.2400
Epoch: 113, Loss: 1.3239, Train Acc: 0.2933, Val Acc: 0.2800
Epoch: 114, Loss: 1.3755, Train Acc: 0.2467, Val Acc: 0.2800
Epoch: 115, Loss: 1.4126, Train Acc: 0.2733, Val Acc: 0.2400
Epoch: 116, Loss: 1.3392, Train Acc: 0.2667, Val Acc: 0.2400
Epoch: 117, Loss: 1.3825, Train Acc: 0.2600, Val Acc: 0.1200
Epoch: 118, Loss: 1.3812, Train Acc: 0.2333, Val Acc: 0.2000
Epoch: 119, Loss: 1.3639, Train Acc: 0.2333, Val Acc: 0.2000
Epoch: 120, Loss: 1.3946, Train Acc: 0.2333, Val Acc: 0.3600
Epoch: 121, Loss: 1.4053, Train Acc: 0.3000, Val Acc: 0.2800
Epoch: 122, Loss: 1.3321, Train Acc: 0.2867, Val Acc: 0.2800
Epoch: 123, Loss: 1.3811, Train Acc: 0.2667, Val Acc: 0.2000
Epoch: 124, Loss: 1.3946, Train Acc: 0.2467, Val Acc: 0.2400
Epoch: 125, Loss: 1.4009, Train Acc: 0.2800, Val Acc: 0.2000
Epoch: 126, Loss: 1.4032, Train Acc: 0.2733, Val Acc: 0.2400
Epoch: 127, Loss: 1.2907, Train Acc: 0.2333, Val Acc: 0.2400
Epoch: 128, Loss: 1.3951, Train Acc: 0.2800, Val Acc: 0.2800
Epoch: 129, Loss: 1.4117, Train Acc: 0.2600, Val Acc: 0.2400
Epoch: 130, Loss: 1.4009, Train Acc: 0.2533, Val Acc: 0.2800
Epoch: 131, Loss: 1.3706, Train Acc: 0.2333, Val Acc: 0.1600
Epoch: 132, Loss: 1.3930, Train Acc: 0.2600, Val Acc: 0.2800
Epoch: 133, Loss: 1.3815, Train Acc: 0.2867, Val Acc: 0.2000
Epoch: 134, Loss: 1.3201, Train Acc: 0.2933, Val Acc: 0.2400
Epoch: 135, Loss: 1.3763, Train Acc: 0.2933, Val Acc: 0.2800
Epoch: 136, Loss: 1.3670, Train Acc: 0.2733, Val Acc: 0.2400
Epoch: 137, Loss: 0.2038, Train Acc: 0.2600, Val Acc: 0.1200
Epoch: 138, Loss: 1.4362, Train Acc: 0.2400, Val Acc: 0.1200
Epoch: 139, Loss: 1.3942, Train Acc: 0.2867, Val Acc: 0.1600
Epoch: 140, Loss: 1.3917, Train Acc: 0.2800, Val Acc: 0.2400
Epoch: 141, Loss: 1.3810, Train Acc: 0.2467, Val Acc: 0.2800
Epoch: 142, Loss: 1.3491, Train Acc: 0.2533, Val Acc: 0.2800
Epoch: 143, Loss: 1.3483, Train Acc: 0.2533, Val Acc: 0.2000
Epoch: 144, Loss: 1.3962, Train Acc: 0.2733, Val Acc: 0.2800
Epoch: 145, Loss: 1.3810, Train Acc: 0.2667, Val Acc: 0.2800
Epoch: 146, Loss: 1.3517, Train Acc: 0.2733, Val Acc: 0.2400
Epoch: 147, Loss: 1.4598, Train Acc: 0.2867, Val Acc: 0.2800
Epoch: 148, Loss: 1.3989, Train Acc: 0.2400, Val Acc: 0.2400
Epoch: 149, Loss: 1.4296, Train Acc: 0.3067, Val Acc: 0.3600
Epoch: 150, Loss: 1.4263, Train Acc: 0.2667, Val Acc: 0.3600
Epoch: 151, Loss: 1.3976, Train Acc: 0.2533, Val Acc: 0.3200
Epoch: 152, Loss: 1.3635, Train Acc: 0.2800, Val Acc: 0.2800
Epoch: 153, Loss: 1.3465, Train Acc: 0.2533, Val Acc: 0.2400
Epoch: 154, Loss: 0.1752, Train Acc: 0.2667, Val Acc: 0.3200
Epoch: 155, Loss: 1.3594, Train Acc: 0.2067, Val Acc: 0.3200
Epoch: 156, Loss: 1.3964, Train Acc: 0.2867, Val Acc: 0.2800
Epoch: 157, Loss: 1.4042, Train Acc: 0.2400, Val Acc: 0.2000
Epoch: 158, Loss: 1.3715, Train Acc: 0.2867, Val Acc: 0.2400
Epoch: 159, Loss: 1.2609, Train Acc: 0.2933, Val Acc: 0.3600
Epoch: 160, Loss: 1.4101, Train Acc: 0.2933, Val Acc: 0.1200
Epoch: 161, Loss: 1.3639, Train Acc: 0.2867, Val Acc: 0.2400
Epoch: 162, Loss: 1.4282, Train Acc: 0.2867, Val Acc: 0.2400
Epoch: 163, Loss: 1.3664, Train Acc: 0.2200, Val Acc: 0.2400
Epoch: 164, Loss: 1.3638, Train Acc: 0.2667, Val Acc: 0.2400
Epoch: 165, Loss: 1.4353, Train Acc: 0.2200, Val Acc: 0.2800
Epoch: 166, Loss: 1.3783, Train Acc: 0.2733, Val Acc: 0.2400
Epoch: 167, Loss: 1.3345, Train Acc: 0.2533, Val Acc: 0.2000
Epoch: 168, Loss: 1.3472, Train Acc: 0.3133, Val Acc: 0.2400
Epoch: 169, Loss: 1.4398, Train Acc: 0.2467, Val Acc: 0.2400
Epoch: 170, Loss: 1.3948, Train Acc: 0.2667, Val Acc: 0.3200
Epoch: 171, Loss: 1.3846, Train Acc: 0.3067, Val Acc: 0.2000
Epoch: 172, Loss: 1.3849, Train Acc: 0.2733, Val Acc: 0.3200
Epoch: 173, Loss: 1.3513, Train Acc: 0.2600, Val Acc: 0.3200
Epoch: 174, Loss: 1.3545, Train Acc: 0.2867, Val Acc: 0.3200
Epoch: 175, Loss: 1.3725, Train Acc: 0.2867, Val Acc: 0.2000
Epoch: 176, Loss: 1.3911, Train Acc: 0.2467, Val Acc: 0.2000
Epoch: 177, Loss: 1.3374, Train Acc: 0.2800, Val Acc: 0.2400
Epoch: 178, Loss: 1.4016, Train Acc: 0.3067, Val Acc: 0.2800
Epoch: 179, Loss: 1.4621, Train Acc: 0.2667, Val Acc: 0.2800
Epoch: 180, Loss: 1.4118, Train Acc: 0.2667, Val Acc: 0.2400
Epoch: 181, Loss: 1.3819, Train Acc: 0.3067, Val Acc: 0.2400
Epoch: 182, Loss: 1.3801, Train Acc: 0.2867, Val Acc: 0.2800
Epoch: 183, Loss: 1.3890, Train Acc: 0.2800, Val Acc: 0.2000
Epoch: 184, Loss: 1.4065, Train Acc: 0.2600, Val Acc: 0.2800
Epoch: 185, Loss: 1.3673, Train Acc: 0.2667, Val Acc: 0.2800
Epoch: 186, Loss: 1.3885, Train Acc: 0.2600, Val Acc: 0.2800
Epoch: 187, Loss: 1.1783, Train Acc: 0.2400, Val Acc: 0.2400
Epoch: 188, Loss: 1.4453, Train Acc: 0.2400, Val Acc: 0.2400
Epoch: 189, Loss: 1.3551, Train Acc: 0.3067, Val Acc: 0.2400
Epoch: 190, Loss: 1.4270, Train Acc: 0.2600, Val Acc: 0.3200
Epoch: 191, Loss: 1.3415, Train Acc: 0.2933, Val Acc: 0.2800
Epoch: 192, Loss: 1.3647, Train Acc: 0.3267, Val Acc: 0.2000
Epoch: 193, Loss: 1.4099, Train Acc: 0.2467, Val Acc: 0.1600
Epoch: 194, Loss: 1.4109, Train Acc: 0.3000, Val Acc: 0.3200
Epoch: 195, Loss: 1.4036, Train Acc: 0.2333, Val Acc: 0.2400
Epoch: 196, Loss: 1.4256, Train Acc: 0.2800, Val Acc: 0.1600
Epoch: 197, Loss: 1.1967, Train Acc: 0.2800, Val Acc: 0.2400
Epoch: 198, Loss: 1.4712, Train Acc: 0.3067, Val Acc: 0.2800
Epoch: 199, Loss: 1.4075, Train Acc: 0.2733, Val Acc: 0.2800
Split 3 evaluatation: Acc: 0.4400, Precision: 0.4400, Recall: 0.4400, F1 : 0.4400

Average Evaluation Metrics: Acc 0.3400, Precision: 0.3400, Recall: 0.3400, F1: 0.3400
